<?xml version="1.0" encoding="UTF-8"?>
<!-- Generated by org.testng.reporters.JUnitXMLReporter -->
<testsuite hostname="RDT065" ignored="2" name="PH_DASHBOARD" tests="106" failures="38" timestamp="04 Feb 2019 05:59:03 GMT" time="2143.948" errors="0">
  <testcase name="gettingData_Checkings" time="0.032" classname="com.citi.mobileAutomation.test_PH.TestDashBoard_L2_L3_PH_Checkings_001"/>
  <testcase name="gettingData_Checkings" time="66.521" classname="com.citi.mobileAutomation.test_PH.TestDashBoard_L2_L3_PH_Checkings_001"/>
  <testcase name="gettingData_Checkings" time="1.226" classname="com.citi.mobileAutomation.test_PH.TestDashBoard_L2_L3_PH_Checkings_001"/>
  <testcase name="gettingData_Checkings" time="0.318" classname="com.citi.mobileAutomation.test_PH.TestDashBoard_L2_L3_PH_Checkings_001"/>
  <testcase name="gettingData_Checkings" time="0.379" classname="com.citi.mobileAutomation.test_PH.TestDashBoard_L2_L3_PH_Checkings_001"/>
  <testcase name="gettingData_Checkings" time="0.037" classname="com.citi.mobileAutomation.test_PH.TestDashBoard_L2_L3_PH_Checkings_001"/>
  <testcase name="gettingData_Checkings" time="0.041" classname="com.citi.mobileAutomation.test_PH.TestDashBoard_L2_L3_PH_Checkings_001">
    <failure type="java.lang.AssertionError" message="expected [true] but found [false]">
      <![CDATA[java.lang.AssertionError: expected [true] but found [false]
at com.citi.mobileAutomation.assertEngine.Assert_Engine.assertMapping(Assert_Engine.java:15)
at com.citi.mobileAutomation.dataMapping.Action_Mapping.actionMapping_Mobile_Application_Native_Android(Action_Mapping.java:34)
at com.citi.mobileAutomation.dataMapping.ObjectGroups.actionOnElements(ObjectGroups.java:51)
at com.citi.mobileAutomation.test_PH.TestDashBoard_L2_L3_PH_Checkings_001.gettingData_Checkings(TestDashBoard_L2_L3_PH_Checkings_001.java:21)
... Removed 29 stack frames]]>
    </failure>
  </testcase> <!-- gettingData_Checkings -->
  <testcase name="gettingData_Checkings" time="0.041" classname="com.citi.mobileAutomation.test_PH.TestDashBoard_L2_L3_PH_Checkings_001"/>
  <testcase name="gettingData_Checkings" time="0.037" classname="com.citi.mobileAutomation.test_PH.TestDashBoard_L2_L3_PH_Checkings_001"/>
  <testcase name="gettingData_Checkings" time="0.034" classname="com.citi.mobileAutomation.test_PH.TestDashBoard_L2_L3_PH_Checkings_001"/>
  <testcase name="gettingData_Checkings" time="0.049" classname="com.citi.mobileAutomation.test_PH.TestDashBoard_L2_L3_PH_Checkings_001"/>
  <testcase name="gettingData_Checkings" time="0.037" classname="com.citi.mobileAutomation.test_PH.TestDashBoard_L2_L3_PH_Checkings_001"/>
  <testcase name="gettingData_Checkings" time="0.037" classname="com.citi.mobileAutomation.test_PH.TestDashBoard_L2_L3_PH_Checkings_001"/>
  <testcase name="gettingData_Checkings" time="0.056" classname="com.citi.mobileAutomation.test_PH.TestDashBoard_L2_L3_PH_Checkings_001"/>
  <testcase name="gettingData_Checkings" time="0.048" classname="com.citi.mobileAutomation.test_PH.TestDashBoard_L2_L3_PH_Checkings_001"/>
  <testcase name="gettingData_Checkings" time="0.039" classname="com.citi.mobileAutomation.test_PH.TestDashBoard_L2_L3_PH_Checkings_001"/>
  <testcase name="gettingData_Checkings" time="6.534" classname="com.citi.mobileAutomation.test_PH.TestDashBoard_L2_L3_PH_Checkings_001"/>
  <testcase name="gettingData_Checkings" time="0.05" classname="com.citi.mobileAutomation.test_PH.TestDashBoard_L2_L3_PH_Checkings_001"/>
  <testcase name="gettingData_Checkings" time="0.044" classname="com.citi.mobileAutomation.test_PH.TestDashBoard_L2_L3_PH_Checkings_001"/>
  <testcase name="gettingData_Checkings" time="0.088" classname="com.citi.mobileAutomation.test_PH.TestDashBoard_L2_L3_PH_Checkings_001"/>
  <testcase name="gettingData_Checkings" time="0.041" classname="com.citi.mobileAutomation.test_PH.TestDashBoard_L2_L3_PH_Checkings_001"/>
  <testcase name="gettingData_Checkings" time="0.039" classname="com.citi.mobileAutomation.test_PH.TestDashBoard_L2_L3_PH_Checkings_001"/>
  <testcase name="gettingData_Checkings" time="0.041" classname="com.citi.mobileAutomation.test_PH.TestDashBoard_L2_L3_PH_Checkings_001"/>
  <testcase name="gettingData_Checkings" time="0.093" classname="com.citi.mobileAutomation.test_PH.TestDashBoard_L2_L3_PH_Checkings_001"/>
  <testcase name="gettingData_Checkings" time="0.05" classname="com.citi.mobileAutomation.test_PH.TestDashBoard_L2_L3_PH_Checkings_001"/>
  <testcase name="gettingData_Checkings" time="0.057" classname="com.citi.mobileAutomation.test_PH.TestDashBoard_L2_L3_PH_Checkings_001"/>
  <testcase name="gettingData_Checkings" time="0.035" classname="com.citi.mobileAutomation.test_PH.TestDashBoard_L2_L3_PH_Checkings_001"/>
  <testcase name="gettingData_Checkings" time="0.053" classname="com.citi.mobileAutomation.test_PH.TestDashBoard_L2_L3_PH_Checkings_001"/>
  <testcase name="gettingData_Checkings" time="0.07" classname="com.citi.mobileAutomation.test_PH.TestDashBoard_L2_L3_PH_Checkings_001"/>
  <testcase name="gettingData_Checkings" time="0.086" classname="com.citi.mobileAutomation.test_PH.TestDashBoard_L2_L3_PH_Checkings_001"/>
  <testcase name="gettingData_Checkings" time="0.125" classname="com.citi.mobileAutomation.test_PH.TestDashBoard_L2_L3_PH_Checkings_001"/>
  <testcase name="gettingData_Checkings" time="0.096" classname="com.citi.mobileAutomation.test_PH.TestDashBoard_L2_L3_PH_Checkings_001"/>
  <testcase name="gettingData_Checkings" time="0.166" classname="com.citi.mobileAutomation.test_PH.TestDashBoard_L2_L3_PH_Checkings_001"/>
  <testcase name="gettingData_Checkings" time="0.144" classname="com.citi.mobileAutomation.test_PH.TestDashBoard_L2_L3_PH_Checkings_001"/>
  <testcase name="gettingData_Checkings" time="0.108" classname="com.citi.mobileAutomation.test_PH.TestDashBoard_L2_L3_PH_Checkings_001"/>
  <testcase name="gettingData_Checkings" time="0.071" classname="com.citi.mobileAutomation.test_PH.TestDashBoard_L2_L3_PH_Checkings_001"/>
  <testcase name="gettingData_Checkings" time="0.359" classname="com.citi.mobileAutomation.test_PH.TestDashBoard_L2_L3_PH_Checkings_001"/>
  <testcase name="gettingData_Checkings" time="0.389" classname="com.citi.mobileAutomation.test_PH.TestDashBoard_L2_L3_PH_Checkings_001"/>
  <testcase name="gettingData_Checkings" time="0.053" classname="com.citi.mobileAutomation.test_PH.TestDashBoard_L2_L3_PH_Checkings_001"/>
  <testcase name="gettingData_Checkings" time="0.195" classname="com.citi.mobileAutomation.test_PH.TestDashBoard_L2_L3_PH_Checkings_001"/>
  <testcase name="gettingData_Checkings" time="0.265" classname="com.citi.mobileAutomation.test_PH.TestDashBoard_L2_L3_PH_Checkings_001"/>
  <testcase name="gettingData_Checkings" time="0.537" classname="com.citi.mobileAutomation.test_PH.TestDashBoard_L2_L3_PH_Checkings_001"/>
  <testcase name="gettingData_Checkings" time="0.166" classname="com.citi.mobileAutomation.test_PH.TestDashBoard_L2_L3_PH_Checkings_001"/>
  <testcase name="gettingData_Checkings" time="0.109" classname="com.citi.mobileAutomation.test_PH.TestDashBoard_L2_L3_PH_Checkings_001"/>
  <testcase name="gettingData_Checkings" time="0.061" classname="com.citi.mobileAutomation.test_PH.TestDashBoard_L2_L3_PH_Checkings_001"/>
  <testcase name="gettingData_Checkings" time="0.001" classname="com.citi.mobileAutomation.test_PH.TestDashBoard_L2_L3_PH_Checkings_001"/>
  <testcase name="gettingData_Checkings" time="0.05" classname="com.citi.mobileAutomation.test_PH.TestDashBoard_L2_L3_PH_Checkings_001"/>
  <testcase name="gettingData_Checkings" time="0.146" classname="com.citi.mobileAutomation.test_PH.TestDashBoard_L2_L3_PH_Checkings_001"/>
  <testcase name="gettingData_Checkings" time="0.049" classname="com.citi.mobileAutomation.test_PH.TestDashBoard_L2_L3_PH_Checkings_001"/>
  <testcase name="gettingData_Checkings" time="0.001" classname="com.citi.mobileAutomation.test_PH.TestDashBoard_L2_L3_PH_Checkings_001"/>
  <testcase name="gettingData_Checkings" time="0.069" classname="com.citi.mobileAutomation.test_PH.TestDashBoard_L2_L3_PH_Checkings_001"/>
  <testcase name="gettingData_Checkings" time="0.92" classname="com.citi.mobileAutomation.test_PH.TestDashBoard_L2_L3_PH_Checkings_001"/>
  <testcase name="gettingData_Savings" time="0.016" classname="com.citi.mobileAutomation.test_PH.TestDashBoard_L2_L3_PH_Savings_002"/>
  <testcase name="gettingData_Savings" time="137.145" classname="com.citi.mobileAutomation.test_PH.TestDashBoard_L2_L3_PH_Savings_002"/>
  <testcase name="gettingData_Savings" time="30.362" classname="com.citi.mobileAutomation.test_PH.TestDashBoard_L2_L3_PH_Savings_002"/>
  <testcase name="gettingData_Savings" time="30.533" classname="com.citi.mobileAutomation.test_PH.TestDashBoard_L2_L3_PH_Savings_002"/>
  <testcase name="gettingData_Savings" time="30.22" classname="com.citi.mobileAutomation.test_PH.TestDashBoard_L2_L3_PH_Savings_002">
    <failure type="java.lang.AssertionError" message="expected [true] but found [false]">
      <![CDATA[java.lang.AssertionError: expected [true] but found [false]
at com.citi.mobileAutomation.assertEngine.Assert_Engine.assertMapping(Assert_Engine.java:13)
at com.citi.mobileAutomation.dataMapping.Action_Mapping.actionMapping_Mobile_Application_Native_Android(Action_Mapping.java:75)
at com.citi.mobileAutomation.dataMapping.ObjectGroups.actionOnElements(ObjectGroups.java:51)
at com.citi.mobileAutomation.test_PH.TestDashBoard_L2_L3_PH_Savings_002.gettingData_Savings(TestDashBoard_L2_L3_PH_Savings_002.java:21)
... Removed 29 stack frames]]>
    </failure>
  </testcase> <!-- gettingData_Savings -->
  <testcase name="gettingData_Savings" time="20.126" classname="com.citi.mobileAutomation.test_PH.TestDashBoard_L2_L3_PH_Savings_002">
    <failure type="org.openqa.selenium.TimeoutException" message="Timed out after 20 seconds waiting for presence of element located by: By.id: headerTitleTextView
Build info: version: &amp;apos;2.45.0&amp;apos;, revision: &amp;apos;5017cb8e7ca8e37638dc3091b2440b90a1d8686f&amp;apos;, time: &amp;apos;2015-02-27 09:10:26&amp;apos;
System info: host: &amp;apos;RDT065&amp;apos;, ip: &amp;apos;192.168.100.62&amp;apos;, os.name: &amp;apos;Windows 10&amp;apos;, os.arch: &amp;apos;amd64&amp;apos;, os.version: &amp;apos;10.0&amp;apos;, java.version: &amp;apos;1.8.0_192&amp;apos;
Driver info: io.appium.java_client.android.AndroidDriver
Capabilities [{appPackage=com.citi.mobile.ph.dit, deviceScreenSize=1440x2560, networkConnectionEnabled=true, warnings={}, databaseEnabled=false, deviceName=emulator-5554, platform=LINUX, deviceUDID=emulator-5554, appActivity=com.citi.mobile.pt3.starter.authentication.view.activity.LoginActivity, androidInstallTimeout=150000, desired={appPackage=com.citi.mobile.ph.dit, appActivity=com.citi.mobile.pt3.starter.authentication.view.activity.LoginActivity, androidInstallTimeout=150000, platformVersion=8.1.0, skipUnlock=true, autoGrantPermissions=true, platformName=Android, deviceName=emulator-5554}, platformVersion=8.1.0, webStorageEnabled=false, locationContextEnabled=false, takesScreenshot=true, skipUnlock=true, autoGrantPermissions=true, javascriptEnabled=true, deviceModel=Android SDK built for x86, platformName=Android, deviceManufacturer=Google}]
Session ID: 956e54af-1bb1-4f8f-8ea2-27f7e6764527">
      <![CDATA[org.openqa.selenium.TimeoutException: Timed out after 20 seconds waiting for presence of element located by: By.id: headerTitleTextView
Build info: version: '2.45.0', revision: '5017cb8e7ca8e37638dc3091b2440b90a1d8686f', time: '2015-02-27 09:10:26'
System info: host: 'RDT065', ip: '192.168.100.62', os.name: 'Windows 10', os.arch: 'amd64', os.version: '10.0', java.version: '1.8.0_192'
Driver info: io.appium.java_client.android.AndroidDriver
Capabilities [{appPackage=com.citi.mobile.ph.dit, deviceScreenSize=1440x2560, networkConnectionEnabled=true, warnings={}, databaseEnabled=false, deviceName=emulator-5554, platform=LINUX, deviceUDID=emulator-5554, appActivity=com.citi.mobile.pt3.starter.authentication.view.activity.LoginActivity, androidInstallTimeout=150000, desired={appPackage=com.citi.mobile.ph.dit, appActivity=com.citi.mobile.pt3.starter.authentication.view.activity.LoginActivity, androidInstallTimeout=150000, platformVersion=8.1.0, skipUnlock=true, autoGrantPermissions=true, platformName=Android, deviceName=emulator-5554}, platformVersion=8.1.0, webStorageEnabled=false, locationContextEnabled=false, takesScreenshot=true, skipUnlock=true, autoGrantPermissions=true, javascriptEnabled=true, deviceModel=Android SDK built for x86, platformName=Android, deviceManufacturer=Google}]
Session ID: 956e54af-1bb1-4f8f-8ea2-27f7e6764527
at org.openqa.selenium.support.ui.WebDriverWait.timeoutException(WebDriverWait.java:79)
at org.openqa.selenium.support.ui.FluentWait.until(FluentWait.java:228)
at com.citi.mobileAutomation.utils.ResuableFunction.getTextFromElementByWait(ResuableFunction.java:178)
at com.citi.mobileAutomation.dataMapping.Action_Mapping.actionMapping_Mobile_Application_Native_Android(Action_Mapping.java:33)
at com.citi.mobileAutomation.dataMapping.ObjectGroups.actionOnElements(ObjectGroups.java:51)
at com.citi.mobileAutomation.test_PH.TestDashBoard_L2_L3_PH_Savings_002.gettingData_Savings(TestDashBoard_L2_L3_PH_Savings_002.java:21)
Caused by: org.openqa.selenium.NoSuchElementException: An element could not be located on the page using the given search parameters. (WARNING: The server did not provide any stacktrace information)
Command duration or timeout: 105 milliseconds
For documentation on this error, please visit: http://seleniumhq.org/exceptions/no_such_element.html
Build info: version: '2.45.0', revision: '5017cb8e7ca8e37638dc3091b2440b90a1d8686f', time: '2015-02-27 09:10:26'
System info: host: 'RDT065', ip: '192.168.100.62', os.name: 'Windows 10', os.arch: 'amd64', os.version: '10.0', java.version: '1.8.0_192'
Driver info: io.appium.java_client.android.AndroidDriver
Capabilities [{appPackage=com.citi.mobile.ph.dit, deviceScreenSize=1440x2560, networkConnectionEnabled=true, warnings={}, databaseEnabled=false, deviceName=emulator-5554, platform=LINUX, deviceUDID=emulator-5554, appActivity=com.citi.mobile.pt3.starter.authentication.view.activity.LoginActivity, androidInstallTimeout=150000, desired={appPackage=com.citi.mobile.ph.dit, appActivity=com.citi.mobile.pt3.starter.authentication.view.activity.LoginActivity, androidInstallTimeout=150000, platformVersion=8.1.0, skipUnlock=true, autoGrantPermissions=true, platformName=Android, deviceName=emulator-5554}, platformVersion=8.1.0, webStorageEnabled=false, locationContextEnabled=false, takesScreenshot=true, skipUnlock=true, autoGrantPermissions=true, javascriptEnabled=true, deviceModel=Android SDK built for x86, platformName=Android, deviceManufacturer=Google}]
Session ID: 956e54af-1bb1-4f8f-8ea2-27f7e6764527
*** Element info: {Using=id, value=headerTitleTextView}
at org.openqa.selenium.remote.ErrorHandler.createThrowable(ErrorHandler.java:204)
at org.openqa.selenium.remote.ErrorHandler.throwIfResponseFailed(ErrorHandler.java:156)
at org.openqa.selenium.remote.RemoteWebDriver.execute(RemoteWebDriver.java:599)
at io.appium.java_client.DefaultGenericMobileDriver.execute(DefaultGenericMobileDriver.java:51)
at io.appium.java_client.AppiumDriver.execute(AppiumDriver.java:1)
at io.appium.java_client.android.AndroidDriver.execute(AndroidDriver.java:1)
at org.openqa.selenium.remote.RemoteWebDriver.findElement(RemoteWebDriver.java:352)
at io.appium.java_client.DefaultGenericMobileDriver.findElement(DefaultGenericMobileDriver.java:67)
at io.appium.java_client.AppiumDriver.findElement(AppiumDriver.java:1)
at io.appium.java_client.android.AndroidDriver.findElement(AndroidDriver.java:1)
at org.openqa.selenium.remote.RemoteWebDriver.findElementById(RemoteWebDriver.java:393)
at io.appium.java_client.DefaultGenericMobileDriver.findElementById(DefaultGenericMobileDriver.java:75)
at io.appium.java_client.AppiumDriver.findElementById(AppiumDriver.java:1)
at io.appium.java_client.android.AndroidDriver.findElementById(AndroidDriver.java:1)
at org.openqa.selenium.By$ById.findElement(By.java:214)
at org.openqa.selenium.remote.RemoteWebDriver.findElement(RemoteWebDriver.java:344)
at io.appium.java_client.DefaultGenericMobileDriver.findElement(DefaultGenericMobileDriver.java:63)
at io.appium.java_client.AppiumDriver.findElement(AppiumDriver.java:1)
at io.appium.java_client.android.AndroidDriver.findElement(AndroidDriver.java:1)
at org.openqa.selenium.support.ui.ExpectedConditions.findElement(ExpectedConditions.java:730)
at org.openqa.selenium.support.ui.ExpectedConditions.access$000(ExpectedConditions.java:39)
at org.openqa.selenium.support.ui.ExpectedConditions$3.apply(ExpectedConditions.java:106)
at org.openqa.selenium.support.ui.ExpectedConditions$3.apply(ExpectedConditions.java:103)
at org.openqa.selenium.support.ui.FluentWait.until(FluentWait.java:208)
... 29 more
... Removed 28 stack frames]]>
    </failure>
  </testcase> <!-- gettingData_Savings -->
  <testcase name="gettingData_Savings" time="20.349" classname="com.citi.mobileAutomation.test_PH.TestDashBoard_L2_L3_PH_Savings_002">
    <failure type="org.openqa.selenium.TimeoutException" message="Timed out after 20 seconds waiting for presence of element located by: By.id: com.citi.mobile.ph.dit:id/headerSubTitleTextView
Build info: version: &amp;apos;2.45.0&amp;apos;, revision: &amp;apos;5017cb8e7ca8e37638dc3091b2440b90a1d8686f&amp;apos;, time: &amp;apos;2015-02-27 09:10:26&amp;apos;
System info: host: &amp;apos;RDT065&amp;apos;, ip: &amp;apos;192.168.100.62&amp;apos;, os.name: &amp;apos;Windows 10&amp;apos;, os.arch: &amp;apos;amd64&amp;apos;, os.version: &amp;apos;10.0&amp;apos;, java.version: &amp;apos;1.8.0_192&amp;apos;
Driver info: io.appium.java_client.android.AndroidDriver
Capabilities [{appPackage=com.citi.mobile.ph.dit, deviceScreenSize=1440x2560, networkConnectionEnabled=true, warnings={}, databaseEnabled=false, deviceName=emulator-5554, platform=LINUX, deviceUDID=emulator-5554, appActivity=com.citi.mobile.pt3.starter.authentication.view.activity.LoginActivity, androidInstallTimeout=150000, desired={appPackage=com.citi.mobile.ph.dit, appActivity=com.citi.mobile.pt3.starter.authentication.view.activity.LoginActivity, androidInstallTimeout=150000, platformVersion=8.1.0, skipUnlock=true, autoGrantPermissions=true, platformName=Android, deviceName=emulator-5554}, platformVersion=8.1.0, webStorageEnabled=false, locationContextEnabled=false, takesScreenshot=true, skipUnlock=true, autoGrantPermissions=true, javascriptEnabled=true, deviceModel=Android SDK built for x86, platformName=Android, deviceManufacturer=Google}]
Session ID: 956e54af-1bb1-4f8f-8ea2-27f7e6764527">
      <![CDATA[org.openqa.selenium.TimeoutException: Timed out after 20 seconds waiting for presence of element located by: By.id: com.citi.mobile.ph.dit:id/headerSubTitleTextView
Build info: version: '2.45.0', revision: '5017cb8e7ca8e37638dc3091b2440b90a1d8686f', time: '2015-02-27 09:10:26'
System info: host: 'RDT065', ip: '192.168.100.62', os.name: 'Windows 10', os.arch: 'amd64', os.version: '10.0', java.version: '1.8.0_192'
Driver info: io.appium.java_client.android.AndroidDriver
Capabilities [{appPackage=com.citi.mobile.ph.dit, deviceScreenSize=1440x2560, networkConnectionEnabled=true, warnings={}, databaseEnabled=false, deviceName=emulator-5554, platform=LINUX, deviceUDID=emulator-5554, appActivity=com.citi.mobile.pt3.starter.authentication.view.activity.LoginActivity, androidInstallTimeout=150000, desired={appPackage=com.citi.mobile.ph.dit, appActivity=com.citi.mobile.pt3.starter.authentication.view.activity.LoginActivity, androidInstallTimeout=150000, platformVersion=8.1.0, skipUnlock=true, autoGrantPermissions=true, platformName=Android, deviceName=emulator-5554}, platformVersion=8.1.0, webStorageEnabled=false, locationContextEnabled=false, takesScreenshot=true, skipUnlock=true, autoGrantPermissions=true, javascriptEnabled=true, deviceModel=Android SDK built for x86, platformName=Android, deviceManufacturer=Google}]
Session ID: 956e54af-1bb1-4f8f-8ea2-27f7e6764527
at org.openqa.selenium.support.ui.WebDriverWait.timeoutException(WebDriverWait.java:79)
at org.openqa.selenium.support.ui.FluentWait.until(FluentWait.java:228)
at com.citi.mobileAutomation.utils.ResuableFunction.getTextFromElementByWait(ResuableFunction.java:178)
at com.citi.mobileAutomation.dataMapping.Action_Mapping.actionMapping_Mobile_Application_Native_Android(Action_Mapping.java:33)
at com.citi.mobileAutomation.dataMapping.ObjectGroups.actionOnElements(ObjectGroups.java:51)
at com.citi.mobileAutomation.test_PH.TestDashBoard_L2_L3_PH_Savings_002.gettingData_Savings(TestDashBoard_L2_L3_PH_Savings_002.java:21)
Caused by: org.openqa.selenium.NoSuchElementException: An element could not be located on the page using the given search parameters. (WARNING: The server did not provide any stacktrace information)
Command duration or timeout: 44 milliseconds
For documentation on this error, please visit: http://seleniumhq.org/exceptions/no_such_element.html
Build info: version: '2.45.0', revision: '5017cb8e7ca8e37638dc3091b2440b90a1d8686f', time: '2015-02-27 09:10:26'
System info: host: 'RDT065', ip: '192.168.100.62', os.name: 'Windows 10', os.arch: 'amd64', os.version: '10.0', java.version: '1.8.0_192'
Driver info: io.appium.java_client.android.AndroidDriver
Capabilities [{appPackage=com.citi.mobile.ph.dit, deviceScreenSize=1440x2560, networkConnectionEnabled=true, warnings={}, databaseEnabled=false, deviceName=emulator-5554, platform=LINUX, deviceUDID=emulator-5554, appActivity=com.citi.mobile.pt3.starter.authentication.view.activity.LoginActivity, androidInstallTimeout=150000, desired={appPackage=com.citi.mobile.ph.dit, appActivity=com.citi.mobile.pt3.starter.authentication.view.activity.LoginActivity, androidInstallTimeout=150000, platformVersion=8.1.0, skipUnlock=true, autoGrantPermissions=true, platformName=Android, deviceName=emulator-5554}, platformVersion=8.1.0, webStorageEnabled=false, locationContextEnabled=false, takesScreenshot=true, skipUnlock=true, autoGrantPermissions=true, javascriptEnabled=true, deviceModel=Android SDK built for x86, platformName=Android, deviceManufacturer=Google}]
Session ID: 956e54af-1bb1-4f8f-8ea2-27f7e6764527
*** Element info: {Using=id, value=com.citi.mobile.ph.dit:id/headerSubTitleTextView}
at org.openqa.selenium.remote.ErrorHandler.createThrowable(ErrorHandler.java:204)
at org.openqa.selenium.remote.ErrorHandler.throwIfResponseFailed(ErrorHandler.java:156)
at org.openqa.selenium.remote.RemoteWebDriver.execute(RemoteWebDriver.java:599)
at io.appium.java_client.DefaultGenericMobileDriver.execute(DefaultGenericMobileDriver.java:51)
at io.appium.java_client.AppiumDriver.execute(AppiumDriver.java:1)
at io.appium.java_client.android.AndroidDriver.execute(AndroidDriver.java:1)
at org.openqa.selenium.remote.RemoteWebDriver.findElement(RemoteWebDriver.java:352)
at io.appium.java_client.DefaultGenericMobileDriver.findElement(DefaultGenericMobileDriver.java:67)
at io.appium.java_client.AppiumDriver.findElement(AppiumDriver.java:1)
at io.appium.java_client.android.AndroidDriver.findElement(AndroidDriver.java:1)
at org.openqa.selenium.remote.RemoteWebDriver.findElementById(RemoteWebDriver.java:393)
at io.appium.java_client.DefaultGenericMobileDriver.findElementById(DefaultGenericMobileDriver.java:75)
at io.appium.java_client.AppiumDriver.findElementById(AppiumDriver.java:1)
at io.appium.java_client.android.AndroidDriver.findElementById(AndroidDriver.java:1)
at org.openqa.selenium.By$ById.findElement(By.java:214)
at org.openqa.selenium.remote.RemoteWebDriver.findElement(RemoteWebDriver.java:344)
at io.appium.java_client.DefaultGenericMobileDriver.findElement(DefaultGenericMobileDriver.java:63)
at io.appium.java_client.AppiumDriver.findElement(AppiumDriver.java:1)
at io.appium.java_client.android.AndroidDriver.findElement(AndroidDriver.java:1)
at org.openqa.selenium.support.ui.ExpectedConditions.findElement(ExpectedConditions.java:730)
at org.openqa.selenium.support.ui.ExpectedConditions.access$000(ExpectedConditions.java:39)
at org.openqa.selenium.support.ui.ExpectedConditions$3.apply(ExpectedConditions.java:106)
at org.openqa.selenium.support.ui.ExpectedConditions$3.apply(ExpectedConditions.java:103)
at org.openqa.selenium.support.ui.FluentWait.until(FluentWait.java:208)
... 29 more
... Removed 28 stack frames]]>
    </failure>
  </testcase> <!-- gettingData_Savings -->
  <testcase name="gettingData_Savings" time="30.14" classname="com.citi.mobileAutomation.test_PH.TestDashBoard_L2_L3_PH_Savings_002">
    <failure type="java.lang.AssertionError" message="expected [true] but found [false]">
      <![CDATA[java.lang.AssertionError: expected [true] but found [false]
at com.citi.mobileAutomation.assertEngine.Assert_Engine.assertMapping(Assert_Engine.java:13)
at com.citi.mobileAutomation.dataMapping.Action_Mapping.actionMapping_Mobile_Application_Native_Android(Action_Mapping.java:75)
at com.citi.mobileAutomation.dataMapping.ObjectGroups.actionOnElements(ObjectGroups.java:51)
at com.citi.mobileAutomation.test_PH.TestDashBoard_L2_L3_PH_Savings_002.gettingData_Savings(TestDashBoard_L2_L3_PH_Savings_002.java:21)
... Removed 29 stack frames]]>
    </failure>
  </testcase> <!-- gettingData_Savings -->
  <testcase name="gettingData_Savings" time="20.385" classname="com.citi.mobileAutomation.test_PH.TestDashBoard_L2_L3_PH_Savings_002">
    <failure type="org.openqa.selenium.TimeoutException" message="Timed out after 20 seconds waiting for presence of element located by: By.id: txt_firstBalTitle
Build info: version: &amp;apos;2.45.0&amp;apos;, revision: &amp;apos;5017cb8e7ca8e37638dc3091b2440b90a1d8686f&amp;apos;, time: &amp;apos;2015-02-27 09:10:26&amp;apos;
System info: host: &amp;apos;RDT065&amp;apos;, ip: &amp;apos;192.168.100.62&amp;apos;, os.name: &amp;apos;Windows 10&amp;apos;, os.arch: &amp;apos;amd64&amp;apos;, os.version: &amp;apos;10.0&amp;apos;, java.version: &amp;apos;1.8.0_192&amp;apos;
Driver info: io.appium.java_client.android.AndroidDriver
Capabilities [{appPackage=com.citi.mobile.ph.dit, deviceScreenSize=1440x2560, networkConnectionEnabled=true, warnings={}, databaseEnabled=false, deviceName=emulator-5554, platform=LINUX, deviceUDID=emulator-5554, appActivity=com.citi.mobile.pt3.starter.authentication.view.activity.LoginActivity, androidInstallTimeout=150000, desired={appPackage=com.citi.mobile.ph.dit, appActivity=com.citi.mobile.pt3.starter.authentication.view.activity.LoginActivity, androidInstallTimeout=150000, platformVersion=8.1.0, skipUnlock=true, autoGrantPermissions=true, platformName=Android, deviceName=emulator-5554}, platformVersion=8.1.0, webStorageEnabled=false, locationContextEnabled=false, takesScreenshot=true, skipUnlock=true, autoGrantPermissions=true, javascriptEnabled=true, deviceModel=Android SDK built for x86, platformName=Android, deviceManufacturer=Google}]
Session ID: 956e54af-1bb1-4f8f-8ea2-27f7e6764527">
      <![CDATA[org.openqa.selenium.TimeoutException: Timed out after 20 seconds waiting for presence of element located by: By.id: txt_firstBalTitle
Build info: version: '2.45.0', revision: '5017cb8e7ca8e37638dc3091b2440b90a1d8686f', time: '2015-02-27 09:10:26'
System info: host: 'RDT065', ip: '192.168.100.62', os.name: 'Windows 10', os.arch: 'amd64', os.version: '10.0', java.version: '1.8.0_192'
Driver info: io.appium.java_client.android.AndroidDriver
Capabilities [{appPackage=com.citi.mobile.ph.dit, deviceScreenSize=1440x2560, networkConnectionEnabled=true, warnings={}, databaseEnabled=false, deviceName=emulator-5554, platform=LINUX, deviceUDID=emulator-5554, appActivity=com.citi.mobile.pt3.starter.authentication.view.activity.LoginActivity, androidInstallTimeout=150000, desired={appPackage=com.citi.mobile.ph.dit, appActivity=com.citi.mobile.pt3.starter.authentication.view.activity.LoginActivity, androidInstallTimeout=150000, platformVersion=8.1.0, skipUnlock=true, autoGrantPermissions=true, platformName=Android, deviceName=emulator-5554}, platformVersion=8.1.0, webStorageEnabled=false, locationContextEnabled=false, takesScreenshot=true, skipUnlock=true, autoGrantPermissions=true, javascriptEnabled=true, deviceModel=Android SDK built for x86, platformName=Android, deviceManufacturer=Google}]
Session ID: 956e54af-1bb1-4f8f-8ea2-27f7e6764527
at org.openqa.selenium.support.ui.WebDriverWait.timeoutException(WebDriverWait.java:79)
at org.openqa.selenium.support.ui.FluentWait.until(FluentWait.java:228)
at com.citi.mobileAutomation.utils.ResuableFunction.getTextFromElementByWait(ResuableFunction.java:178)
at com.citi.mobileAutomation.dataMapping.Action_Mapping.actionMapping_Mobile_Application_Native_Android(Action_Mapping.java:33)
at com.citi.mobileAutomation.dataMapping.ObjectGroups.actionOnElements(ObjectGroups.java:51)
at com.citi.mobileAutomation.test_PH.TestDashBoard_L2_L3_PH_Savings_002.gettingData_Savings(TestDashBoard_L2_L3_PH_Savings_002.java:21)
Caused by: org.openqa.selenium.NoSuchElementException: An element could not be located on the page using the given search parameters. (WARNING: The server did not provide any stacktrace information)
Command duration or timeout: 172 milliseconds
For documentation on this error, please visit: http://seleniumhq.org/exceptions/no_such_element.html
Build info: version: '2.45.0', revision: '5017cb8e7ca8e37638dc3091b2440b90a1d8686f', time: '2015-02-27 09:10:26'
System info: host: 'RDT065', ip: '192.168.100.62', os.name: 'Windows 10', os.arch: 'amd64', os.version: '10.0', java.version: '1.8.0_192'
Driver info: io.appium.java_client.android.AndroidDriver
Capabilities [{appPackage=com.citi.mobile.ph.dit, deviceScreenSize=1440x2560, networkConnectionEnabled=true, warnings={}, databaseEnabled=false, deviceName=emulator-5554, platform=LINUX, deviceUDID=emulator-5554, appActivity=com.citi.mobile.pt3.starter.authentication.view.activity.LoginActivity, androidInstallTimeout=150000, desired={appPackage=com.citi.mobile.ph.dit, appActivity=com.citi.mobile.pt3.starter.authentication.view.activity.LoginActivity, androidInstallTimeout=150000, platformVersion=8.1.0, skipUnlock=true, autoGrantPermissions=true, platformName=Android, deviceName=emulator-5554}, platformVersion=8.1.0, webStorageEnabled=false, locationContextEnabled=false, takesScreenshot=true, skipUnlock=true, autoGrantPermissions=true, javascriptEnabled=true, deviceModel=Android SDK built for x86, platformName=Android, deviceManufacturer=Google}]
Session ID: 956e54af-1bb1-4f8f-8ea2-27f7e6764527
*** Element info: {Using=id, value=txt_firstBalTitle}
at org.openqa.selenium.remote.ErrorHandler.createThrowable(ErrorHandler.java:204)
at org.openqa.selenium.remote.ErrorHandler.throwIfResponseFailed(ErrorHandler.java:156)
at org.openqa.selenium.remote.RemoteWebDriver.execute(RemoteWebDriver.java:599)
at io.appium.java_client.DefaultGenericMobileDriver.execute(DefaultGenericMobileDriver.java:51)
at io.appium.java_client.AppiumDriver.execute(AppiumDriver.java:1)
at io.appium.java_client.android.AndroidDriver.execute(AndroidDriver.java:1)
at org.openqa.selenium.remote.RemoteWebDriver.findElement(RemoteWebDriver.java:352)
at io.appium.java_client.DefaultGenericMobileDriver.findElement(DefaultGenericMobileDriver.java:67)
at io.appium.java_client.AppiumDriver.findElement(AppiumDriver.java:1)
at io.appium.java_client.android.AndroidDriver.findElement(AndroidDriver.java:1)
at org.openqa.selenium.remote.RemoteWebDriver.findElementById(RemoteWebDriver.java:393)
at io.appium.java_client.DefaultGenericMobileDriver.findElementById(DefaultGenericMobileDriver.java:75)
at io.appium.java_client.AppiumDriver.findElementById(AppiumDriver.java:1)
at io.appium.java_client.android.AndroidDriver.findElementById(AndroidDriver.java:1)
at org.openqa.selenium.By$ById.findElement(By.java:214)
at org.openqa.selenium.remote.RemoteWebDriver.findElement(RemoteWebDriver.java:344)
at io.appium.java_client.DefaultGenericMobileDriver.findElement(DefaultGenericMobileDriver.java:63)
at io.appium.java_client.AppiumDriver.findElement(AppiumDriver.java:1)
at io.appium.java_client.android.AndroidDriver.findElement(AndroidDriver.java:1)
at org.openqa.selenium.support.ui.ExpectedConditions.findElement(ExpectedConditions.java:730)
at org.openqa.selenium.support.ui.ExpectedConditions.access$000(ExpectedConditions.java:39)
at org.openqa.selenium.support.ui.ExpectedConditions$3.apply(ExpectedConditions.java:106)
at org.openqa.selenium.support.ui.ExpectedConditions$3.apply(ExpectedConditions.java:103)
at org.openqa.selenium.support.ui.FluentWait.until(FluentWait.java:208)
... 29 more
... Removed 28 stack frames]]>
    </failure>
  </testcase> <!-- gettingData_Savings -->
  <testcase name="gettingData_Savings" time="30.081" classname="com.citi.mobileAutomation.test_PH.TestDashBoard_L2_L3_PH_Savings_002">
    <failure type="java.lang.AssertionError" message="expected [true] but found [false]">
      <![CDATA[java.lang.AssertionError: expected [true] but found [false]
at com.citi.mobileAutomation.assertEngine.Assert_Engine.assertMapping(Assert_Engine.java:13)
at com.citi.mobileAutomation.dataMapping.Action_Mapping.actionMapping_Mobile_Application_Native_Android(Action_Mapping.java:75)
at com.citi.mobileAutomation.dataMapping.ObjectGroups.actionOnElements(ObjectGroups.java:51)
at com.citi.mobileAutomation.test_PH.TestDashBoard_L2_L3_PH_Savings_002.gettingData_Savings(TestDashBoard_L2_L3_PH_Savings_002.java:21)
... Removed 29 stack frames]]>
    </failure>
  </testcase> <!-- gettingData_Savings -->
  <testcase name="gettingData_Savings" time="20.608" classname="com.citi.mobileAutomation.test_PH.TestDashBoard_L2_L3_PH_Savings_002">
    <failure type="org.openqa.selenium.TimeoutException" message="Timed out after 20 seconds waiting for presence of element located by: By.id: txt_firstBalPrice
Build info: version: &amp;apos;2.45.0&amp;apos;, revision: &amp;apos;5017cb8e7ca8e37638dc3091b2440b90a1d8686f&amp;apos;, time: &amp;apos;2015-02-27 09:10:26&amp;apos;
System info: host: &amp;apos;RDT065&amp;apos;, ip: &amp;apos;192.168.100.62&amp;apos;, os.name: &amp;apos;Windows 10&amp;apos;, os.arch: &amp;apos;amd64&amp;apos;, os.version: &amp;apos;10.0&amp;apos;, java.version: &amp;apos;1.8.0_192&amp;apos;
Driver info: io.appium.java_client.android.AndroidDriver
Capabilities [{appPackage=com.citi.mobile.ph.dit, deviceScreenSize=1440x2560, networkConnectionEnabled=true, warnings={}, databaseEnabled=false, deviceName=emulator-5554, platform=LINUX, deviceUDID=emulator-5554, appActivity=com.citi.mobile.pt3.starter.authentication.view.activity.LoginActivity, androidInstallTimeout=150000, desired={appPackage=com.citi.mobile.ph.dit, appActivity=com.citi.mobile.pt3.starter.authentication.view.activity.LoginActivity, androidInstallTimeout=150000, platformVersion=8.1.0, skipUnlock=true, autoGrantPermissions=true, platformName=Android, deviceName=emulator-5554}, platformVersion=8.1.0, webStorageEnabled=false, locationContextEnabled=false, takesScreenshot=true, skipUnlock=true, autoGrantPermissions=true, javascriptEnabled=true, deviceModel=Android SDK built for x86, platformName=Android, deviceManufacturer=Google}]
Session ID: 956e54af-1bb1-4f8f-8ea2-27f7e6764527">
      <![CDATA[org.openqa.selenium.TimeoutException: Timed out after 20 seconds waiting for presence of element located by: By.id: txt_firstBalPrice
Build info: version: '2.45.0', revision: '5017cb8e7ca8e37638dc3091b2440b90a1d8686f', time: '2015-02-27 09:10:26'
System info: host: 'RDT065', ip: '192.168.100.62', os.name: 'Windows 10', os.arch: 'amd64', os.version: '10.0', java.version: '1.8.0_192'
Driver info: io.appium.java_client.android.AndroidDriver
Capabilities [{appPackage=com.citi.mobile.ph.dit, deviceScreenSize=1440x2560, networkConnectionEnabled=true, warnings={}, databaseEnabled=false, deviceName=emulator-5554, platform=LINUX, deviceUDID=emulator-5554, appActivity=com.citi.mobile.pt3.starter.authentication.view.activity.LoginActivity, androidInstallTimeout=150000, desired={appPackage=com.citi.mobile.ph.dit, appActivity=com.citi.mobile.pt3.starter.authentication.view.activity.LoginActivity, androidInstallTimeout=150000, platformVersion=8.1.0, skipUnlock=true, autoGrantPermissions=true, platformName=Android, deviceName=emulator-5554}, platformVersion=8.1.0, webStorageEnabled=false, locationContextEnabled=false, takesScreenshot=true, skipUnlock=true, autoGrantPermissions=true, javascriptEnabled=true, deviceModel=Android SDK built for x86, platformName=Android, deviceManufacturer=Google}]
Session ID: 956e54af-1bb1-4f8f-8ea2-27f7e6764527
at org.openqa.selenium.support.ui.WebDriverWait.timeoutException(WebDriverWait.java:79)
at org.openqa.selenium.support.ui.FluentWait.until(FluentWait.java:228)
at com.citi.mobileAutomation.utils.ResuableFunction.getTextFromElementByWait(ResuableFunction.java:178)
at com.citi.mobileAutomation.dataMapping.Action_Mapping.actionMapping_Mobile_Application_Native_Android(Action_Mapping.java:33)
at com.citi.mobileAutomation.dataMapping.ObjectGroups.actionOnElements(ObjectGroups.java:51)
at com.citi.mobileAutomation.test_PH.TestDashBoard_L2_L3_PH_Savings_002.gettingData_Savings(TestDashBoard_L2_L3_PH_Savings_002.java:21)
Caused by: org.openqa.selenium.NoSuchElementException: An element could not be located on the page using the given search parameters. (WARNING: The server did not provide any stacktrace information)
Command duration or timeout: 111 milliseconds
For documentation on this error, please visit: http://seleniumhq.org/exceptions/no_such_element.html
Build info: version: '2.45.0', revision: '5017cb8e7ca8e37638dc3091b2440b90a1d8686f', time: '2015-02-27 09:10:26'
System info: host: 'RDT065', ip: '192.168.100.62', os.name: 'Windows 10', os.arch: 'amd64', os.version: '10.0', java.version: '1.8.0_192'
Driver info: io.appium.java_client.android.AndroidDriver
Capabilities [{appPackage=com.citi.mobile.ph.dit, deviceScreenSize=1440x2560, networkConnectionEnabled=true, warnings={}, databaseEnabled=false, deviceName=emulator-5554, platform=LINUX, deviceUDID=emulator-5554, appActivity=com.citi.mobile.pt3.starter.authentication.view.activity.LoginActivity, androidInstallTimeout=150000, desired={appPackage=com.citi.mobile.ph.dit, appActivity=com.citi.mobile.pt3.starter.authentication.view.activity.LoginActivity, androidInstallTimeout=150000, platformVersion=8.1.0, skipUnlock=true, autoGrantPermissions=true, platformName=Android, deviceName=emulator-5554}, platformVersion=8.1.0, webStorageEnabled=false, locationContextEnabled=false, takesScreenshot=true, skipUnlock=true, autoGrantPermissions=true, javascriptEnabled=true, deviceModel=Android SDK built for x86, platformName=Android, deviceManufacturer=Google}]
Session ID: 956e54af-1bb1-4f8f-8ea2-27f7e6764527
*** Element info: {Using=id, value=txt_firstBalPrice}
at org.openqa.selenium.remote.ErrorHandler.createThrowable(ErrorHandler.java:204)
at org.openqa.selenium.remote.ErrorHandler.throwIfResponseFailed(ErrorHandler.java:156)
at org.openqa.selenium.remote.RemoteWebDriver.execute(RemoteWebDriver.java:599)
at io.appium.java_client.DefaultGenericMobileDriver.execute(DefaultGenericMobileDriver.java:51)
at io.appium.java_client.AppiumDriver.execute(AppiumDriver.java:1)
at io.appium.java_client.android.AndroidDriver.execute(AndroidDriver.java:1)
at org.openqa.selenium.remote.RemoteWebDriver.findElement(RemoteWebDriver.java:352)
at io.appium.java_client.DefaultGenericMobileDriver.findElement(DefaultGenericMobileDriver.java:67)
at io.appium.java_client.AppiumDriver.findElement(AppiumDriver.java:1)
at io.appium.java_client.android.AndroidDriver.findElement(AndroidDriver.java:1)
at org.openqa.selenium.remote.RemoteWebDriver.findElementById(RemoteWebDriver.java:393)
at io.appium.java_client.DefaultGenericMobileDriver.findElementById(DefaultGenericMobileDriver.java:75)
at io.appium.java_client.AppiumDriver.findElementById(AppiumDriver.java:1)
at io.appium.java_client.android.AndroidDriver.findElementById(AndroidDriver.java:1)
at org.openqa.selenium.By$ById.findElement(By.java:214)
at org.openqa.selenium.remote.RemoteWebDriver.findElement(RemoteWebDriver.java:344)
at io.appium.java_client.DefaultGenericMobileDriver.findElement(DefaultGenericMobileDriver.java:63)
at io.appium.java_client.AppiumDriver.findElement(AppiumDriver.java:1)
at io.appium.java_client.android.AndroidDriver.findElement(AndroidDriver.java:1)
at org.openqa.selenium.support.ui.ExpectedConditions.findElement(ExpectedConditions.java:730)
at org.openqa.selenium.support.ui.ExpectedConditions.access$000(ExpectedConditions.java:39)
at org.openqa.selenium.support.ui.ExpectedConditions$3.apply(ExpectedConditions.java:106)
at org.openqa.selenium.support.ui.ExpectedConditions$3.apply(ExpectedConditions.java:103)
at org.openqa.selenium.support.ui.FluentWait.until(FluentWait.java:208)
... 29 more
... Removed 28 stack frames]]>
    </failure>
  </testcase> <!-- gettingData_Savings -->
  <testcase name="gettingData_Savings" time="30.428" classname="com.citi.mobileAutomation.test_PH.TestDashBoard_L2_L3_PH_Savings_002">
    <failure type="java.lang.AssertionError" message="expected [true] but found [false]">
      <![CDATA[java.lang.AssertionError: expected [true] but found [false]
at com.citi.mobileAutomation.assertEngine.Assert_Engine.assertMapping(Assert_Engine.java:13)
at com.citi.mobileAutomation.dataMapping.Action_Mapping.actionMapping_Mobile_Application_Native_Android(Action_Mapping.java:75)
at com.citi.mobileAutomation.dataMapping.ObjectGroups.actionOnElements(ObjectGroups.java:51)
at com.citi.mobileAutomation.test_PH.TestDashBoard_L2_L3_PH_Savings_002.gettingData_Savings(TestDashBoard_L2_L3_PH_Savings_002.java:21)
... Removed 29 stack frames]]>
    </failure>
  </testcase> <!-- gettingData_Savings -->
  <testcase name="gettingData_Savings" time="20.181" classname="com.citi.mobileAutomation.test_PH.TestDashBoard_L2_L3_PH_Savings_002">
    <failure type="org.openqa.selenium.TimeoutException" message="Timed out after 20 seconds waiting for presence of element located by: By.id: label
Build info: version: &amp;apos;2.45.0&amp;apos;, revision: &amp;apos;5017cb8e7ca8e37638dc3091b2440b90a1d8686f&amp;apos;, time: &amp;apos;2015-02-27 09:10:26&amp;apos;
System info: host: &amp;apos;RDT065&amp;apos;, ip: &amp;apos;192.168.100.62&amp;apos;, os.name: &amp;apos;Windows 10&amp;apos;, os.arch: &amp;apos;amd64&amp;apos;, os.version: &amp;apos;10.0&amp;apos;, java.version: &amp;apos;1.8.0_192&amp;apos;
Driver info: io.appium.java_client.android.AndroidDriver
Capabilities [{appPackage=com.citi.mobile.ph.dit, deviceScreenSize=1440x2560, networkConnectionEnabled=true, warnings={}, databaseEnabled=false, deviceName=emulator-5554, platform=LINUX, deviceUDID=emulator-5554, appActivity=com.citi.mobile.pt3.starter.authentication.view.activity.LoginActivity, androidInstallTimeout=150000, desired={appPackage=com.citi.mobile.ph.dit, appActivity=com.citi.mobile.pt3.starter.authentication.view.activity.LoginActivity, androidInstallTimeout=150000, platformVersion=8.1.0, skipUnlock=true, autoGrantPermissions=true, platformName=Android, deviceName=emulator-5554}, platformVersion=8.1.0, webStorageEnabled=false, locationContextEnabled=false, takesScreenshot=true, skipUnlock=true, autoGrantPermissions=true, javascriptEnabled=true, deviceModel=Android SDK built for x86, platformName=Android, deviceManufacturer=Google}]
Session ID: 956e54af-1bb1-4f8f-8ea2-27f7e6764527">
      <![CDATA[org.openqa.selenium.TimeoutException: Timed out after 20 seconds waiting for presence of element located by: By.id: label
Build info: version: '2.45.0', revision: '5017cb8e7ca8e37638dc3091b2440b90a1d8686f', time: '2015-02-27 09:10:26'
System info: host: 'RDT065', ip: '192.168.100.62', os.name: 'Windows 10', os.arch: 'amd64', os.version: '10.0', java.version: '1.8.0_192'
Driver info: io.appium.java_client.android.AndroidDriver
Capabilities [{appPackage=com.citi.mobile.ph.dit, deviceScreenSize=1440x2560, networkConnectionEnabled=true, warnings={}, databaseEnabled=false, deviceName=emulator-5554, platform=LINUX, deviceUDID=emulator-5554, appActivity=com.citi.mobile.pt3.starter.authentication.view.activity.LoginActivity, androidInstallTimeout=150000, desired={appPackage=com.citi.mobile.ph.dit, appActivity=com.citi.mobile.pt3.starter.authentication.view.activity.LoginActivity, androidInstallTimeout=150000, platformVersion=8.1.0, skipUnlock=true, autoGrantPermissions=true, platformName=Android, deviceName=emulator-5554}, platformVersion=8.1.0, webStorageEnabled=false, locationContextEnabled=false, takesScreenshot=true, skipUnlock=true, autoGrantPermissions=true, javascriptEnabled=true, deviceModel=Android SDK built for x86, platformName=Android, deviceManufacturer=Google}]
Session ID: 956e54af-1bb1-4f8f-8ea2-27f7e6764527
at org.openqa.selenium.support.ui.WebDriverWait.timeoutException(WebDriverWait.java:79)
at org.openqa.selenium.support.ui.FluentWait.until(FluentWait.java:228)
at com.citi.mobileAutomation.utils.ResuableFunction.getTextFromElementByWait(ResuableFunction.java:178)
at com.citi.mobileAutomation.dataMapping.Action_Mapping.actionMapping_Mobile_Application_Native_Android(Action_Mapping.java:33)
at com.citi.mobileAutomation.dataMapping.ObjectGroups.actionOnElements(ObjectGroups.java:51)
at com.citi.mobileAutomation.test_PH.TestDashBoard_L2_L3_PH_Savings_002.gettingData_Savings(TestDashBoard_L2_L3_PH_Savings_002.java:21)
Caused by: org.openqa.selenium.NoSuchElementException: An element could not be located on the page using the given search parameters. (WARNING: The server did not provide any stacktrace information)
Command duration or timeout: 142 milliseconds
For documentation on this error, please visit: http://seleniumhq.org/exceptions/no_such_element.html
Build info: version: '2.45.0', revision: '5017cb8e7ca8e37638dc3091b2440b90a1d8686f', time: '2015-02-27 09:10:26'
System info: host: 'RDT065', ip: '192.168.100.62', os.name: 'Windows 10', os.arch: 'amd64', os.version: '10.0', java.version: '1.8.0_192'
Driver info: io.appium.java_client.android.AndroidDriver
Capabilities [{appPackage=com.citi.mobile.ph.dit, deviceScreenSize=1440x2560, networkConnectionEnabled=true, warnings={}, databaseEnabled=false, deviceName=emulator-5554, platform=LINUX, deviceUDID=emulator-5554, appActivity=com.citi.mobile.pt3.starter.authentication.view.activity.LoginActivity, androidInstallTimeout=150000, desired={appPackage=com.citi.mobile.ph.dit, appActivity=com.citi.mobile.pt3.starter.authentication.view.activity.LoginActivity, androidInstallTimeout=150000, platformVersion=8.1.0, skipUnlock=true, autoGrantPermissions=true, platformName=Android, deviceName=emulator-5554}, platformVersion=8.1.0, webStorageEnabled=false, locationContextEnabled=false, takesScreenshot=true, skipUnlock=true, autoGrantPermissions=true, javascriptEnabled=true, deviceModel=Android SDK built for x86, platformName=Android, deviceManufacturer=Google}]
Session ID: 956e54af-1bb1-4f8f-8ea2-27f7e6764527
*** Element info: {Using=id, value=label}
at org.openqa.selenium.remote.ErrorHandler.createThrowable(ErrorHandler.java:204)
at org.openqa.selenium.remote.ErrorHandler.throwIfResponseFailed(ErrorHandler.java:156)
at org.openqa.selenium.remote.RemoteWebDriver.execute(RemoteWebDriver.java:599)
at io.appium.java_client.DefaultGenericMobileDriver.execute(DefaultGenericMobileDriver.java:51)
at io.appium.java_client.AppiumDriver.execute(AppiumDriver.java:1)
at io.appium.java_client.android.AndroidDriver.execute(AndroidDriver.java:1)
at org.openqa.selenium.remote.RemoteWebDriver.findElement(RemoteWebDriver.java:352)
at io.appium.java_client.DefaultGenericMobileDriver.findElement(DefaultGenericMobileDriver.java:67)
at io.appium.java_client.AppiumDriver.findElement(AppiumDriver.java:1)
at io.appium.java_client.android.AndroidDriver.findElement(AndroidDriver.java:1)
at org.openqa.selenium.remote.RemoteWebDriver.findElementById(RemoteWebDriver.java:393)
at io.appium.java_client.DefaultGenericMobileDriver.findElementById(DefaultGenericMobileDriver.java:75)
at io.appium.java_client.AppiumDriver.findElementById(AppiumDriver.java:1)
at io.appium.java_client.android.AndroidDriver.findElementById(AndroidDriver.java:1)
at org.openqa.selenium.By$ById.findElement(By.java:214)
at org.openqa.selenium.remote.RemoteWebDriver.findElement(RemoteWebDriver.java:344)
at io.appium.java_client.DefaultGenericMobileDriver.findElement(DefaultGenericMobileDriver.java:63)
at io.appium.java_client.AppiumDriver.findElement(AppiumDriver.java:1)
at io.appium.java_client.android.AndroidDriver.findElement(AndroidDriver.java:1)
at org.openqa.selenium.support.ui.ExpectedConditions.findElement(ExpectedConditions.java:730)
at org.openqa.selenium.support.ui.ExpectedConditions.access$000(ExpectedConditions.java:39)
at org.openqa.selenium.support.ui.ExpectedConditions$3.apply(ExpectedConditions.java:106)
at org.openqa.selenium.support.ui.ExpectedConditions$3.apply(ExpectedConditions.java:103)
at org.openqa.selenium.support.ui.FluentWait.until(FluentWait.java:208)
... 29 more
... Removed 28 stack frames]]>
    </failure>
  </testcase> <!-- gettingData_Savings -->
  <testcase name="gettingData_Savings" time="30.074" classname="com.citi.mobileAutomation.test_PH.TestDashBoard_L2_L3_PH_Savings_002">
    <failure type="java.lang.AssertionError" message="expected [true] but found [false]">
      <![CDATA[java.lang.AssertionError: expected [true] but found [false]
at com.citi.mobileAutomation.assertEngine.Assert_Engine.assertMapping(Assert_Engine.java:13)
at com.citi.mobileAutomation.dataMapping.Action_Mapping.actionMapping_Mobile_Application_Native_Android(Action_Mapping.java:75)
at com.citi.mobileAutomation.dataMapping.ObjectGroups.actionOnElements(ObjectGroups.java:51)
at com.citi.mobileAutomation.test_PH.TestDashBoard_L2_L3_PH_Savings_002.gettingData_Savings(TestDashBoard_L2_L3_PH_Savings_002.java:21)
... Removed 29 stack frames]]>
    </failure>
  </testcase> <!-- gettingData_Savings -->
  <testcase name="gettingData_Savings" time="30.53" classname="com.citi.mobileAutomation.test_PH.TestDashBoard_L2_L3_PH_Savings_002">
    <failure type="java.lang.AssertionError" message="expected [true] but found [false]">
      <![CDATA[java.lang.AssertionError: expected [true] but found [false]
at com.citi.mobileAutomation.assertEngine.Assert_Engine.assertMapping(Assert_Engine.java:13)
at com.citi.mobileAutomation.dataMapping.Action_Mapping.actionMapping_Mobile_Application_Native_Android(Action_Mapping.java:75)
at com.citi.mobileAutomation.dataMapping.ObjectGroups.actionOnElements(ObjectGroups.java:51)
at com.citi.mobileAutomation.test_PH.TestDashBoard_L2_L3_PH_Savings_002.gettingData_Savings(TestDashBoard_L2_L3_PH_Savings_002.java:21)
... Removed 29 stack frames]]>
    </failure>
  </testcase> <!-- gettingData_Savings -->
  <testcase name="gettingData_Savings" time="30.148" classname="com.citi.mobileAutomation.test_PH.TestDashBoard_L2_L3_PH_Savings_002"/>
  <testcase name="gettingData_Savings" time="20.638" classname="com.citi.mobileAutomation.test_PH.TestDashBoard_L2_L3_PH_Savings_002">
    <failure type="org.openqa.selenium.TimeoutException" message="Timed out after 20 seconds waiting for visibility of element located by By.id: search_box
Build info: version: &amp;apos;2.45.0&amp;apos;, revision: &amp;apos;5017cb8e7ca8e37638dc3091b2440b90a1d8686f&amp;apos;, time: &amp;apos;2015-02-27 09:10:26&amp;apos;
System info: host: &amp;apos;RDT065&amp;apos;, ip: &amp;apos;192.168.100.62&amp;apos;, os.name: &amp;apos;Windows 10&amp;apos;, os.arch: &amp;apos;amd64&amp;apos;, os.version: &amp;apos;10.0&amp;apos;, java.version: &amp;apos;1.8.0_192&amp;apos;
Driver info: io.appium.java_client.android.AndroidDriver
Capabilities [{appPackage=com.citi.mobile.ph.dit, deviceScreenSize=1440x2560, networkConnectionEnabled=true, warnings={}, databaseEnabled=false, deviceName=emulator-5554, platform=LINUX, deviceUDID=emulator-5554, appActivity=com.citi.mobile.pt3.starter.authentication.view.activity.LoginActivity, androidInstallTimeout=150000, desired={appPackage=com.citi.mobile.ph.dit, appActivity=com.citi.mobile.pt3.starter.authentication.view.activity.LoginActivity, androidInstallTimeout=150000, platformVersion=8.1.0, skipUnlock=true, autoGrantPermissions=true, platformName=Android, deviceName=emulator-5554}, platformVersion=8.1.0, webStorageEnabled=false, locationContextEnabled=false, takesScreenshot=true, skipUnlock=true, autoGrantPermissions=true, javascriptEnabled=true, deviceModel=Android SDK built for x86, platformName=Android, deviceManufacturer=Google}]
Session ID: 956e54af-1bb1-4f8f-8ea2-27f7e6764527">
      <![CDATA[org.openqa.selenium.TimeoutException: Timed out after 20 seconds waiting for visibility of element located by By.id: search_box
Build info: version: '2.45.0', revision: '5017cb8e7ca8e37638dc3091b2440b90a1d8686f', time: '2015-02-27 09:10:26'
System info: host: 'RDT065', ip: '192.168.100.62', os.name: 'Windows 10', os.arch: 'amd64', os.version: '10.0', java.version: '1.8.0_192'
Driver info: io.appium.java_client.android.AndroidDriver
Capabilities [{appPackage=com.citi.mobile.ph.dit, deviceScreenSize=1440x2560, networkConnectionEnabled=true, warnings={}, databaseEnabled=false, deviceName=emulator-5554, platform=LINUX, deviceUDID=emulator-5554, appActivity=com.citi.mobile.pt3.starter.authentication.view.activity.LoginActivity, androidInstallTimeout=150000, desired={appPackage=com.citi.mobile.ph.dit, appActivity=com.citi.mobile.pt3.starter.authentication.view.activity.LoginActivity, androidInstallTimeout=150000, platformVersion=8.1.0, skipUnlock=true, autoGrantPermissions=true, platformName=Android, deviceName=emulator-5554}, platformVersion=8.1.0, webStorageEnabled=false, locationContextEnabled=false, takesScreenshot=true, skipUnlock=true, autoGrantPermissions=true, javascriptEnabled=true, deviceModel=Android SDK built for x86, platformName=Android, deviceManufacturer=Google}]
Session ID: 956e54af-1bb1-4f8f-8ea2-27f7e6764527
at org.openqa.selenium.support.ui.WebDriverWait.timeoutException(WebDriverWait.java:79)
at org.openqa.selenium.support.ui.FluentWait.until(FluentWait.java:228)
at com.citi.mobileAutomation.utils.ResuableFunction.sendByWaitByString(ResuableFunction.java:133)
at com.citi.mobileAutomation.dataMapping.Action_Mapping.actionMapping_Mobile_Application_Native_Android(Action_Mapping.java:23)
at com.citi.mobileAutomation.dataMapping.ObjectGroups.actionOnElements(ObjectGroups.java:51)
at com.citi.mobileAutomation.test_PH.TestDashBoard_L2_L3_PH_Savings_002.gettingData_Savings(TestDashBoard_L2_L3_PH_Savings_002.java:21)
Caused by: org.openqa.selenium.NoSuchElementException: An element could not be located on the page using the given search parameters. (WARNING: The server did not provide any stacktrace information)
Command duration or timeout: 174 milliseconds
For documentation on this error, please visit: http://seleniumhq.org/exceptions/no_such_element.html
Build info: version: '2.45.0', revision: '5017cb8e7ca8e37638dc3091b2440b90a1d8686f', time: '2015-02-27 09:10:26'
System info: host: 'RDT065', ip: '192.168.100.62', os.name: 'Windows 10', os.arch: 'amd64', os.version: '10.0', java.version: '1.8.0_192'
Driver info: io.appium.java_client.android.AndroidDriver
Capabilities [{appPackage=com.citi.mobile.ph.dit, deviceScreenSize=1440x2560, networkConnectionEnabled=true, warnings={}, databaseEnabled=false, deviceName=emulator-5554, platform=LINUX, deviceUDID=emulator-5554, appActivity=com.citi.mobile.pt3.starter.authentication.view.activity.LoginActivity, androidInstallTimeout=150000, desired={appPackage=com.citi.mobile.ph.dit, appActivity=com.citi.mobile.pt3.starter.authentication.view.activity.LoginActivity, androidInstallTimeout=150000, platformVersion=8.1.0, skipUnlock=true, autoGrantPermissions=true, platformName=Android, deviceName=emulator-5554}, platformVersion=8.1.0, webStorageEnabled=false, locationContextEnabled=false, takesScreenshot=true, skipUnlock=true, autoGrantPermissions=true, javascriptEnabled=true, deviceModel=Android SDK built for x86, platformName=Android, deviceManufacturer=Google}]
Session ID: 956e54af-1bb1-4f8f-8ea2-27f7e6764527
*** Element info: {Using=id, value=search_box}
at org.openqa.selenium.remote.ErrorHandler.createThrowable(ErrorHandler.java:204)
at org.openqa.selenium.remote.ErrorHandler.throwIfResponseFailed(ErrorHandler.java:156)
at org.openqa.selenium.remote.RemoteWebDriver.execute(RemoteWebDriver.java:599)
at io.appium.java_client.DefaultGenericMobileDriver.execute(DefaultGenericMobileDriver.java:51)
at io.appium.java_client.AppiumDriver.execute(AppiumDriver.java:1)
at io.appium.java_client.android.AndroidDriver.execute(AndroidDriver.java:1)
at org.openqa.selenium.remote.RemoteWebDriver.findElement(RemoteWebDriver.java:352)
at io.appium.java_client.DefaultGenericMobileDriver.findElement(DefaultGenericMobileDriver.java:67)
at io.appium.java_client.AppiumDriver.findElement(AppiumDriver.java:1)
at io.appium.java_client.android.AndroidDriver.findElement(AndroidDriver.java:1)
at org.openqa.selenium.remote.RemoteWebDriver.findElementById(RemoteWebDriver.java:393)
at io.appium.java_client.DefaultGenericMobileDriver.findElementById(DefaultGenericMobileDriver.java:75)
at io.appium.java_client.AppiumDriver.findElementById(AppiumDriver.java:1)
at io.appium.java_client.android.AndroidDriver.findElementById(AndroidDriver.java:1)
at org.openqa.selenium.By$ById.findElement(By.java:214)
at org.openqa.selenium.remote.RemoteWebDriver.findElement(RemoteWebDriver.java:344)
at io.appium.java_client.DefaultGenericMobileDriver.findElement(DefaultGenericMobileDriver.java:63)
at io.appium.java_client.AppiumDriver.findElement(AppiumDriver.java:1)
at io.appium.java_client.android.AndroidDriver.findElement(AndroidDriver.java:1)
at org.openqa.selenium.support.ui.ExpectedConditions.findElement(ExpectedConditions.java:730)
at org.openqa.selenium.support.ui.ExpectedConditions.access$000(ExpectedConditions.java:39)
at org.openqa.selenium.support.ui.ExpectedConditions$4.apply(ExpectedConditions.java:130)
at org.openqa.selenium.support.ui.ExpectedConditions$4.apply(ExpectedConditions.java:126)
at org.openqa.selenium.support.ui.FluentWait.until(FluentWait.java:208)
... 28 more
... Removed 27 stack frames]]>
    </failure>
  </testcase> <!-- gettingData_Savings -->
  <testcase name="gettingData_Savings" time="30.068" classname="com.citi.mobileAutomation.test_PH.TestDashBoard_L2_L3_PH_Savings_002">
    <failure type="java.lang.AssertionError" message="expected [true] but found [false]">
      <![CDATA[java.lang.AssertionError: expected [true] but found [false]
at com.citi.mobileAutomation.assertEngine.Assert_Engine.assertMapping(Assert_Engine.java:13)
at com.citi.mobileAutomation.dataMapping.Action_Mapping.actionMapping_Mobile_Application_Native_Android(Action_Mapping.java:75)
at com.citi.mobileAutomation.dataMapping.ObjectGroups.actionOnElements(ObjectGroups.java:51)
at com.citi.mobileAutomation.test_PH.TestDashBoard_L2_L3_PH_Savings_002.gettingData_Savings(TestDashBoard_L2_L3_PH_Savings_002.java:21)
... Removed 28 stack frames]]>
    </failure>
  </testcase> <!-- gettingData_Savings -->
  <testcase name="gettingData_Savings" time="20.334" classname="com.citi.mobileAutomation.test_PH.TestDashBoard_L2_L3_PH_Savings_002">
    <failure type="org.openqa.selenium.TimeoutException" message="Timed out after 20 seconds waiting for presence of element located by: By.id: no_of_results
Build info: version: &amp;apos;2.45.0&amp;apos;, revision: &amp;apos;5017cb8e7ca8e37638dc3091b2440b90a1d8686f&amp;apos;, time: &amp;apos;2015-02-27 09:10:26&amp;apos;
System info: host: &amp;apos;RDT065&amp;apos;, ip: &amp;apos;192.168.100.62&amp;apos;, os.name: &amp;apos;Windows 10&amp;apos;, os.arch: &amp;apos;amd64&amp;apos;, os.version: &amp;apos;10.0&amp;apos;, java.version: &amp;apos;1.8.0_192&amp;apos;
Driver info: io.appium.java_client.android.AndroidDriver
Capabilities [{appPackage=com.citi.mobile.ph.dit, deviceScreenSize=1440x2560, networkConnectionEnabled=true, warnings={}, databaseEnabled=false, deviceName=emulator-5554, platform=LINUX, deviceUDID=emulator-5554, appActivity=com.citi.mobile.pt3.starter.authentication.view.activity.LoginActivity, androidInstallTimeout=150000, desired={appPackage=com.citi.mobile.ph.dit, appActivity=com.citi.mobile.pt3.starter.authentication.view.activity.LoginActivity, androidInstallTimeout=150000, platformVersion=8.1.0, skipUnlock=true, autoGrantPermissions=true, platformName=Android, deviceName=emulator-5554}, platformVersion=8.1.0, webStorageEnabled=false, locationContextEnabled=false, takesScreenshot=true, skipUnlock=true, autoGrantPermissions=true, javascriptEnabled=true, deviceModel=Android SDK built for x86, platformName=Android, deviceManufacturer=Google}]
Session ID: 956e54af-1bb1-4f8f-8ea2-27f7e6764527">
      <![CDATA[org.openqa.selenium.TimeoutException: Timed out after 20 seconds waiting for presence of element located by: By.id: no_of_results
Build info: version: '2.45.0', revision: '5017cb8e7ca8e37638dc3091b2440b90a1d8686f', time: '2015-02-27 09:10:26'
System info: host: 'RDT065', ip: '192.168.100.62', os.name: 'Windows 10', os.arch: 'amd64', os.version: '10.0', java.version: '1.8.0_192'
Driver info: io.appium.java_client.android.AndroidDriver
Capabilities [{appPackage=com.citi.mobile.ph.dit, deviceScreenSize=1440x2560, networkConnectionEnabled=true, warnings={}, databaseEnabled=false, deviceName=emulator-5554, platform=LINUX, deviceUDID=emulator-5554, appActivity=com.citi.mobile.pt3.starter.authentication.view.activity.LoginActivity, androidInstallTimeout=150000, desired={appPackage=com.citi.mobile.ph.dit, appActivity=com.citi.mobile.pt3.starter.authentication.view.activity.LoginActivity, androidInstallTimeout=150000, platformVersion=8.1.0, skipUnlock=true, autoGrantPermissions=true, platformName=Android, deviceName=emulator-5554}, platformVersion=8.1.0, webStorageEnabled=false, locationContextEnabled=false, takesScreenshot=true, skipUnlock=true, autoGrantPermissions=true, javascriptEnabled=true, deviceModel=Android SDK built for x86, platformName=Android, deviceManufacturer=Google}]
Session ID: 956e54af-1bb1-4f8f-8ea2-27f7e6764527
at org.openqa.selenium.support.ui.WebDriverWait.timeoutException(WebDriverWait.java:79)
at org.openqa.selenium.support.ui.FluentWait.until(FluentWait.java:228)
at com.citi.mobileAutomation.utils.ResuableFunction.getTextFromElementByWait(ResuableFunction.java:178)
at com.citi.mobileAutomation.dataMapping.Action_Mapping.actionMapping_Mobile_Application_Native_Android(Action_Mapping.java:33)
at com.citi.mobileAutomation.dataMapping.ObjectGroups.actionOnElements(ObjectGroups.java:51)
at com.citi.mobileAutomation.test_PH.TestDashBoard_L2_L3_PH_Savings_002.gettingData_Savings(TestDashBoard_L2_L3_PH_Savings_002.java:21)
Caused by: org.openqa.selenium.NoSuchElementException: An element could not be located on the page using the given search parameters. (WARNING: The server did not provide any stacktrace information)
Command duration or timeout: 157 milliseconds
For documentation on this error, please visit: http://seleniumhq.org/exceptions/no_such_element.html
Build info: version: '2.45.0', revision: '5017cb8e7ca8e37638dc3091b2440b90a1d8686f', time: '2015-02-27 09:10:26'
System info: host: 'RDT065', ip: '192.168.100.62', os.name: 'Windows 10', os.arch: 'amd64', os.version: '10.0', java.version: '1.8.0_192'
Driver info: io.appium.java_client.android.AndroidDriver
Capabilities [{appPackage=com.citi.mobile.ph.dit, deviceScreenSize=1440x2560, networkConnectionEnabled=true, warnings={}, databaseEnabled=false, deviceName=emulator-5554, platform=LINUX, deviceUDID=emulator-5554, appActivity=com.citi.mobile.pt3.starter.authentication.view.activity.LoginActivity, androidInstallTimeout=150000, desired={appPackage=com.citi.mobile.ph.dit, appActivity=com.citi.mobile.pt3.starter.authentication.view.activity.LoginActivity, androidInstallTimeout=150000, platformVersion=8.1.0, skipUnlock=true, autoGrantPermissions=true, platformName=Android, deviceName=emulator-5554}, platformVersion=8.1.0, webStorageEnabled=false, locationContextEnabled=false, takesScreenshot=true, skipUnlock=true, autoGrantPermissions=true, javascriptEnabled=true, deviceModel=Android SDK built for x86, platformName=Android, deviceManufacturer=Google}]
Session ID: 956e54af-1bb1-4f8f-8ea2-27f7e6764527
*** Element info: {Using=id, value=no_of_results}
at org.openqa.selenium.remote.ErrorHandler.createThrowable(ErrorHandler.java:204)
at org.openqa.selenium.remote.ErrorHandler.throwIfResponseFailed(ErrorHandler.java:156)
at org.openqa.selenium.remote.RemoteWebDriver.execute(RemoteWebDriver.java:599)
at io.appium.java_client.DefaultGenericMobileDriver.execute(DefaultGenericMobileDriver.java:51)
at io.appium.java_client.AppiumDriver.execute(AppiumDriver.java:1)
at io.appium.java_client.android.AndroidDriver.execute(AndroidDriver.java:1)
at org.openqa.selenium.remote.RemoteWebDriver.findElement(RemoteWebDriver.java:352)
at io.appium.java_client.DefaultGenericMobileDriver.findElement(DefaultGenericMobileDriver.java:67)
at io.appium.java_client.AppiumDriver.findElement(AppiumDriver.java:1)
at io.appium.java_client.android.AndroidDriver.findElement(AndroidDriver.java:1)
at org.openqa.selenium.remote.RemoteWebDriver.findElementById(RemoteWebDriver.java:393)
at io.appium.java_client.DefaultGenericMobileDriver.findElementById(DefaultGenericMobileDriver.java:75)
at io.appium.java_client.AppiumDriver.findElementById(AppiumDriver.java:1)
at io.appium.java_client.android.AndroidDriver.findElementById(AndroidDriver.java:1)
at org.openqa.selenium.By$ById.findElement(By.java:214)
at org.openqa.selenium.remote.RemoteWebDriver.findElement(RemoteWebDriver.java:344)
at io.appium.java_client.DefaultGenericMobileDriver.findElement(DefaultGenericMobileDriver.java:63)
at io.appium.java_client.AppiumDriver.findElement(AppiumDriver.java:1)
at io.appium.java_client.android.AndroidDriver.findElement(AndroidDriver.java:1)
at org.openqa.selenium.support.ui.ExpectedConditions.findElement(ExpectedConditions.java:730)
at org.openqa.selenium.support.ui.ExpectedConditions.access$000(ExpectedConditions.java:39)
at org.openqa.selenium.support.ui.ExpectedConditions$3.apply(ExpectedConditions.java:106)
at org.openqa.selenium.support.ui.ExpectedConditions$3.apply(ExpectedConditions.java:103)
at org.openqa.selenium.support.ui.FluentWait.until(FluentWait.java:208)
... 28 more
... Removed 27 stack frames]]>
    </failure>
  </testcase> <!-- gettingData_Savings -->
  <testcase name="gettingData_Savings" time="30.154" classname="com.citi.mobileAutomation.test_PH.TestDashBoard_L2_L3_PH_Savings_002">
    <failure type="java.lang.AssertionError" message="expected [true] but found [false]">
      <![CDATA[java.lang.AssertionError: expected [true] but found [false]
at com.citi.mobileAutomation.assertEngine.Assert_Engine.assertMapping(Assert_Engine.java:13)
at com.citi.mobileAutomation.dataMapping.Action_Mapping.actionMapping_Mobile_Application_Native_Android(Action_Mapping.java:75)
at com.citi.mobileAutomation.dataMapping.ObjectGroups.actionOnElements(ObjectGroups.java:51)
at com.citi.mobileAutomation.test_PH.TestDashBoard_L2_L3_PH_Savings_002.gettingData_Savings(TestDashBoard_L2_L3_PH_Savings_002.java:21)
... Removed 28 stack frames]]>
    </failure>
  </testcase> <!-- gettingData_Savings -->
  <testcase name="gettingData_Savings" time="30.266" classname="com.citi.mobileAutomation.test_PH.TestDashBoard_L2_L3_PH_Savings_002"/>
  <testcase name="gettingData_Savings" time="20.106" classname="com.citi.mobileAutomation.test_PH.TestDashBoard_L2_L3_PH_Savings_002">
    <failure type="org.openqa.selenium.TimeoutException" message="Timed out after 20 seconds waiting for presence of element located by: By.id: applyFilterText
Build info: version: &amp;apos;2.45.0&amp;apos;, revision: &amp;apos;5017cb8e7ca8e37638dc3091b2440b90a1d8686f&amp;apos;, time: &amp;apos;2015-02-27 09:10:26&amp;apos;
System info: host: &amp;apos;RDT065&amp;apos;, ip: &amp;apos;192.168.100.62&amp;apos;, os.name: &amp;apos;Windows 10&amp;apos;, os.arch: &amp;apos;amd64&amp;apos;, os.version: &amp;apos;10.0&amp;apos;, java.version: &amp;apos;1.8.0_192&amp;apos;
Driver info: io.appium.java_client.android.AndroidDriver
Capabilities [{appPackage=com.citi.mobile.ph.dit, deviceScreenSize=1440x2560, networkConnectionEnabled=true, warnings={}, databaseEnabled=false, deviceName=emulator-5554, platform=LINUX, deviceUDID=emulator-5554, appActivity=com.citi.mobile.pt3.starter.authentication.view.activity.LoginActivity, androidInstallTimeout=150000, desired={appPackage=com.citi.mobile.ph.dit, appActivity=com.citi.mobile.pt3.starter.authentication.view.activity.LoginActivity, androidInstallTimeout=150000, platformVersion=8.1.0, skipUnlock=true, autoGrantPermissions=true, platformName=Android, deviceName=emulator-5554}, platformVersion=8.1.0, webStorageEnabled=false, locationContextEnabled=false, takesScreenshot=true, skipUnlock=true, autoGrantPermissions=true, javascriptEnabled=true, deviceModel=Android SDK built for x86, platformName=Android, deviceManufacturer=Google}]
Session ID: 956e54af-1bb1-4f8f-8ea2-27f7e6764527">
      <![CDATA[org.openqa.selenium.TimeoutException: Timed out after 20 seconds waiting for presence of element located by: By.id: applyFilterText
Build info: version: '2.45.0', revision: '5017cb8e7ca8e37638dc3091b2440b90a1d8686f', time: '2015-02-27 09:10:26'
System info: host: 'RDT065', ip: '192.168.100.62', os.name: 'Windows 10', os.arch: 'amd64', os.version: '10.0', java.version: '1.8.0_192'
Driver info: io.appium.java_client.android.AndroidDriver
Capabilities [{appPackage=com.citi.mobile.ph.dit, deviceScreenSize=1440x2560, networkConnectionEnabled=true, warnings={}, databaseEnabled=false, deviceName=emulator-5554, platform=LINUX, deviceUDID=emulator-5554, appActivity=com.citi.mobile.pt3.starter.authentication.view.activity.LoginActivity, androidInstallTimeout=150000, desired={appPackage=com.citi.mobile.ph.dit, appActivity=com.citi.mobile.pt3.starter.authentication.view.activity.LoginActivity, androidInstallTimeout=150000, platformVersion=8.1.0, skipUnlock=true, autoGrantPermissions=true, platformName=Android, deviceName=emulator-5554}, platformVersion=8.1.0, webStorageEnabled=false, locationContextEnabled=false, takesScreenshot=true, skipUnlock=true, autoGrantPermissions=true, javascriptEnabled=true, deviceModel=Android SDK built for x86, platformName=Android, deviceManufacturer=Google}]
Session ID: 956e54af-1bb1-4f8f-8ea2-27f7e6764527
at org.openqa.selenium.support.ui.WebDriverWait.timeoutException(WebDriverWait.java:79)
at org.openqa.selenium.support.ui.FluentWait.until(FluentWait.java:228)
at com.citi.mobileAutomation.utils.ResuableFunction.getTextFromElementByWait(ResuableFunction.java:178)
at com.citi.mobileAutomation.dataMapping.Action_Mapping.actionMapping_Mobile_Application_Native_Android(Action_Mapping.java:33)
at com.citi.mobileAutomation.dataMapping.ObjectGroups.actionOnElements(ObjectGroups.java:51)
at com.citi.mobileAutomation.test_PH.TestDashBoard_L2_L3_PH_Savings_002.gettingData_Savings(TestDashBoard_L2_L3_PH_Savings_002.java:21)
Caused by: org.openqa.selenium.NoSuchElementException: An element could not be located on the page using the given search parameters. (WARNING: The server did not provide any stacktrace information)
Command duration or timeout: 166 milliseconds
For documentation on this error, please visit: http://seleniumhq.org/exceptions/no_such_element.html
Build info: version: '2.45.0', revision: '5017cb8e7ca8e37638dc3091b2440b90a1d8686f', time: '2015-02-27 09:10:26'
System info: host: 'RDT065', ip: '192.168.100.62', os.name: 'Windows 10', os.arch: 'amd64', os.version: '10.0', java.version: '1.8.0_192'
Driver info: io.appium.java_client.android.AndroidDriver
Capabilities [{appPackage=com.citi.mobile.ph.dit, deviceScreenSize=1440x2560, networkConnectionEnabled=true, warnings={}, databaseEnabled=false, deviceName=emulator-5554, platform=LINUX, deviceUDID=emulator-5554, appActivity=com.citi.mobile.pt3.starter.authentication.view.activity.LoginActivity, androidInstallTimeout=150000, desired={appPackage=com.citi.mobile.ph.dit, appActivity=com.citi.mobile.pt3.starter.authentication.view.activity.LoginActivity, androidInstallTimeout=150000, platformVersion=8.1.0, skipUnlock=true, autoGrantPermissions=true, platformName=Android, deviceName=emulator-5554}, platformVersion=8.1.0, webStorageEnabled=false, locationContextEnabled=false, takesScreenshot=true, skipUnlock=true, autoGrantPermissions=true, javascriptEnabled=true, deviceModel=Android SDK built for x86, platformName=Android, deviceManufacturer=Google}]
Session ID: 956e54af-1bb1-4f8f-8ea2-27f7e6764527
*** Element info: {Using=id, value=applyFilterText}
at org.openqa.selenium.remote.ErrorHandler.createThrowable(ErrorHandler.java:204)
at org.openqa.selenium.remote.ErrorHandler.throwIfResponseFailed(ErrorHandler.java:156)
at org.openqa.selenium.remote.RemoteWebDriver.execute(RemoteWebDriver.java:599)
at io.appium.java_client.DefaultGenericMobileDriver.execute(DefaultGenericMobileDriver.java:51)
at io.appium.java_client.AppiumDriver.execute(AppiumDriver.java:1)
at io.appium.java_client.android.AndroidDriver.execute(AndroidDriver.java:1)
at org.openqa.selenium.remote.RemoteWebDriver.findElement(RemoteWebDriver.java:352)
at io.appium.java_client.DefaultGenericMobileDriver.findElement(DefaultGenericMobileDriver.java:67)
at io.appium.java_client.AppiumDriver.findElement(AppiumDriver.java:1)
at io.appium.java_client.android.AndroidDriver.findElement(AndroidDriver.java:1)
at org.openqa.selenium.remote.RemoteWebDriver.findElementById(RemoteWebDriver.java:393)
at io.appium.java_client.DefaultGenericMobileDriver.findElementById(DefaultGenericMobileDriver.java:75)
at io.appium.java_client.AppiumDriver.findElementById(AppiumDriver.java:1)
at io.appium.java_client.android.AndroidDriver.findElementById(AndroidDriver.java:1)
at org.openqa.selenium.By$ById.findElement(By.java:214)
at org.openqa.selenium.remote.RemoteWebDriver.findElement(RemoteWebDriver.java:344)
at io.appium.java_client.DefaultGenericMobileDriver.findElement(DefaultGenericMobileDriver.java:63)
at io.appium.java_client.AppiumDriver.findElement(AppiumDriver.java:1)
at io.appium.java_client.android.AndroidDriver.findElement(AndroidDriver.java:1)
at org.openqa.selenium.support.ui.ExpectedConditions.findElement(ExpectedConditions.java:730)
at org.openqa.selenium.support.ui.ExpectedConditions.access$000(ExpectedConditions.java:39)
at org.openqa.selenium.support.ui.ExpectedConditions$3.apply(ExpectedConditions.java:106)
at org.openqa.selenium.support.ui.ExpectedConditions$3.apply(ExpectedConditions.java:103)
at org.openqa.selenium.support.ui.FluentWait.until(FluentWait.java:208)
... 28 more
... Removed 27 stack frames]]>
    </failure>
  </testcase> <!-- gettingData_Savings -->
  <testcase name="gettingData_Savings" time="30.153" classname="com.citi.mobileAutomation.test_PH.TestDashBoard_L2_L3_PH_Savings_002">
    <failure type="java.lang.AssertionError" message="expected [true] but found [false]">
      <![CDATA[java.lang.AssertionError: expected [true] but found [false]
at com.citi.mobileAutomation.assertEngine.Assert_Engine.assertMapping(Assert_Engine.java:13)
at com.citi.mobileAutomation.dataMapping.Action_Mapping.actionMapping_Mobile_Application_Native_Android(Action_Mapping.java:75)
at com.citi.mobileAutomation.dataMapping.ObjectGroups.actionOnElements(ObjectGroups.java:51)
at com.citi.mobileAutomation.test_PH.TestDashBoard_L2_L3_PH_Savings_002.gettingData_Savings(TestDashBoard_L2_L3_PH_Savings_002.java:21)
... Removed 28 stack frames]]>
    </failure>
  </testcase> <!-- gettingData_Savings -->
  <testcase name="gettingData_Savings" time="30.152" classname="com.citi.mobileAutomation.test_PH.TestDashBoard_L2_L3_PH_Savings_002"/>
  <testcase name="gettingData_Savings" time="30.429" classname="com.citi.mobileAutomation.test_PH.TestDashBoard_L2_L3_PH_Savings_002">
    <failure type="java.lang.AssertionError" message="expected [true] but found [false]">
      <![CDATA[java.lang.AssertionError: expected [true] but found [false]
at com.citi.mobileAutomation.assertEngine.Assert_Engine.assertMapping(Assert_Engine.java:13)
at com.citi.mobileAutomation.dataMapping.Action_Mapping.actionMapping_Mobile_Application_Native_Android(Action_Mapping.java:75)
at com.citi.mobileAutomation.dataMapping.ObjectGroups.actionOnElements(ObjectGroups.java:51)
at com.citi.mobileAutomation.test_PH.TestDashBoard_L2_L3_PH_Savings_002.gettingData_Savings(TestDashBoard_L2_L3_PH_Savings_002.java:21)
... Removed 28 stack frames]]>
    </failure>
  </testcase> <!-- gettingData_Savings -->
  <testcase name="gettingData_Savings" time="30.544" classname="com.citi.mobileAutomation.test_PH.TestDashBoard_L2_L3_PH_Savings_002">
    <failure type="java.lang.AssertionError" message="expected [true] but found [false]">
      <![CDATA[java.lang.AssertionError: expected [true] but found [false]
at com.citi.mobileAutomation.assertEngine.Assert_Engine.assertMapping(Assert_Engine.java:13)
at com.citi.mobileAutomation.dataMapping.Action_Mapping.actionMapping_Mobile_Application_Native_Android(Action_Mapping.java:75)
at com.citi.mobileAutomation.dataMapping.ObjectGroups.actionOnElements(ObjectGroups.java:51)
at com.citi.mobileAutomation.test_PH.TestDashBoard_L2_L3_PH_Savings_002.gettingData_Savings(TestDashBoard_L2_L3_PH_Savings_002.java:21)
... Removed 28 stack frames]]>
    </failure>
  </testcase> <!-- gettingData_Savings -->
  <testcase name="gettingData_Savings" time="30.336" classname="com.citi.mobileAutomation.test_PH.TestDashBoard_L2_L3_PH_Savings_002">
    <failure type="java.lang.AssertionError" message="expected [true] but found [false]">
      <![CDATA[java.lang.AssertionError: expected [true] but found [false]
at com.citi.mobileAutomation.assertEngine.Assert_Engine.assertMapping(Assert_Engine.java:13)
at com.citi.mobileAutomation.dataMapping.Action_Mapping.actionMapping_Mobile_Application_Native_Android(Action_Mapping.java:75)
at com.citi.mobileAutomation.dataMapping.ObjectGroups.actionOnElements(ObjectGroups.java:51)
at com.citi.mobileAutomation.test_PH.TestDashBoard_L2_L3_PH_Savings_002.gettingData_Savings(TestDashBoard_L2_L3_PH_Savings_002.java:21)
... Removed 28 stack frames]]>
    </failure>
  </testcase> <!-- gettingData_Savings -->
  <testcase name="gettingData_Savings" time="20.441" classname="com.citi.mobileAutomation.test_PH.TestDashBoard_L2_L3_PH_Savings_002">
    <failure type="org.openqa.selenium.TimeoutException" message="Timed out after 20 seconds waiting for presence of element located by: By.id: cumulatedAmount
Build info: version: &amp;apos;2.45.0&amp;apos;, revision: &amp;apos;5017cb8e7ca8e37638dc3091b2440b90a1d8686f&amp;apos;, time: &amp;apos;2015-02-27 09:10:26&amp;apos;
System info: host: &amp;apos;RDT065&amp;apos;, ip: &amp;apos;192.168.100.62&amp;apos;, os.name: &amp;apos;Windows 10&amp;apos;, os.arch: &amp;apos;amd64&amp;apos;, os.version: &amp;apos;10.0&amp;apos;, java.version: &amp;apos;1.8.0_192&amp;apos;
Driver info: io.appium.java_client.android.AndroidDriver
Capabilities [{appPackage=com.citi.mobile.ph.dit, deviceScreenSize=1440x2560, networkConnectionEnabled=true, warnings={}, databaseEnabled=false, deviceName=emulator-5554, platform=LINUX, deviceUDID=emulator-5554, appActivity=com.citi.mobile.pt3.starter.authentication.view.activity.LoginActivity, androidInstallTimeout=150000, desired={appPackage=com.citi.mobile.ph.dit, appActivity=com.citi.mobile.pt3.starter.authentication.view.activity.LoginActivity, androidInstallTimeout=150000, platformVersion=8.1.0, skipUnlock=true, autoGrantPermissions=true, platformName=Android, deviceName=emulator-5554}, platformVersion=8.1.0, webStorageEnabled=false, locationContextEnabled=false, takesScreenshot=true, skipUnlock=true, autoGrantPermissions=true, javascriptEnabled=true, deviceModel=Android SDK built for x86, platformName=Android, deviceManufacturer=Google}]
Session ID: 956e54af-1bb1-4f8f-8ea2-27f7e6764527">
      <![CDATA[org.openqa.selenium.TimeoutException: Timed out after 20 seconds waiting for presence of element located by: By.id: cumulatedAmount
Build info: version: '2.45.0', revision: '5017cb8e7ca8e37638dc3091b2440b90a1d8686f', time: '2015-02-27 09:10:26'
System info: host: 'RDT065', ip: '192.168.100.62', os.name: 'Windows 10', os.arch: 'amd64', os.version: '10.0', java.version: '1.8.0_192'
Driver info: io.appium.java_client.android.AndroidDriver
Capabilities [{appPackage=com.citi.mobile.ph.dit, deviceScreenSize=1440x2560, networkConnectionEnabled=true, warnings={}, databaseEnabled=false, deviceName=emulator-5554, platform=LINUX, deviceUDID=emulator-5554, appActivity=com.citi.mobile.pt3.starter.authentication.view.activity.LoginActivity, androidInstallTimeout=150000, desired={appPackage=com.citi.mobile.ph.dit, appActivity=com.citi.mobile.pt3.starter.authentication.view.activity.LoginActivity, androidInstallTimeout=150000, platformVersion=8.1.0, skipUnlock=true, autoGrantPermissions=true, platformName=Android, deviceName=emulator-5554}, platformVersion=8.1.0, webStorageEnabled=false, locationContextEnabled=false, takesScreenshot=true, skipUnlock=true, autoGrantPermissions=true, javascriptEnabled=true, deviceModel=Android SDK built for x86, platformName=Android, deviceManufacturer=Google}]
Session ID: 956e54af-1bb1-4f8f-8ea2-27f7e6764527
at org.openqa.selenium.support.ui.WebDriverWait.timeoutException(WebDriverWait.java:79)
at org.openqa.selenium.support.ui.FluentWait.until(FluentWait.java:228)
at com.citi.mobileAutomation.utils.ResuableFunction.getTextFromElementByWait(ResuableFunction.java:178)
at com.citi.mobileAutomation.dataMapping.Action_Mapping.actionMapping_Mobile_Application_Native_Android(Action_Mapping.java:33)
at com.citi.mobileAutomation.dataMapping.ObjectGroups.actionOnElements(ObjectGroups.java:51)
at com.citi.mobileAutomation.test_PH.TestDashBoard_L2_L3_PH_Savings_002.gettingData_Savings(TestDashBoard_L2_L3_PH_Savings_002.java:21)
Caused by: org.openqa.selenium.NoSuchElementException: An element could not be located on the page using the given search parameters. (WARNING: The server did not provide any stacktrace information)
Command duration or timeout: 119 milliseconds
For documentation on this error, please visit: http://seleniumhq.org/exceptions/no_such_element.html
Build info: version: '2.45.0', revision: '5017cb8e7ca8e37638dc3091b2440b90a1d8686f', time: '2015-02-27 09:10:26'
System info: host: 'RDT065', ip: '192.168.100.62', os.name: 'Windows 10', os.arch: 'amd64', os.version: '10.0', java.version: '1.8.0_192'
Driver info: io.appium.java_client.android.AndroidDriver
Capabilities [{appPackage=com.citi.mobile.ph.dit, deviceScreenSize=1440x2560, networkConnectionEnabled=true, warnings={}, databaseEnabled=false, deviceName=emulator-5554, platform=LINUX, deviceUDID=emulator-5554, appActivity=com.citi.mobile.pt3.starter.authentication.view.activity.LoginActivity, androidInstallTimeout=150000, desired={appPackage=com.citi.mobile.ph.dit, appActivity=com.citi.mobile.pt3.starter.authentication.view.activity.LoginActivity, androidInstallTimeout=150000, platformVersion=8.1.0, skipUnlock=true, autoGrantPermissions=true, platformName=Android, deviceName=emulator-5554}, platformVersion=8.1.0, webStorageEnabled=false, locationContextEnabled=false, takesScreenshot=true, skipUnlock=true, autoGrantPermissions=true, javascriptEnabled=true, deviceModel=Android SDK built for x86, platformName=Android, deviceManufacturer=Google}]
Session ID: 956e54af-1bb1-4f8f-8ea2-27f7e6764527
*** Element info: {Using=id, value=cumulatedAmount}
at org.openqa.selenium.remote.ErrorHandler.createThrowable(ErrorHandler.java:204)
at org.openqa.selenium.remote.ErrorHandler.throwIfResponseFailed(ErrorHandler.java:156)
at org.openqa.selenium.remote.RemoteWebDriver.execute(RemoteWebDriver.java:599)
at io.appium.java_client.DefaultGenericMobileDriver.execute(DefaultGenericMobileDriver.java:51)
at io.appium.java_client.AppiumDriver.execute(AppiumDriver.java:1)
at io.appium.java_client.android.AndroidDriver.execute(AndroidDriver.java:1)
at org.openqa.selenium.remote.RemoteWebDriver.findElement(RemoteWebDriver.java:352)
at io.appium.java_client.DefaultGenericMobileDriver.findElement(DefaultGenericMobileDriver.java:67)
at io.appium.java_client.AppiumDriver.findElement(AppiumDriver.java:1)
at io.appium.java_client.android.AndroidDriver.findElement(AndroidDriver.java:1)
at org.openqa.selenium.remote.RemoteWebDriver.findElementById(RemoteWebDriver.java:393)
at io.appium.java_client.DefaultGenericMobileDriver.findElementById(DefaultGenericMobileDriver.java:75)
at io.appium.java_client.AppiumDriver.findElementById(AppiumDriver.java:1)
at io.appium.java_client.android.AndroidDriver.findElementById(AndroidDriver.java:1)
at org.openqa.selenium.By$ById.findElement(By.java:214)
at org.openqa.selenium.remote.RemoteWebDriver.findElement(RemoteWebDriver.java:344)
at io.appium.java_client.DefaultGenericMobileDriver.findElement(DefaultGenericMobileDriver.java:63)
at io.appium.java_client.AppiumDriver.findElement(AppiumDriver.java:1)
at io.appium.java_client.android.AndroidDriver.findElement(AndroidDriver.java:1)
at org.openqa.selenium.support.ui.ExpectedConditions.findElement(ExpectedConditions.java:730)
at org.openqa.selenium.support.ui.ExpectedConditions.access$000(ExpectedConditions.java:39)
at org.openqa.selenium.support.ui.ExpectedConditions$3.apply(ExpectedConditions.java:106)
at org.openqa.selenium.support.ui.ExpectedConditions$3.apply(ExpectedConditions.java:103)
at org.openqa.selenium.support.ui.FluentWait.until(FluentWait.java:208)
... 28 more
... Removed 27 stack frames]]>
    </failure>
  </testcase> <!-- gettingData_Savings -->
  <testcase name="gettingData_Savings" time="30.494" classname="com.citi.mobileAutomation.test_PH.TestDashBoard_L2_L3_PH_Savings_002">
    <failure type="java.lang.AssertionError" message="expected [true] but found [false]">
      <![CDATA[java.lang.AssertionError: expected [true] but found [false]
at com.citi.mobileAutomation.assertEngine.Assert_Engine.assertMapping(Assert_Engine.java:13)
at com.citi.mobileAutomation.dataMapping.Action_Mapping.actionMapping_Mobile_Application_Native_Android(Action_Mapping.java:75)
at com.citi.mobileAutomation.dataMapping.ObjectGroups.actionOnElements(ObjectGroups.java:51)
at com.citi.mobileAutomation.test_PH.TestDashBoard_L2_L3_PH_Savings_002.gettingData_Savings(TestDashBoard_L2_L3_PH_Savings_002.java:21)
... Removed 28 stack frames]]>
    </failure>
  </testcase> <!-- gettingData_Savings -->
  <testcase name="gettingData_Savings" time="43.116" classname="com.citi.mobileAutomation.test_PH.TestDashBoard_L2_L3_PH_Savings_002">
    <failure type="org.openqa.selenium.TimeoutException" message="Timed out after 20 seconds waiting for presence of element located by: By.id: tvResultsDate
Build info: version: &amp;apos;2.45.0&amp;apos;, revision: &amp;apos;5017cb8e7ca8e37638dc3091b2440b90a1d8686f&amp;apos;, time: &amp;apos;2015-02-27 09:10:26&amp;apos;
System info: host: &amp;apos;RDT065&amp;apos;, ip: &amp;apos;192.168.100.62&amp;apos;, os.name: &amp;apos;Windows 10&amp;apos;, os.arch: &amp;apos;amd64&amp;apos;, os.version: &amp;apos;10.0&amp;apos;, java.version: &amp;apos;1.8.0_192&amp;apos;
Driver info: io.appium.java_client.android.AndroidDriver
Capabilities [{appPackage=com.citi.mobile.ph.dit, deviceScreenSize=1440x2560, networkConnectionEnabled=true, warnings={}, databaseEnabled=false, deviceName=emulator-5554, platform=LINUX, deviceUDID=emulator-5554, appActivity=com.citi.mobile.pt3.starter.authentication.view.activity.LoginActivity, androidInstallTimeout=150000, desired={appPackage=com.citi.mobile.ph.dit, appActivity=com.citi.mobile.pt3.starter.authentication.view.activity.LoginActivity, androidInstallTimeout=150000, platformVersion=8.1.0, skipUnlock=true, autoGrantPermissions=true, platformName=Android, deviceName=emulator-5554}, platformVersion=8.1.0, webStorageEnabled=false, locationContextEnabled=false, takesScreenshot=true, skipUnlock=true, autoGrantPermissions=true, javascriptEnabled=true, deviceModel=Android SDK built for x86, platformName=Android, deviceManufacturer=Google}]
Session ID: 956e54af-1bb1-4f8f-8ea2-27f7e6764527">
      <![CDATA[org.openqa.selenium.TimeoutException: Timed out after 20 seconds waiting for presence of element located by: By.id: tvResultsDate
Build info: version: '2.45.0', revision: '5017cb8e7ca8e37638dc3091b2440b90a1d8686f', time: '2015-02-27 09:10:26'
System info: host: 'RDT065', ip: '192.168.100.62', os.name: 'Windows 10', os.arch: 'amd64', os.version: '10.0', java.version: '1.8.0_192'
Driver info: io.appium.java_client.android.AndroidDriver
Capabilities [{appPackage=com.citi.mobile.ph.dit, deviceScreenSize=1440x2560, networkConnectionEnabled=true, warnings={}, databaseEnabled=false, deviceName=emulator-5554, platform=LINUX, deviceUDID=emulator-5554, appActivity=com.citi.mobile.pt3.starter.authentication.view.activity.LoginActivity, androidInstallTimeout=150000, desired={appPackage=com.citi.mobile.ph.dit, appActivity=com.citi.mobile.pt3.starter.authentication.view.activity.LoginActivity, androidInstallTimeout=150000, platformVersion=8.1.0, skipUnlock=true, autoGrantPermissions=true, platformName=Android, deviceName=emulator-5554}, platformVersion=8.1.0, webStorageEnabled=false, locationContextEnabled=false, takesScreenshot=true, skipUnlock=true, autoGrantPermissions=true, javascriptEnabled=true, deviceModel=Android SDK built for x86, platformName=Android, deviceManufacturer=Google}]
Session ID: 956e54af-1bb1-4f8f-8ea2-27f7e6764527
at org.openqa.selenium.support.ui.WebDriverWait.timeoutException(WebDriverWait.java:79)
at org.openqa.selenium.support.ui.FluentWait.until(FluentWait.java:228)
at com.citi.mobileAutomation.utils.ResuableFunction.getTextFromElementByWait(ResuableFunction.java:178)
at com.citi.mobileAutomation.dataMapping.Action_Mapping.actionMapping_Mobile_Application_Native_Android(Action_Mapping.java:33)
at com.citi.mobileAutomation.dataMapping.ObjectGroups.actionOnElements(ObjectGroups.java:41)
at com.citi.mobileAutomation.test_PH.TestDashBoard_L2_L3_PH_Savings_002.gettingData_Savings(TestDashBoard_L2_L3_PH_Savings_002.java:21)
Caused by: org.openqa.selenium.NoSuchElementException: An element could not be located on the page using the given search parameters. (WARNING: The server did not provide any stacktrace information)
Command duration or timeout: 100 milliseconds
For documentation on this error, please visit: http://seleniumhq.org/exceptions/no_such_element.html
Build info: version: '2.45.0', revision: '5017cb8e7ca8e37638dc3091b2440b90a1d8686f', time: '2015-02-27 09:10:26'
System info: host: 'RDT065', ip: '192.168.100.62', os.name: 'Windows 10', os.arch: 'amd64', os.version: '10.0', java.version: '1.8.0_192'
Driver info: io.appium.java_client.android.AndroidDriver
Capabilities [{appPackage=com.citi.mobile.ph.dit, deviceScreenSize=1440x2560, networkConnectionEnabled=true, warnings={}, databaseEnabled=false, deviceName=emulator-5554, platform=LINUX, deviceUDID=emulator-5554, appActivity=com.citi.mobile.pt3.starter.authentication.view.activity.LoginActivity, androidInstallTimeout=150000, desired={appPackage=com.citi.mobile.ph.dit, appActivity=com.citi.mobile.pt3.starter.authentication.view.activity.LoginActivity, androidInstallTimeout=150000, platformVersion=8.1.0, skipUnlock=true, autoGrantPermissions=true, platformName=Android, deviceName=emulator-5554}, platformVersion=8.1.0, webStorageEnabled=false, locationContextEnabled=false, takesScreenshot=true, skipUnlock=true, autoGrantPermissions=true, javascriptEnabled=true, deviceModel=Android SDK built for x86, platformName=Android, deviceManufacturer=Google}]
Session ID: 956e54af-1bb1-4f8f-8ea2-27f7e6764527
*** Element info: {Using=id, value=tvResultsDate}
at org.openqa.selenium.remote.ErrorHandler.createThrowable(ErrorHandler.java:204)
at org.openqa.selenium.remote.ErrorHandler.throwIfResponseFailed(ErrorHandler.java:156)
at org.openqa.selenium.remote.RemoteWebDriver.execute(RemoteWebDriver.java:599)
at io.appium.java_client.DefaultGenericMobileDriver.execute(DefaultGenericMobileDriver.java:51)
at io.appium.java_client.AppiumDriver.execute(AppiumDriver.java:1)
at io.appium.java_client.android.AndroidDriver.execute(AndroidDriver.java:1)
at org.openqa.selenium.remote.RemoteWebDriver.findElement(RemoteWebDriver.java:352)
at io.appium.java_client.DefaultGenericMobileDriver.findElement(DefaultGenericMobileDriver.java:67)
at io.appium.java_client.AppiumDriver.findElement(AppiumDriver.java:1)
at io.appium.java_client.android.AndroidDriver.findElement(AndroidDriver.java:1)
at org.openqa.selenium.remote.RemoteWebDriver.findElementById(RemoteWebDriver.java:393)
at io.appium.java_client.DefaultGenericMobileDriver.findElementById(DefaultGenericMobileDriver.java:75)
at io.appium.java_client.AppiumDriver.findElementById(AppiumDriver.java:1)
at io.appium.java_client.android.AndroidDriver.findElementById(AndroidDriver.java:1)
at org.openqa.selenium.By$ById.findElement(By.java:214)
at org.openqa.selenium.remote.RemoteWebDriver.findElement(RemoteWebDriver.java:344)
at io.appium.java_client.DefaultGenericMobileDriver.findElement(DefaultGenericMobileDriver.java:63)
at io.appium.java_client.AppiumDriver.findElement(AppiumDriver.java:1)
at io.appium.java_client.android.AndroidDriver.findElement(AndroidDriver.java:1)
at org.openqa.selenium.support.ui.ExpectedConditions.findElement(ExpectedConditions.java:730)
at org.openqa.selenium.support.ui.ExpectedConditions.access$000(ExpectedConditions.java:39)
at org.openqa.selenium.support.ui.ExpectedConditions$3.apply(ExpectedConditions.java:106)
at org.openqa.selenium.support.ui.ExpectedConditions$3.apply(ExpectedConditions.java:103)
at org.openqa.selenium.support.ui.FluentWait.until(FluentWait.java:208)
... 28 more
... Removed 27 stack frames]]>
    </failure>
  </testcase> <!-- gettingData_Savings -->
  <testcase name="gettingData_Savings" time="20.475" classname="com.citi.mobileAutomation.test_PH.TestDashBoard_L2_L3_PH_Savings_002">
    <failure type="org.openqa.selenium.TimeoutException" message="Timed out after 20 seconds waiting for presence of element located by: By.id: tvResultsDate
Build info: version: &amp;apos;2.45.0&amp;apos;, revision: &amp;apos;5017cb8e7ca8e37638dc3091b2440b90a1d8686f&amp;apos;, time: &amp;apos;2015-02-27 09:10:26&amp;apos;
System info: host: &amp;apos;RDT065&amp;apos;, ip: &amp;apos;192.168.100.62&amp;apos;, os.name: &amp;apos;Windows 10&amp;apos;, os.arch: &amp;apos;amd64&amp;apos;, os.version: &amp;apos;10.0&amp;apos;, java.version: &amp;apos;1.8.0_192&amp;apos;
Driver info: io.appium.java_client.android.AndroidDriver
Capabilities [{appPackage=com.citi.mobile.ph.dit, deviceScreenSize=1440x2560, networkConnectionEnabled=true, warnings={}, databaseEnabled=false, deviceName=emulator-5554, platform=LINUX, deviceUDID=emulator-5554, appActivity=com.citi.mobile.pt3.starter.authentication.view.activity.LoginActivity, androidInstallTimeout=150000, desired={appPackage=com.citi.mobile.ph.dit, appActivity=com.citi.mobile.pt3.starter.authentication.view.activity.LoginActivity, androidInstallTimeout=150000, platformVersion=8.1.0, skipUnlock=true, autoGrantPermissions=true, platformName=Android, deviceName=emulator-5554}, platformVersion=8.1.0, webStorageEnabled=false, locationContextEnabled=false, takesScreenshot=true, skipUnlock=true, autoGrantPermissions=true, javascriptEnabled=true, deviceModel=Android SDK built for x86, platformName=Android, deviceManufacturer=Google}]
Session ID: 956e54af-1bb1-4f8f-8ea2-27f7e6764527">
      <![CDATA[org.openqa.selenium.TimeoutException: Timed out after 20 seconds waiting for presence of element located by: By.id: tvResultsDate
Build info: version: '2.45.0', revision: '5017cb8e7ca8e37638dc3091b2440b90a1d8686f', time: '2015-02-27 09:10:26'
System info: host: 'RDT065', ip: '192.168.100.62', os.name: 'Windows 10', os.arch: 'amd64', os.version: '10.0', java.version: '1.8.0_192'
Driver info: io.appium.java_client.android.AndroidDriver
Capabilities [{appPackage=com.citi.mobile.ph.dit, deviceScreenSize=1440x2560, networkConnectionEnabled=true, warnings={}, databaseEnabled=false, deviceName=emulator-5554, platform=LINUX, deviceUDID=emulator-5554, appActivity=com.citi.mobile.pt3.starter.authentication.view.activity.LoginActivity, androidInstallTimeout=150000, desired={appPackage=com.citi.mobile.ph.dit, appActivity=com.citi.mobile.pt3.starter.authentication.view.activity.LoginActivity, androidInstallTimeout=150000, platformVersion=8.1.0, skipUnlock=true, autoGrantPermissions=true, platformName=Android, deviceName=emulator-5554}, platformVersion=8.1.0, webStorageEnabled=false, locationContextEnabled=false, takesScreenshot=true, skipUnlock=true, autoGrantPermissions=true, javascriptEnabled=true, deviceModel=Android SDK built for x86, platformName=Android, deviceManufacturer=Google}]
Session ID: 956e54af-1bb1-4f8f-8ea2-27f7e6764527
at org.openqa.selenium.support.ui.WebDriverWait.timeoutException(WebDriverWait.java:79)
at org.openqa.selenium.support.ui.FluentWait.until(FluentWait.java:228)
at com.citi.mobileAutomation.utils.ResuableFunction.getTextFromElementByWait(ResuableFunction.java:178)
at com.citi.mobileAutomation.dataMapping.Action_Mapping.actionMapping_Mobile_Application_Native_Android(Action_Mapping.java:33)
at com.citi.mobileAutomation.dataMapping.ObjectGroups.actionOnElements(ObjectGroups.java:51)
at com.citi.mobileAutomation.test_PH.TestDashBoard_L2_L3_PH_Savings_002.gettingData_Savings(TestDashBoard_L2_L3_PH_Savings_002.java:21)
Caused by: org.openqa.selenium.NoSuchElementException: An element could not be located on the page using the given search parameters. (WARNING: The server did not provide any stacktrace information)
Command duration or timeout: 112 milliseconds
For documentation on this error, please visit: http://seleniumhq.org/exceptions/no_such_element.html
Build info: version: '2.45.0', revision: '5017cb8e7ca8e37638dc3091b2440b90a1d8686f', time: '2015-02-27 09:10:26'
System info: host: 'RDT065', ip: '192.168.100.62', os.name: 'Windows 10', os.arch: 'amd64', os.version: '10.0', java.version: '1.8.0_192'
Driver info: io.appium.java_client.android.AndroidDriver
Capabilities [{appPackage=com.citi.mobile.ph.dit, deviceScreenSize=1440x2560, networkConnectionEnabled=true, warnings={}, databaseEnabled=false, deviceName=emulator-5554, platform=LINUX, deviceUDID=emulator-5554, appActivity=com.citi.mobile.pt3.starter.authentication.view.activity.LoginActivity, androidInstallTimeout=150000, desired={appPackage=com.citi.mobile.ph.dit, appActivity=com.citi.mobile.pt3.starter.authentication.view.activity.LoginActivity, androidInstallTimeout=150000, platformVersion=8.1.0, skipUnlock=true, autoGrantPermissions=true, platformName=Android, deviceName=emulator-5554}, platformVersion=8.1.0, webStorageEnabled=false, locationContextEnabled=false, takesScreenshot=true, skipUnlock=true, autoGrantPermissions=true, javascriptEnabled=true, deviceModel=Android SDK built for x86, platformName=Android, deviceManufacturer=Google}]
Session ID: 956e54af-1bb1-4f8f-8ea2-27f7e6764527
*** Element info: {Using=id, value=tvResultsDate}
at org.openqa.selenium.remote.ErrorHandler.createThrowable(ErrorHandler.java:204)
at org.openqa.selenium.remote.ErrorHandler.throwIfResponseFailed(ErrorHandler.java:156)
at org.openqa.selenium.remote.RemoteWebDriver.execute(RemoteWebDriver.java:599)
at io.appium.java_client.DefaultGenericMobileDriver.execute(DefaultGenericMobileDriver.java:51)
at io.appium.java_client.AppiumDriver.execute(AppiumDriver.java:1)
at io.appium.java_client.android.AndroidDriver.execute(AndroidDriver.java:1)
at org.openqa.selenium.remote.RemoteWebDriver.findElement(RemoteWebDriver.java:352)
at io.appium.java_client.DefaultGenericMobileDriver.findElement(DefaultGenericMobileDriver.java:67)
at io.appium.java_client.AppiumDriver.findElement(AppiumDriver.java:1)
at io.appium.java_client.android.AndroidDriver.findElement(AndroidDriver.java:1)
at org.openqa.selenium.remote.RemoteWebDriver.findElementById(RemoteWebDriver.java:393)
at io.appium.java_client.DefaultGenericMobileDriver.findElementById(DefaultGenericMobileDriver.java:75)
at io.appium.java_client.AppiumDriver.findElementById(AppiumDriver.java:1)
at io.appium.java_client.android.AndroidDriver.findElementById(AndroidDriver.java:1)
at org.openqa.selenium.By$ById.findElement(By.java:214)
at org.openqa.selenium.remote.RemoteWebDriver.findElement(RemoteWebDriver.java:344)
at io.appium.java_client.DefaultGenericMobileDriver.findElement(DefaultGenericMobileDriver.java:63)
at io.appium.java_client.AppiumDriver.findElement(AppiumDriver.java:1)
at io.appium.java_client.android.AndroidDriver.findElement(AndroidDriver.java:1)
at org.openqa.selenium.support.ui.ExpectedConditions.findElement(ExpectedConditions.java:730)
at org.openqa.selenium.support.ui.ExpectedConditions.access$000(ExpectedConditions.java:39)
at org.openqa.selenium.support.ui.ExpectedConditions$3.apply(ExpectedConditions.java:106)
at org.openqa.selenium.support.ui.ExpectedConditions$3.apply(ExpectedConditions.java:103)
at org.openqa.selenium.support.ui.FluentWait.until(FluentWait.java:208)
... 28 more
... Removed 27 stack frames]]>
    </failure>
  </testcase> <!-- gettingData_Savings -->
  <testcase name="gettingData_Savings" time="6.207" classname="com.citi.mobileAutomation.test_PH.TestDashBoard_L2_L3_PH_Savings_002"/>
  <testcase name="gettingData_Savings" time="20.059" classname="com.citi.mobileAutomation.test_PH.TestDashBoard_L2_L3_PH_Savings_002">
    <failure type="org.openqa.selenium.TimeoutException" message="Timed out after 20 seconds waiting for presence of element located by: By.xpath: (//android.widget.TextView[@resource-id=&amp;apos;com.citi.mobile.ph.dit:id/amountField&amp;apos;])[3]
Build info: version: &amp;apos;2.45.0&amp;apos;, revision: &amp;apos;5017cb8e7ca8e37638dc3091b2440b90a1d8686f&amp;apos;, time: &amp;apos;2015-02-27 09:10:26&amp;apos;
System info: host: &amp;apos;RDT065&amp;apos;, ip: &amp;apos;192.168.100.62&amp;apos;, os.name: &amp;apos;Windows 10&amp;apos;, os.arch: &amp;apos;amd64&amp;apos;, os.version: &amp;apos;10.0&amp;apos;, java.version: &amp;apos;1.8.0_192&amp;apos;
Driver info: io.appium.java_client.android.AndroidDriver
Capabilities [{appPackage=com.citi.mobile.ph.dit, deviceScreenSize=1440x2560, networkConnectionEnabled=true, warnings={}, databaseEnabled=false, deviceName=emulator-5554, platform=LINUX, deviceUDID=emulator-5554, appActivity=com.citi.mobile.pt3.starter.authentication.view.activity.LoginActivity, androidInstallTimeout=150000, desired={appPackage=com.citi.mobile.ph.dit, appActivity=com.citi.mobile.pt3.starter.authentication.view.activity.LoginActivity, androidInstallTimeout=150000, platformVersion=8.1.0, skipUnlock=true, autoGrantPermissions=true, platformName=Android, deviceName=emulator-5554}, platformVersion=8.1.0, webStorageEnabled=false, locationContextEnabled=false, takesScreenshot=true, skipUnlock=true, autoGrantPermissions=true, javascriptEnabled=true, deviceModel=Android SDK built for x86, platformName=Android, deviceManufacturer=Google}]
Session ID: 956e54af-1bb1-4f8f-8ea2-27f7e6764527">
      <![CDATA[org.openqa.selenium.TimeoutException: Timed out after 20 seconds waiting for presence of element located by: By.xpath: (//android.widget.TextView[@resource-id='com.citi.mobile.ph.dit:id/amountField'])[3]
Build info: version: '2.45.0', revision: '5017cb8e7ca8e37638dc3091b2440b90a1d8686f', time: '2015-02-27 09:10:26'
System info: host: 'RDT065', ip: '192.168.100.62', os.name: 'Windows 10', os.arch: 'amd64', os.version: '10.0', java.version: '1.8.0_192'
Driver info: io.appium.java_client.android.AndroidDriver
Capabilities [{appPackage=com.citi.mobile.ph.dit, deviceScreenSize=1440x2560, networkConnectionEnabled=true, warnings={}, databaseEnabled=false, deviceName=emulator-5554, platform=LINUX, deviceUDID=emulator-5554, appActivity=com.citi.mobile.pt3.starter.authentication.view.activity.LoginActivity, androidInstallTimeout=150000, desired={appPackage=com.citi.mobile.ph.dit, appActivity=com.citi.mobile.pt3.starter.authentication.view.activity.LoginActivity, androidInstallTimeout=150000, platformVersion=8.1.0, skipUnlock=true, autoGrantPermissions=true, platformName=Android, deviceName=emulator-5554}, platformVersion=8.1.0, webStorageEnabled=false, locationContextEnabled=false, takesScreenshot=true, skipUnlock=true, autoGrantPermissions=true, javascriptEnabled=true, deviceModel=Android SDK built for x86, platformName=Android, deviceManufacturer=Google}]
Session ID: 956e54af-1bb1-4f8f-8ea2-27f7e6764527
at org.openqa.selenium.support.ui.WebDriverWait.timeoutException(WebDriverWait.java:79)
at org.openqa.selenium.support.ui.FluentWait.until(FluentWait.java:228)
at com.citi.mobileAutomation.utils.ResuableFunction.getTextFromElementByWait(ResuableFunction.java:183)
at com.citi.mobileAutomation.dataMapping.Action_Mapping.actionMapping_Mobile_Application_Native_Android(Action_Mapping.java:37)
at com.citi.mobileAutomation.dataMapping.ObjectGroups.actionOnElements(ObjectGroups.java:51)
at com.citi.mobileAutomation.test_PH.TestDashBoard_L2_L3_PH_Savings_002.gettingData_Savings(TestDashBoard_L2_L3_PH_Savings_002.java:21)
Caused by: org.openqa.selenium.NoSuchElementException: An element could not be located on the page using the given search parameters. (WARNING: The server did not provide any stacktrace information)
Command duration or timeout: 52 milliseconds
For documentation on this error, please visit: http://seleniumhq.org/exceptions/no_such_element.html
Build info: version: '2.45.0', revision: '5017cb8e7ca8e37638dc3091b2440b90a1d8686f', time: '2015-02-27 09:10:26'
System info: host: 'RDT065', ip: '192.168.100.62', os.name: 'Windows 10', os.arch: 'amd64', os.version: '10.0', java.version: '1.8.0_192'
Driver info: io.appium.java_client.android.AndroidDriver
Capabilities [{appPackage=com.citi.mobile.ph.dit, deviceScreenSize=1440x2560, networkConnectionEnabled=true, warnings={}, databaseEnabled=false, deviceName=emulator-5554, platform=LINUX, deviceUDID=emulator-5554, appActivity=com.citi.mobile.pt3.starter.authentication.view.activity.LoginActivity, androidInstallTimeout=150000, desired={appPackage=com.citi.mobile.ph.dit, appActivity=com.citi.mobile.pt3.starter.authentication.view.activity.LoginActivity, androidInstallTimeout=150000, platformVersion=8.1.0, skipUnlock=true, autoGrantPermissions=true, platformName=Android, deviceName=emulator-5554}, platformVersion=8.1.0, webStorageEnabled=false, locationContextEnabled=false, takesScreenshot=true, skipUnlock=true, autoGrantPermissions=true, javascriptEnabled=true, deviceModel=Android SDK built for x86, platformName=Android, deviceManufacturer=Google}]
Session ID: 956e54af-1bb1-4f8f-8ea2-27f7e6764527
*** Element info: {Using=xpath, value=(//android.widget.TextView[@resource-id='com.citi.mobile.ph.dit:id/amountField'])[3]}
at org.openqa.selenium.remote.ErrorHandler.createThrowable(ErrorHandler.java:204)
at org.openqa.selenium.remote.ErrorHandler.throwIfResponseFailed(ErrorHandler.java:156)
at org.openqa.selenium.remote.RemoteWebDriver.execute(RemoteWebDriver.java:599)
at io.appium.java_client.DefaultGenericMobileDriver.execute(DefaultGenericMobileDriver.java:51)
at io.appium.java_client.AppiumDriver.execute(AppiumDriver.java:1)
at io.appium.java_client.android.AndroidDriver.execute(AndroidDriver.java:1)
at org.openqa.selenium.remote.RemoteWebDriver.findElement(RemoteWebDriver.java:352)
at io.appium.java_client.DefaultGenericMobileDriver.findElement(DefaultGenericMobileDriver.java:67)
at io.appium.java_client.AppiumDriver.findElement(AppiumDriver.java:1)
at io.appium.java_client.android.AndroidDriver.findElement(AndroidDriver.java:1)
at org.openqa.selenium.remote.RemoteWebDriver.findElementByXPath(RemoteWebDriver.java:449)
at io.appium.java_client.DefaultGenericMobileDriver.findElementByXPath(DefaultGenericMobileDriver.java:145)
at io.appium.java_client.AppiumDriver.findElementByXPath(AppiumDriver.java:1)
at io.appium.java_client.android.AndroidDriver.findElementByXPath(AndroidDriver.java:1)
at org.openqa.selenium.By$ByXPath.findElement(By.java:357)
at org.openqa.selenium.remote.RemoteWebDriver.findElement(RemoteWebDriver.java:344)
at io.appium.java_client.DefaultGenericMobileDriver.findElement(DefaultGenericMobileDriver.java:63)
at io.appium.java_client.AppiumDriver.findElement(AppiumDriver.java:1)
at io.appium.java_client.android.AndroidDriver.findElement(AndroidDriver.java:1)
at org.openqa.selenium.support.ui.ExpectedConditions.findElement(ExpectedConditions.java:730)
at org.openqa.selenium.support.ui.ExpectedConditions.access$000(ExpectedConditions.java:39)
at org.openqa.selenium.support.ui.ExpectedConditions$3.apply(ExpectedConditions.java:106)
at org.openqa.selenium.support.ui.ExpectedConditions$3.apply(ExpectedConditions.java:103)
at org.openqa.selenium.support.ui.FluentWait.until(FluentWait.java:208)
... 28 more
... Removed 27 stack frames]]>
    </failure>
  </testcase> <!-- gettingData_Savings -->
  <testcase name="gettingData_Savings" time="20.169" classname="com.citi.mobileAutomation.test_PH.TestDashBoard_L2_L3_PH_Savings_002">
    <failure type="org.openqa.selenium.TimeoutException" message="Timed out after 20 seconds waiting for presence of element located by: By.xpath: (//android.widget.TextView[@resource-id=&amp;apos;com.citi.mobile.ph.dit:id/headline&amp;apos;])[1]
Build info: version: &amp;apos;2.45.0&amp;apos;, revision: &amp;apos;5017cb8e7ca8e37638dc3091b2440b90a1d8686f&amp;apos;, time: &amp;apos;2015-02-27 09:10:26&amp;apos;
System info: host: &amp;apos;RDT065&amp;apos;, ip: &amp;apos;192.168.100.62&amp;apos;, os.name: &amp;apos;Windows 10&amp;apos;, os.arch: &amp;apos;amd64&amp;apos;, os.version: &amp;apos;10.0&amp;apos;, java.version: &amp;apos;1.8.0_192&amp;apos;
Driver info: io.appium.java_client.android.AndroidDriver
Capabilities [{appPackage=com.citi.mobile.ph.dit, deviceScreenSize=1440x2560, networkConnectionEnabled=true, warnings={}, databaseEnabled=false, deviceName=emulator-5554, platform=LINUX, deviceUDID=emulator-5554, appActivity=com.citi.mobile.pt3.starter.authentication.view.activity.LoginActivity, androidInstallTimeout=150000, desired={appPackage=com.citi.mobile.ph.dit, appActivity=com.citi.mobile.pt3.starter.authentication.view.activity.LoginActivity, androidInstallTimeout=150000, platformVersion=8.1.0, skipUnlock=true, autoGrantPermissions=true, platformName=Android, deviceName=emulator-5554}, platformVersion=8.1.0, webStorageEnabled=false, locationContextEnabled=false, takesScreenshot=true, skipUnlock=true, autoGrantPermissions=true, javascriptEnabled=true, deviceModel=Android SDK built for x86, platformName=Android, deviceManufacturer=Google}]
Session ID: 956e54af-1bb1-4f8f-8ea2-27f7e6764527">
      <![CDATA[org.openqa.selenium.TimeoutException: Timed out after 20 seconds waiting for presence of element located by: By.xpath: (//android.widget.TextView[@resource-id='com.citi.mobile.ph.dit:id/headline'])[1]
Build info: version: '2.45.0', revision: '5017cb8e7ca8e37638dc3091b2440b90a1d8686f', time: '2015-02-27 09:10:26'
System info: host: 'RDT065', ip: '192.168.100.62', os.name: 'Windows 10', os.arch: 'amd64', os.version: '10.0', java.version: '1.8.0_192'
Driver info: io.appium.java_client.android.AndroidDriver
Capabilities [{appPackage=com.citi.mobile.ph.dit, deviceScreenSize=1440x2560, networkConnectionEnabled=true, warnings={}, databaseEnabled=false, deviceName=emulator-5554, platform=LINUX, deviceUDID=emulator-5554, appActivity=com.citi.mobile.pt3.starter.authentication.view.activity.LoginActivity, androidInstallTimeout=150000, desired={appPackage=com.citi.mobile.ph.dit, appActivity=com.citi.mobile.pt3.starter.authentication.view.activity.LoginActivity, androidInstallTimeout=150000, platformVersion=8.1.0, skipUnlock=true, autoGrantPermissions=true, platformName=Android, deviceName=emulator-5554}, platformVersion=8.1.0, webStorageEnabled=false, locationContextEnabled=false, takesScreenshot=true, skipUnlock=true, autoGrantPermissions=true, javascriptEnabled=true, deviceModel=Android SDK built for x86, platformName=Android, deviceManufacturer=Google}]
Session ID: 956e54af-1bb1-4f8f-8ea2-27f7e6764527
at org.openqa.selenium.support.ui.WebDriverWait.timeoutException(WebDriverWait.java:79)
at org.openqa.selenium.support.ui.FluentWait.until(FluentWait.java:228)
at com.citi.mobileAutomation.utils.ResuableFunction.getTextFromElementByWait(ResuableFunction.java:183)
at com.citi.mobileAutomation.dataMapping.Action_Mapping.actionMapping_Mobile_Application_Native_Android(Action_Mapping.java:37)
at com.citi.mobileAutomation.dataMapping.ObjectGroups.actionOnElements(ObjectGroups.java:51)
at com.citi.mobileAutomation.test_PH.TestDashBoard_L2_L3_PH_Savings_002.gettingData_Savings(TestDashBoard_L2_L3_PH_Savings_002.java:21)
Caused by: org.openqa.selenium.NoSuchElementException: An element could not be located on the page using the given search parameters. (WARNING: The server did not provide any stacktrace information)
Command duration or timeout: 44 milliseconds
For documentation on this error, please visit: http://seleniumhq.org/exceptions/no_such_element.html
Build info: version: '2.45.0', revision: '5017cb8e7ca8e37638dc3091b2440b90a1d8686f', time: '2015-02-27 09:10:26'
System info: host: 'RDT065', ip: '192.168.100.62', os.name: 'Windows 10', os.arch: 'amd64', os.version: '10.0', java.version: '1.8.0_192'
Driver info: io.appium.java_client.android.AndroidDriver
Capabilities [{appPackage=com.citi.mobile.ph.dit, deviceScreenSize=1440x2560, networkConnectionEnabled=true, warnings={}, databaseEnabled=false, deviceName=emulator-5554, platform=LINUX, deviceUDID=emulator-5554, appActivity=com.citi.mobile.pt3.starter.authentication.view.activity.LoginActivity, androidInstallTimeout=150000, desired={appPackage=com.citi.mobile.ph.dit, appActivity=com.citi.mobile.pt3.starter.authentication.view.activity.LoginActivity, androidInstallTimeout=150000, platformVersion=8.1.0, skipUnlock=true, autoGrantPermissions=true, platformName=Android, deviceName=emulator-5554}, platformVersion=8.1.0, webStorageEnabled=false, locationContextEnabled=false, takesScreenshot=true, skipUnlock=true, autoGrantPermissions=true, javascriptEnabled=true, deviceModel=Android SDK built for x86, platformName=Android, deviceManufacturer=Google}]
Session ID: 956e54af-1bb1-4f8f-8ea2-27f7e6764527
*** Element info: {Using=xpath, value=(//android.widget.TextView[@resource-id='com.citi.mobile.ph.dit:id/headline'])[1]}
at org.openqa.selenium.remote.ErrorHandler.createThrowable(ErrorHandler.java:204)
at org.openqa.selenium.remote.ErrorHandler.throwIfResponseFailed(ErrorHandler.java:156)
at org.openqa.selenium.remote.RemoteWebDriver.execute(RemoteWebDriver.java:599)
at io.appium.java_client.DefaultGenericMobileDriver.execute(DefaultGenericMobileDriver.java:51)
at io.appium.java_client.AppiumDriver.execute(AppiumDriver.java:1)
at io.appium.java_client.android.AndroidDriver.execute(AndroidDriver.java:1)
at org.openqa.selenium.remote.RemoteWebDriver.findElement(RemoteWebDriver.java:352)
at io.appium.java_client.DefaultGenericMobileDriver.findElement(DefaultGenericMobileDriver.java:67)
at io.appium.java_client.AppiumDriver.findElement(AppiumDriver.java:1)
at io.appium.java_client.android.AndroidDriver.findElement(AndroidDriver.java:1)
at org.openqa.selenium.remote.RemoteWebDriver.findElementByXPath(RemoteWebDriver.java:449)
at io.appium.java_client.DefaultGenericMobileDriver.findElementByXPath(DefaultGenericMobileDriver.java:145)
at io.appium.java_client.AppiumDriver.findElementByXPath(AppiumDriver.java:1)
at io.appium.java_client.android.AndroidDriver.findElementByXPath(AndroidDriver.java:1)
at org.openqa.selenium.By$ByXPath.findElement(By.java:357)
at org.openqa.selenium.remote.RemoteWebDriver.findElement(RemoteWebDriver.java:344)
at io.appium.java_client.DefaultGenericMobileDriver.findElement(DefaultGenericMobileDriver.java:63)
at io.appium.java_client.AppiumDriver.findElement(AppiumDriver.java:1)
at io.appium.java_client.android.AndroidDriver.findElement(AndroidDriver.java:1)
at org.openqa.selenium.support.ui.ExpectedConditions.findElement(ExpectedConditions.java:730)
at org.openqa.selenium.support.ui.ExpectedConditions.access$000(ExpectedConditions.java:39)
at org.openqa.selenium.support.ui.ExpectedConditions$3.apply(ExpectedConditions.java:106)
at org.openqa.selenium.support.ui.ExpectedConditions$3.apply(ExpectedConditions.java:103)
at org.openqa.selenium.support.ui.FluentWait.until(FluentWait.java:208)
... 28 more
... Removed 27 stack frames]]>
    </failure>
  </testcase> <!-- gettingData_Savings -->
  <testcase name="gettingData_Savings" time="20.172" classname="com.citi.mobileAutomation.test_PH.TestDashBoard_L2_L3_PH_Savings_002">
    <failure type="org.openqa.selenium.TimeoutException" message="Timed out after 20 seconds waiting for presence of element located by: By.xpath: (//android.widget.TextView[@resource-id=&amp;apos;com.citi.mobile.ph.dit:id/subline_one&amp;apos;])[1]
Build info: version: &amp;apos;2.45.0&amp;apos;, revision: &amp;apos;5017cb8e7ca8e37638dc3091b2440b90a1d8686f&amp;apos;, time: &amp;apos;2015-02-27 09:10:26&amp;apos;
System info: host: &amp;apos;RDT065&amp;apos;, ip: &amp;apos;192.168.100.62&amp;apos;, os.name: &amp;apos;Windows 10&amp;apos;, os.arch: &amp;apos;amd64&amp;apos;, os.version: &amp;apos;10.0&amp;apos;, java.version: &amp;apos;1.8.0_192&amp;apos;
Driver info: io.appium.java_client.android.AndroidDriver
Capabilities [{appPackage=com.citi.mobile.ph.dit, deviceScreenSize=1440x2560, networkConnectionEnabled=true, warnings={}, databaseEnabled=false, deviceName=emulator-5554, platform=LINUX, deviceUDID=emulator-5554, appActivity=com.citi.mobile.pt3.starter.authentication.view.activity.LoginActivity, androidInstallTimeout=150000, desired={appPackage=com.citi.mobile.ph.dit, appActivity=com.citi.mobile.pt3.starter.authentication.view.activity.LoginActivity, androidInstallTimeout=150000, platformVersion=8.1.0, skipUnlock=true, autoGrantPermissions=true, platformName=Android, deviceName=emulator-5554}, platformVersion=8.1.0, webStorageEnabled=false, locationContextEnabled=false, takesScreenshot=true, skipUnlock=true, autoGrantPermissions=true, javascriptEnabled=true, deviceModel=Android SDK built for x86, platformName=Android, deviceManufacturer=Google}]
Session ID: 956e54af-1bb1-4f8f-8ea2-27f7e6764527">
      <![CDATA[org.openqa.selenium.TimeoutException: Timed out after 20 seconds waiting for presence of element located by: By.xpath: (//android.widget.TextView[@resource-id='com.citi.mobile.ph.dit:id/subline_one'])[1]
Build info: version: '2.45.0', revision: '5017cb8e7ca8e37638dc3091b2440b90a1d8686f', time: '2015-02-27 09:10:26'
System info: host: 'RDT065', ip: '192.168.100.62', os.name: 'Windows 10', os.arch: 'amd64', os.version: '10.0', java.version: '1.8.0_192'
Driver info: io.appium.java_client.android.AndroidDriver
Capabilities [{appPackage=com.citi.mobile.ph.dit, deviceScreenSize=1440x2560, networkConnectionEnabled=true, warnings={}, databaseEnabled=false, deviceName=emulator-5554, platform=LINUX, deviceUDID=emulator-5554, appActivity=com.citi.mobile.pt3.starter.authentication.view.activity.LoginActivity, androidInstallTimeout=150000, desired={appPackage=com.citi.mobile.ph.dit, appActivity=com.citi.mobile.pt3.starter.authentication.view.activity.LoginActivity, androidInstallTimeout=150000, platformVersion=8.1.0, skipUnlock=true, autoGrantPermissions=true, platformName=Android, deviceName=emulator-5554}, platformVersion=8.1.0, webStorageEnabled=false, locationContextEnabled=false, takesScreenshot=true, skipUnlock=true, autoGrantPermissions=true, javascriptEnabled=true, deviceModel=Android SDK built for x86, platformName=Android, deviceManufacturer=Google}]
Session ID: 956e54af-1bb1-4f8f-8ea2-27f7e6764527
at org.openqa.selenium.support.ui.WebDriverWait.timeoutException(WebDriverWait.java:79)
at org.openqa.selenium.support.ui.FluentWait.until(FluentWait.java:228)
at com.citi.mobileAutomation.utils.ResuableFunction.getTextFromElementByWait(ResuableFunction.java:183)
at com.citi.mobileAutomation.dataMapping.Action_Mapping.actionMapping_Mobile_Application_Native_Android(Action_Mapping.java:37)
at com.citi.mobileAutomation.dataMapping.ObjectGroups.actionOnElements(ObjectGroups.java:51)
at com.citi.mobileAutomation.test_PH.TestDashBoard_L2_L3_PH_Savings_002.gettingData_Savings(TestDashBoard_L2_L3_PH_Savings_002.java:21)
Caused by: org.openqa.selenium.NoSuchElementException: An element could not be located on the page using the given search parameters. (WARNING: The server did not provide any stacktrace information)
Command duration or timeout: 56 milliseconds
For documentation on this error, please visit: http://seleniumhq.org/exceptions/no_such_element.html
Build info: version: '2.45.0', revision: '5017cb8e7ca8e37638dc3091b2440b90a1d8686f', time: '2015-02-27 09:10:26'
System info: host: 'RDT065', ip: '192.168.100.62', os.name: 'Windows 10', os.arch: 'amd64', os.version: '10.0', java.version: '1.8.0_192'
Driver info: io.appium.java_client.android.AndroidDriver
Capabilities [{appPackage=com.citi.mobile.ph.dit, deviceScreenSize=1440x2560, networkConnectionEnabled=true, warnings={}, databaseEnabled=false, deviceName=emulator-5554, platform=LINUX, deviceUDID=emulator-5554, appActivity=com.citi.mobile.pt3.starter.authentication.view.activity.LoginActivity, androidInstallTimeout=150000, desired={appPackage=com.citi.mobile.ph.dit, appActivity=com.citi.mobile.pt3.starter.authentication.view.activity.LoginActivity, androidInstallTimeout=150000, platformVersion=8.1.0, skipUnlock=true, autoGrantPermissions=true, platformName=Android, deviceName=emulator-5554}, platformVersion=8.1.0, webStorageEnabled=false, locationContextEnabled=false, takesScreenshot=true, skipUnlock=true, autoGrantPermissions=true, javascriptEnabled=true, deviceModel=Android SDK built for x86, platformName=Android, deviceManufacturer=Google}]
Session ID: 956e54af-1bb1-4f8f-8ea2-27f7e6764527
*** Element info: {Using=xpath, value=(//android.widget.TextView[@resource-id='com.citi.mobile.ph.dit:id/subline_one'])[1]}
at org.openqa.selenium.remote.ErrorHandler.createThrowable(ErrorHandler.java:204)
at org.openqa.selenium.remote.ErrorHandler.throwIfResponseFailed(ErrorHandler.java:156)
at org.openqa.selenium.remote.RemoteWebDriver.execute(RemoteWebDriver.java:599)
at io.appium.java_client.DefaultGenericMobileDriver.execute(DefaultGenericMobileDriver.java:51)
at io.appium.java_client.AppiumDriver.execute(AppiumDriver.java:1)
at io.appium.java_client.android.AndroidDriver.execute(AndroidDriver.java:1)
at org.openqa.selenium.remote.RemoteWebDriver.findElement(RemoteWebDriver.java:352)
at io.appium.java_client.DefaultGenericMobileDriver.findElement(DefaultGenericMobileDriver.java:67)
at io.appium.java_client.AppiumDriver.findElement(AppiumDriver.java:1)
at io.appium.java_client.android.AndroidDriver.findElement(AndroidDriver.java:1)
at org.openqa.selenium.remote.RemoteWebDriver.findElementByXPath(RemoteWebDriver.java:449)
at io.appium.java_client.DefaultGenericMobileDriver.findElementByXPath(DefaultGenericMobileDriver.java:145)
at io.appium.java_client.AppiumDriver.findElementByXPath(AppiumDriver.java:1)
at io.appium.java_client.android.AndroidDriver.findElementByXPath(AndroidDriver.java:1)
at org.openqa.selenium.By$ByXPath.findElement(By.java:357)
at org.openqa.selenium.remote.RemoteWebDriver.findElement(RemoteWebDriver.java:344)
at io.appium.java_client.DefaultGenericMobileDriver.findElement(DefaultGenericMobileDriver.java:63)
at io.appium.java_client.AppiumDriver.findElement(AppiumDriver.java:1)
at io.appium.java_client.android.AndroidDriver.findElement(AndroidDriver.java:1)
at org.openqa.selenium.support.ui.ExpectedConditions.findElement(ExpectedConditions.java:730)
at org.openqa.selenium.support.ui.ExpectedConditions.access$000(ExpectedConditions.java:39)
at org.openqa.selenium.support.ui.ExpectedConditions$3.apply(ExpectedConditions.java:106)
at org.openqa.selenium.support.ui.ExpectedConditions$3.apply(ExpectedConditions.java:103)
at org.openqa.selenium.support.ui.FluentWait.until(FluentWait.java:208)
... 28 more
... Removed 27 stack frames]]>
    </failure>
  </testcase> <!-- gettingData_Savings -->
  <testcase name="gettingData_Savings" time="30.062" classname="com.citi.mobileAutomation.test_PH.TestDashBoard_L2_L3_PH_Savings_002">
    <failure type="java.lang.AssertionError" message="expected [true] but found [false]">
      <![CDATA[java.lang.AssertionError: expected [true] but found [false]
at com.citi.mobileAutomation.assertEngine.Assert_Engine.assertMapping(Assert_Engine.java:13)
at com.citi.mobileAutomation.dataMapping.Action_Mapping.actionMapping_Mobile_Application_Native_Android(Action_Mapping.java:60)
at com.citi.mobileAutomation.dataMapping.ObjectGroups.actionOnElements(ObjectGroups.java:51)
at com.citi.mobileAutomation.test_PH.TestDashBoard_L2_L3_PH_Savings_002.gettingData_Savings(TestDashBoard_L2_L3_PH_Savings_002.java:21)
... Removed 28 stack frames]]>
    </failure>
  </testcase> <!-- gettingData_Savings -->
  <testcase name="gettingData_Savings" time="30.236" classname="com.citi.mobileAutomation.test_PH.TestDashBoard_L2_L3_PH_Savings_002">
    <failure type="java.lang.AssertionError" message="expected [true] but found [false]">
      <![CDATA[java.lang.AssertionError: expected [true] but found [false]
at com.citi.mobileAutomation.assertEngine.Assert_Engine.assertMapping(Assert_Engine.java:13)
at com.citi.mobileAutomation.dataMapping.Action_Mapping.actionMapping_Mobile_Application_Native_Android(Action_Mapping.java:60)
at com.citi.mobileAutomation.dataMapping.ObjectGroups.actionOnElements(ObjectGroups.java:51)
at com.citi.mobileAutomation.test_PH.TestDashBoard_L2_L3_PH_Savings_002.gettingData_Savings(TestDashBoard_L2_L3_PH_Savings_002.java:21)
... Removed 28 stack frames]]>
    </failure>
  </testcase> <!-- gettingData_Savings -->
  <testcase name="gettingData_Savings" time="30.525" classname="com.citi.mobileAutomation.test_PH.TestDashBoard_L2_L3_PH_Savings_002">
    <failure type="java.lang.AssertionError" message="expected [true] but found [false]">
      <![CDATA[java.lang.AssertionError: expected [true] but found [false]
at com.citi.mobileAutomation.assertEngine.Assert_Engine.assertMapping(Assert_Engine.java:13)
at com.citi.mobileAutomation.dataMapping.Action_Mapping.actionMapping_Mobile_Application_Native_Android(Action_Mapping.java:60)
at com.citi.mobileAutomation.dataMapping.ObjectGroups.actionOnElements(ObjectGroups.java:51)
at com.citi.mobileAutomation.test_PH.TestDashBoard_L2_L3_PH_Savings_002.gettingData_Savings(TestDashBoard_L2_L3_PH_Savings_002.java:21)
... Removed 28 stack frames]]>
    </failure>
  </testcase> <!-- gettingData_Savings -->
  <testcase name="gettingData_Savings" time="100.216" classname="com.citi.mobileAutomation.test_PH.TestDashBoard_L2_L3_PH_Savings_002"/>
  <testcase name="gettingData_Savings" time="100.427" classname="com.citi.mobileAutomation.test_PH.TestDashBoard_L2_L3_PH_Savings_002"/>
  <testcase name="gettingData_Savings" time="30.405" classname="com.citi.mobileAutomation.test_PH.TestDashBoard_L2_L3_PH_Savings_002">
    <failure type="java.lang.AssertionError" message="expected [true] but found [false]">
      <![CDATA[java.lang.AssertionError: expected [true] but found [false]
at com.citi.mobileAutomation.assertEngine.Assert_Engine.assertMapping(Assert_Engine.java:13)
at com.citi.mobileAutomation.dataMapping.Action_Mapping.actionMapping_Mobile_Application_Native_Android(Action_Mapping.java:75)
at com.citi.mobileAutomation.dataMapping.ObjectGroups.actionOnElements(ObjectGroups.java:51)
at com.citi.mobileAutomation.test_PH.TestDashBoard_L2_L3_PH_Savings_002.gettingData_Savings(TestDashBoard_L2_L3_PH_Savings_002.java:21)
... Removed 28 stack frames]]>
    </failure>
  </testcase> <!-- gettingData_Savings -->
  <testcase name="gettingData_Savings" time="100.124" classname="com.citi.mobileAutomation.test_PH.TestDashBoard_L2_L3_PH_Savings_002"/>
  <testcase name="gettingData_Savings" time="100.485" classname="com.citi.mobileAutomation.test_PH.TestDashBoard_L2_L3_PH_Savings_002"/>
  <testcase name="gettingData_Savings" time="30.449" classname="com.citi.mobileAutomation.test_PH.TestDashBoard_L2_L3_PH_Savings_002"/>
  <testcase name="gettingData_Savings" time="30.044" classname="com.citi.mobileAutomation.test_PH.TestDashBoard_L2_L3_PH_Savings_002">
    <failure type="java.lang.AssertionError" message="expected [true] but found [false]">
      <![CDATA[java.lang.AssertionError: expected [true] but found [false]
at com.citi.mobileAutomation.assertEngine.Assert_Engine.assertMapping(Assert_Engine.java:13)
at com.citi.mobileAutomation.dataMapping.Action_Mapping.actionMapping_Mobile_Application_Native_Android(Action_Mapping.java:60)
at com.citi.mobileAutomation.dataMapping.ObjectGroups.actionOnElements(ObjectGroups.java:51)
at com.citi.mobileAutomation.test_PH.TestDashBoard_L2_L3_PH_Savings_002.gettingData_Savings(TestDashBoard_L2_L3_PH_Savings_002.java:21)
... Removed 28 stack frames]]>
    </failure>
  </testcase> <!-- gettingData_Savings -->
  <testcase name="gettingData_Savings" time="30.339" classname="com.citi.mobileAutomation.test_PH.TestDashBoard_L2_L3_PH_Savings_002"/>
  <testcase name="gettingData_Savings" time="30.196" classname="com.citi.mobileAutomation.test_PH.TestDashBoard_L2_L3_PH_Savings_002">
    <failure type="java.lang.AssertionError" message="expected [true] but found [false]">
      <![CDATA[java.lang.AssertionError: expected [true] but found [false]
at com.citi.mobileAutomation.assertEngine.Assert_Engine.assertMapping(Assert_Engine.java:13)
at com.citi.mobileAutomation.dataMapping.Action_Mapping.actionMapping_Mobile_Application_Native_Android(Action_Mapping.java:75)
at com.citi.mobileAutomation.dataMapping.ObjectGroups.actionOnElements(ObjectGroups.java:51)
at com.citi.mobileAutomation.test_PH.TestDashBoard_L2_L3_PH_Savings_002.gettingData_Savings(TestDashBoard_L2_L3_PH_Savings_002.java:21)
... Removed 28 stack frames]]>
    </failure>
  </testcase> <!-- gettingData_Savings -->
  <testcase name="gettingData_Savings" time="0.001" classname="com.citi.mobileAutomation.test_PH.TestDashBoard_L2_L3_PH_Savings_002"/>
  <testcase name="gettingData_Savings" time="30.306" classname="com.citi.mobileAutomation.test_PH.TestDashBoard_L2_L3_PH_Savings_002">
    <failure type="java.lang.AssertionError" message="expected [true] but found [false]">
      <![CDATA[java.lang.AssertionError: expected [true] but found [false]
at com.citi.mobileAutomation.assertEngine.Assert_Engine.assertMapping(Assert_Engine.java:13)
at com.citi.mobileAutomation.dataMapping.Action_Mapping.actionMapping_Mobile_Application_Native_Android(Action_Mapping.java:75)
at com.citi.mobileAutomation.dataMapping.ObjectGroups.actionOnElements(ObjectGroups.java:51)
at com.citi.mobileAutomation.test_PH.TestDashBoard_L2_L3_PH_Savings_002.gettingData_Savings(TestDashBoard_L2_L3_PH_Savings_002.java:21)
... Removed 28 stack frames]]>
    </failure>
  </testcase> <!-- gettingData_Savings -->
  <testcase name="gettingData_Savings" time="20.06" classname="com.citi.mobileAutomation.test_PH.TestDashBoard_L2_L3_PH_Savings_002">
    <failure type="org.openqa.selenium.TimeoutException" message="Timed out after 20 seconds waiting for presence of element located by: By.xpath: //android.widget.TextView[@text=&amp;apos;Your transaction&amp;apos;]
Build info: version: &amp;apos;2.45.0&amp;apos;, revision: &amp;apos;5017cb8e7ca8e37638dc3091b2440b90a1d8686f&amp;apos;, time: &amp;apos;2015-02-27 09:10:26&amp;apos;
System info: host: &amp;apos;RDT065&amp;apos;, ip: &amp;apos;192.168.100.62&amp;apos;, os.name: &amp;apos;Windows 10&amp;apos;, os.arch: &amp;apos;amd64&amp;apos;, os.version: &amp;apos;10.0&amp;apos;, java.version: &amp;apos;1.8.0_192&amp;apos;
Driver info: io.appium.java_client.android.AndroidDriver
Capabilities [{appPackage=com.citi.mobile.ph.dit, deviceScreenSize=1440x2560, networkConnectionEnabled=true, warnings={}, databaseEnabled=false, deviceName=emulator-5554, platform=LINUX, deviceUDID=emulator-5554, appActivity=com.citi.mobile.pt3.starter.authentication.view.activity.LoginActivity, androidInstallTimeout=150000, desired={appPackage=com.citi.mobile.ph.dit, appActivity=com.citi.mobile.pt3.starter.authentication.view.activity.LoginActivity, androidInstallTimeout=150000, platformVersion=8.1.0, skipUnlock=true, autoGrantPermissions=true, platformName=Android, deviceName=emulator-5554}, platformVersion=8.1.0, webStorageEnabled=false, locationContextEnabled=false, takesScreenshot=true, skipUnlock=true, autoGrantPermissions=true, javascriptEnabled=true, deviceModel=Android SDK built for x86, platformName=Android, deviceManufacturer=Google}]
Session ID: 956e54af-1bb1-4f8f-8ea2-27f7e6764527">
      <![CDATA[org.openqa.selenium.TimeoutException: Timed out after 20 seconds waiting for presence of element located by: By.xpath: //android.widget.TextView[@text='Your transaction']
Build info: version: '2.45.0', revision: '5017cb8e7ca8e37638dc3091b2440b90a1d8686f', time: '2015-02-27 09:10:26'
System info: host: 'RDT065', ip: '192.168.100.62', os.name: 'Windows 10', os.arch: 'amd64', os.version: '10.0', java.version: '1.8.0_192'
Driver info: io.appium.java_client.android.AndroidDriver
Capabilities [{appPackage=com.citi.mobile.ph.dit, deviceScreenSize=1440x2560, networkConnectionEnabled=true, warnings={}, databaseEnabled=false, deviceName=emulator-5554, platform=LINUX, deviceUDID=emulator-5554, appActivity=com.citi.mobile.pt3.starter.authentication.view.activity.LoginActivity, androidInstallTimeout=150000, desired={appPackage=com.citi.mobile.ph.dit, appActivity=com.citi.mobile.pt3.starter.authentication.view.activity.LoginActivity, androidInstallTimeout=150000, platformVersion=8.1.0, skipUnlock=true, autoGrantPermissions=true, platformName=Android, deviceName=emulator-5554}, platformVersion=8.1.0, webStorageEnabled=false, locationContextEnabled=false, takesScreenshot=true, skipUnlock=true, autoGrantPermissions=true, javascriptEnabled=true, deviceModel=Android SDK built for x86, platformName=Android, deviceManufacturer=Google}]
Session ID: 956e54af-1bb1-4f8f-8ea2-27f7e6764527
at org.openqa.selenium.support.ui.WebDriverWait.timeoutException(WebDriverWait.java:79)
at org.openqa.selenium.support.ui.FluentWait.until(FluentWait.java:228)
at com.citi.mobileAutomation.utils.ResuableFunction.getTextFromElementByWait(ResuableFunction.java:183)
at com.citi.mobileAutomation.dataMapping.Action_Mapping.actionMapping_Mobile_Application_Native_Android(Action_Mapping.java:37)
at com.citi.mobileAutomation.dataMapping.ObjectGroups.actionOnElements(ObjectGroups.java:51)
at com.citi.mobileAutomation.test_PH.TestDashBoard_L2_L3_PH_Savings_002.gettingData_Savings(TestDashBoard_L2_L3_PH_Savings_002.java:21)
Caused by: org.openqa.selenium.NoSuchElementException: An element could not be located on the page using the given search parameters. (WARNING: The server did not provide any stacktrace information)
Command duration or timeout: 34 milliseconds
For documentation on this error, please visit: http://seleniumhq.org/exceptions/no_such_element.html
Build info: version: '2.45.0', revision: '5017cb8e7ca8e37638dc3091b2440b90a1d8686f', time: '2015-02-27 09:10:26'
System info: host: 'RDT065', ip: '192.168.100.62', os.name: 'Windows 10', os.arch: 'amd64', os.version: '10.0', java.version: '1.8.0_192'
Driver info: io.appium.java_client.android.AndroidDriver
Capabilities [{appPackage=com.citi.mobile.ph.dit, deviceScreenSize=1440x2560, networkConnectionEnabled=true, warnings={}, databaseEnabled=false, deviceName=emulator-5554, platform=LINUX, deviceUDID=emulator-5554, appActivity=com.citi.mobile.pt3.starter.authentication.view.activity.LoginActivity, androidInstallTimeout=150000, desired={appPackage=com.citi.mobile.ph.dit, appActivity=com.citi.mobile.pt3.starter.authentication.view.activity.LoginActivity, androidInstallTimeout=150000, platformVersion=8.1.0, skipUnlock=true, autoGrantPermissions=true, platformName=Android, deviceName=emulator-5554}, platformVersion=8.1.0, webStorageEnabled=false, locationContextEnabled=false, takesScreenshot=true, skipUnlock=true, autoGrantPermissions=true, javascriptEnabled=true, deviceModel=Android SDK built for x86, platformName=Android, deviceManufacturer=Google}]
Session ID: 956e54af-1bb1-4f8f-8ea2-27f7e6764527
*** Element info: {Using=xpath, value=//android.widget.TextView[@text='Your transaction']}
at org.openqa.selenium.remote.ErrorHandler.createThrowable(ErrorHandler.java:204)
at org.openqa.selenium.remote.ErrorHandler.throwIfResponseFailed(ErrorHandler.java:156)
at org.openqa.selenium.remote.RemoteWebDriver.execute(RemoteWebDriver.java:599)
at io.appium.java_client.DefaultGenericMobileDriver.execute(DefaultGenericMobileDriver.java:51)
at io.appium.java_client.AppiumDriver.execute(AppiumDriver.java:1)
at io.appium.java_client.android.AndroidDriver.execute(AndroidDriver.java:1)
at org.openqa.selenium.remote.RemoteWebDriver.findElement(RemoteWebDriver.java:352)
at io.appium.java_client.DefaultGenericMobileDriver.findElement(DefaultGenericMobileDriver.java:67)
at io.appium.java_client.AppiumDriver.findElement(AppiumDriver.java:1)
at io.appium.java_client.android.AndroidDriver.findElement(AndroidDriver.java:1)
at org.openqa.selenium.remote.RemoteWebDriver.findElementByXPath(RemoteWebDriver.java:449)
at io.appium.java_client.DefaultGenericMobileDriver.findElementByXPath(DefaultGenericMobileDriver.java:145)
at io.appium.java_client.AppiumDriver.findElementByXPath(AppiumDriver.java:1)
at io.appium.java_client.android.AndroidDriver.findElementByXPath(AndroidDriver.java:1)
at org.openqa.selenium.By$ByXPath.findElement(By.java:357)
at org.openqa.selenium.remote.RemoteWebDriver.findElement(RemoteWebDriver.java:344)
at io.appium.java_client.DefaultGenericMobileDriver.findElement(DefaultGenericMobileDriver.java:63)
at io.appium.java_client.AppiumDriver.findElement(AppiumDriver.java:1)
at io.appium.java_client.android.AndroidDriver.findElement(AndroidDriver.java:1)
at org.openqa.selenium.support.ui.ExpectedConditions.findElement(ExpectedConditions.java:730)
at org.openqa.selenium.support.ui.ExpectedConditions.access$000(ExpectedConditions.java:39)
at org.openqa.selenium.support.ui.ExpectedConditions$3.apply(ExpectedConditions.java:106)
at org.openqa.selenium.support.ui.ExpectedConditions$3.apply(ExpectedConditions.java:103)
at org.openqa.selenium.support.ui.FluentWait.until(FluentWait.java:208)
... 28 more
... Removed 27 stack frames]]>
    </failure>
  </testcase> <!-- gettingData_Savings -->
  <testcase name="gettingData_Savings" time="20.502" classname="com.citi.mobileAutomation.test_PH.TestDashBoard_L2_L3_PH_Savings_002">
    <failure type="org.openqa.selenium.TimeoutException" message="Timed out after 20 seconds waiting for presence of element located by: By.id: trans_desc
Build info: version: &amp;apos;2.45.0&amp;apos;, revision: &amp;apos;5017cb8e7ca8e37638dc3091b2440b90a1d8686f&amp;apos;, time: &amp;apos;2015-02-27 09:10:26&amp;apos;
System info: host: &amp;apos;RDT065&amp;apos;, ip: &amp;apos;192.168.100.62&amp;apos;, os.name: &amp;apos;Windows 10&amp;apos;, os.arch: &amp;apos;amd64&amp;apos;, os.version: &amp;apos;10.0&amp;apos;, java.version: &amp;apos;1.8.0_192&amp;apos;
Driver info: io.appium.java_client.android.AndroidDriver
Capabilities [{appPackage=com.citi.mobile.ph.dit, deviceScreenSize=1440x2560, networkConnectionEnabled=true, warnings={}, databaseEnabled=false, deviceName=emulator-5554, platform=LINUX, deviceUDID=emulator-5554, appActivity=com.citi.mobile.pt3.starter.authentication.view.activity.LoginActivity, androidInstallTimeout=150000, desired={appPackage=com.citi.mobile.ph.dit, appActivity=com.citi.mobile.pt3.starter.authentication.view.activity.LoginActivity, androidInstallTimeout=150000, platformVersion=8.1.0, skipUnlock=true, autoGrantPermissions=true, platformName=Android, deviceName=emulator-5554}, platformVersion=8.1.0, webStorageEnabled=false, locationContextEnabled=false, takesScreenshot=true, skipUnlock=true, autoGrantPermissions=true, javascriptEnabled=true, deviceModel=Android SDK built for x86, platformName=Android, deviceManufacturer=Google}]
Session ID: 956e54af-1bb1-4f8f-8ea2-27f7e6764527">
      <![CDATA[org.openqa.selenium.TimeoutException: Timed out after 20 seconds waiting for presence of element located by: By.id: trans_desc
Build info: version: '2.45.0', revision: '5017cb8e7ca8e37638dc3091b2440b90a1d8686f', time: '2015-02-27 09:10:26'
System info: host: 'RDT065', ip: '192.168.100.62', os.name: 'Windows 10', os.arch: 'amd64', os.version: '10.0', java.version: '1.8.0_192'
Driver info: io.appium.java_client.android.AndroidDriver
Capabilities [{appPackage=com.citi.mobile.ph.dit, deviceScreenSize=1440x2560, networkConnectionEnabled=true, warnings={}, databaseEnabled=false, deviceName=emulator-5554, platform=LINUX, deviceUDID=emulator-5554, appActivity=com.citi.mobile.pt3.starter.authentication.view.activity.LoginActivity, androidInstallTimeout=150000, desired={appPackage=com.citi.mobile.ph.dit, appActivity=com.citi.mobile.pt3.starter.authentication.view.activity.LoginActivity, androidInstallTimeout=150000, platformVersion=8.1.0, skipUnlock=true, autoGrantPermissions=true, platformName=Android, deviceName=emulator-5554}, platformVersion=8.1.0, webStorageEnabled=false, locationContextEnabled=false, takesScreenshot=true, skipUnlock=true, autoGrantPermissions=true, javascriptEnabled=true, deviceModel=Android SDK built for x86, platformName=Android, deviceManufacturer=Google}]
Session ID: 956e54af-1bb1-4f8f-8ea2-27f7e6764527
at org.openqa.selenium.support.ui.WebDriverWait.timeoutException(WebDriverWait.java:79)
at org.openqa.selenium.support.ui.FluentWait.until(FluentWait.java:228)
at com.citi.mobileAutomation.utils.ResuableFunction.getTextFromElementByWait(ResuableFunction.java:178)
at com.citi.mobileAutomation.dataMapping.Action_Mapping.actionMapping_Mobile_Application_Native_Android(Action_Mapping.java:33)
at com.citi.mobileAutomation.dataMapping.ObjectGroups.actionOnElements(ObjectGroups.java:51)
at com.citi.mobileAutomation.test_PH.TestDashBoard_L2_L3_PH_Savings_002.gettingData_Savings(TestDashBoard_L2_L3_PH_Savings_002.java:21)
Caused by: org.openqa.selenium.NoSuchElementException: An element could not be located on the page using the given search parameters. (WARNING: The server did not provide any stacktrace information)
Command duration or timeout: 103 milliseconds
For documentation on this error, please visit: http://seleniumhq.org/exceptions/no_such_element.html
Build info: version: '2.45.0', revision: '5017cb8e7ca8e37638dc3091b2440b90a1d8686f', time: '2015-02-27 09:10:26'
System info: host: 'RDT065', ip: '192.168.100.62', os.name: 'Windows 10', os.arch: 'amd64', os.version: '10.0', java.version: '1.8.0_192'
Driver info: io.appium.java_client.android.AndroidDriver
Capabilities [{appPackage=com.citi.mobile.ph.dit, deviceScreenSize=1440x2560, networkConnectionEnabled=true, warnings={}, databaseEnabled=false, deviceName=emulator-5554, platform=LINUX, deviceUDID=emulator-5554, appActivity=com.citi.mobile.pt3.starter.authentication.view.activity.LoginActivity, androidInstallTimeout=150000, desired={appPackage=com.citi.mobile.ph.dit, appActivity=com.citi.mobile.pt3.starter.authentication.view.activity.LoginActivity, androidInstallTimeout=150000, platformVersion=8.1.0, skipUnlock=true, autoGrantPermissions=true, platformName=Android, deviceName=emulator-5554}, platformVersion=8.1.0, webStorageEnabled=false, locationContextEnabled=false, takesScreenshot=true, skipUnlock=true, autoGrantPermissions=true, javascriptEnabled=true, deviceModel=Android SDK built for x86, platformName=Android, deviceManufacturer=Google}]
Session ID: 956e54af-1bb1-4f8f-8ea2-27f7e6764527
*** Element info: {Using=id, value=trans_desc}
at org.openqa.selenium.remote.ErrorHandler.createThrowable(ErrorHandler.java:204)
at org.openqa.selenium.remote.ErrorHandler.throwIfResponseFailed(ErrorHandler.java:156)
at org.openqa.selenium.remote.RemoteWebDriver.execute(RemoteWebDriver.java:599)
at io.appium.java_client.DefaultGenericMobileDriver.execute(DefaultGenericMobileDriver.java:51)
at io.appium.java_client.AppiumDriver.execute(AppiumDriver.java:1)
at io.appium.java_client.android.AndroidDriver.execute(AndroidDriver.java:1)
at org.openqa.selenium.remote.RemoteWebDriver.findElement(RemoteWebDriver.java:352)
at io.appium.java_client.DefaultGenericMobileDriver.findElement(DefaultGenericMobileDriver.java:67)
at io.appium.java_client.AppiumDriver.findElement(AppiumDriver.java:1)
at io.appium.java_client.android.AndroidDriver.findElement(AndroidDriver.java:1)
at org.openqa.selenium.remote.RemoteWebDriver.findElementById(RemoteWebDriver.java:393)
at io.appium.java_client.DefaultGenericMobileDriver.findElementById(DefaultGenericMobileDriver.java:75)
at io.appium.java_client.AppiumDriver.findElementById(AppiumDriver.java:1)
at io.appium.java_client.android.AndroidDriver.findElementById(AndroidDriver.java:1)
at org.openqa.selenium.By$ById.findElement(By.java:214)
at org.openqa.selenium.remote.RemoteWebDriver.findElement(RemoteWebDriver.java:344)
at io.appium.java_client.DefaultGenericMobileDriver.findElement(DefaultGenericMobileDriver.java:63)
at io.appium.java_client.AppiumDriver.findElement(AppiumDriver.java:1)
at io.appium.java_client.android.AndroidDriver.findElement(AndroidDriver.java:1)
at org.openqa.selenium.support.ui.ExpectedConditions.findElement(ExpectedConditions.java:730)
at org.openqa.selenium.support.ui.ExpectedConditions.access$000(ExpectedConditions.java:39)
at org.openqa.selenium.support.ui.ExpectedConditions$3.apply(ExpectedConditions.java:106)
at org.openqa.selenium.support.ui.ExpectedConditions$3.apply(ExpectedConditions.java:103)
at org.openqa.selenium.support.ui.FluentWait.until(FluentWait.java:208)
... 28 more
... Removed 27 stack frames]]>
    </failure>
  </testcase> <!-- gettingData_Savings -->
  <testcase name="gettingData_Savings" time="0.001" classname="com.citi.mobileAutomation.test_PH.TestDashBoard_L2_L3_PH_Savings_002"/>
  <testcase name="gettingData_Savings" time="20.036" classname="com.citi.mobileAutomation.test_PH.TestDashBoard_L2_L3_PH_Savings_002">
    <failure type="org.openqa.selenium.TimeoutException" message="Timed out after 20 seconds waiting for presence of element located by: By.id: trans_date
Build info: version: &amp;apos;2.45.0&amp;apos;, revision: &amp;apos;5017cb8e7ca8e37638dc3091b2440b90a1d8686f&amp;apos;, time: &amp;apos;2015-02-27 09:10:26&amp;apos;
System info: host: &amp;apos;RDT065&amp;apos;, ip: &amp;apos;192.168.100.62&amp;apos;, os.name: &amp;apos;Windows 10&amp;apos;, os.arch: &amp;apos;amd64&amp;apos;, os.version: &amp;apos;10.0&amp;apos;, java.version: &amp;apos;1.8.0_192&amp;apos;
Driver info: io.appium.java_client.android.AndroidDriver
Capabilities [{appPackage=com.citi.mobile.ph.dit, deviceScreenSize=1440x2560, networkConnectionEnabled=true, warnings={}, databaseEnabled=false, deviceName=emulator-5554, platform=LINUX, deviceUDID=emulator-5554, appActivity=com.citi.mobile.pt3.starter.authentication.view.activity.LoginActivity, androidInstallTimeout=150000, desired={appPackage=com.citi.mobile.ph.dit, appActivity=com.citi.mobile.pt3.starter.authentication.view.activity.LoginActivity, androidInstallTimeout=150000, platformVersion=8.1.0, skipUnlock=true, autoGrantPermissions=true, platformName=Android, deviceName=emulator-5554}, platformVersion=8.1.0, webStorageEnabled=false, locationContextEnabled=false, takesScreenshot=true, skipUnlock=true, autoGrantPermissions=true, javascriptEnabled=true, deviceModel=Android SDK built for x86, platformName=Android, deviceManufacturer=Google}]
Session ID: 956e54af-1bb1-4f8f-8ea2-27f7e6764527">
      <![CDATA[org.openqa.selenium.TimeoutException: Timed out after 20 seconds waiting for presence of element located by: By.id: trans_date
Build info: version: '2.45.0', revision: '5017cb8e7ca8e37638dc3091b2440b90a1d8686f', time: '2015-02-27 09:10:26'
System info: host: 'RDT065', ip: '192.168.100.62', os.name: 'Windows 10', os.arch: 'amd64', os.version: '10.0', java.version: '1.8.0_192'
Driver info: io.appium.java_client.android.AndroidDriver
Capabilities [{appPackage=com.citi.mobile.ph.dit, deviceScreenSize=1440x2560, networkConnectionEnabled=true, warnings={}, databaseEnabled=false, deviceName=emulator-5554, platform=LINUX, deviceUDID=emulator-5554, appActivity=com.citi.mobile.pt3.starter.authentication.view.activity.LoginActivity, androidInstallTimeout=150000, desired={appPackage=com.citi.mobile.ph.dit, appActivity=com.citi.mobile.pt3.starter.authentication.view.activity.LoginActivity, androidInstallTimeout=150000, platformVersion=8.1.0, skipUnlock=true, autoGrantPermissions=true, platformName=Android, deviceName=emulator-5554}, platformVersion=8.1.0, webStorageEnabled=false, locationContextEnabled=false, takesScreenshot=true, skipUnlock=true, autoGrantPermissions=true, javascriptEnabled=true, deviceModel=Android SDK built for x86, platformName=Android, deviceManufacturer=Google}]
Session ID: 956e54af-1bb1-4f8f-8ea2-27f7e6764527
at org.openqa.selenium.support.ui.WebDriverWait.timeoutException(WebDriverWait.java:79)
at org.openqa.selenium.support.ui.FluentWait.until(FluentWait.java:228)
at com.citi.mobileAutomation.utils.ResuableFunction.getTextFromElementByWait(ResuableFunction.java:178)
at com.citi.mobileAutomation.dataMapping.Action_Mapping.actionMapping_Mobile_Application_Native_Android(Action_Mapping.java:33)
at com.citi.mobileAutomation.dataMapping.ObjectGroups.actionOnElements(ObjectGroups.java:51)
at com.citi.mobileAutomation.test_PH.TestDashBoard_L2_L3_PH_Savings_002.gettingData_Savings(TestDashBoard_L2_L3_PH_Savings_002.java:21)
Caused by: org.openqa.selenium.NoSuchElementException: An element could not be located on the page using the given search parameters. (WARNING: The server did not provide any stacktrace information)
Command duration or timeout: 106 milliseconds
For documentation on this error, please visit: http://seleniumhq.org/exceptions/no_such_element.html
Build info: version: '2.45.0', revision: '5017cb8e7ca8e37638dc3091b2440b90a1d8686f', time: '2015-02-27 09:10:26'
System info: host: 'RDT065', ip: '192.168.100.62', os.name: 'Windows 10', os.arch: 'amd64', os.version: '10.0', java.version: '1.8.0_192'
Driver info: io.appium.java_client.android.AndroidDriver
Capabilities [{appPackage=com.citi.mobile.ph.dit, deviceScreenSize=1440x2560, networkConnectionEnabled=true, warnings={}, databaseEnabled=false, deviceName=emulator-5554, platform=LINUX, deviceUDID=emulator-5554, appActivity=com.citi.mobile.pt3.starter.authentication.view.activity.LoginActivity, androidInstallTimeout=150000, desired={appPackage=com.citi.mobile.ph.dit, appActivity=com.citi.mobile.pt3.starter.authentication.view.activity.LoginActivity, androidInstallTimeout=150000, platformVersion=8.1.0, skipUnlock=true, autoGrantPermissions=true, platformName=Android, deviceName=emulator-5554}, platformVersion=8.1.0, webStorageEnabled=false, locationContextEnabled=false, takesScreenshot=true, skipUnlock=true, autoGrantPermissions=true, javascriptEnabled=true, deviceModel=Android SDK built for x86, platformName=Android, deviceManufacturer=Google}]
Session ID: 956e54af-1bb1-4f8f-8ea2-27f7e6764527
*** Element info: {Using=id, value=trans_date}
at org.openqa.selenium.remote.ErrorHandler.createThrowable(ErrorHandler.java:204)
at org.openqa.selenium.remote.ErrorHandler.throwIfResponseFailed(ErrorHandler.java:156)
at org.openqa.selenium.remote.RemoteWebDriver.execute(RemoteWebDriver.java:599)
at io.appium.java_client.DefaultGenericMobileDriver.execute(DefaultGenericMobileDriver.java:51)
at io.appium.java_client.AppiumDriver.execute(AppiumDriver.java:1)
at io.appium.java_client.android.AndroidDriver.execute(AndroidDriver.java:1)
at org.openqa.selenium.remote.RemoteWebDriver.findElement(RemoteWebDriver.java:352)
at io.appium.java_client.DefaultGenericMobileDriver.findElement(DefaultGenericMobileDriver.java:67)
at io.appium.java_client.AppiumDriver.findElement(AppiumDriver.java:1)
at io.appium.java_client.android.AndroidDriver.findElement(AndroidDriver.java:1)
at org.openqa.selenium.remote.RemoteWebDriver.findElementById(RemoteWebDriver.java:393)
at io.appium.java_client.DefaultGenericMobileDriver.findElementById(DefaultGenericMobileDriver.java:75)
at io.appium.java_client.AppiumDriver.findElementById(AppiumDriver.java:1)
at io.appium.java_client.android.AndroidDriver.findElementById(AndroidDriver.java:1)
at org.openqa.selenium.By$ById.findElement(By.java:214)
at org.openqa.selenium.remote.RemoteWebDriver.findElement(RemoteWebDriver.java:344)
at io.appium.java_client.DefaultGenericMobileDriver.findElement(DefaultGenericMobileDriver.java:63)
at io.appium.java_client.AppiumDriver.findElement(AppiumDriver.java:1)
at io.appium.java_client.android.AndroidDriver.findElement(AndroidDriver.java:1)
at org.openqa.selenium.support.ui.ExpectedConditions.findElement(ExpectedConditions.java:730)
at org.openqa.selenium.support.ui.ExpectedConditions.access$000(ExpectedConditions.java:39)
at org.openqa.selenium.support.ui.ExpectedConditions$3.apply(ExpectedConditions.java:106)
at org.openqa.selenium.support.ui.ExpectedConditions$3.apply(ExpectedConditions.java:103)
at org.openqa.selenium.support.ui.FluentWait.until(FluentWait.java:208)
... 28 more
... Removed 27 stack frames]]>
    </failure>
  </testcase> <!-- gettingData_Savings -->
  <testcase name="gettingData_Savings" time="30.495" classname="com.citi.mobileAutomation.test_PH.TestDashBoard_L2_L3_PH_Savings_002"/>
  <testcase name="@BeforeSuite appiumDriverInitialization" time="0.0" classname="com.citi.mobileAutomation.controlers.Initilizer">
    <ignored/>
  </testcase> <!-- @BeforeSuite appiumDriverInitialization -->
  <testcase name="@AfterSuite closeOpenItems" time="0.0" classname="com.citi.mobileAutomation.controlers.Initilizer">
    <ignored/>
  </testcase> <!-- @AfterSuite closeOpenItems -->
</testsuite> <!-- PH_DASHBOARD -->
