<?xml version="1.0" encoding="UTF-8"?>
<!-- Generated by org.testng.reporters.JUnitReportReporter -->
<testsuite skipped="27" hostname="RDT039" name="com.citi.mobileAutomation.test_TW_Dashboard.Test_TW_Dashboard_Transaction_details" tests="29" failures="0" timestamp="26 Feb 2019 17:20:07 GMT" time="8.063" errors="2">
  <testcase name="TW_Dashboard_transactions" time="0.000" classname="com.citi.mobileAutomation.test_TW_Dashboard.Test_TW_Dashboard_Transaction_details">
    <skipped/>
  </testcase> <!-- TW_Dashboard_transactions -->
  <testcase name="TW_Dashboard_transactions" time="0.000" classname="com.citi.mobileAutomation.test_TW_Dashboard.Test_TW_Dashboard_Transaction_details">
    <skipped/>
  </testcase> <!-- TW_Dashboard_transactions -->
  <testcase name="TW_Dashboard_transactions" time="0.000" classname="com.citi.mobileAutomation.test_TW_Dashboard.Test_TW_Dashboard_Transaction_details">
    <skipped/>
  </testcase> <!-- TW_Dashboard_transactions -->
  <testcase name="TW_Dashboard_transactions" time="0.000" classname="com.citi.mobileAutomation.test_TW_Dashboard.Test_TW_Dashboard_Transaction_details">
    <skipped/>
  </testcase> <!-- TW_Dashboard_transactions -->
  <testcase name="TW_Dashboard_transactions" time="0.000" classname="com.citi.mobileAutomation.test_TW_Dashboard.Test_TW_Dashboard_Transaction_details">
    <skipped/>
  </testcase> <!-- TW_Dashboard_transactions -->
  <testcase name="TW_Dashboard_transactions" time="0.000" classname="com.citi.mobileAutomation.test_TW_Dashboard.Test_TW_Dashboard_Transaction_details">
    <skipped/>
  </testcase> <!-- TW_Dashboard_transactions -->
  <testcase name="TW_Dashboard_transactions" time="0.000" classname="com.citi.mobileAutomation.test_TW_Dashboard.Test_TW_Dashboard_Transaction_details">
    <skipped/>
  </testcase> <!-- TW_Dashboard_transactions -->
  <testcase name="TW_Dashboard_transactions" time="0.000" classname="com.citi.mobileAutomation.test_TW_Dashboard.Test_TW_Dashboard_Transaction_details">
    <skipped/>
  </testcase> <!-- TW_Dashboard_transactions -->
  <testcase name="appiumDriverInitialization" time="3.063" classname="com.citi.mobileAutomation.test_TW_Dashboard.Test_TW_Dashboard_Transaction_details">
    <error type="org.openqa.selenium.remote.UnreachableBrowserException" message="Could not start a new session. Possible causes are invalid address of the remote server or browser start-up failure.
Build info: version: &#039;2.45.0&#039;, revision: &#039;5017cb8e7ca8e37638dc3091b2440b90a1d8686f&#039;, time: &#039;2015-02-27 09:10:26&#039;
System info: host: &#039;RDT039&#039;, ip: &#039;192.168.1.3&#039;, os.name: &#039;Windows 10&#039;, os.arch: &#039;amd64&#039;, os.version: &#039;10.0&#039;, java.version: &#039;1.8.0_201&#039;
Driver info: driver.version: AndroidDriver">
      <![CDATA[org.openqa.selenium.remote.UnreachableBrowserException: Could not start a new session. Possible causes are invalid address of the remote server or browser start-up failure.
Build info: version: '2.45.0', revision: '5017cb8e7ca8e37638dc3091b2440b90a1d8686f', time: '2015-02-27 09:10:26'
System info: host: 'RDT039', ip: '192.168.1.3', os.name: 'Windows 10', os.arch: 'amd64', os.version: '10.0', java.version: '1.8.0_201'
Driver info: driver.version: AndroidDriver
at org.openqa.selenium.remote.RemoteWebDriver.execute(RemoteWebDriver.java:593)
at io.appium.java_client.DefaultGenericMobileDriver.execute(DefaultGenericMobileDriver.java:51)
at io.appium.java_client.AppiumDriver.execute(AppiumDriver.java:1)
at io.appium.java_client.android.AndroidDriver.execute(AndroidDriver.java:1)
at org.openqa.selenium.remote.RemoteWebDriver.startSession(RemoteWebDriver.java:240)
at org.openqa.selenium.remote.RemoteWebDriver.<init>(RemoteWebDriver.java:126)
at org.openqa.selenium.remote.RemoteWebDriver.<init>(RemoteWebDriver.java:139)
at io.appium.java_client.DefaultGenericMobileDriver.<init>(DefaultGenericMobileDriver.java:47)
at io.appium.java_client.AppiumDriver.<init>(AppiumDriver.java:114)
at io.appium.java_client.AppiumDriver.<init>(AppiumDriver.java:132)
at io.appium.java_client.android.AndroidDriver.<init>(AndroidDriver.java:97)
at com.citi.mobileAutomation.baseTest.DriversInitilization.initilizeAndroid(DriversInitilization.java:34)
at com.citi.mobileAutomation.baseTest.DriversInitilization.initilizer(DriversInitilization.java:54)
at com.citi.mobileAutomation.controlers.Initilizer.appiumDriverInitialization(Initilizer.java:54)
at sun.reflect.NativeMethodAccessorImpl.invoke0(Native Method)
at sun.reflect.NativeMethodAccessorImpl.invoke(Unknown Source)
at sun.reflect.DelegatingMethodAccessorImpl.invoke(Unknown Source)
at java.lang.reflect.Method.invoke(Unknown Source)
at org.testng.internal.MethodInvocationHelper.invokeMethod(MethodInvocationHelper.java:124)
at org.testng.internal.MethodInvocationHelper.invokeMethodConsideringTimeout(MethodInvocationHelper.java:59)
at org.testng.internal.Invoker.invokeConfigurationMethod(Invoker.java:455)
at org.testng.internal.Invoker.invokeConfigurations(Invoker.java:222)
at org.testng.internal.Invoker.invokeConfigurations(Invoker.java:142)
at org.testng.SuiteRunner.privateRun(SuiteRunner.java:401)
at org.testng.SuiteRunner.run(SuiteRunner.java:364)
at org.testng.SuiteRunnerWorker.runSuite(SuiteRunnerWorker.java:52)
at org.testng.SuiteRunnerWorker.run(SuiteRunnerWorker.java:84)
at org.testng.TestNG.runSuitesSequentially(TestNG.java:1208)
at org.testng.TestNG.runSuitesLocally(TestNG.java:1137)
at org.testng.TestNG.runSuites(TestNG.java:1049)
at org.testng.TestNG.run(TestNG.java:1017)
at org.testng.remote.AbstractRemoteTestNG.run(AbstractRemoteTestNG.java:114)
at org.testng.remote.RemoteTestNG.initAndRun(RemoteTestNG.java:251)
at org.testng.remote.RemoteTestNG.main(RemoteTestNG.java:77)
Caused by: org.openqa.selenium.WebDriverException: org.apache.http.conn.HttpHostConnectException: Connect to 0.0.0.0:4723 [/0.0.0.0] failed: Connection refused: connect
Build info: version: '2.45.0', revision: '5017cb8e7ca8e37638dc3091b2440b90a1d8686f', time: '2015-02-27 09:10:26'
System info: host: 'RDT039', ip: '192.168.1.3', os.name: 'Windows 10', os.arch: 'amd64', os.version: '10.0', java.version: '1.8.0_201'
Driver info: driver.version: AndroidDriver
at io.appium.java_client.remote.AppiumCommandExecutor.execute(AppiumCommandExecutor.java:84)
at org.openqa.selenium.remote.RemoteWebDriver.execute(RemoteWebDriver.java:572)
... 33 more
Caused by: org.apache.http.conn.HttpHostConnectException: Connect to 0.0.0.0:4723 [/0.0.0.0] failed: Connection refused: connect
at org.apache.http.impl.conn.DefaultHttpClientConnectionOperator.connect(DefaultHttpClientConnectionOperator.java:158)
at org.apache.http.impl.conn.PoolingHttpClientConnectionManager.connect(PoolingHttpClientConnectionManager.java:353)
at org.apache.http.impl.execchain.MainClientExec.establishRoute(MainClientExec.java:380)
at org.apache.http.impl.execchain.MainClientExec.execute(MainClientExec.java:236)
at org.apache.http.impl.execchain.ProtocolExec.execute(ProtocolExec.java:184)
at org.apache.http.impl.execchain.RetryExec.execute(RetryExec.java:88)
at org.apache.http.impl.execchain.RedirectExec.execute(RedirectExec.java:110)
at org.apache.http.impl.client.InternalHttpClient.doExecute(InternalHttpClient.java:184)
at org.apache.http.impl.client.CloseableHttpClient.execute(CloseableHttpClient.java:71)
at org.apache.http.impl.client.CloseableHttpClient.execute(CloseableHttpClient.java:55)
at org.openqa.selenium.remote.internal.ApacheHttpClient.fallBackExecute(ApacheHttpClient.java:126)
at org.openqa.selenium.remote.internal.ApacheHttpClient.execute(ApacheHttpClient.java:72)
at org.openqa.selenium.remote.HttpCommandExecutor.execute(HttpCommandExecutor.java:133)
at io.appium.java_client.remote.AppiumCommandExecutor.execute(AppiumCommandExecutor.java:69)
... 34 more
Caused by: java.net.ConnectException: Connection refused: connect
at java.net.DualStackPlainSocketImpl.waitForConnect(Native Method)
at java.net.DualStackPlainSocketImpl.socketConnect(Unknown Source)
at java.net.AbstractPlainSocketImpl.doConnect(Unknown Source)
at java.net.AbstractPlainSocketImpl.connectToAddress(Unknown Source)
at java.net.AbstractPlainSocketImpl.connect(Unknown Source)
at java.net.PlainSocketImpl.connect(Unknown Source)
at java.net.SocksSocketImpl.connect(Unknown Source)
at java.net.Socket.connect(Unknown Source)
at org.apache.http.conn.socket.PlainConnectionSocketFactory.connectSocket(PlainConnectionSocketFactory.java:74)
at org.apache.http.impl.conn.DefaultHttpClientConnectionOperator.connect(DefaultHttpClientConnectionOperator.java:141)
... 47 more
]]>
    </error>
  </testcase> <!-- appiumDriverInitialization -->
  <testcase name="TW_Dashboard_transactions" time="0.000" classname="com.citi.mobileAutomation.test_TW_Dashboard.Test_TW_Dashboard_Transaction_details">
    <skipped/>
  </testcase> <!-- TW_Dashboard_transactions -->
  <testcase name="TW_Dashboard_transactions" time="0.000" classname="com.citi.mobileAutomation.test_TW_Dashboard.Test_TW_Dashboard_Transaction_details">
    <skipped/>
  </testcase> <!-- TW_Dashboard_transactions -->
  <testcase name="TW_Dashboard_transactions" time="0.000" classname="com.citi.mobileAutomation.test_TW_Dashboard.Test_TW_Dashboard_Transaction_details">
    <skipped/>
  </testcase> <!-- TW_Dashboard_transactions -->
  <testcase name="TW_Dashboard_transactions" time="0.000" classname="com.citi.mobileAutomation.test_TW_Dashboard.Test_TW_Dashboard_Transaction_details">
    <skipped/>
  </testcase> <!-- TW_Dashboard_transactions -->
  <testcase name="TW_Dashboard_transactions" time="0.000" classname="com.citi.mobileAutomation.test_TW_Dashboard.Test_TW_Dashboard_Transaction_details">
    <skipped/>
  </testcase> <!-- TW_Dashboard_transactions -->
  <testcase name="TW_Dashboard_transactions" time="0.000" classname="com.citi.mobileAutomation.test_TW_Dashboard.Test_TW_Dashboard_Transaction_details">
    <skipped/>
  </testcase> <!-- TW_Dashboard_transactions -->
  <testcase name="TW_Dashboard_transactions" time="0.000" classname="com.citi.mobileAutomation.test_TW_Dashboard.Test_TW_Dashboard_Transaction_details">
    <skipped/>
  </testcase> <!-- TW_Dashboard_transactions -->
  <testcase name="launchActivity" time="5.000" classname="com.citi.mobileAutomation.test_TW_Dashboard.Test_TW_Dashboard_Transaction_details">
    <error type="java.lang.NullPointerException">
      <![CDATA[java.lang.NullPointerException
at com.citi.mobileAutomation.controlers.Initilizer.launchActivity(Initilizer.java:67)
at sun.reflect.NativeMethodAccessorImpl.invoke0(Native Method)
at sun.reflect.NativeMethodAccessorImpl.invoke(Unknown Source)
at sun.reflect.DelegatingMethodAccessorImpl.invoke(Unknown Source)
at java.lang.reflect.Method.invoke(Unknown Source)
at org.testng.internal.MethodInvocationHelper.invokeMethod(MethodInvocationHelper.java:124)
at org.testng.internal.MethodInvocationHelper.invokeMethodConsideringTimeout(MethodInvocationHelper.java:59)
at org.testng.internal.Invoker.invokeConfigurationMethod(Invoker.java:455)
at org.testng.internal.Invoker.invokeConfigurations(Invoker.java:222)
at org.testng.internal.Invoker.invokeConfigurations(Invoker.java:142)
at org.testng.internal.TestMethodWorker.invokeBeforeClassMethods(TestMethodWorker.java:168)
at org.testng.internal.TestMethodWorker.run(TestMethodWorker.java:105)
at org.testng.TestRunner.privateRun(TestRunner.java:648)
at org.testng.TestRunner.run(TestRunner.java:505)
at org.testng.SuiteRunner.runTest(SuiteRunner.java:455)
at org.testng.SuiteRunner.runSequentially(SuiteRunner.java:450)
at org.testng.SuiteRunner.privateRun(SuiteRunner.java:415)
at org.testng.SuiteRunner.run(SuiteRunner.java:364)
at org.testng.SuiteRunnerWorker.runSuite(SuiteRunnerWorker.java:52)
at org.testng.SuiteRunnerWorker.run(SuiteRunnerWorker.java:84)
at org.testng.TestNG.runSuitesSequentially(TestNG.java:1208)
at org.testng.TestNG.runSuitesLocally(TestNG.java:1137)
at org.testng.TestNG.runSuites(TestNG.java:1049)
at org.testng.TestNG.run(TestNG.java:1017)
at org.testng.remote.AbstractRemoteTestNG.run(AbstractRemoteTestNG.java:114)
at org.testng.remote.RemoteTestNG.initAndRun(RemoteTestNG.java:251)
at org.testng.remote.RemoteTestNG.main(RemoteTestNG.java:77)
]]>
    </error>
  </testcase> <!-- launchActivity -->
  <testcase name="TW_Dashboard_transactions" time="0.000" classname="com.citi.mobileAutomation.test_TW_Dashboard.Test_TW_Dashboard_Transaction_details">
    <skipped/>
  </testcase> <!-- TW_Dashboard_transactions -->
  <testcase name="TW_Dashboard_transactions" time="0.000" classname="com.citi.mobileAutomation.test_TW_Dashboard.Test_TW_Dashboard_Transaction_details">
    <skipped/>
  </testcase> <!-- TW_Dashboard_transactions -->
  <testcase name="TW_Dashboard_transactions" time="0.000" classname="com.citi.mobileAutomation.test_TW_Dashboard.Test_TW_Dashboard_Transaction_details">
    <skipped/>
  </testcase> <!-- TW_Dashboard_transactions -->
  <testcase name="TW_Dashboard_transactions" time="0.000" classname="com.citi.mobileAutomation.test_TW_Dashboard.Test_TW_Dashboard_Transaction_details">
    <skipped/>
  </testcase> <!-- TW_Dashboard_transactions -->
  <testcase name="TW_Dashboard_transactions" time="0.000" classname="com.citi.mobileAutomation.test_TW_Dashboard.Test_TW_Dashboard_Transaction_details">
    <skipped/>
  </testcase> <!-- TW_Dashboard_transactions -->
  <testcase name="TW_Dashboard_transactions" time="0.000" classname="com.citi.mobileAutomation.test_TW_Dashboard.Test_TW_Dashboard_Transaction_details">
    <skipped/>
  </testcase> <!-- TW_Dashboard_transactions -->
  <testcase name="TW_Dashboard_transactions" time="0.000" classname="com.citi.mobileAutomation.test_TW_Dashboard.Test_TW_Dashboard_Transaction_details">
    <skipped/>
  </testcase> <!-- TW_Dashboard_transactions -->
  <testcase name="TW_Dashboard_transactions" time="0.000" classname="com.citi.mobileAutomation.test_TW_Dashboard.Test_TW_Dashboard_Transaction_details">
    <skipped/>
  </testcase> <!-- TW_Dashboard_transactions -->
  <testcase name="TW_Dashboard_transactions" time="0.000" classname="com.citi.mobileAutomation.test_TW_Dashboard.Test_TW_Dashboard_Transaction_details">
    <skipped/>
  </testcase> <!-- TW_Dashboard_transactions -->
  <testcase name="TW_Dashboard_transactions" time="0.000" classname="com.citi.mobileAutomation.test_TW_Dashboard.Test_TW_Dashboard_Transaction_details">
    <skipped/>
  </testcase> <!-- TW_Dashboard_transactions -->
  <testcase name="TW_Dashboard_transactions" time="0.000" classname="com.citi.mobileAutomation.test_TW_Dashboard.Test_TW_Dashboard_Transaction_details">
    <skipped/>
  </testcase> <!-- TW_Dashboard_transactions -->
  <testcase name="TW_Dashboard_transactions" time="0.000" classname="com.citi.mobileAutomation.test_TW_Dashboard.Test_TW_Dashboard_Transaction_details">
    <skipped/>
  </testcase> <!-- TW_Dashboard_transactions -->
</testsuite> <!-- com.citi.mobileAutomation.test_TW_Dashboard.Test_TW_Dashboard_Transaction_details -->
