<?xml version="1.0" encoding="UTF-8"?>
<!-- Generated by org.testng.reporters.JUnitReportReporter -->
<testsuite skipped="0" hostname="apples-MacBook-Pro-4.local" name="com.citi.mobileAutomation.test_SG.Test_APAC_iOS_Frequent_Payment_External_LCY_LCY" tests="25" failures="1" timestamp="15 Jul 2019 10:44:36 GMT" time="216.483" errors="0">
  <testcase name="gettingDashboard" time="15.597" classname="com.citi.mobileAutomation.test_SG.Test_APAC_iOS_Frequent_Payment_External_LCY_LCY"/>
  <testcase name="gettingDashboard" time="13.340" classname="com.citi.mobileAutomation.test_SG.Test_APAC_iOS_Frequent_Payment_External_LCY_LCY"/>
  <testcase name="gettingDashboard" time="1.942" classname="com.citi.mobileAutomation.test_SG.Test_APAC_iOS_Frequent_Payment_External_LCY_LCY"/>
  <testcase name="gettingDashboard" time="3.913" classname="com.citi.mobileAutomation.test_SG.Test_APAC_iOS_Frequent_Payment_External_LCY_LCY"/>
  <testcase name="gettingDashboard" time="12.977" classname="com.citi.mobileAutomation.test_SG.Test_APAC_iOS_Frequent_Payment_External_LCY_LCY"/>
  <testcase name="gettingDashboard" time="2.773" classname="com.citi.mobileAutomation.test_SG.Test_APAC_iOS_Frequent_Payment_External_LCY_LCY"/>
  <testcase name="gettingDashboard" time="1.948" classname="com.citi.mobileAutomation.test_SG.Test_APAC_iOS_Frequent_Payment_External_LCY_LCY"/>
  <testcase name="gettingDashboard" time="2.045" classname="com.citi.mobileAutomation.test_SG.Test_APAC_iOS_Frequent_Payment_External_LCY_LCY"/>
  <testcase name="gettingDashboard" time="2.595" classname="com.citi.mobileAutomation.test_SG.Test_APAC_iOS_Frequent_Payment_External_LCY_LCY"/>
  <testcase name="gettingDashboard" time="0.244" classname="com.citi.mobileAutomation.test_SG.Test_APAC_iOS_Frequent_Payment_External_LCY_LCY"/>
  <testcase name="gettingDashboard" time="76.839" classname="com.citi.mobileAutomation.test_SG.Test_APAC_iOS_Frequent_Payment_External_LCY_LCY"/>
  <testcase name="gettingDashboard" time="4.440" classname="com.citi.mobileAutomation.test_SG.Test_APAC_iOS_Frequent_Payment_External_LCY_LCY"/>
  <testcase name="gettingDashboard" time="3.693" classname="com.citi.mobileAutomation.test_SG.Test_APAC_iOS_Frequent_Payment_External_LCY_LCY"/>
  <testcase name="gettingDashboard" time="1.497" classname="com.citi.mobileAutomation.test_SG.Test_APAC_iOS_Frequent_Payment_External_LCY_LCY"/>
  <testcase name="gettingDashboard" time="1.907" classname="com.citi.mobileAutomation.test_SG.Test_APAC_iOS_Frequent_Payment_External_LCY_LCY"/>
  <testcase name="gettingDashboard" time="10.516" classname="com.citi.mobileAutomation.test_SG.Test_APAC_iOS_Frequent_Payment_External_LCY_LCY"/>
  <testcase name="gettingDashboard" time="1.326" classname="com.citi.mobileAutomation.test_SG.Test_APAC_iOS_Frequent_Payment_External_LCY_LCY"/>
  <testcase name="gettingDashboard" time="2.688" classname="com.citi.mobileAutomation.test_SG.Test_APAC_iOS_Frequent_Payment_External_LCY_LCY"/>
  <testcase name="gettingDashboard" time="2.311" classname="com.citi.mobileAutomation.test_SG.Test_APAC_iOS_Frequent_Payment_External_LCY_LCY"/>
  <testcase name="gettingDashboard" time="3.266" classname="com.citi.mobileAutomation.test_SG.Test_APAC_iOS_Frequent_Payment_External_LCY_LCY"/>
  <testcase name="gettingDashboard" time="0.222" classname="com.citi.mobileAutomation.test_SG.Test_APAC_iOS_Frequent_Payment_External_LCY_LCY"/>
  <testcase name="gettingDashboard" time="2.841" classname="com.citi.mobileAutomation.test_SG.Test_APAC_iOS_Frequent_Payment_External_LCY_LCY"/>
  <testcase name="gettingDashboard" time="3.238" classname="com.citi.mobileAutomation.test_SG.Test_APAC_iOS_Frequent_Payment_External_LCY_LCY"/>
  <testcase name="gettingDashboard" time="41.054" classname="com.citi.mobileAutomation.test_SG.Test_APAC_iOS_Frequent_Payment_External_LCY_LCY">
    <failure type="java.lang.AssertionError" message="expected [true] but found [false]">
      <![CDATA[java.lang.AssertionError: expected [true] but found [false]
at org.testng.Assert.fail(Assert.java:96)
at org.testng.Assert.failNotEquals(Assert.java:776)
at org.testng.Assert.assertTrue(Assert.java:44)
at org.testng.Assert.assertTrue(Assert.java:54)
at com.citi.mobileAutomation.assertEngine.Assert_Engine.assertMapping(Assert_Engine.java:13)
at com.citi.mobileAutomation.dataMapping.Action_Mapping.actionMapping_Mobile_Application_Native_Android(Action_Mapping.java:100)
at com.citi.mobileAutomation.dataMapping.ObjectGroups.actionOnElements(ObjectGroups.java:45)
at com.citi.mobileAutomation.test_SG.Test_APAC_iOS_Frequent_Payment_External_LCY_LCY.gettingDashboard(Test_APAC_iOS_Frequent_Payment_External_LCY_LCY.java:25)
at sun.reflect.GeneratedMethodAccessor1.invoke(Unknown Source)
at sun.reflect.DelegatingMethodAccessorImpl.invoke(DelegatingMethodAccessorImpl.java:43)
at java.lang.reflect.Method.invoke(Method.java:498)
at org.testng.internal.MethodInvocationHelper.invokeMethod(MethodInvocationHelper.java:124)
at org.testng.internal.Invoker.invokeMethod(Invoker.java:583)
at org.testng.internal.Invoker.invokeTestMethod(Invoker.java:719)
at org.testng.internal.Invoker.invokeTestMethods(Invoker.java:989)
at org.testng.internal.TestMethodWorker.invokeTestMethods(TestMethodWorker.java:125)
at org.testng.internal.TestMethodWorker.run(TestMethodWorker.java:109)
at org.testng.TestRunner.privateRun(TestRunner.java:648)
at org.testng.TestRunner.run(TestRunner.java:505)
at org.testng.SuiteRunner.runTest(SuiteRunner.java:455)
at org.testng.SuiteRunner.runSequentially(SuiteRunner.java:450)
at org.testng.SuiteRunner.privateRun(SuiteRunner.java:415)
at org.testng.SuiteRunner.run(SuiteRunner.java:364)
at org.testng.SuiteRunnerWorker.runSuite(SuiteRunnerWorker.java:52)
at org.testng.SuiteRunnerWorker.run(SuiteRunnerWorker.java:84)
at org.testng.TestNG.runSuitesSequentially(TestNG.java:1208)
at org.testng.TestNG.runSuitesLocally(TestNG.java:1137)
at org.testng.TestNG.runSuites(TestNG.java:1049)
at org.testng.TestNG.run(TestNG.java:1017)
at org.testng.remote.AbstractRemoteTestNG.run(AbstractRemoteTestNG.java:115)
at org.testng.remote.RemoteTestNG.initAndRun(RemoteTestNG.java:251)
at org.testng.remote.RemoteTestNG.main(RemoteTestNG.java:77)
]]>
    </failure>
  </testcase> <!-- gettingDashboard -->
  <testcase name="gettingDashboard" time="3.271" classname="com.citi.mobileAutomation.test_SG.Test_APAC_iOS_Frequent_Payment_External_LCY_LCY"/>
</testsuite> <!-- com.citi.mobileAutomation.test_SG.Test_APAC_iOS_Frequent_Payment_External_LCY_LCY -->
