<?xml version="1.0" encoding="UTF-8"?>
<!-- Generated by org.testng.reporters.JUnitReportReporter -->
<testsuite skipped="62" hostname="apples-MacBook-Pro.local" name="com.citi.mobileAutomation.test_TH.TestDashBoard_L2_L3_TH" tests="63" failures="0" timestamp="21 Jan 2019 14:20:38 GMT" time="11.319" errors="1">
  <testcase name="gettingData_ReadyCredit" time="0.000" classname="com.citi.mobileAutomation.test_TH.TestDashBoard_L2_L3_TH">
    <skipped/>
  </testcase> <!-- gettingData_ReadyCredit -->
  <testcase name="gettingData_ReadyCredit" time="0.000" classname="com.citi.mobileAutomation.test_TH.TestDashBoard_L2_L3_TH">
    <skipped/>
  </testcase> <!-- gettingData_ReadyCredit -->
  <testcase name="gettingData_ReadyCredit" time="0.000" classname="com.citi.mobileAutomation.test_TH.TestDashBoard_L2_L3_TH">
    <skipped/>
  </testcase> <!-- gettingData_ReadyCredit -->
  <testcase name="appiumDriverInitialization" time="11.318" classname="com.citi.mobileAutomation.test_TH.TestDashBoard_L2_L3_TH">
    <error type="org.openqa.selenium.remote.UnreachableBrowserException" message="Could not start a new session. Possible causes are invalid address of the remote server or browser start-up failure.
Build info: version: &#039;2.45.0&#039;, revision: &#039;5017cb8e7ca8e37638dc3091b2440b90a1d8686f&#039;, time: &#039;2015-02-27 09:10:26&#039;
System info: host: &#039;apples-MacBook-Pro.local&#039;, ip: &#039;192.168.100.35&#039;, os.name: &#039;Mac OS X&#039;, os.arch: &#039;x86_64&#039;, os.version: &#039;10.13.6&#039;, java.version: &#039;1.8.0_181&#039;
Driver info: driver.version: AndroidDriver">
      <![CDATA[org.openqa.selenium.remote.UnreachableBrowserException: Could not start a new session. Possible causes are invalid address of the remote server or browser start-up failure.
Build info: version: '2.45.0', revision: '5017cb8e7ca8e37638dc3091b2440b90a1d8686f', time: '2015-02-27 09:10:26'
System info: host: 'apples-MacBook-Pro.local', ip: '192.168.100.35', os.name: 'Mac OS X', os.arch: 'x86_64', os.version: '10.13.6', java.version: '1.8.0_181'
Driver info: driver.version: AndroidDriver
at org.openqa.selenium.remote.RemoteWebDriver.execute(RemoteWebDriver.java:593)
at io.appium.java_client.DefaultGenericMobileDriver.execute(DefaultGenericMobileDriver.java:51)
at io.appium.java_client.AppiumDriver.execute(AppiumDriver.java:1)
at io.appium.java_client.android.AndroidDriver.execute(AndroidDriver.java:1)
at org.openqa.selenium.remote.RemoteWebDriver.startSession(RemoteWebDriver.java:240)
at org.openqa.selenium.remote.RemoteWebDriver.<init>(RemoteWebDriver.java:126)
at org.openqa.selenium.remote.RemoteWebDriver.<init>(RemoteWebDriver.java:139)
at io.appium.java_client.DefaultGenericMobileDriver.<init>(DefaultGenericMobileDriver.java:47)
at io.appium.java_client.AppiumDriver.<init>(AppiumDriver.java:114)
at io.appium.java_client.AppiumDriver.<init>(AppiumDriver.java:132)
at io.appium.java_client.android.AndroidDriver.<init>(AndroidDriver.java:97)
at com.citi.mobileAutomation.baseTest.DriversInitilization.initilizeAndroid(DriversInitilization.java:33)
at com.citi.mobileAutomation.baseTest.DriversInitilization.initilizer(DriversInitilization.java:53)
at com.citi.mobileAutomation.controlers.Initilizer.appiumDriverInitialization(Initilizer.java:54)
at sun.reflect.NativeMethodAccessorImpl.invoke0(Native Method)
at sun.reflect.NativeMethodAccessorImpl.invoke(NativeMethodAccessorImpl.java:62)
at sun.reflect.DelegatingMethodAccessorImpl.invoke(DelegatingMethodAccessorImpl.java:43)
at java.lang.reflect.Method.invoke(Method.java:498)
at org.testng.internal.MethodInvocationHelper.invokeMethod(MethodInvocationHelper.java:124)
at org.testng.internal.MethodInvocationHelper.invokeMethodConsideringTimeout(MethodInvocationHelper.java:59)
at org.testng.internal.Invoker.invokeConfigurationMethod(Invoker.java:455)
at org.testng.internal.Invoker.invokeConfigurations(Invoker.java:222)
at org.testng.internal.Invoker.invokeConfigurations(Invoker.java:142)
at org.testng.SuiteRunner.privateRun(SuiteRunner.java:401)
at org.testng.SuiteRunner.run(SuiteRunner.java:364)
at org.testng.SuiteRunnerWorker.runSuite(SuiteRunnerWorker.java:52)
at org.testng.SuiteRunnerWorker.run(SuiteRunnerWorker.java:84)
at org.testng.TestNG.runSuitesSequentially(TestNG.java:1208)
at org.testng.TestNG.runSuitesLocally(TestNG.java:1137)
at org.testng.TestNG.runSuites(TestNG.java:1049)
at org.testng.TestNG.run(TestNG.java:1017)
at org.testng.remote.AbstractRemoteTestNG.run(AbstractRemoteTestNG.java:114)
at org.testng.remote.RemoteTestNG.initAndRun(RemoteTestNG.java:251)
at org.testng.remote.RemoteTestNG.main(RemoteTestNG.java:77)
Caused by: org.openqa.selenium.WebDriverException: org.apache.http.conn.HttpHostConnectException: Connect to 0.0.0.0:4723 [/0.0.0.0] failed: Connection refused (Connection refused)
Build info: version: '2.45.0', revision: '5017cb8e7ca8e37638dc3091b2440b90a1d8686f', time: '2015-02-27 09:10:26'
System info: host: 'apples-MacBook-Pro.local', ip: '192.168.100.35', os.name: 'Mac OS X', os.arch: 'x86_64', os.version: '10.13.6', java.version: '1.8.0_181'
Driver info: driver.version: AndroidDriver
at io.appium.java_client.remote.AppiumCommandExecutor.execute(AppiumCommandExecutor.java:84)
at org.openqa.selenium.remote.RemoteWebDriver.execute(RemoteWebDriver.java:572)
... 33 more
Caused by: org.apache.http.conn.HttpHostConnectException: Connect to 0.0.0.0:4723 [/0.0.0.0] failed: Connection refused (Connection refused)
at org.apache.http.impl.conn.DefaultHttpClientConnectionOperator.connect(DefaultHttpClientConnectionOperator.java:158)
at org.apache.http.impl.conn.PoolingHttpClientConnectionManager.connect(PoolingHttpClientConnectionManager.java:353)
at org.apache.http.impl.execchain.MainClientExec.establishRoute(MainClientExec.java:380)
at org.apache.http.impl.execchain.MainClientExec.execute(MainClientExec.java:236)
at org.apache.http.impl.execchain.ProtocolExec.execute(ProtocolExec.java:184)
at org.apache.http.impl.execchain.RetryExec.execute(RetryExec.java:88)
at org.apache.http.impl.execchain.RedirectExec.execute(RedirectExec.java:110)
at org.apache.http.impl.client.InternalHttpClient.doExecute(InternalHttpClient.java:184)
at org.apache.http.impl.client.CloseableHttpClient.execute(CloseableHttpClient.java:71)
at org.apache.http.impl.client.CloseableHttpClient.execute(CloseableHttpClient.java:55)
at org.openqa.selenium.remote.internal.ApacheHttpClient.fallBackExecute(ApacheHttpClient.java:126)
at org.openqa.selenium.remote.internal.ApacheHttpClient.execute(ApacheHttpClient.java:72)
at org.openqa.selenium.remote.HttpCommandExecutor.execute(HttpCommandExecutor.java:133)
at io.appium.java_client.remote.AppiumCommandExecutor.execute(AppiumCommandExecutor.java:69)
... 34 more
Caused by: java.net.ConnectException: Connection refused (Connection refused)
at java.net.PlainSocketImpl.socketConnect(Native Method)
at java.net.AbstractPlainSocketImpl.doConnect(AbstractPlainSocketImpl.java:350)
at java.net.AbstractPlainSocketImpl.connectToAddress(AbstractPlainSocketImpl.java:204)
at java.net.AbstractPlainSocketImpl.connect(AbstractPlainSocketImpl.java:188)
at java.net.SocksSocketImpl.connect(SocksSocketImpl.java:392)
at java.net.Socket.connect(Socket.java:589)
at org.apache.http.conn.socket.PlainConnectionSocketFactory.connectSocket(PlainConnectionSocketFactory.java:74)
at org.apache.http.impl.conn.DefaultHttpClientConnectionOperator.connect(DefaultHttpClientConnectionOperator.java:141)
... 47 more
]]>
    </error>
  </testcase> <!-- appiumDriverInitialization -->
  <testcase name="gettingData_ReadyCredit" time="0.000" classname="com.citi.mobileAutomation.test_TH.TestDashBoard_L2_L3_TH">
    <skipped/>
  </testcase> <!-- gettingData_ReadyCredit -->
  <testcase name="gettingData_ReadyCredit" time="0.000" classname="com.citi.mobileAutomation.test_TH.TestDashBoard_L2_L3_TH">
    <skipped/>
  </testcase> <!-- gettingData_ReadyCredit -->
  <testcase name="gettingData_ReadyCredit" time="0.000" classname="com.citi.mobileAutomation.test_TH.TestDashBoard_L2_L3_TH">
    <skipped/>
  </testcase> <!-- gettingData_ReadyCredit -->
  <testcase name="gettingData_ReadyCredit" time="0.000" classname="com.citi.mobileAutomation.test_TH.TestDashBoard_L2_L3_TH">
    <skipped/>
  </testcase> <!-- gettingData_ReadyCredit -->
  <testcase name="gettingData_ReadyCredit" time="0.000" classname="com.citi.mobileAutomation.test_TH.TestDashBoard_L2_L3_TH">
    <skipped/>
  </testcase> <!-- gettingData_ReadyCredit -->
  <testcase name="gettingData_ReadyCredit" time="0.000" classname="com.citi.mobileAutomation.test_TH.TestDashBoard_L2_L3_TH">
    <skipped/>
  </testcase> <!-- gettingData_ReadyCredit -->
  <testcase name="gettingData_ReadyCredit" time="0.000" classname="com.citi.mobileAutomation.test_TH.TestDashBoard_L2_L3_TH">
    <skipped/>
  </testcase> <!-- gettingData_ReadyCredit -->
  <testcase name="gettingData_ReadyCredit" time="0.000" classname="com.citi.mobileAutomation.test_TH.TestDashBoard_L2_L3_TH">
    <skipped/>
  </testcase> <!-- gettingData_ReadyCredit -->
  <testcase name="gettingData_ReadyCredit" time="0.000" classname="com.citi.mobileAutomation.test_TH.TestDashBoard_L2_L3_TH">
    <skipped/>
  </testcase> <!-- gettingData_ReadyCredit -->
  <testcase name="gettingData_ReadyCredit" time="0.000" classname="com.citi.mobileAutomation.test_TH.TestDashBoard_L2_L3_TH">
    <skipped/>
  </testcase> <!-- gettingData_ReadyCredit -->
  <testcase name="gettingData_ReadyCredit" time="0.000" classname="com.citi.mobileAutomation.test_TH.TestDashBoard_L2_L3_TH">
    <skipped/>
  </testcase> <!-- gettingData_ReadyCredit -->
  <testcase name="gettingData_ReadyCredit" time="0.000" classname="com.citi.mobileAutomation.test_TH.TestDashBoard_L2_L3_TH">
    <skipped/>
  </testcase> <!-- gettingData_ReadyCredit -->
  <testcase name="gettingData_ReadyCredit" time="0.000" classname="com.citi.mobileAutomation.test_TH.TestDashBoard_L2_L3_TH">
    <skipped/>
  </testcase> <!-- gettingData_ReadyCredit -->
  <testcase name="gettingData_ReadyCredit" time="0.000" classname="com.citi.mobileAutomation.test_TH.TestDashBoard_L2_L3_TH">
    <skipped/>
  </testcase> <!-- gettingData_ReadyCredit -->
  <testcase name="gettingData_ReadyCredit" time="0.000" classname="com.citi.mobileAutomation.test_TH.TestDashBoard_L2_L3_TH">
    <skipped/>
  </testcase> <!-- gettingData_ReadyCredit -->
  <testcase name="gettingData_ReadyCredit" time="0.000" classname="com.citi.mobileAutomation.test_TH.TestDashBoard_L2_L3_TH">
    <skipped/>
  </testcase> <!-- gettingData_ReadyCredit -->
  <testcase name="gettingData_ReadyCredit" time="0.000" classname="com.citi.mobileAutomation.test_TH.TestDashBoard_L2_L3_TH">
    <skipped/>
  </testcase> <!-- gettingData_ReadyCredit -->
  <testcase name="gettingData_ReadyCredit" time="0.000" classname="com.citi.mobileAutomation.test_TH.TestDashBoard_L2_L3_TH">
    <skipped/>
  </testcase> <!-- gettingData_ReadyCredit -->
  <testcase name="gettingData_ReadyCredit" time="0.001" classname="com.citi.mobileAutomation.test_TH.TestDashBoard_L2_L3_TH">
    <skipped/>
  </testcase> <!-- gettingData_ReadyCredit -->
  <testcase name="gettingData_ReadyCredit" time="0.000" classname="com.citi.mobileAutomation.test_TH.TestDashBoard_L2_L3_TH">
    <skipped/>
  </testcase> <!-- gettingData_ReadyCredit -->
  <testcase name="gettingData_ReadyCredit" time="0.000" classname="com.citi.mobileAutomation.test_TH.TestDashBoard_L2_L3_TH">
    <skipped/>
  </testcase> <!-- gettingData_ReadyCredit -->
  <testcase name="gettingData_ReadyCredit" time="0.000" classname="com.citi.mobileAutomation.test_TH.TestDashBoard_L2_L3_TH">
    <skipped/>
  </testcase> <!-- gettingData_ReadyCredit -->
  <testcase name="gettingData_ReadyCredit" time="0.000" classname="com.citi.mobileAutomation.test_TH.TestDashBoard_L2_L3_TH">
    <skipped/>
  </testcase> <!-- gettingData_ReadyCredit -->
  <testcase name="gettingData_ReadyCredit" time="0.000" classname="com.citi.mobileAutomation.test_TH.TestDashBoard_L2_L3_TH">
    <skipped/>
  </testcase> <!-- gettingData_ReadyCredit -->
  <testcase name="gettingData_ReadyCredit" time="0.000" classname="com.citi.mobileAutomation.test_TH.TestDashBoard_L2_L3_TH">
    <skipped/>
  </testcase> <!-- gettingData_ReadyCredit -->
  <testcase name="gettingData_ReadyCredit" time="0.000" classname="com.citi.mobileAutomation.test_TH.TestDashBoard_L2_L3_TH">
    <skipped/>
  </testcase> <!-- gettingData_ReadyCredit -->
  <testcase name="gettingData_ReadyCredit" time="0.000" classname="com.citi.mobileAutomation.test_TH.TestDashBoard_L2_L3_TH">
    <skipped/>
  </testcase> <!-- gettingData_ReadyCredit -->
  <testcase name="gettingData_ReadyCredit" time="0.000" classname="com.citi.mobileAutomation.test_TH.TestDashBoard_L2_L3_TH">
    <skipped/>
  </testcase> <!-- gettingData_ReadyCredit -->
  <testcase name="gettingData_ReadyCredit" time="0.000" classname="com.citi.mobileAutomation.test_TH.TestDashBoard_L2_L3_TH">
    <skipped/>
  </testcase> <!-- gettingData_ReadyCredit -->
  <testcase name="gettingData_ReadyCredit" time="0.000" classname="com.citi.mobileAutomation.test_TH.TestDashBoard_L2_L3_TH">
    <skipped/>
  </testcase> <!-- gettingData_ReadyCredit -->
  <testcase name="gettingData_ReadyCredit" time="0.000" classname="com.citi.mobileAutomation.test_TH.TestDashBoard_L2_L3_TH">
    <skipped/>
  </testcase> <!-- gettingData_ReadyCredit -->
  <testcase name="gettingData_ReadyCredit" time="0.000" classname="com.citi.mobileAutomation.test_TH.TestDashBoard_L2_L3_TH">
    <skipped/>
  </testcase> <!-- gettingData_ReadyCredit -->
  <testcase name="gettingData_ReadyCredit" time="0.000" classname="com.citi.mobileAutomation.test_TH.TestDashBoard_L2_L3_TH">
    <skipped/>
  </testcase> <!-- gettingData_ReadyCredit -->
  <testcase name="gettingData_ReadyCredit" time="0.000" classname="com.citi.mobileAutomation.test_TH.TestDashBoard_L2_L3_TH">
    <skipped/>
  </testcase> <!-- gettingData_ReadyCredit -->
  <testcase name="gettingData_ReadyCredit" time="0.000" classname="com.citi.mobileAutomation.test_TH.TestDashBoard_L2_L3_TH">
    <skipped/>
  </testcase> <!-- gettingData_ReadyCredit -->
  <testcase name="gettingData_ReadyCredit" time="0.000" classname="com.citi.mobileAutomation.test_TH.TestDashBoard_L2_L3_TH">
    <skipped/>
  </testcase> <!-- gettingData_ReadyCredit -->
  <testcase name="gettingData_ReadyCredit" time="0.000" classname="com.citi.mobileAutomation.test_TH.TestDashBoard_L2_L3_TH">
    <skipped/>
  </testcase> <!-- gettingData_ReadyCredit -->
  <testcase name="gettingData_ReadyCredit" time="0.000" classname="com.citi.mobileAutomation.test_TH.TestDashBoard_L2_L3_TH">
    <skipped/>
  </testcase> <!-- gettingData_ReadyCredit -->
  <testcase name="gettingData_ReadyCredit" time="0.000" classname="com.citi.mobileAutomation.test_TH.TestDashBoard_L2_L3_TH">
    <skipped/>
  </testcase> <!-- gettingData_ReadyCredit -->
  <testcase name="gettingData_ReadyCredit" time="0.000" classname="com.citi.mobileAutomation.test_TH.TestDashBoard_L2_L3_TH">
    <skipped/>
  </testcase> <!-- gettingData_ReadyCredit -->
  <testcase name="gettingData_ReadyCredit" time="0.000" classname="com.citi.mobileAutomation.test_TH.TestDashBoard_L2_L3_TH">
    <skipped/>
  </testcase> <!-- gettingData_ReadyCredit -->
  <testcase name="gettingData_ReadyCredit" time="0.000" classname="com.citi.mobileAutomation.test_TH.TestDashBoard_L2_L3_TH">
    <skipped/>
  </testcase> <!-- gettingData_ReadyCredit -->
  <testcase name="gettingData_ReadyCredit" time="0.000" classname="com.citi.mobileAutomation.test_TH.TestDashBoard_L2_L3_TH">
    <skipped/>
  </testcase> <!-- gettingData_ReadyCredit -->
  <testcase name="gettingData_ReadyCredit" time="0.000" classname="com.citi.mobileAutomation.test_TH.TestDashBoard_L2_L3_TH">
    <skipped/>
  </testcase> <!-- gettingData_ReadyCredit -->
  <testcase name="gettingData_ReadyCredit" time="0.000" classname="com.citi.mobileAutomation.test_TH.TestDashBoard_L2_L3_TH">
    <skipped/>
  </testcase> <!-- gettingData_ReadyCredit -->
  <testcase name="gettingData_ReadyCredit" time="0.000" classname="com.citi.mobileAutomation.test_TH.TestDashBoard_L2_L3_TH">
    <skipped/>
  </testcase> <!-- gettingData_ReadyCredit -->
  <testcase name="gettingData_ReadyCredit" time="0.000" classname="com.citi.mobileAutomation.test_TH.TestDashBoard_L2_L3_TH">
    <skipped/>
  </testcase> <!-- gettingData_ReadyCredit -->
  <testcase name="gettingData_ReadyCredit" time="0.000" classname="com.citi.mobileAutomation.test_TH.TestDashBoard_L2_L3_TH">
    <skipped/>
  </testcase> <!-- gettingData_ReadyCredit -->
  <testcase name="gettingData_ReadyCredit" time="0.000" classname="com.citi.mobileAutomation.test_TH.TestDashBoard_L2_L3_TH">
    <skipped/>
  </testcase> <!-- gettingData_ReadyCredit -->
  <testcase name="gettingData_ReadyCredit" time="0.000" classname="com.citi.mobileAutomation.test_TH.TestDashBoard_L2_L3_TH">
    <skipped/>
  </testcase> <!-- gettingData_ReadyCredit -->
  <testcase name="gettingData_ReadyCredit" time="0.000" classname="com.citi.mobileAutomation.test_TH.TestDashBoard_L2_L3_TH">
    <skipped/>
  </testcase> <!-- gettingData_ReadyCredit -->
  <testcase name="gettingData_ReadyCredit" time="0.000" classname="com.citi.mobileAutomation.test_TH.TestDashBoard_L2_L3_TH">
    <skipped/>
  </testcase> <!-- gettingData_ReadyCredit -->
  <testcase name="gettingData_ReadyCredit" time="0.000" classname="com.citi.mobileAutomation.test_TH.TestDashBoard_L2_L3_TH">
    <skipped/>
  </testcase> <!-- gettingData_ReadyCredit -->
  <testcase name="gettingData_ReadyCredit" time="0.000" classname="com.citi.mobileAutomation.test_TH.TestDashBoard_L2_L3_TH">
    <skipped/>
  </testcase> <!-- gettingData_ReadyCredit -->
  <testcase name="gettingData_ReadyCredit" time="0.000" classname="com.citi.mobileAutomation.test_TH.TestDashBoard_L2_L3_TH">
    <skipped/>
  </testcase> <!-- gettingData_ReadyCredit -->
  <testcase name="gettingData_ReadyCredit" time="0.000" classname="com.citi.mobileAutomation.test_TH.TestDashBoard_L2_L3_TH">
    <skipped/>
  </testcase> <!-- gettingData_ReadyCredit -->
  <testcase name="gettingData_ReadyCredit" time="0.000" classname="com.citi.mobileAutomation.test_TH.TestDashBoard_L2_L3_TH">
    <skipped/>
  </testcase> <!-- gettingData_ReadyCredit -->
  <testcase name="gettingData_ReadyCredit" time="0.000" classname="com.citi.mobileAutomation.test_TH.TestDashBoard_L2_L3_TH">
    <skipped/>
  </testcase> <!-- gettingData_ReadyCredit -->
  <testcase name="gettingData_Savings" classname="com.citi.mobileAutomation.test_TH.TestDashBoard_L2_L3_TH">
    <skipped/>
  </testcase> <!-- gettingData_Savings -->
</testsuite> <!-- com.citi.mobileAutomation.test_TH.TestDashBoard_L2_L3_TH -->
