<?xml version="1.0" encoding="UTF-8"?>
<!-- Generated by org.testng.reporters.JUnitReportReporter -->
<testsuite skipped="2" hostname="RDT065" name="com.citi.mobileAutomation.test_TH.TestDashBoard_L2_L3_PH" tests="21" failures="2" timestamp="24 Jan 2019 09:03:00 GMT" time="160.822" errors="0">
  <testcase name="gettingData_TimeDeposits" time="4.247" classname="com.citi.mobileAutomation.test_TH.TestDashBoard_L2_L3_PH"/>
  <testcase name="gettingData_TimeDeposits" time="4.218" classname="com.citi.mobileAutomation.test_TH.TestDashBoard_L2_L3_PH"/>
  <testcase name="gettingData_TimeDeposits" time="3.882" classname="com.citi.mobileAutomation.test_TH.TestDashBoard_L2_L3_PH">
    <failure type="java.lang.AssertionError" message="expected [26860.55] but found [PHP 268,044.48]">
      <![CDATA[java.lang.AssertionError: expected [26860.55] but found [PHP 268,044.48]
at org.testng.Assert.fail(Assert.java:96)
at org.testng.Assert.failNotEquals(Assert.java:776)
at org.testng.Assert.assertEqualsImpl(Assert.java:137)
at org.testng.Assert.assertEquals(Assert.java:118)
at org.testng.Assert.assertEquals(Assert.java:453)
at org.testng.Assert.assertEquals(Assert.java:463)
at com.citi.mobileAutomation.assertEngine.Assert_Engine.assertMapping(Assert_Engine.java:9)
at com.citi.mobileAutomation.dataMapping.Action_Mapping.actionMapping_Mobile_Application_Native_Android(Action_Mapping.java:38)
at com.citi.mobileAutomation.dataMapping.ObjectGroups.actionOnElements(ObjectGroups.java:51)
at com.citi.mobileAutomation.test_TH.TestDashBoard_L2_L3_PH.gettingData_TimeDeposits(TestDashBoard_L2_L3_PH.java:53)
at sun.reflect.NativeMethodAccessorImpl.invoke0(Native Method)
at sun.reflect.NativeMethodAccessorImpl.invoke(NativeMethodAccessorImpl.java:62)
at sun.reflect.DelegatingMethodAccessorImpl.invoke(DelegatingMethodAccessorImpl.java:43)
at java.lang.reflect.Method.invoke(Method.java:498)
at org.testng.internal.MethodInvocationHelper.invokeMethod(MethodInvocationHelper.java:124)
at org.testng.internal.Invoker.invokeMethod(Invoker.java:580)
at org.testng.internal.Invoker.invokeTestMethod(Invoker.java:716)
at org.testng.internal.Invoker.invokeTestMethods(Invoker.java:988)
at org.testng.internal.TestMethodWorker.invokeTestMethods(TestMethodWorker.java:125)
at org.testng.internal.TestMethodWorker.run(TestMethodWorker.java:109)
at org.testng.TestRunner.privateRun(TestRunner.java:648)
at org.testng.TestRunner.run(TestRunner.java:505)
at org.testng.SuiteRunner.runTest(SuiteRunner.java:455)
at org.testng.SuiteRunner.runSequentially(SuiteRunner.java:450)
at org.testng.SuiteRunner.privateRun(SuiteRunner.java:415)
at org.testng.SuiteRunner.run(SuiteRunner.java:364)
at org.testng.SuiteRunnerWorker.runSuite(SuiteRunnerWorker.java:52)
at org.testng.SuiteRunnerWorker.run(SuiteRunnerWorker.java:84)
at org.testng.TestNG.runSuitesSequentially(TestNG.java:1208)
at org.testng.TestNG.runSuitesLocally(TestNG.java:1137)
at org.testng.TestNG.runSuites(TestNG.java:1049)
at org.testng.TestNG.run(TestNG.java:1017)
at org.testng.remote.AbstractRemoteTestNG.run(AbstractRemoteTestNG.java:114)
at org.testng.remote.RemoteTestNG.initAndRun(RemoteTestNG.java:251)
at org.testng.remote.RemoteTestNG.main(RemoteTestNG.java:77)
]]>
    </failure>
  </testcase> <!-- gettingData_TimeDeposits -->
  <testcase name="gettingData_TimeDeposits" time="4.004" classname="com.citi.mobileAutomation.test_TH.TestDashBoard_L2_L3_PH"/>
  <testcase name="gettingData_TimeDeposits" time="4.088" classname="com.citi.mobileAutomation.test_TH.TestDashBoard_L2_L3_PH"/>
  <testcase name="gettingData_TimeDeposits" time="4.072" classname="com.citi.mobileAutomation.test_TH.TestDashBoard_L2_L3_PH"/>
  <testcase name="gettingData_TimeDeposits" time="4.000" classname="com.citi.mobileAutomation.test_TH.TestDashBoard_L2_L3_PH"/>
  <testcase name="gettingData_TimeDeposits" time="28.070" classname="com.citi.mobileAutomation.test_TH.TestDashBoard_L2_L3_PH">
    <failure type="java.lang.AssertionError" message="expected [Current Principal] but found [Current principal]">
      <![CDATA[java.lang.AssertionError: expected [Current Principal] but found [Current principal]
at org.testng.Assert.fail(Assert.java:96)
at org.testng.Assert.failNotEquals(Assert.java:776)
at org.testng.Assert.assertEqualsImpl(Assert.java:137)
at org.testng.Assert.assertEquals(Assert.java:118)
at org.testng.Assert.assertEquals(Assert.java:453)
at org.testng.Assert.assertEquals(Assert.java:463)
at com.citi.mobileAutomation.assertEngine.Assert_Engine.assertMapping(Assert_Engine.java:9)
at com.citi.mobileAutomation.dataMapping.Action_Mapping.actionMapping_Mobile_Application_Native_Android(Action_Mapping.java:38)
at com.citi.mobileAutomation.dataMapping.ObjectGroups.actionOnElements(ObjectGroups.java:41)
at com.citi.mobileAutomation.test_TH.TestDashBoard_L2_L3_PH.gettingData_TimeDeposits(TestDashBoard_L2_L3_PH.java:53)
at sun.reflect.NativeMethodAccessorImpl.invoke0(Native Method)
at sun.reflect.NativeMethodAccessorImpl.invoke(NativeMethodAccessorImpl.java:62)
at sun.reflect.DelegatingMethodAccessorImpl.invoke(DelegatingMethodAccessorImpl.java:43)
at java.lang.reflect.Method.invoke(Method.java:498)
at org.testng.internal.MethodInvocationHelper.invokeMethod(MethodInvocationHelper.java:124)
at org.testng.internal.Invoker.invokeMethod(Invoker.java:580)
at org.testng.internal.Invoker.invokeTestMethod(Invoker.java:716)
at org.testng.internal.Invoker.invokeTestMethods(Invoker.java:988)
at org.testng.internal.TestMethodWorker.invokeTestMethods(TestMethodWorker.java:125)
at org.testng.internal.TestMethodWorker.run(TestMethodWorker.java:109)
at org.testng.TestRunner.privateRun(TestRunner.java:648)
at org.testng.TestRunner.run(TestRunner.java:505)
at org.testng.SuiteRunner.runTest(SuiteRunner.java:455)
at org.testng.SuiteRunner.runSequentially(SuiteRunner.java:450)
at org.testng.SuiteRunner.privateRun(SuiteRunner.java:415)
at org.testng.SuiteRunner.run(SuiteRunner.java:364)
at org.testng.SuiteRunnerWorker.runSuite(SuiteRunnerWorker.java:52)
at org.testng.SuiteRunnerWorker.run(SuiteRunnerWorker.java:84)
at org.testng.TestNG.runSuitesSequentially(TestNG.java:1208)
at org.testng.TestNG.runSuitesLocally(TestNG.java:1137)
at org.testng.TestNG.runSuites(TestNG.java:1049)
at org.testng.TestNG.run(TestNG.java:1017)
at org.testng.remote.AbstractRemoteTestNG.run(AbstractRemoteTestNG.java:114)
at org.testng.remote.RemoteTestNG.initAndRun(RemoteTestNG.java:251)
at org.testng.remote.RemoteTestNG.main(RemoteTestNG.java:77)
]]>
    </failure>
  </testcase> <!-- gettingData_TimeDeposits -->
  <testcase name="gettingData_TimeDeposits" time="3.820" classname="com.citi.mobileAutomation.test_TH.TestDashBoard_L2_L3_PH"/>
  <testcase name="gettingData_TimeDeposits" time="3.945" classname="com.citi.mobileAutomation.test_TH.TestDashBoard_L2_L3_PH"/>
  <testcase name="gettingData_TimeDeposits" time="4.194" classname="com.citi.mobileAutomation.test_TH.TestDashBoard_L2_L3_PH"/>
  <testcase name="gettingData_TimeDeposits" time="3.885" classname="com.citi.mobileAutomation.test_TH.TestDashBoard_L2_L3_PH"/>
  <testcase name="gettingData_TimeDeposits" time="4.050" classname="com.citi.mobileAutomation.test_TH.TestDashBoard_L2_L3_PH"/>
  <testcase name="gettingData_TimeDeposits" time="3.995" classname="com.citi.mobileAutomation.test_TH.TestDashBoard_L2_L3_PH"/>
  <testcase name="gettingData_TimeDeposits" time="7.619" classname="com.citi.mobileAutomation.test_TH.TestDashBoard_L2_L3_PH"/>
  <testcase name="gettingData_TimeDeposits" time="3.947" classname="com.citi.mobileAutomation.test_TH.TestDashBoard_L2_L3_PH"/>
  <testcase name="gettingData_TimeDeposits" time="4.058" classname="com.citi.mobileAutomation.test_TH.TestDashBoard_L2_L3_PH"/>
  <testcase name="gettingData_TimeDeposits" time="60.655" classname="com.citi.mobileAutomation.test_TH.TestDashBoard_L2_L3_PH"/>
  <testcase name="gettingData_TimeDeposits" time="4.073" classname="com.citi.mobileAutomation.test_TH.TestDashBoard_L2_L3_PH"/>
  <testcase name="gettingData_Checkings" classname="com.citi.mobileAutomation.test_TH.TestDashBoard_L2_L3_PH">
    <skipped/>
  </testcase> <!-- gettingData_Checkings -->
  <testcase name="gettingData_Savings" classname="com.citi.mobileAutomation.test_TH.TestDashBoard_L2_L3_PH">
    <skipped/>
  </testcase> <!-- gettingData_Savings -->
</testsuite> <!-- com.citi.mobileAutomation.test_TH.TestDashBoard_L2_L3_PH -->
