<?xml version="1.0" encoding="UTF-8"?>
<!-- Generated by org.testng.reporters.JUnitReportReporter -->
<testsuite skipped="16" hostname="apples-MacBook-Pro-4.local" name="com.citi.mobileAutomation.test_TH.Test_APAC_iOS_TH" tests="17" failures="0" timestamp="03 Jun 2019 07:10:10 GMT" time="15.685" errors="1">
  <testcase name="gettingDashboard" time="0.000" classname="com.citi.mobileAutomation.test_TH.Test_APAC_iOS_TH">
    <skipped/>
  </testcase> <!-- gettingDashboard -->
  <testcase name="gettingDashboard" time="0.000" classname="com.citi.mobileAutomation.test_TH.Test_APAC_iOS_TH">
    <skipped/>
  </testcase> <!-- gettingDashboard -->
  <testcase name="gettingDashboard" time="0.000" classname="com.citi.mobileAutomation.test_TH.Test_APAC_iOS_TH">
    <skipped/>
  </testcase> <!-- gettingDashboard -->
  <testcase name="gettingDashboard" time="0.000" classname="com.citi.mobileAutomation.test_TH.Test_APAC_iOS_TH">
    <skipped/>
  </testcase> <!-- gettingDashboard -->
  <testcase name="gettingDashboard" time="0.000" classname="com.citi.mobileAutomation.test_TH.Test_APAC_iOS_TH">
    <skipped/>
  </testcase> <!-- gettingDashboard -->
  <testcase name="gettingDashboard" time="0.000" classname="com.citi.mobileAutomation.test_TH.Test_APAC_iOS_TH">
    <skipped/>
  </testcase> <!-- gettingDashboard -->
  <testcase name="gettingDashboard" time="0.000" classname="com.citi.mobileAutomation.test_TH.Test_APAC_iOS_TH">
    <skipped/>
  </testcase> <!-- gettingDashboard -->
  <testcase name="gettingDashboard" time="0.000" classname="com.citi.mobileAutomation.test_TH.Test_APAC_iOS_TH">
    <skipped/>
  </testcase> <!-- gettingDashboard -->
  <testcase name="gettingDashboard" time="0.000" classname="com.citi.mobileAutomation.test_TH.Test_APAC_iOS_TH">
    <skipped/>
  </testcase> <!-- gettingDashboard -->
  <testcase name="gettingDashboard" time="0.000" classname="com.citi.mobileAutomation.test_TH.Test_APAC_iOS_TH">
    <skipped/>
  </testcase> <!-- gettingDashboard -->
  <testcase name="gettingDashboard" time="0.000" classname="com.citi.mobileAutomation.test_TH.Test_APAC_iOS_TH">
    <skipped/>
  </testcase> <!-- gettingDashboard -->
  <testcase name="gettingDashboard" time="0.000" classname="com.citi.mobileAutomation.test_TH.Test_APAC_iOS_TH">
    <skipped/>
  </testcase> <!-- gettingDashboard -->
  <testcase name="gettingDashboard" time="0.000" classname="com.citi.mobileAutomation.test_TH.Test_APAC_iOS_TH">
    <skipped/>
  </testcase> <!-- gettingDashboard -->
  <testcase name="gettingDashboard" time="0.000" classname="com.citi.mobileAutomation.test_TH.Test_APAC_iOS_TH">
    <skipped/>
  </testcase> <!-- gettingDashboard -->
  <testcase name="gettingDashboard" time="0.000" classname="com.citi.mobileAutomation.test_TH.Test_APAC_iOS_TH">
    <skipped/>
  </testcase> <!-- gettingDashboard -->
  <testcase name="appiumDriverInitialization" time="15.685" classname="com.citi.mobileAutomation.test_TH.Test_APAC_iOS_TH">
    <error type="org.openqa.selenium.WebDriverException" message="An unknown server-side error occurred while processing the command. Original error: Could not create simulator with name &#039;appiumTest-59A6BE87-A0EF-44CB-9EDA-CB9F2A0846A2-iPhone 8 Plus&#039;, device type id &#039;iPhone 8 Plus&#039; and runtime id &#039;12.1&#039;. Reason: &#039;simctl error running &#039;create&#039;: Invalid runtime: 12.1&#039; (WARNING: The server did not provide any stacktrace information)
Command duration or timeout: 14.91 seconds
Build info: version: &#039;2.45.0&#039;, revision: &#039;5017cb8e7ca8e37638dc3091b2440b90a1d8686f&#039;, time: &#039;2015-02-27 09:10:26&#039;
System info: host: &#039;apples-MacBook-Pro-4.local&#039;, ip: &#039;192.168.100.32&#039;, os.name: &#039;Mac OS X&#039;, os.arch: &#039;x86_64&#039;, os.version: &#039;10.14.4&#039;, java.version: &#039;1.8.0_211&#039;
Driver info: io.appium.java_client.ios.IOSDriver">
      <![CDATA[org.openqa.selenium.WebDriverException: An unknown server-side error occurred while processing the command. Original error: Could not create simulator with name 'appiumTest-59A6BE87-A0EF-44CB-9EDA-CB9F2A0846A2-iPhone 8 Plus', device type id 'iPhone 8 Plus' and runtime id '12.1'. Reason: 'simctl error running 'create': Invalid runtime: 12.1' (WARNING: The server did not provide any stacktrace information)
Command duration or timeout: 14.91 seconds
Build info: version: '2.45.0', revision: '5017cb8e7ca8e37638dc3091b2440b90a1d8686f', time: '2015-02-27 09:10:26'
System info: host: 'apples-MacBook-Pro-4.local', ip: '192.168.100.32', os.name: 'Mac OS X', os.arch: 'x86_64', os.version: '10.14.4', java.version: '1.8.0_211'
Driver info: io.appium.java_client.ios.IOSDriver
at sun.reflect.NativeConstructorAccessorImpl.newInstance0(Native Method)
at sun.reflect.NativeConstructorAccessorImpl.newInstance(NativeConstructorAccessorImpl.java:62)
at sun.reflect.DelegatingConstructorAccessorImpl.newInstance(DelegatingConstructorAccessorImpl.java:45)
at java.lang.reflect.Constructor.newInstance(Constructor.java:423)
at org.openqa.selenium.remote.ErrorHandler.createThrowable(ErrorHandler.java:204)
at org.openqa.selenium.remote.ErrorHandler.throwIfResponseFailed(ErrorHandler.java:156)
at org.openqa.selenium.remote.RemoteWebDriver.execute(RemoteWebDriver.java:599)
at io.appium.java_client.DefaultGenericMobileDriver.execute(DefaultGenericMobileDriver.java:51)
at io.appium.java_client.AppiumDriver.execute(AppiumDriver.java:1)
at io.appium.java_client.ios.IOSDriver.execute(IOSDriver.java:1)
at org.openqa.selenium.remote.RemoteWebDriver.startSession(RemoteWebDriver.java:240)
at org.openqa.selenium.remote.RemoteWebDriver.<init>(RemoteWebDriver.java:126)
at org.openqa.selenium.remote.RemoteWebDriver.<init>(RemoteWebDriver.java:139)
at io.appium.java_client.DefaultGenericMobileDriver.<init>(DefaultGenericMobileDriver.java:47)
at io.appium.java_client.AppiumDriver.<init>(AppiumDriver.java:114)
at io.appium.java_client.AppiumDriver.<init>(AppiumDriver.java:132)
at io.appium.java_client.ios.IOSDriver.<init>(IOSDriver.java:81)
at com.citi.mobileAutomation.baseTest.DriversInitilization.initilizeiOS(DriversInitilization.java:48)
at com.citi.mobileAutomation.baseTest.DriversInitilization.initilizer(DriversInitilization.java:53)
at com.citi.mobileAutomation.controlers.Initilizer.appiumDriverInitialization(Initilizer.java:54)
at sun.reflect.NativeMethodAccessorImpl.invoke0(Native Method)
at sun.reflect.NativeMethodAccessorImpl.invoke(NativeMethodAccessorImpl.java:62)
at sun.reflect.DelegatingMethodAccessorImpl.invoke(DelegatingMethodAccessorImpl.java:43)
at java.lang.reflect.Method.invoke(Method.java:498)
at org.testng.internal.MethodInvocationHelper.invokeMethod(MethodInvocationHelper.java:124)
at org.testng.internal.MethodInvocationHelper.invokeMethodConsideringTimeout(MethodInvocationHelper.java:59)
at org.testng.internal.Invoker.invokeConfigurationMethod(Invoker.java:458)
at org.testng.internal.Invoker.invokeConfigurations(Invoker.java:222)
at org.testng.internal.Invoker.invokeConfigurations(Invoker.java:142)
at org.testng.SuiteRunner.privateRun(SuiteRunner.java:401)
at org.testng.SuiteRunner.run(SuiteRunner.java:364)
at org.testng.SuiteRunnerWorker.runSuite(SuiteRunnerWorker.java:52)
at org.testng.SuiteRunnerWorker.run(SuiteRunnerWorker.java:84)
at org.testng.TestNG.runSuitesSequentially(TestNG.java:1208)
at org.testng.TestNG.runSuitesLocally(TestNG.java:1137)
at org.testng.TestNG.runSuites(TestNG.java:1049)
at org.testng.TestNG.run(TestNG.java:1017)
at org.testng.remote.AbstractRemoteTestNG.run(AbstractRemoteTestNG.java:115)
at org.testng.remote.RemoteTestNG.initAndRun(RemoteTestNG.java:251)
at org.testng.remote.RemoteTestNG.main(RemoteTestNG.java:77)
]]>
    </error>
  </testcase> <!-- appiumDriverInitialization -->
  <testcase name="gettingDashboard" time="0.000" classname="com.citi.mobileAutomation.test_TH.Test_APAC_iOS_TH">
    <skipped/>
  </testcase> <!-- gettingDashboard -->
</testsuite> <!-- com.citi.mobileAutomation.test_TH.Test_APAC_iOS_TH -->
