<?xml version="1.0" encoding="UTF-8"?>
<!-- Generated by org.testng.reporters.JUnitReportReporter -->
<testsuite skipped="0" hostname="RDT065" name="com.citi.mobileAutomation.test_PH.TestDashBoard_L2_L3_PH_TD_003" tests="20" failures="1" timestamp="04 Feb 2019 07:05:08 GMT" time="397.788" errors="1">
  <testcase name="gettingData_TimeDeposits" time="2.591" classname="com.citi.mobileAutomation.test_PH.TestDashBoard_L2_L3_PH_TD_003"/>
  <testcase name="gettingData_TimeDeposits" time="325.281" classname="com.citi.mobileAutomation.test_PH.TestDashBoard_L2_L3_PH_TD_003"/>
  <testcase name="gettingData_TimeDeposits" time="2.482" classname="com.citi.mobileAutomation.test_PH.TestDashBoard_L2_L3_PH_TD_003"/>
  <testcase name="gettingData_TimeDeposits" time="2.584" classname="com.citi.mobileAutomation.test_PH.TestDashBoard_L2_L3_PH_TD_003"/>
  <testcase name="gettingData_TimeDeposits" time="3.725" classname="com.citi.mobileAutomation.test_PH.TestDashBoard_L2_L3_PH_TD_003">
    <failure type="java.lang.AssertionError" message="expected [true] but found [false]">
      <![CDATA[java.lang.AssertionError: expected [true] but found [false]
at org.testng.Assert.fail(Assert.java:96)
at org.testng.Assert.failNotEquals(Assert.java:776)
at org.testng.Assert.assertTrue(Assert.java:44)
at org.testng.Assert.assertTrue(Assert.java:54)
at com.citi.mobileAutomation.assertEngine.Assert_Engine.assertMapping(Assert_Engine.java:15)
at com.citi.mobileAutomation.dataMapping.Action_Mapping.actionMapping_Mobile_Application_Native_Android(Action_Mapping.java:38)
at com.citi.mobileAutomation.dataMapping.ObjectGroups.actionOnElements(ObjectGroups.java:51)
at com.citi.mobileAutomation.test_PH.TestDashBoard_L2_L3_PH_TD_003.gettingData_TimeDeposits(TestDashBoard_L2_L3_PH_TD_003.java:21)
at sun.reflect.NativeMethodAccessorImpl.invoke0(Native Method)
at sun.reflect.NativeMethodAccessorImpl.invoke(NativeMethodAccessorImpl.java:62)
at sun.reflect.DelegatingMethodAccessorImpl.invoke(DelegatingMethodAccessorImpl.java:43)
at java.lang.reflect.Method.invoke(Method.java:498)
at org.testng.internal.MethodInvocationHelper.invokeMethod(MethodInvocationHelper.java:124)
at org.testng.internal.Invoker.invokeMethod(Invoker.java:580)
at org.testng.internal.Invoker.invokeTestMethod(Invoker.java:716)
at org.testng.internal.Invoker.invokeTestMethods(Invoker.java:988)
at org.testng.internal.TestMethodWorker.invokeTestMethods(TestMethodWorker.java:125)
at org.testng.internal.TestMethodWorker.run(TestMethodWorker.java:109)
at org.testng.TestRunner.privateRun(TestRunner.java:648)
at org.testng.TestRunner.run(TestRunner.java:505)
at org.testng.SuiteRunner.runTest(SuiteRunner.java:455)
at org.testng.SuiteRunner.runSequentially(SuiteRunner.java:450)
at org.testng.SuiteRunner.privateRun(SuiteRunner.java:415)
at org.testng.SuiteRunner.run(SuiteRunner.java:364)
at org.testng.SuiteRunnerWorker.runSuite(SuiteRunnerWorker.java:52)
at org.testng.SuiteRunnerWorker.run(SuiteRunnerWorker.java:84)
at org.testng.TestNG.runSuitesSequentially(TestNG.java:1208)
at org.testng.TestNG.runSuitesLocally(TestNG.java:1137)
at org.testng.TestNG.runSuites(TestNG.java:1049)
at org.testng.TestNG.run(TestNG.java:1017)
at org.testng.remote.AbstractRemoteTestNG.run(AbstractRemoteTestNG.java:114)
at org.testng.remote.RemoteTestNG.initAndRun(RemoteTestNG.java:251)
at org.testng.remote.RemoteTestNG.main(RemoteTestNG.java:77)
]]>
    </failure>
  </testcase> <!-- gettingData_TimeDeposits -->
  <testcase name="gettingData_TimeDeposits" time="1.599" classname="com.citi.mobileAutomation.test_PH.TestDashBoard_L2_L3_PH_TD_003"/>
  <testcase name="gettingData_TimeDeposits" time="2.531" classname="com.citi.mobileAutomation.test_PH.TestDashBoard_L2_L3_PH_TD_003"/>
  <testcase name="gettingData_TimeDeposits" time="2.469" classname="com.citi.mobileAutomation.test_PH.TestDashBoard_L2_L3_PH_TD_003"/>
  <testcase name="gettingData_TimeDeposits" time="2.395" classname="com.citi.mobileAutomation.test_PH.TestDashBoard_L2_L3_PH_TD_003"/>
  <testcase name="gettingData_TimeDeposits" time="2.486" classname="com.citi.mobileAutomation.test_PH.TestDashBoard_L2_L3_PH_TD_003"/>
  <testcase name="gettingData_TimeDeposits" time="2.520" classname="com.citi.mobileAutomation.test_PH.TestDashBoard_L2_L3_PH_TD_003"/>
  <testcase name="gettingData_TimeDeposits" time="2.772" classname="com.citi.mobileAutomation.test_PH.TestDashBoard_L2_L3_PH_TD_003"/>
  <testcase name="closeOpenItems" time="3.876" classname="com.citi.mobileAutomation.test_PH.TestDashBoard_L2_L3_PH_TD_003">
    <error type="org.openqa.selenium.WebDriverException" message="Method has not yet been implemented (WARNING: The server did not provide any stacktrace information)
Command duration or timeout: 14 milliseconds
Build info: version: &#039;2.45.0&#039;, revision: &#039;5017cb8e7ca8e37638dc3091b2440b90a1d8686f&#039;, time: &#039;2015-02-27 09:10:26&#039;
System info: host: &#039;RDT065&#039;, ip: &#039;192.168.100.62&#039;, os.name: &#039;Windows 10&#039;, os.arch: &#039;amd64&#039;, os.version: &#039;10.0&#039;, java.version: &#039;1.8.0_192&#039;
Driver info: io.appium.java_client.android.AndroidDriver
Capabilities [{appPackage=com.citi.mobile.ph.dit, deviceScreenSize=1440x2560, networkConnectionEnabled=true, warnings={}, databaseEnabled=false, deviceName=emulator-5554, platform=LINUX, deviceUDID=emulator-5554, appActivity=com.citi.mobile.pt3.starter.authentication.view.activity.LoginActivity, androidInstallTimeout=150000, desired={appPackage=com.citi.mobile.ph.dit, appActivity=com.citi.mobile.pt3.starter.authentication.view.activity.LoginActivity, androidInstallTimeout=150000, platformVersion=8.1.0, skipUnlock=true, autoGrantPermissions=true, platformName=Android, deviceName=emulator-5554}, platformVersion=8.1.0, webStorageEnabled=false, locationContextEnabled=false, takesScreenshot=true, skipUnlock=true, autoGrantPermissions=true, javascriptEnabled=true, deviceModel=Android SDK built for x86, platformName=Android, deviceManufacturer=Google}]
Session ID: 391548fd-dd3d-4f26-912d-0499db422cbb">
      <![CDATA[org.openqa.selenium.WebDriverException: Method has not yet been implemented (WARNING: The server did not provide any stacktrace information)
Command duration or timeout: 14 milliseconds
Build info: version: '2.45.0', revision: '5017cb8e7ca8e37638dc3091b2440b90a1d8686f', time: '2015-02-27 09:10:26'
System info: host: 'RDT065', ip: '192.168.100.62', os.name: 'Windows 10', os.arch: 'amd64', os.version: '10.0', java.version: '1.8.0_192'
Driver info: io.appium.java_client.android.AndroidDriver
Capabilities [{appPackage=com.citi.mobile.ph.dit, deviceScreenSize=1440x2560, networkConnectionEnabled=true, warnings={}, databaseEnabled=false, deviceName=emulator-5554, platform=LINUX, deviceUDID=emulator-5554, appActivity=com.citi.mobile.pt3.starter.authentication.view.activity.LoginActivity, androidInstallTimeout=150000, desired={appPackage=com.citi.mobile.ph.dit, appActivity=com.citi.mobile.pt3.starter.authentication.view.activity.LoginActivity, androidInstallTimeout=150000, platformVersion=8.1.0, skipUnlock=true, autoGrantPermissions=true, platformName=Android, deviceName=emulator-5554}, platformVersion=8.1.0, webStorageEnabled=false, locationContextEnabled=false, takesScreenshot=true, skipUnlock=true, autoGrantPermissions=true, javascriptEnabled=true, deviceModel=Android SDK built for x86, platformName=Android, deviceManufacturer=Google}]
Session ID: 391548fd-dd3d-4f26-912d-0499db422cbb
at sun.reflect.NativeConstructorAccessorImpl.newInstance0(Native Method)
at sun.reflect.NativeConstructorAccessorImpl.newInstance(NativeConstructorAccessorImpl.java:62)
at sun.reflect.DelegatingConstructorAccessorImpl.newInstance(DelegatingConstructorAccessorImpl.java:45)
at java.lang.reflect.Constructor.newInstance(Constructor.java:423)
at org.openqa.selenium.remote.ErrorHandler.createThrowable(ErrorHandler.java:204)
at org.openqa.selenium.remote.ErrorHandler.throwIfResponseFailed(ErrorHandler.java:156)
at org.openqa.selenium.remote.RemoteWebDriver.execute(RemoteWebDriver.java:599)
at io.appium.java_client.DefaultGenericMobileDriver.execute(DefaultGenericMobileDriver.java:51)
at io.appium.java_client.AppiumDriver.execute(AppiumDriver.java:268)
at org.openqa.selenium.remote.RemoteWebDriver.close(RemoteWebDriver.java:463)
at com.citi.mobileAutomation.controlers.Initilizer.closeOpenItems(Initilizer.java:61)
at sun.reflect.NativeMethodAccessorImpl.invoke0(Native Method)
at sun.reflect.NativeMethodAccessorImpl.invoke(NativeMethodAccessorImpl.java:62)
at sun.reflect.DelegatingMethodAccessorImpl.invoke(DelegatingMethodAccessorImpl.java:43)
at java.lang.reflect.Method.invoke(Method.java:498)
at org.testng.internal.MethodInvocationHelper.invokeMethod(MethodInvocationHelper.java:124)
at org.testng.internal.MethodInvocationHelper.invokeMethodConsideringTimeout(MethodInvocationHelper.java:59)
at org.testng.internal.Invoker.invokeConfigurationMethod(Invoker.java:455)
at org.testng.internal.Invoker.invokeConfigurations(Invoker.java:222)
at org.testng.internal.Invoker.invokeConfigurations(Invoker.java:142)
at org.testng.SuiteRunner.privateRun(SuiteRunner.java:425)
at org.testng.SuiteRunner.run(SuiteRunner.java:364)
at org.testng.SuiteRunnerWorker.runSuite(SuiteRunnerWorker.java:52)
at org.testng.SuiteRunnerWorker.run(SuiteRunnerWorker.java:84)
at org.testng.TestNG.runSuitesSequentially(TestNG.java:1208)
at org.testng.TestNG.runSuitesLocally(TestNG.java:1137)
at org.testng.TestNG.runSuites(TestNG.java:1049)
at org.testng.TestNG.run(TestNG.java:1017)
at org.testng.remote.AbstractRemoteTestNG.run(AbstractRemoteTestNG.java:114)
at org.testng.remote.RemoteTestNG.initAndRun(RemoteTestNG.java:251)
at org.testng.remote.RemoteTestNG.main(RemoteTestNG.java:77)
]]>
    </error>
  </testcase> <!-- closeOpenItems -->
  <testcase name="gettingData_TimeDeposits" time="27.839" classname="com.citi.mobileAutomation.test_PH.TestDashBoard_L2_L3_PH_TD_003"/>
  <testcase name="gettingData_TimeDeposits" time="2.527" classname="com.citi.mobileAutomation.test_PH.TestDashBoard_L2_L3_PH_TD_003"/>
  <testcase name="gettingData_TimeDeposits" time="2.547" classname="com.citi.mobileAutomation.test_PH.TestDashBoard_L2_L3_PH_TD_003"/>
  <testcase name="gettingData_TimeDeposits" time="2.487" classname="com.citi.mobileAutomation.test_PH.TestDashBoard_L2_L3_PH_TD_003"/>
  <testcase name="gettingData_TimeDeposits" time="2.479" classname="com.citi.mobileAutomation.test_PH.TestDashBoard_L2_L3_PH_TD_003"/>
  <testcase name="gettingData_TimeDeposits" time="2.525" classname="com.citi.mobileAutomation.test_PH.TestDashBoard_L2_L3_PH_TD_003"/>
  <testcase name="gettingData_TimeDeposits" time="0.073" classname="com.citi.mobileAutomation.test_PH.TestDashBoard_L2_L3_PH_TD_003"/>
</testsuite> <!-- com.citi.mobileAutomation.test_PH.TestDashBoard_L2_L3_PH_TD_003 -->
