<?xml version="1.0" encoding="UTF-8"?>
<!-- Generated by org.testng.reporters.JUnitReportReporter -->
<testsuite skipped="0" hostname="RDT039" name="com.citi.mobileAutomation.test_TW_Dashboard.Test_TW_Dashboard_Transaction_search" tests="29" failures="1" timestamp="25 Feb 2019 19:19:10 GMT" time="852.169" errors="3">
  <testcase name="TW_Dashboard_transaction_filters" time="23.717" classname="com.citi.mobileAutomation.test_TW_Dashboard.Test_TW_Dashboard_Transaction_search"/>
  <testcase name="TW_Dashboard_transaction_filters" time="18.456" classname="com.citi.mobileAutomation.test_TW_Dashboard.Test_TW_Dashboard_Transaction_search"/>
  <testcase name="TW_Dashboard_transaction_filters" time="6.864" classname="com.citi.mobileAutomation.test_TW_Dashboard.Test_TW_Dashboard_Transaction_search"/>
  <testcase name="TW_Dashboard_transaction_filters" time="36.520" classname="com.citi.mobileAutomation.test_TW_Dashboard.Test_TW_Dashboard_Transaction_search">
    <error type="org.openqa.selenium.TimeoutException" message="Timed out after 20 seconds waiting for presence of element located by: By.xpath: //android.view.View[@content-desc=&quot;Less than TWD 0&quot;]
Build info: version: &#039;2.45.0&#039;, revision: &#039;5017cb8e7ca8e37638dc3091b2440b90a1d8686f&#039;, time: &#039;2015-02-27 09:10:26&#039;
System info: host: &#039;RDT039&#039;, ip: &#039;192.168.1.3&#039;, os.name: &#039;Windows 10&#039;, os.arch: &#039;amd64&#039;, os.version: &#039;10.0&#039;, java.version: &#039;1.8.0_201&#039;
Driver info: io.appium.java_client.android.AndroidDriver
Capabilities [{appPackage=com.citibank.mobile.tw.sit, deviceScreenSize=1440x2560, networkConnectionEnabled=true, warnings={}, databaseEnabled=false, deviceName=emulator-5554, platform=LINUX, deviceUDID=emulator-5554, appActivity=com.citi.mobile.pt3.GlobalPhoneActivity, androidInstallTimeout=150000, desired={appPackage=com.citibank.mobile.tw.sit, appActivity=com.citi.mobile.pt3.GlobalPhoneActivity, androidInstallTimeout=150000, platformVersion=8.1.0, skipUnlock=true, autoGrantPermissions=true, platformName=Android, deviceName=emulator-5554}, platformVersion=8.1.0, webStorageEnabled=false, locationContextEnabled=false, takesScreenshot=true, skipUnlock=true, autoGrantPermissions=true, javascriptEnabled=true, deviceModel=Android SDK built for x86, platformName=Android, deviceManufacturer=Google}]
Session ID: a58b0b17-f694-4ad5-87b6-6c23552aead3">
      <![CDATA[org.openqa.selenium.TimeoutException: Timed out after 20 seconds waiting for presence of element located by: By.xpath: //android.view.View[@content-desc="Less than TWD 0"]
Build info: version: '2.45.0', revision: '5017cb8e7ca8e37638dc3091b2440b90a1d8686f', time: '2015-02-27 09:10:26'
System info: host: 'RDT039', ip: '192.168.1.3', os.name: 'Windows 10', os.arch: 'amd64', os.version: '10.0', java.version: '1.8.0_201'
Driver info: io.appium.java_client.android.AndroidDriver
Capabilities [{appPackage=com.citibank.mobile.tw.sit, deviceScreenSize=1440x2560, networkConnectionEnabled=true, warnings={}, databaseEnabled=false, deviceName=emulator-5554, platform=LINUX, deviceUDID=emulator-5554, appActivity=com.citi.mobile.pt3.GlobalPhoneActivity, androidInstallTimeout=150000, desired={appPackage=com.citibank.mobile.tw.sit, appActivity=com.citi.mobile.pt3.GlobalPhoneActivity, androidInstallTimeout=150000, platformVersion=8.1.0, skipUnlock=true, autoGrantPermissions=true, platformName=Android, deviceName=emulator-5554}, platformVersion=8.1.0, webStorageEnabled=false, locationContextEnabled=false, takesScreenshot=true, skipUnlock=true, autoGrantPermissions=true, javascriptEnabled=true, deviceModel=Android SDK built for x86, platformName=Android, deviceManufacturer=Google}]
Session ID: a58b0b17-f694-4ad5-87b6-6c23552aead3
at org.openqa.selenium.support.ui.WebDriverWait.timeoutException(WebDriverWait.java:79)
at org.openqa.selenium.support.ui.FluentWait.until(FluentWait.java:228)
at com.citi.mobileAutomation.utils.ResuableFunction.getTextFromElementByWait(ResuableFunction.java:193)
at com.citi.mobileAutomation.dataMapping.Action_Mapping.actionMapping_Mobile_Application_Native_Android(Action_Mapping.java:45)
at com.citi.mobileAutomation.dataMapping.ObjectGroups.actionOnElements(ObjectGroups.java:41)
at com.citi.mobileAutomation.test_TW_Dashboard.Test_TW_Dashboard_Transaction_search.TW_Dashboard_transaction_filters(Test_TW_Dashboard_Transaction_search.java:19)
at sun.reflect.GeneratedMethodAccessor4.invoke(Unknown Source)
at sun.reflect.DelegatingMethodAccessorImpl.invoke(Unknown Source)
at java.lang.reflect.Method.invoke(Unknown Source)
at org.testng.internal.MethodInvocationHelper.invokeMethod(MethodInvocationHelper.java:124)
at org.testng.internal.Invoker.invokeMethod(Invoker.java:580)
at org.testng.internal.Invoker.invokeTestMethod(Invoker.java:716)
at org.testng.internal.Invoker.invokeTestMethods(Invoker.java:988)
at org.testng.internal.TestMethodWorker.invokeTestMethods(TestMethodWorker.java:125)
at org.testng.internal.TestMethodWorker.run(TestMethodWorker.java:109)
at org.testng.TestRunner.privateRun(TestRunner.java:648)
at org.testng.TestRunner.run(TestRunner.java:505)
at org.testng.SuiteRunner.runTest(SuiteRunner.java:455)
at org.testng.SuiteRunner.runSequentially(SuiteRunner.java:450)
at org.testng.SuiteRunner.privateRun(SuiteRunner.java:415)
at org.testng.SuiteRunner.run(SuiteRunner.java:364)
at org.testng.SuiteRunnerWorker.runSuite(SuiteRunnerWorker.java:52)
at org.testng.SuiteRunnerWorker.run(SuiteRunnerWorker.java:84)
at org.testng.TestNG.runSuitesSequentially(TestNG.java:1208)
at org.testng.TestNG.runSuitesLocally(TestNG.java:1137)
at org.testng.TestNG.runSuites(TestNG.java:1049)
at org.testng.TestNG.run(TestNG.java:1017)
at org.testng.remote.AbstractRemoteTestNG.run(AbstractRemoteTestNG.java:114)
at org.testng.remote.RemoteTestNG.initAndRun(RemoteTestNG.java:251)
at org.testng.remote.RemoteTestNG.main(RemoteTestNG.java:77)
Caused by: org.openqa.selenium.NoSuchElementException: An element could not be located on the page using the given search parameters. (WARNING: The server did not provide any stacktrace information)
Command duration or timeout: 6.88 seconds
For documentation on this error, please visit: http://seleniumhq.org/exceptions/no_such_element.html
Build info: version: '2.45.0', revision: '5017cb8e7ca8e37638dc3091b2440b90a1d8686f', time: '2015-02-27 09:10:26'
System info: host: 'RDT039', ip: '192.168.1.3', os.name: 'Windows 10', os.arch: 'amd64', os.version: '10.0', java.version: '1.8.0_201'
Driver info: io.appium.java_client.android.AndroidDriver
Capabilities [{appPackage=com.citibank.mobile.tw.sit, deviceScreenSize=1440x2560, networkConnectionEnabled=true, warnings={}, databaseEnabled=false, deviceName=emulator-5554, platform=LINUX, deviceUDID=emulator-5554, appActivity=com.citi.mobile.pt3.GlobalPhoneActivity, androidInstallTimeout=150000, desired={appPackage=com.citibank.mobile.tw.sit, appActivity=com.citi.mobile.pt3.GlobalPhoneActivity, androidInstallTimeout=150000, platformVersion=8.1.0, skipUnlock=true, autoGrantPermissions=true, platformName=Android, deviceName=emulator-5554}, platformVersion=8.1.0, webStorageEnabled=false, locationContextEnabled=false, takesScreenshot=true, skipUnlock=true, autoGrantPermissions=true, javascriptEnabled=true, deviceModel=Android SDK built for x86, platformName=Android, deviceManufacturer=Google}]
Session ID: a58b0b17-f694-4ad5-87b6-6c23552aead3
*** Element info: {Using=xpath, value=//android.view.View[@content-desc="Less than TWD 0"]}
at sun.reflect.NativeConstructorAccessorImpl.newInstance0(Native Method)
at sun.reflect.NativeConstructorAccessorImpl.newInstance(Unknown Source)
at sun.reflect.DelegatingConstructorAccessorImpl.newInstance(Unknown Source)
at java.lang.reflect.Constructor.newInstance(Unknown Source)
at org.openqa.selenium.remote.ErrorHandler.createThrowable(ErrorHandler.java:204)
at org.openqa.selenium.remote.ErrorHandler.throwIfResponseFailed(ErrorHandler.java:156)
at org.openqa.selenium.remote.RemoteWebDriver.execute(RemoteWebDriver.java:599)
at io.appium.java_client.DefaultGenericMobileDriver.execute(DefaultGenericMobileDriver.java:51)
at io.appium.java_client.AppiumDriver.execute(AppiumDriver.java:1)
at io.appium.java_client.android.AndroidDriver.execute(AndroidDriver.java:1)
at org.openqa.selenium.remote.RemoteWebDriver.findElement(RemoteWebDriver.java:352)
at io.appium.java_client.DefaultGenericMobileDriver.findElement(DefaultGenericMobileDriver.java:67)
at io.appium.java_client.AppiumDriver.findElement(AppiumDriver.java:1)
at io.appium.java_client.android.AndroidDriver.findElement(AndroidDriver.java:1)
at org.openqa.selenium.remote.RemoteWebDriver.findElementByXPath(RemoteWebDriver.java:449)
at io.appium.java_client.DefaultGenericMobileDriver.findElementByXPath(DefaultGenericMobileDriver.java:145)
at io.appium.java_client.AppiumDriver.findElementByXPath(AppiumDriver.java:1)
at io.appium.java_client.android.AndroidDriver.findElementByXPath(AndroidDriver.java:1)
at org.openqa.selenium.By$ByXPath.findElement(By.java:357)
at org.openqa.selenium.remote.RemoteWebDriver.findElement(RemoteWebDriver.java:344)
at io.appium.java_client.DefaultGenericMobileDriver.findElement(DefaultGenericMobileDriver.java:63)
at io.appium.java_client.AppiumDriver.findElement(AppiumDriver.java:1)
at io.appium.java_client.android.AndroidDriver.findElement(AndroidDriver.java:1)
at org.openqa.selenium.support.ui.ExpectedConditions.findElement(ExpectedConditions.java:730)
at org.openqa.selenium.support.ui.ExpectedConditions.access$000(ExpectedConditions.java:39)
at org.openqa.selenium.support.ui.ExpectedConditions$3.apply(ExpectedConditions.java:106)
at org.openqa.selenium.support.ui.ExpectedConditions$3.apply(ExpectedConditions.java:103)
at org.openqa.selenium.support.ui.FluentWait.until(FluentWait.java:208)
... 28 more
]]>
    </error>
  </testcase> <!-- TW_Dashboard_transaction_filters -->
  <testcase name="TW_Dashboard_transaction_filters" time="6.654" classname="com.citi.mobileAutomation.test_TW_Dashboard.Test_TW_Dashboard_Transaction_search"/>
  <testcase name="TW_Dashboard_transaction_filters" time="10.131" classname="com.citi.mobileAutomation.test_TW_Dashboard.Test_TW_Dashboard_Transaction_search"/>
  <testcase name="TW_Dashboard_transaction_filters" time="10.375" classname="com.citi.mobileAutomation.test_TW_Dashboard.Test_TW_Dashboard_Transaction_search"/>
  <testcase name="TW_Dashboard_transaction_filters" time="11.319" classname="com.citi.mobileAutomation.test_TW_Dashboard.Test_TW_Dashboard_Transaction_search">
    <failure type="java.lang.AssertionError" message="expected [true] but found [false]">
      <![CDATA[java.lang.AssertionError: expected [true] but found [false]
at org.testng.Assert.fail(Assert.java:96)
at org.testng.Assert.failNotEquals(Assert.java:776)
at org.testng.Assert.assertTrue(Assert.java:44)
at org.testng.Assert.assertTrue(Assert.java:54)
at com.citi.mobileAutomation.assertEngine.Assert_Engine.assertMapping(Assert_Engine.java:13)
at com.citi.mobileAutomation.dataMapping.Action_Mapping.actionMapping_Mobile_Application_Native_Android(Action_Mapping.java:46)
at com.citi.mobileAutomation.dataMapping.ObjectGroups.actionOnElements(ObjectGroups.java:51)
at com.citi.mobileAutomation.test_TW_Dashboard.Test_TW_Dashboard_Transaction_search.TW_Dashboard_transaction_filters(Test_TW_Dashboard_Transaction_search.java:19)
at sun.reflect.GeneratedMethodAccessor4.invoke(Unknown Source)
at sun.reflect.DelegatingMethodAccessorImpl.invoke(Unknown Source)
at java.lang.reflect.Method.invoke(Unknown Source)
at org.testng.internal.MethodInvocationHelper.invokeMethod(MethodInvocationHelper.java:124)
at org.testng.internal.Invoker.invokeMethod(Invoker.java:580)
at org.testng.internal.Invoker.invokeTestMethod(Invoker.java:716)
at org.testng.internal.Invoker.invokeTestMethods(Invoker.java:988)
at org.testng.internal.TestMethodWorker.invokeTestMethods(TestMethodWorker.java:125)
at org.testng.internal.TestMethodWorker.run(TestMethodWorker.java:109)
at org.testng.TestRunner.privateRun(TestRunner.java:648)
at org.testng.TestRunner.run(TestRunner.java:505)
at org.testng.SuiteRunner.runTest(SuiteRunner.java:455)
at org.testng.SuiteRunner.runSequentially(SuiteRunner.java:450)
at org.testng.SuiteRunner.privateRun(SuiteRunner.java:415)
at org.testng.SuiteRunner.run(SuiteRunner.java:364)
at org.testng.SuiteRunnerWorker.runSuite(SuiteRunnerWorker.java:52)
at org.testng.SuiteRunnerWorker.run(SuiteRunnerWorker.java:84)
at org.testng.TestNG.runSuitesSequentially(TestNG.java:1208)
at org.testng.TestNG.runSuitesLocally(TestNG.java:1137)
at org.testng.TestNG.runSuites(TestNG.java:1049)
at org.testng.TestNG.run(TestNG.java:1017)
at org.testng.remote.AbstractRemoteTestNG.run(AbstractRemoteTestNG.java:114)
at org.testng.remote.RemoteTestNG.initAndRun(RemoteTestNG.java:251)
at org.testng.remote.RemoteTestNG.main(RemoteTestNG.java:77)
]]>
    </failure>
  </testcase> <!-- TW_Dashboard_transaction_filters -->
  <testcase name="TW_Dashboard_transaction_filters" time="116.692" classname="com.citi.mobileAutomation.test_TW_Dashboard.Test_TW_Dashboard_Transaction_search">
    <error type="org.openqa.selenium.NoSuchElementException" message="UiSelector[INSTANCE=0, RESOURCE_ID=amtRange-max] (WARNING: The server did not provide any stacktrace information)
Command duration or timeout: 66.94 seconds
For documentation on this error, please visit: http://seleniumhq.org/exceptions/no_such_element.html
Build info: version: &#039;2.45.0&#039;, revision: &#039;5017cb8e7ca8e37638dc3091b2440b90a1d8686f&#039;, time: &#039;2015-02-27 09:10:26&#039;
System info: host: &#039;RDT039&#039;, ip: &#039;192.168.1.3&#039;, os.name: &#039;Windows 10&#039;, os.arch: &#039;amd64&#039;, os.version: &#039;10.0&#039;, java.version: &#039;1.8.0_201&#039;
Driver info: io.appium.java_client.android.AndroidDriver
Capabilities [{appPackage=com.citibank.mobile.tw.sit, deviceScreenSize=1440x2560, networkConnectionEnabled=true, warnings={}, databaseEnabled=false, deviceName=emulator-5554, platform=LINUX, deviceUDID=emulator-5554, appActivity=com.citi.mobile.pt3.GlobalPhoneActivity, androidInstallTimeout=150000, desired={appPackage=com.citibank.mobile.tw.sit, appActivity=com.citi.mobile.pt3.GlobalPhoneActivity, androidInstallTimeout=150000, platformVersion=8.1.0, skipUnlock=true, autoGrantPermissions=true, platformName=Android, deviceName=emulator-5554}, platformVersion=8.1.0, webStorageEnabled=false, locationContextEnabled=false, takesScreenshot=true, skipUnlock=true, autoGrantPermissions=true, javascriptEnabled=true, deviceModel=Android SDK built for x86, platformName=Android, deviceManufacturer=Google}]
Session ID: a58b0b17-f694-4ad5-87b6-6c23552aead3">
      <![CDATA[org.openqa.selenium.NoSuchElementException: UiSelector[INSTANCE=0, RESOURCE_ID=amtRange-max] (WARNING: The server did not provide any stacktrace information)
Command duration or timeout: 66.94 seconds
For documentation on this error, please visit: http://seleniumhq.org/exceptions/no_such_element.html
Build info: version: '2.45.0', revision: '5017cb8e7ca8e37638dc3091b2440b90a1d8686f', time: '2015-02-27 09:10:26'
System info: host: 'RDT039', ip: '192.168.1.3', os.name: 'Windows 10', os.arch: 'amd64', os.version: '10.0', java.version: '1.8.0_201'
Driver info: io.appium.java_client.android.AndroidDriver
Capabilities [{appPackage=com.citibank.mobile.tw.sit, deviceScreenSize=1440x2560, networkConnectionEnabled=true, warnings={}, databaseEnabled=false, deviceName=emulator-5554, platform=LINUX, deviceUDID=emulator-5554, appActivity=com.citi.mobile.pt3.GlobalPhoneActivity, androidInstallTimeout=150000, desired={appPackage=com.citibank.mobile.tw.sit, appActivity=com.citi.mobile.pt3.GlobalPhoneActivity, androidInstallTimeout=150000, platformVersion=8.1.0, skipUnlock=true, autoGrantPermissions=true, platformName=Android, deviceName=emulator-5554}, platformVersion=8.1.0, webStorageEnabled=false, locationContextEnabled=false, takesScreenshot=true, skipUnlock=true, autoGrantPermissions=true, javascriptEnabled=true, deviceModel=Android SDK built for x86, platformName=Android, deviceManufacturer=Google}]
Session ID: a58b0b17-f694-4ad5-87b6-6c23552aead3
at sun.reflect.NativeConstructorAccessorImpl.newInstance0(Native Method)
at sun.reflect.NativeConstructorAccessorImpl.newInstance(Unknown Source)
at sun.reflect.DelegatingConstructorAccessorImpl.newInstance(Unknown Source)
at java.lang.reflect.Constructor.newInstance(Unknown Source)
at org.openqa.selenium.remote.ErrorHandler.createThrowable(ErrorHandler.java:204)
at org.openqa.selenium.remote.ErrorHandler.throwIfResponseFailed(ErrorHandler.java:156)
at org.openqa.selenium.remote.RemoteWebDriver.execute(RemoteWebDriver.java:599)
at io.appium.java_client.DefaultGenericMobileDriver.execute(DefaultGenericMobileDriver.java:51)
at io.appium.java_client.AppiumDriver.execute(AppiumDriver.java:1)
at io.appium.java_client.android.AndroidDriver.execute(AndroidDriver.java:1)
at org.openqa.selenium.remote.RemoteWebElement.execute(RemoteWebElement.java:268)
at io.appium.java_client.DefaultGenericMobileElement.execute(DefaultGenericMobileElement.java:46)
at io.appium.java_client.MobileElement.execute(MobileElement.java:1)
at io.appium.java_client.android.AndroidElement.execute(AndroidElement.java:1)
at org.openqa.selenium.remote.RemoteWebElement.sendKeys(RemoteWebElement.java:89)
at com.citi.mobileAutomation.utils.ResuableFunction.sendByWaitByString(ResuableFunction.java:133)
at com.citi.mobileAutomation.dataMapping.Action_Mapping.actionMapping_Mobile_Application_Native_Android(Action_Mapping.java:23)
at com.citi.mobileAutomation.dataMapping.ObjectGroups.actionOnElements(ObjectGroups.java:32)
at com.citi.mobileAutomation.test_TW_Dashboard.Test_TW_Dashboard_Transaction_search.TW_Dashboard_transaction_filters(Test_TW_Dashboard_Transaction_search.java:19)
at sun.reflect.GeneratedMethodAccessor4.invoke(Unknown Source)
at sun.reflect.DelegatingMethodAccessorImpl.invoke(Unknown Source)
at java.lang.reflect.Method.invoke(Unknown Source)
at org.testng.internal.MethodInvocationHelper.invokeMethod(MethodInvocationHelper.java:124)
at org.testng.internal.Invoker.invokeMethod(Invoker.java:580)
at org.testng.internal.Invoker.invokeTestMethod(Invoker.java:716)
at org.testng.internal.Invoker.invokeTestMethods(Invoker.java:988)
at org.testng.internal.TestMethodWorker.invokeTestMethods(TestMethodWorker.java:125)
at org.testng.internal.TestMethodWorker.run(TestMethodWorker.java:109)
at org.testng.TestRunner.privateRun(TestRunner.java:648)
at org.testng.TestRunner.run(TestRunner.java:505)
at org.testng.SuiteRunner.runTest(SuiteRunner.java:455)
at org.testng.SuiteRunner.runSequentially(SuiteRunner.java:450)
at org.testng.SuiteRunner.privateRun(SuiteRunner.java:415)
at org.testng.SuiteRunner.run(SuiteRunner.java:364)
at org.testng.SuiteRunnerWorker.runSuite(SuiteRunnerWorker.java:52)
at org.testng.SuiteRunnerWorker.run(SuiteRunnerWorker.java:84)
at org.testng.TestNG.runSuitesSequentially(TestNG.java:1208)
at org.testng.TestNG.runSuitesLocally(TestNG.java:1137)
at org.testng.TestNG.runSuites(TestNG.java:1049)
at org.testng.TestNG.run(TestNG.java:1017)
at org.testng.remote.AbstractRemoteTestNG.run(AbstractRemoteTestNG.java:114)
at org.testng.remote.RemoteTestNG.initAndRun(RemoteTestNG.java:251)
at org.testng.remote.RemoteTestNG.main(RemoteTestNG.java:77)
]]>
    </error>
  </testcase> <!-- TW_Dashboard_transaction_filters -->
  <testcase name="TW_Dashboard_transaction_filters" time="16.890" classname="com.citi.mobileAutomation.test_TW_Dashboard.Test_TW_Dashboard_Transaction_search"/>
  <testcase name="TW_Dashboard_transaction_filters" time="10.602" classname="com.citi.mobileAutomation.test_TW_Dashboard.Test_TW_Dashboard_Transaction_search"/>
  <testcase name="TW_Dashboard_transaction_filters" time="10.421" classname="com.citi.mobileAutomation.test_TW_Dashboard.Test_TW_Dashboard_Transaction_search"/>
  <testcase name="TW_Dashboard_transaction_filters" time="11.362" classname="com.citi.mobileAutomation.test_TW_Dashboard.Test_TW_Dashboard_Transaction_search"/>
  <testcase name="TW_Dashboard_transaction_filters" time="10.673" classname="com.citi.mobileAutomation.test_TW_Dashboard.Test_TW_Dashboard_Transaction_search"/>
  <testcase name="TW_Dashboard_transaction_filters" time="9.842" classname="com.citi.mobileAutomation.test_TW_Dashboard.Test_TW_Dashboard_Transaction_search"/>
  <testcase name="TW_Dashboard_transaction_filters" time="12.727" classname="com.citi.mobileAutomation.test_TW_Dashboard.Test_TW_Dashboard_Transaction_search"/>
  <testcase name="TW_Dashboard_transaction_filters" time="9.666" classname="com.citi.mobileAutomation.test_TW_Dashboard.Test_TW_Dashboard_Transaction_search"/>
  <testcase name="TW_Dashboard_transaction_filters" time="18.769" classname="com.citi.mobileAutomation.test_TW_Dashboard.Test_TW_Dashboard_Transaction_search"/>
  <testcase name="TW_Dashboard_transaction_filters" time="242.717" classname="com.citi.mobileAutomation.test_TW_Dashboard.Test_TW_Dashboard_Transaction_search"/>
  <testcase name="TW_Dashboard_transaction_filters" time="99.860" classname="com.citi.mobileAutomation.test_TW_Dashboard.Test_TW_Dashboard_Transaction_search">
    <error type="org.openqa.selenium.TimeoutException" message="Timed out after 20 seconds waiting for visibility of element located by By.id: amtRange-min
Build info: version: &#039;2.45.0&#039;, revision: &#039;5017cb8e7ca8e37638dc3091b2440b90a1d8686f&#039;, time: &#039;2015-02-27 09:10:26&#039;
System info: host: &#039;RDT039&#039;, ip: &#039;192.168.1.3&#039;, os.name: &#039;Windows 10&#039;, os.arch: &#039;amd64&#039;, os.version: &#039;10.0&#039;, java.version: &#039;1.8.0_201&#039;
Driver info: io.appium.java_client.android.AndroidDriver
Capabilities [{appPackage=com.citibank.mobile.tw.sit, deviceScreenSize=1440x2560, networkConnectionEnabled=true, warnings={}, databaseEnabled=false, deviceName=emulator-5554, platform=LINUX, deviceUDID=emulator-5554, appActivity=com.citi.mobile.pt3.GlobalPhoneActivity, androidInstallTimeout=150000, desired={appPackage=com.citibank.mobile.tw.sit, appActivity=com.citi.mobile.pt3.GlobalPhoneActivity, androidInstallTimeout=150000, platformVersion=8.1.0, skipUnlock=true, autoGrantPermissions=true, platformName=Android, deviceName=emulator-5554}, platformVersion=8.1.0, webStorageEnabled=false, locationContextEnabled=false, takesScreenshot=true, skipUnlock=true, autoGrantPermissions=true, javascriptEnabled=true, deviceModel=Android SDK built for x86, platformName=Android, deviceManufacturer=Google}]
Session ID: a58b0b17-f694-4ad5-87b6-6c23552aead3">
      <![CDATA[org.openqa.selenium.TimeoutException: Timed out after 20 seconds waiting for visibility of element located by By.id: amtRange-min
Build info: version: '2.45.0', revision: '5017cb8e7ca8e37638dc3091b2440b90a1d8686f', time: '2015-02-27 09:10:26'
System info: host: 'RDT039', ip: '192.168.1.3', os.name: 'Windows 10', os.arch: 'amd64', os.version: '10.0', java.version: '1.8.0_201'
Driver info: io.appium.java_client.android.AndroidDriver
Capabilities [{appPackage=com.citibank.mobile.tw.sit, deviceScreenSize=1440x2560, networkConnectionEnabled=true, warnings={}, databaseEnabled=false, deviceName=emulator-5554, platform=LINUX, deviceUDID=emulator-5554, appActivity=com.citi.mobile.pt3.GlobalPhoneActivity, androidInstallTimeout=150000, desired={appPackage=com.citibank.mobile.tw.sit, appActivity=com.citi.mobile.pt3.GlobalPhoneActivity, androidInstallTimeout=150000, platformVersion=8.1.0, skipUnlock=true, autoGrantPermissions=true, platformName=Android, deviceName=emulator-5554}, platformVersion=8.1.0, webStorageEnabled=false, locationContextEnabled=false, takesScreenshot=true, skipUnlock=true, autoGrantPermissions=true, javascriptEnabled=true, deviceModel=Android SDK built for x86, platformName=Android, deviceManufacturer=Google}]
Session ID: a58b0b17-f694-4ad5-87b6-6c23552aead3
at org.openqa.selenium.support.ui.WebDriverWait.timeoutException(WebDriverWait.java:79)
at org.openqa.selenium.support.ui.FluentWait.until(FluentWait.java:228)
at com.citi.mobileAutomation.utils.ResuableFunction.sendByWaitByString(ResuableFunction.java:133)
at com.citi.mobileAutomation.dataMapping.Action_Mapping.actionMapping_Mobile_Application_Native_Android(Action_Mapping.java:23)
at com.citi.mobileAutomation.dataMapping.ObjectGroups.actionOnElements(ObjectGroups.java:32)
at com.citi.mobileAutomation.test_TW_Dashboard.Test_TW_Dashboard_Transaction_search.TW_Dashboard_transaction_filters(Test_TW_Dashboard_Transaction_search.java:19)
at sun.reflect.GeneratedMethodAccessor4.invoke(Unknown Source)
at sun.reflect.DelegatingMethodAccessorImpl.invoke(Unknown Source)
at java.lang.reflect.Method.invoke(Unknown Source)
at org.testng.internal.MethodInvocationHelper.invokeMethod(MethodInvocationHelper.java:124)
at org.testng.internal.Invoker.invokeMethod(Invoker.java:580)
at org.testng.internal.Invoker.invokeTestMethod(Invoker.java:716)
at org.testng.internal.Invoker.invokeTestMethods(Invoker.java:988)
at org.testng.internal.TestMethodWorker.invokeTestMethods(TestMethodWorker.java:125)
at org.testng.internal.TestMethodWorker.run(TestMethodWorker.java:109)
at org.testng.TestRunner.privateRun(TestRunner.java:648)
at org.testng.TestRunner.run(TestRunner.java:505)
at org.testng.SuiteRunner.runTest(SuiteRunner.java:455)
at org.testng.SuiteRunner.runSequentially(SuiteRunner.java:450)
at org.testng.SuiteRunner.privateRun(SuiteRunner.java:415)
at org.testng.SuiteRunner.run(SuiteRunner.java:364)
at org.testng.SuiteRunnerWorker.runSuite(SuiteRunnerWorker.java:52)
at org.testng.SuiteRunnerWorker.run(SuiteRunnerWorker.java:84)
at org.testng.TestNG.runSuitesSequentially(TestNG.java:1208)
at org.testng.TestNG.runSuitesLocally(TestNG.java:1137)
at org.testng.TestNG.runSuites(TestNG.java:1049)
at org.testng.TestNG.run(TestNG.java:1017)
at org.testng.remote.AbstractRemoteTestNG.run(AbstractRemoteTestNG.java:114)
at org.testng.remote.RemoteTestNG.initAndRun(RemoteTestNG.java:251)
at org.testng.remote.RemoteTestNG.main(RemoteTestNG.java:77)
Caused by: org.openqa.selenium.NoSuchElementException: An element could not be located on the page using the given search parameters. (WARNING: The server did not provide any stacktrace information)
Command duration or timeout: 1.37 seconds
For documentation on this error, please visit: http://seleniumhq.org/exceptions/no_such_element.html
Build info: version: '2.45.0', revision: '5017cb8e7ca8e37638dc3091b2440b90a1d8686f', time: '2015-02-27 09:10:26'
System info: host: 'RDT039', ip: '192.168.1.3', os.name: 'Windows 10', os.arch: 'amd64', os.version: '10.0', java.version: '1.8.0_201'
Driver info: io.appium.java_client.android.AndroidDriver
Capabilities [{appPackage=com.citibank.mobile.tw.sit, deviceScreenSize=1440x2560, networkConnectionEnabled=true, warnings={}, databaseEnabled=false, deviceName=emulator-5554, platform=LINUX, deviceUDID=emulator-5554, appActivity=com.citi.mobile.pt3.GlobalPhoneActivity, androidInstallTimeout=150000, desired={appPackage=com.citibank.mobile.tw.sit, appActivity=com.citi.mobile.pt3.GlobalPhoneActivity, androidInstallTimeout=150000, platformVersion=8.1.0, skipUnlock=true, autoGrantPermissions=true, platformName=Android, deviceName=emulator-5554}, platformVersion=8.1.0, webStorageEnabled=false, locationContextEnabled=false, takesScreenshot=true, skipUnlock=true, autoGrantPermissions=true, javascriptEnabled=true, deviceModel=Android SDK built for x86, platformName=Android, deviceManufacturer=Google}]
Session ID: a58b0b17-f694-4ad5-87b6-6c23552aead3
*** Element info: {Using=id, value=amtRange-min}
at sun.reflect.GeneratedConstructorAccessor24.newInstance(Unknown Source)
at sun.reflect.DelegatingConstructorAccessorImpl.newInstance(Unknown Source)
at java.lang.reflect.Constructor.newInstance(Unknown Source)
at org.openqa.selenium.remote.ErrorHandler.createThrowable(ErrorHandler.java:204)
at org.openqa.selenium.remote.ErrorHandler.throwIfResponseFailed(ErrorHandler.java:156)
at org.openqa.selenium.remote.RemoteWebDriver.execute(RemoteWebDriver.java:599)
at io.appium.java_client.DefaultGenericMobileDriver.execute(DefaultGenericMobileDriver.java:51)
at io.appium.java_client.AppiumDriver.execute(AppiumDriver.java:1)
at io.appium.java_client.android.AndroidDriver.execute(AndroidDriver.java:1)
at org.openqa.selenium.remote.RemoteWebDriver.findElement(RemoteWebDriver.java:352)
at io.appium.java_client.DefaultGenericMobileDriver.findElement(DefaultGenericMobileDriver.java:67)
at io.appium.java_client.AppiumDriver.findElement(AppiumDriver.java:1)
at io.appium.java_client.android.AndroidDriver.findElement(AndroidDriver.java:1)
at org.openqa.selenium.remote.RemoteWebDriver.findElementById(RemoteWebDriver.java:393)
at io.appium.java_client.DefaultGenericMobileDriver.findElementById(DefaultGenericMobileDriver.java:75)
at io.appium.java_client.AppiumDriver.findElementById(AppiumDriver.java:1)
at io.appium.java_client.android.AndroidDriver.findElementById(AndroidDriver.java:1)
at org.openqa.selenium.By$ById.findElement(By.java:214)
at org.openqa.selenium.remote.RemoteWebDriver.findElement(RemoteWebDriver.java:344)
at io.appium.java_client.DefaultGenericMobileDriver.findElement(DefaultGenericMobileDriver.java:63)
at io.appium.java_client.AppiumDriver.findElement(AppiumDriver.java:1)
at io.appium.java_client.android.AndroidDriver.findElement(AndroidDriver.java:1)
at org.openqa.selenium.support.ui.ExpectedConditions.findElement(ExpectedConditions.java:730)
at org.openqa.selenium.support.ui.ExpectedConditions.access$000(ExpectedConditions.java:39)
at org.openqa.selenium.support.ui.ExpectedConditions$4.apply(ExpectedConditions.java:130)
at org.openqa.selenium.support.ui.ExpectedConditions$4.apply(ExpectedConditions.java:126)
at org.openqa.selenium.support.ui.FluentWait.until(FluentWait.java:208)
... 28 more
]]>
    </error>
  </testcase> <!-- TW_Dashboard_transaction_filters -->
  <testcase name="TW_Dashboard_transaction_filters" time="10.638" classname="com.citi.mobileAutomation.test_TW_Dashboard.Test_TW_Dashboard_Transaction_search"/>
  <testcase name="TW_Dashboard_transaction_filters" time="9.019" classname="com.citi.mobileAutomation.test_TW_Dashboard.Test_TW_Dashboard_Transaction_search"/>
  <testcase name="TW_Dashboard_transaction_filters" time="15.549" classname="com.citi.mobileAutomation.test_TW_Dashboard.Test_TW_Dashboard_Transaction_search"/>
  <testcase name="TW_Dashboard_transaction_filters" time="8.138" classname="com.citi.mobileAutomation.test_TW_Dashboard.Test_TW_Dashboard_Transaction_search"/>
  <testcase name="TW_Dashboard_transaction_filters" time="67.732" classname="com.citi.mobileAutomation.test_TW_Dashboard.Test_TW_Dashboard_Transaction_search"/>
  <testcase name="TW_Dashboard_transaction_filters" time="11.390" classname="com.citi.mobileAutomation.test_TW_Dashboard.Test_TW_Dashboard_Transaction_search"/>
  <testcase name="TW_Dashboard_transaction_filters" time="10.226" classname="com.citi.mobileAutomation.test_TW_Dashboard.Test_TW_Dashboard_Transaction_search"/>
  <testcase name="TW_Dashboard_transaction_filters" time="12.859" classname="com.citi.mobileAutomation.test_TW_Dashboard.Test_TW_Dashboard_Transaction_search"/>
  <testcase name="TW_Dashboard_transaction_filters" time="12.361" classname="com.citi.mobileAutomation.test_TW_Dashboard.Test_TW_Dashboard_Transaction_search"/>
</testsuite> <!-- com.citi.mobileAutomation.test_TW_Dashboard.Test_TW_Dashboard_Transaction_search -->
