<?xml version="1.0" encoding="UTF-8"?>
<!-- Generated by org.testng.reporters.JUnitReportReporter -->
<testsuite skipped="36" hostname="apples-MacBook-Pro-4.local" name="com.citi.mobileAutomation.test_HK.copy.Test_APAC_iOS_BOOKING" tests="37" failures="0" timestamp="16 Jul 2019 12:02:48 GMT" time="1.763" errors="1">
  <testcase name="gettingDashboard" time="0.000" classname="com.citi.mobileAutomation.test_HK.copy.Test_APAC_iOS_BOOKING">
    <skipped/>
  </testcase> <!-- gettingDashboard -->
  <testcase name="gettingDashboard" time="0.000" classname="com.citi.mobileAutomation.test_HK.copy.Test_APAC_iOS_BOOKING">
    <skipped/>
  </testcase> <!-- gettingDashboard -->
  <testcase name="gettingDashboard" time="0.000" classname="com.citi.mobileAutomation.test_HK.copy.Test_APAC_iOS_BOOKING">
    <skipped/>
  </testcase> <!-- gettingDashboard -->
  <testcase name="gettingDashboard" time="0.000" classname="com.citi.mobileAutomation.test_HK.copy.Test_APAC_iOS_BOOKING">
    <skipped/>
  </testcase> <!-- gettingDashboard -->
  <testcase name="gettingDashboard" time="0.000" classname="com.citi.mobileAutomation.test_HK.copy.Test_APAC_iOS_BOOKING">
    <skipped/>
  </testcase> <!-- gettingDashboard -->
  <testcase name="gettingDashboard" time="0.000" classname="com.citi.mobileAutomation.test_HK.copy.Test_APAC_iOS_BOOKING">
    <skipped/>
  </testcase> <!-- gettingDashboard -->
  <testcase name="gettingDashboard" time="0.000" classname="com.citi.mobileAutomation.test_HK.copy.Test_APAC_iOS_BOOKING">
    <skipped/>
  </testcase> <!-- gettingDashboard -->
  <testcase name="gettingDashboard" time="0.000" classname="com.citi.mobileAutomation.test_HK.copy.Test_APAC_iOS_BOOKING">
    <skipped/>
  </testcase> <!-- gettingDashboard -->
  <testcase name="gettingDashboard" time="0.000" classname="com.citi.mobileAutomation.test_HK.copy.Test_APAC_iOS_BOOKING">
    <skipped/>
  </testcase> <!-- gettingDashboard -->
  <testcase name="gettingDashboard" time="0.000" classname="com.citi.mobileAutomation.test_HK.copy.Test_APAC_iOS_BOOKING">
    <skipped/>
  </testcase> <!-- gettingDashboard -->
  <testcase name="gettingDashboard" time="0.000" classname="com.citi.mobileAutomation.test_HK.copy.Test_APAC_iOS_BOOKING">
    <skipped/>
  </testcase> <!-- gettingDashboard -->
  <testcase name="gettingDashboard" time="0.000" classname="com.citi.mobileAutomation.test_HK.copy.Test_APAC_iOS_BOOKING">
    <skipped/>
  </testcase> <!-- gettingDashboard -->
  <testcase name="gettingDashboard" time="0.000" classname="com.citi.mobileAutomation.test_HK.copy.Test_APAC_iOS_BOOKING">
    <skipped/>
  </testcase> <!-- gettingDashboard -->
  <testcase name="gettingDashboard" time="0.000" classname="com.citi.mobileAutomation.test_HK.copy.Test_APAC_iOS_BOOKING">
    <skipped/>
  </testcase> <!-- gettingDashboard -->
  <testcase name="gettingDashboard" time="0.000" classname="com.citi.mobileAutomation.test_HK.copy.Test_APAC_iOS_BOOKING">
    <skipped/>
  </testcase> <!-- gettingDashboard -->
  <testcase name="gettingDashboard" time="0.000" classname="com.citi.mobileAutomation.test_HK.copy.Test_APAC_iOS_BOOKING">
    <skipped/>
  </testcase> <!-- gettingDashboard -->
  <testcase name="gettingDashboard" time="0.000" classname="com.citi.mobileAutomation.test_HK.copy.Test_APAC_iOS_BOOKING">
    <skipped/>
  </testcase> <!-- gettingDashboard -->
  <testcase name="gettingDashboard" time="0.000" classname="com.citi.mobileAutomation.test_HK.copy.Test_APAC_iOS_BOOKING">
    <skipped/>
  </testcase> <!-- gettingDashboard -->
  <testcase name="gettingDashboard" time="0.000" classname="com.citi.mobileAutomation.test_HK.copy.Test_APAC_iOS_BOOKING">
    <skipped/>
  </testcase> <!-- gettingDashboard -->
  <testcase name="gettingDashboard" time="0.000" classname="com.citi.mobileAutomation.test_HK.copy.Test_APAC_iOS_BOOKING">
    <skipped/>
  </testcase> <!-- gettingDashboard -->
  <testcase name="gettingDashboard" time="0.000" classname="com.citi.mobileAutomation.test_HK.copy.Test_APAC_iOS_BOOKING">
    <skipped/>
  </testcase> <!-- gettingDashboard -->
  <testcase name="gettingDashboard" time="0.000" classname="com.citi.mobileAutomation.test_HK.copy.Test_APAC_iOS_BOOKING">
    <skipped/>
  </testcase> <!-- gettingDashboard -->
  <testcase name="gettingDashboard" time="0.000" classname="com.citi.mobileAutomation.test_HK.copy.Test_APAC_iOS_BOOKING">
    <skipped/>
  </testcase> <!-- gettingDashboard -->
  <testcase name="gettingDashboard" time="0.000" classname="com.citi.mobileAutomation.test_HK.copy.Test_APAC_iOS_BOOKING">
    <skipped/>
  </testcase> <!-- gettingDashboard -->
  <testcase name="gettingDashboard" time="0.000" classname="com.citi.mobileAutomation.test_HK.copy.Test_APAC_iOS_BOOKING">
    <skipped/>
  </testcase> <!-- gettingDashboard -->
  <testcase name="gettingDashboard" time="0.000" classname="com.citi.mobileAutomation.test_HK.copy.Test_APAC_iOS_BOOKING">
    <skipped/>
  </testcase> <!-- gettingDashboard -->
  <testcase name="gettingDashboard" time="0.000" classname="com.citi.mobileAutomation.test_HK.copy.Test_APAC_iOS_BOOKING">
    <skipped/>
  </testcase> <!-- gettingDashboard -->
  <testcase name="gettingDashboard" time="0.000" classname="com.citi.mobileAutomation.test_HK.copy.Test_APAC_iOS_BOOKING">
    <skipped/>
  </testcase> <!-- gettingDashboard -->
  <testcase name="gettingDashboard" time="0.000" classname="com.citi.mobileAutomation.test_HK.copy.Test_APAC_iOS_BOOKING">
    <skipped/>
  </testcase> <!-- gettingDashboard -->
  <testcase name="gettingDashboard" time="0.000" classname="com.citi.mobileAutomation.test_HK.copy.Test_APAC_iOS_BOOKING">
    <skipped/>
  </testcase> <!-- gettingDashboard -->
  <testcase name="gettingDashboard" time="0.000" classname="com.citi.mobileAutomation.test_HK.copy.Test_APAC_iOS_BOOKING">
    <skipped/>
  </testcase> <!-- gettingDashboard -->
  <testcase name="gettingDashboard" time="0.000" classname="com.citi.mobileAutomation.test_HK.copy.Test_APAC_iOS_BOOKING">
    <skipped/>
  </testcase> <!-- gettingDashboard -->
  <testcase name="appiumDriverInitialization" time="1.763" classname="com.citi.mobileAutomation.test_HK.copy.Test_APAC_iOS_BOOKING">
    <error type="org.openqa.selenium.WebDriverException" message="It is impossible to create a new session because &#039;createSession&#039; which takes HttpClient, InputStream and long was not found or it is not accessible
Build info: version: &#039;3.14.0&#039;, revision: &#039;aacccce0&#039;, time: &#039;2018-08-02T20:19:58.91Z&#039;
System info: host: &#039;apples-MacBook-Pro-4.local&#039;, ip: &#039;192.168.100.31&#039;, os.name: &#039;Mac OS X&#039;, os.arch: &#039;x86_64&#039;, os.version: &#039;10.14.4&#039;, java.version: &#039;1.8.0_211&#039;
Driver info: driver.version: IOSDriver">
      <![CDATA[org.openqa.selenium.WebDriverException: It is impossible to create a new session because 'createSession' which takes HttpClient, InputStream and long was not found or it is not accessible
Build info: version: '3.14.0', revision: 'aacccce0', time: '2018-08-02T20:19:58.91Z'
System info: host: 'apples-MacBook-Pro-4.local', ip: '192.168.100.31', os.name: 'Mac OS X', os.arch: 'x86_64', os.version: '10.14.4', java.version: '1.8.0_211'
Driver info: driver.version: IOSDriver
at io.appium.java_client.remote.AppiumCommandExecutor$1.createSession(AppiumCommandExecutor.java:195)
at io.appium.java_client.remote.AppiumCommandExecutor.createSession(AppiumCommandExecutor.java:209)
at io.appium.java_client.remote.AppiumCommandExecutor.execute(AppiumCommandExecutor.java:231)
at org.openqa.selenium.remote.RemoteWebDriver.execute(RemoteWebDriver.java:548)
at io.appium.java_client.DefaultGenericMobileDriver.execute(DefaultGenericMobileDriver.java:42)
at io.appium.java_client.AppiumDriver.execute(AppiumDriver.java:1)
at io.appium.java_client.ios.IOSDriver.execute(IOSDriver.java:1)
at org.openqa.selenium.remote.RemoteWebDriver.startSession(RemoteWebDriver.java:212)
at org.openqa.selenium.remote.RemoteWebDriver.<init>(RemoteWebDriver.java:130)
at io.appium.java_client.DefaultGenericMobileDriver.<init>(DefaultGenericMobileDriver.java:38)
at io.appium.java_client.AppiumDriver.<init>(AppiumDriver.java:84)
at io.appium.java_client.AppiumDriver.<init>(AppiumDriver.java:94)
at io.appium.java_client.ios.IOSDriver.<init>(IOSDriver.java:95)
at com.citi.mobileAutomation.baseTest.DriversInitilization.initilizeiOS(DriversInitilization.java:52)
at com.citi.mobileAutomation.controlers.Initilizer.driverCreation(Initilizer.java:48)
at com.citi.mobileAutomation.controlers.DriverCreation.appiumDriverInitialization(DriverCreation.java:25)
at sun.reflect.NativeMethodAccessorImpl.invoke0(Native Method)
at sun.reflect.NativeMethodAccessorImpl.invoke(NativeMethodAccessorImpl.java:62)
at sun.reflect.DelegatingMethodAccessorImpl.invoke(DelegatingMethodAccessorImpl.java:43)
at java.lang.reflect.Method.invoke(Method.java:498)
at org.testng.internal.MethodInvocationHelper.invokeMethod(MethodInvocationHelper.java:124)
at org.testng.internal.MethodInvocationHelper.invokeMethodConsideringTimeout(MethodInvocationHelper.java:59)
at org.testng.internal.Invoker.invokeConfigurationMethod(Invoker.java:458)
at org.testng.internal.Invoker.invokeConfigurations(Invoker.java:222)
at org.testng.internal.Invoker.invokeConfigurations(Invoker.java:142)
at org.testng.SuiteRunner.privateRun(SuiteRunner.java:401)
at org.testng.SuiteRunner.run(SuiteRunner.java:364)
at org.testng.SuiteRunnerWorker.runSuite(SuiteRunnerWorker.java:52)
at org.testng.SuiteRunnerWorker.run(SuiteRunnerWorker.java:84)
at org.testng.TestNG.runSuitesSequentially(TestNG.java:1208)
at org.testng.TestNG.runSuitesLocally(TestNG.java:1137)
at org.testng.TestNG.runSuites(TestNG.java:1049)
at org.testng.TestNG.run(TestNG.java:1017)
at org.testng.remote.AbstractRemoteTestNG.run(AbstractRemoteTestNG.java:115)
at org.testng.remote.RemoteTestNG.initAndRun(RemoteTestNG.java:251)
at org.testng.remote.RemoteTestNG.main(RemoteTestNG.java:77)
Caused by: java.lang.reflect.InvocationTargetException
at sun.reflect.NativeMethodAccessorImpl.invoke0(Native Method)
at sun.reflect.NativeMethodAccessorImpl.invoke(NativeMethodAccessorImpl.java:62)
at sun.reflect.DelegatingMethodAccessorImpl.invoke(DelegatingMethodAccessorImpl.java:43)
at java.lang.reflect.Method.invoke(Method.java:498)
at io.appium.java_client.remote.AppiumCommandExecutor$1.createSession(AppiumCommandExecutor.java:185)
... 35 more
Caused by: org.openqa.selenium.WebDriverException: An unknown server-side error occurred while processing the command. Original error: Unknown device or simulator UDID: '78EC92FC-390A-4085-8809-9EB94A7E9B'
Build info: version: '3.14.0', revision: 'aacccce0', time: '2018-08-02T20:19:58.91Z'
System info: host: 'apples-MacBook-Pro-4.local', ip: '192.168.100.31', os.name: 'Mac OS X', os.arch: 'x86_64', os.version: '10.14.4', java.version: '1.8.0_211'
Driver info: driver.version: IOSDriver
remote stacktrace: UnknownError: An unknown server-side error occurred while processing the command. Original error: Unknown device or simulator UDID: '78EC92FC-390A-4085-8809-9EB94A7E9B'
    at getResponseForW3CError (/Applications/Appium.app/Contents/Resources/app/node_modules/appium/node_modules/appium-base-driver/lib/protocol/errors.js:826:9)
    at asyncHandler (/Applications/Appium.app/Contents/Resources/app/node_modules/appium/node_modules/appium-base-driver/lib/protocol/protocol.js:447:37)
    at process._tickCallback (internal/process/next_tick.js:68:7)
at sun.reflect.NativeConstructorAccessorImpl.newInstance0(Native Method)
at sun.reflect.NativeConstructorAccessorImpl.newInstance(NativeConstructorAccessorImpl.java:62)
at sun.reflect.DelegatingConstructorAccessorImpl.newInstance(DelegatingConstructorAccessorImpl.java:45)
at java.lang.reflect.Constructor.newInstance(Constructor.java:423)
at org.openqa.selenium.remote.W3CHandshakeResponse.lambda$new$0(W3CHandshakeResponse.java:57)
at org.openqa.selenium.remote.W3CHandshakeResponse.lambda$getResponseFunction$2(W3CHandshakeResponse.java:104)
at org.openqa.selenium.remote.ProtocolHandshake.lambda$createSession$0(ProtocolHandshake.java:122)
at java.util.stream.ReferencePipeline$3$1.accept(ReferencePipeline.java:193)
at java.util.Spliterators$ArraySpliterator.tryAdvance(Spliterators.java:958)
at java.util.stream.ReferencePipeline.forEachWithCancel(ReferencePipeline.java:126)
at java.util.stream.AbstractPipeline.copyIntoWithCancel(AbstractPipeline.java:498)
at java.util.stream.AbstractPipeline.copyInto(AbstractPipeline.java:485)
at java.util.stream.AbstractPipeline.wrapAndCopyInto(AbstractPipeline.java:471)
at java.util.stream.FindOps$FindOp.evaluateSequential(FindOps.java:152)
at java.util.stream.AbstractPipeline.evaluate(AbstractPipeline.java:234)
at java.util.stream.ReferencePipeline.findFirst(ReferencePipeline.java:464)
at org.openqa.selenium.remote.ProtocolHandshake.createSession(ProtocolHandshake.java:125)
... 40 more
]]>
    </error>
  </testcase> <!-- appiumDriverInitialization -->
  <testcase name="gettingDashboard" time="0.000" classname="com.citi.mobileAutomation.test_HK.copy.Test_APAC_iOS_BOOKING">
    <skipped/>
  </testcase> <!-- gettingDashboard -->
  <testcase name="gettingDashboard" time="0.000" classname="com.citi.mobileAutomation.test_HK.copy.Test_APAC_iOS_BOOKING">
    <skipped/>
  </testcase> <!-- gettingDashboard -->
  <testcase name="gettingDashboard" time="0.000" classname="com.citi.mobileAutomation.test_HK.copy.Test_APAC_iOS_BOOKING">
    <skipped/>
  </testcase> <!-- gettingDashboard -->
  <testcase name="gettingDashboard" time="0.000" classname="com.citi.mobileAutomation.test_HK.copy.Test_APAC_iOS_BOOKING">
    <skipped/>
  </testcase> <!-- gettingDashboard -->
</testsuite> <!-- com.citi.mobileAutomation.test_HK.copy.Test_APAC_iOS_BOOKING -->
