<?xml version="1.0" encoding="UTF-8"?>
<!-- Generated by org.testng.reporters.JUnitReportReporter -->
<testsuite skipped="0" hostname="apples-MacBook-Pro-4.local" name="com.citi.mobileAutomation.test_SG.Test_APAC_iOS_FP_EXTERNAL_ADHOC_LCY_LCY" tests="24" failures="2" timestamp="16 Jul 2019 05:34:12 GMT" time="145.247" errors="0">
  <testcase name="gettingDashboard" time="0.251" classname="com.citi.mobileAutomation.test_SG.Test_APAC_iOS_FP_EXTERNAL_ADHOC_LCY_LCY"/>
  <testcase name="gettingDashboard" time="3.342" classname="com.citi.mobileAutomation.test_SG.Test_APAC_iOS_FP_EXTERNAL_ADHOC_LCY_LCY"/>
  <testcase name="gettingDashboard" time="10.223" classname="com.citi.mobileAutomation.test_SG.Test_APAC_iOS_FP_EXTERNAL_ADHOC_LCY_LCY"/>
  <testcase name="gettingDashboard" time="1.877" classname="com.citi.mobileAutomation.test_SG.Test_APAC_iOS_FP_EXTERNAL_ADHOC_LCY_LCY"/>
  <testcase name="gettingDashboard" time="3.218" classname="com.citi.mobileAutomation.test_SG.Test_APAC_iOS_FP_EXTERNAL_ADHOC_LCY_LCY"/>
  <testcase name="gettingDashboard" time="0.301" classname="com.citi.mobileAutomation.test_SG.Test_APAC_iOS_FP_EXTERNAL_ADHOC_LCY_LCY">
    <failure type="java.lang.AssertionError" message="expected [true] but found [false]">
      <![CDATA[java.lang.AssertionError: expected [true] but found [false]
at org.testng.Assert.fail(Assert.java:96)
at org.testng.Assert.failNotEquals(Assert.java:776)
at org.testng.Assert.assertTrue(Assert.java:44)
at org.testng.Assert.assertTrue(Assert.java:54)
at com.citi.mobileAutomation.assertEngine.Assert_Engine.assertMapping(Assert_Engine.java:13)
at com.citi.mobileAutomation.dataMapping.Action_Mapping.actionMapping_Mobile_Application_Native_Android(Action_Mapping.java:101)
at com.citi.mobileAutomation.dataMapping.ObjectGroups.actionOnElements(ObjectGroups.java:45)
at com.citi.mobileAutomation.test_SG.Test_APAC_iOS_FP_EXTERNAL_ADHOC_LCY_LCY.gettingDashboard(Test_APAC_iOS_FP_EXTERNAL_ADHOC_LCY_LCY.java:25)
at sun.reflect.NativeMethodAccessorImpl.invoke0(Native Method)
at sun.reflect.NativeMethodAccessorImpl.invoke(NativeMethodAccessorImpl.java:62)
at sun.reflect.DelegatingMethodAccessorImpl.invoke(DelegatingMethodAccessorImpl.java:43)
at java.lang.reflect.Method.invoke(Method.java:498)
at org.testng.internal.MethodInvocationHelper.invokeMethod(MethodInvocationHelper.java:124)
at org.testng.internal.Invoker.invokeMethod(Invoker.java:583)
at org.testng.internal.Invoker.invokeTestMethod(Invoker.java:719)
at org.testng.internal.Invoker.invokeTestMethods(Invoker.java:989)
at org.testng.internal.TestMethodWorker.invokeTestMethods(TestMethodWorker.java:125)
at org.testng.internal.TestMethodWorker.run(TestMethodWorker.java:109)
at org.testng.TestRunner.privateRun(TestRunner.java:648)
at org.testng.TestRunner.run(TestRunner.java:505)
at org.testng.SuiteRunner.runTest(SuiteRunner.java:455)
at org.testng.SuiteRunner.runSequentially(SuiteRunner.java:450)
at org.testng.SuiteRunner.privateRun(SuiteRunner.java:415)
at org.testng.SuiteRunner.run(SuiteRunner.java:364)
at org.testng.SuiteRunnerWorker.runSuite(SuiteRunnerWorker.java:52)
at org.testng.SuiteRunnerWorker.run(SuiteRunnerWorker.java:84)
at org.testng.TestNG.runSuitesSequentially(TestNG.java:1208)
at org.testng.TestNG.runSuitesLocally(TestNG.java:1137)
at org.testng.TestNG.runSuites(TestNG.java:1049)
at org.testng.TestNG.run(TestNG.java:1017)
at org.testng.remote.AbstractRemoteTestNG.run(AbstractRemoteTestNG.java:115)
at org.testng.remote.RemoteTestNG.initAndRun(RemoteTestNG.java:251)
at org.testng.remote.RemoteTestNG.main(RemoteTestNG.java:77)
]]>
    </failure>
  </testcase> <!-- gettingDashboard -->
  <testcase name="gettingDashboard" time="12.439" classname="com.citi.mobileAutomation.test_SG.Test_APAC_iOS_FP_EXTERNAL_ADHOC_LCY_LCY"/>
  <testcase name="gettingDashboard" time="1.872" classname="com.citi.mobileAutomation.test_SG.Test_APAC_iOS_FP_EXTERNAL_ADHOC_LCY_LCY"/>
  <testcase name="gettingDashboard" time="5.295" classname="com.citi.mobileAutomation.test_SG.Test_APAC_iOS_FP_EXTERNAL_ADHOC_LCY_LCY"/>
  <testcase name="gettingDashboard" time="61.675" classname="com.citi.mobileAutomation.test_SG.Test_APAC_iOS_FP_EXTERNAL_ADHOC_LCY_LCY"/>
  <testcase name="gettingDashboard" time="2.552" classname="com.citi.mobileAutomation.test_SG.Test_APAC_iOS_FP_EXTERNAL_ADHOC_LCY_LCY"/>
  <testcase name="gettingDashboard" time="3.202" classname="com.citi.mobileAutomation.test_SG.Test_APAC_iOS_FP_EXTERNAL_ADHOC_LCY_LCY"/>
  <testcase name="gettingDashboard" time="1.822" classname="com.citi.mobileAutomation.test_SG.Test_APAC_iOS_FP_EXTERNAL_ADHOC_LCY_LCY"/>
  <testcase name="gettingDashboard" time="2.664" classname="com.citi.mobileAutomation.test_SG.Test_APAC_iOS_FP_EXTERNAL_ADHOC_LCY_LCY"/>
  <testcase name="gettingDashboard" time="3.846" classname="com.citi.mobileAutomation.test_SG.Test_APAC_iOS_FP_EXTERNAL_ADHOC_LCY_LCY"/>
  <testcase name="gettingDashboard" time="3.225" classname="com.citi.mobileAutomation.test_SG.Test_APAC_iOS_FP_EXTERNAL_ADHOC_LCY_LCY">
    <failure type="java.lang.AssertionError" message="expected [true] but found [false]">
      <![CDATA[java.lang.AssertionError: expected [true] but found [false]
at org.testng.Assert.fail(Assert.java:96)
at org.testng.Assert.failNotEquals(Assert.java:776)
at org.testng.Assert.assertTrue(Assert.java:44)
at org.testng.Assert.assertTrue(Assert.java:54)
at com.citi.mobileAutomation.assertEngine.Assert_Engine.assertMapping(Assert_Engine.java:13)
at com.citi.mobileAutomation.dataMapping.Action_Mapping.actionMapping_Mobile_Application_Native_Android(Action_Mapping.java:101)
at com.citi.mobileAutomation.dataMapping.ObjectGroups.actionOnElements(ObjectGroups.java:45)
at com.citi.mobileAutomation.test_SG.Test_APAC_iOS_FP_EXTERNAL_ADHOC_LCY_LCY.gettingDashboard(Test_APAC_iOS_FP_EXTERNAL_ADHOC_LCY_LCY.java:25)
at sun.reflect.GeneratedMethodAccessor2.invoke(Unknown Source)
at sun.reflect.DelegatingMethodAccessorImpl.invoke(DelegatingMethodAccessorImpl.java:43)
at java.lang.reflect.Method.invoke(Method.java:498)
at org.testng.internal.MethodInvocationHelper.invokeMethod(MethodInvocationHelper.java:124)
at org.testng.internal.Invoker.invokeMethod(Invoker.java:583)
at org.testng.internal.Invoker.invokeTestMethod(Invoker.java:719)
at org.testng.internal.Invoker.invokeTestMethods(Invoker.java:989)
at org.testng.internal.TestMethodWorker.invokeTestMethods(TestMethodWorker.java:125)
at org.testng.internal.TestMethodWorker.run(TestMethodWorker.java:109)
at org.testng.TestRunner.privateRun(TestRunner.java:648)
at org.testng.TestRunner.run(TestRunner.java:505)
at org.testng.SuiteRunner.runTest(SuiteRunner.java:455)
at org.testng.SuiteRunner.runSequentially(SuiteRunner.java:450)
at org.testng.SuiteRunner.privateRun(SuiteRunner.java:415)
at org.testng.SuiteRunner.run(SuiteRunner.java:364)
at org.testng.SuiteRunnerWorker.runSuite(SuiteRunnerWorker.java:52)
at org.testng.SuiteRunnerWorker.run(SuiteRunnerWorker.java:84)
at org.testng.TestNG.runSuitesSequentially(TestNG.java:1208)
at org.testng.TestNG.runSuitesLocally(TestNG.java:1137)
at org.testng.TestNG.runSuites(TestNG.java:1049)
at org.testng.TestNG.run(TestNG.java:1017)
at org.testng.remote.AbstractRemoteTestNG.run(AbstractRemoteTestNG.java:115)
at org.testng.remote.RemoteTestNG.initAndRun(RemoteTestNG.java:251)
at org.testng.remote.RemoteTestNG.main(RemoteTestNG.java:77)
]]>
    </failure>
  </testcase> <!-- gettingDashboard -->
  <testcase name="gettingDashboard" time="0.245" classname="com.citi.mobileAutomation.test_SG.Test_APAC_iOS_FP_EXTERNAL_ADHOC_LCY_LCY"/>
  <testcase name="gettingDashboard" time="2.637" classname="com.citi.mobileAutomation.test_SG.Test_APAC_iOS_FP_EXTERNAL_ADHOC_LCY_LCY"/>
  <testcase name="gettingDashboard" time="3.140" classname="com.citi.mobileAutomation.test_SG.Test_APAC_iOS_FP_EXTERNAL_ADHOC_LCY_LCY"/>
  <testcase name="gettingDashboard" time="1.913" classname="com.citi.mobileAutomation.test_SG.Test_APAC_iOS_FP_EXTERNAL_ADHOC_LCY_LCY"/>
  <testcase name="gettingDashboard" time="2.658" classname="com.citi.mobileAutomation.test_SG.Test_APAC_iOS_FP_EXTERNAL_ADHOC_LCY_LCY"/>
  <testcase name="gettingDashboard" time="1.136" classname="com.citi.mobileAutomation.test_SG.Test_APAC_iOS_FP_EXTERNAL_ADHOC_LCY_LCY"/>
  <testcase name="gettingDashboard" time="13.075" classname="com.citi.mobileAutomation.test_SG.Test_APAC_iOS_FP_EXTERNAL_ADHOC_LCY_LCY"/>
  <testcase name="gettingDashboard" time="2.639" classname="com.citi.mobileAutomation.test_SG.Test_APAC_iOS_FP_EXTERNAL_ADHOC_LCY_LCY"/>
</testsuite> <!-- com.citi.mobileAutomation.test_SG.Test_APAC_iOS_FP_EXTERNAL_ADHOC_LCY_LCY -->
