<?xml version="1.0" encoding="UTF-8"?>
<!-- Generated by org.testng.reporters.JUnitReportReporter -->
<testsuite skipped="0" hostname="apples-mbp-4" name="com.citi.mobileAutomation.test_TH.Test_APAC_iOS_ALOP_PT1" tests="34" failures="3" timestamp="24 Jun 2019 17:44:22 GMT" time="562.469" errors="3">
  <testcase name="gettingDashboard" time="10.724" classname="com.citi.mobileAutomation.test_TH.Test_APAC_iOS_ALOP_PT1"/>
  <testcase name="gettingDashboard" time="4.221" classname="com.citi.mobileAutomation.test_TH.Test_APAC_iOS_ALOP_PT1"/>
  <testcase name="gettingDashboard" time="6.234" classname="com.citi.mobileAutomation.test_TH.Test_APAC_iOS_ALOP_PT1"/>
  <testcase name="gettingDashboard" time="12.687" classname="com.citi.mobileAutomation.test_TH.Test_APAC_iOS_ALOP_PT1"/>
  <testcase name="gettingDashboard" time="79.060" classname="com.citi.mobileAutomation.test_TH.Test_APAC_iOS_ALOP_PT1"/>
  <testcase name="gettingDashboard" time="4.813" classname="com.citi.mobileAutomation.test_TH.Test_APAC_iOS_ALOP_PT1"/>
  <testcase name="gettingDashboard" time="4.852" classname="com.citi.mobileAutomation.test_TH.Test_APAC_iOS_ALOP_PT1"/>
  <testcase name="gettingDashboard" time="40.819" classname="com.citi.mobileAutomation.test_TH.Test_APAC_iOS_ALOP_PT1">
    <error type="org.openqa.selenium.TimeoutException" message="Timed out after 20 seconds waiting for presence of element located by: By.xpath: //XCUIElementTypeStaticText[@name=&quot;Quick Cash loan amount&quot;]
Build info: version: &#039;2.45.0&#039;, revision: &#039;5017cb8e7ca8e37638dc3091b2440b90a1d8686f&#039;, time: &#039;2015-02-27 09:10:26&#039;
System info: host: &#039;apples-mbp-4&#039;, ip: &#039;192.168.1.2&#039;, os.name: &#039;Mac OS X&#039;, os.arch: &#039;x86_64&#039;, os.version: &#039;10.14.4&#039;, java.version: &#039;1.8.0_211&#039;
Driver info: io.appium.java_client.ios.IOSDriver
Capabilities [{app=/Users/apple/Music/Citi_APAC_TH/ListOfAPK&#039;s/RU_SIT2_DEBUG 2.app, networkConnectionEnabled=false, bundleId=com.citi.development, databaseEnabled=false, deviceName=iPhone 8 Plus, platform=MAC, newCommandTimeout=3000, platformVersion=12.2, webStorageEnabled=false, locationContextEnabled=false, browserName=, takesScreenshot=true, javascriptEnabled=true, platformName=iOS, udid=78EC92FC-390A-4085-8809-9EB94A7E9BF1, autoAcceptAlerts=true}]
Session ID: 1bc769f9-5a33-450d-a082-7fdb7e486287">
      <![CDATA[org.openqa.selenium.TimeoutException: Timed out after 20 seconds waiting for presence of element located by: By.xpath: //XCUIElementTypeStaticText[@name="Quick Cash loan amount"]
Build info: version: '2.45.0', revision: '5017cb8e7ca8e37638dc3091b2440b90a1d8686f', time: '2015-02-27 09:10:26'
System info: host: 'apples-mbp-4', ip: '192.168.1.2', os.name: 'Mac OS X', os.arch: 'x86_64', os.version: '10.14.4', java.version: '1.8.0_211'
Driver info: io.appium.java_client.ios.IOSDriver
Capabilities [{app=/Users/apple/Music/Citi_APAC_TH/ListOfAPK's/RU_SIT2_DEBUG 2.app, networkConnectionEnabled=false, bundleId=com.citi.development, databaseEnabled=false, deviceName=iPhone 8 Plus, platform=MAC, newCommandTimeout=3000, platformVersion=12.2, webStorageEnabled=false, locationContextEnabled=false, browserName=, takesScreenshot=true, javascriptEnabled=true, platformName=iOS, udid=78EC92FC-390A-4085-8809-9EB94A7E9BF1, autoAcceptAlerts=true}]
Session ID: 1bc769f9-5a33-450d-a082-7fdb7e486287
at org.openqa.selenium.support.ui.WebDriverWait.timeoutException(WebDriverWait.java:79)
at org.openqa.selenium.support.ui.FluentWait.until(FluentWait.java:228)
at com.citi.mobileAutomation.utils.ResuableFunction.getTextFromElementByWait(ResuableFunction.java:202)
at com.citi.mobileAutomation.dataMapping.Action_Mapping.actionMapping_Mobile_Application_Native_Android(Action_Mapping.java:41)
at com.citi.mobileAutomation.dataMapping.ObjectGroups.actionOnElements(ObjectGroups.java:75)
at com.citi.mobileAutomation.test_TH.Test_APAC_iOS_ALOP_PT1.gettingDashboard(Test_APAC_iOS_ALOP_PT1.java:20)
at sun.reflect.NativeMethodAccessorImpl.invoke0(Native Method)
at sun.reflect.NativeMethodAccessorImpl.invoke(NativeMethodAccessorImpl.java:62)
at sun.reflect.DelegatingMethodAccessorImpl.invoke(DelegatingMethodAccessorImpl.java:43)
at java.lang.reflect.Method.invoke(Method.java:498)
at org.testng.internal.MethodInvocationHelper.invokeMethod(MethodInvocationHelper.java:124)
at org.testng.internal.Invoker.invokeMethod(Invoker.java:583)
at org.testng.internal.Invoker.invokeTestMethod(Invoker.java:719)
at org.testng.internal.Invoker.invokeTestMethods(Invoker.java:989)
at org.testng.internal.TestMethodWorker.invokeTestMethods(TestMethodWorker.java:125)
at org.testng.internal.TestMethodWorker.run(TestMethodWorker.java:109)
at org.testng.TestRunner.privateRun(TestRunner.java:648)
at org.testng.TestRunner.run(TestRunner.java:505)
at org.testng.SuiteRunner.runTest(SuiteRunner.java:455)
at org.testng.SuiteRunner.runSequentially(SuiteRunner.java:450)
at org.testng.SuiteRunner.privateRun(SuiteRunner.java:415)
at org.testng.SuiteRunner.run(SuiteRunner.java:364)
at org.testng.SuiteRunnerWorker.runSuite(SuiteRunnerWorker.java:52)
at org.testng.SuiteRunnerWorker.run(SuiteRunnerWorker.java:84)
at org.testng.TestNG.runSuitesSequentially(TestNG.java:1208)
at org.testng.TestNG.runSuitesLocally(TestNG.java:1137)
at org.testng.TestNG.runSuites(TestNG.java:1049)
at org.testng.TestNG.run(TestNG.java:1017)
at org.testng.remote.AbstractRemoteTestNG.run(AbstractRemoteTestNG.java:115)
at org.testng.remote.RemoteTestNG.initAndRun(RemoteTestNG.java:251)
at org.testng.remote.RemoteTestNG.main(RemoteTestNG.java:77)
Caused by: org.openqa.selenium.NoSuchElementException: An element could not be located on the page using the given search parameters. (WARNING: The server did not provide any stacktrace information)
Command duration or timeout: 40.47 seconds
For documentation on this error, please visit: http://seleniumhq.org/exceptions/no_such_element.html
Build info: version: '2.45.0', revision: '5017cb8e7ca8e37638dc3091b2440b90a1d8686f', time: '2015-02-27 09:10:26'
System info: host: 'apples-mbp-4', ip: '192.168.1.2', os.name: 'Mac OS X', os.arch: 'x86_64', os.version: '10.14.4', java.version: '1.8.0_211'
Driver info: io.appium.java_client.ios.IOSDriver
Capabilities [{app=/Users/apple/Music/Citi_APAC_TH/ListOfAPK's/RU_SIT2_DEBUG 2.app, networkConnectionEnabled=false, bundleId=com.citi.development, databaseEnabled=false, deviceName=iPhone 8 Plus, platform=MAC, newCommandTimeout=3000, platformVersion=12.2, webStorageEnabled=false, locationContextEnabled=false, browserName=, takesScreenshot=true, javascriptEnabled=true, platformName=iOS, udid=78EC92FC-390A-4085-8809-9EB94A7E9BF1, autoAcceptAlerts=true}]
Session ID: 1bc769f9-5a33-450d-a082-7fdb7e486287
*** Element info: {Using=xpath, value=//XCUIElementTypeStaticText[@name="Quick Cash loan amount"]}
at sun.reflect.NativeConstructorAccessorImpl.newInstance0(Native Method)
at sun.reflect.NativeConstructorAccessorImpl.newInstance(NativeConstructorAccessorImpl.java:62)
at sun.reflect.DelegatingConstructorAccessorImpl.newInstance(DelegatingConstructorAccessorImpl.java:45)
at java.lang.reflect.Constructor.newInstance(Constructor.java:423)
at org.openqa.selenium.remote.ErrorHandler.createThrowable(ErrorHandler.java:204)
at org.openqa.selenium.remote.ErrorHandler.throwIfResponseFailed(ErrorHandler.java:156)
at org.openqa.selenium.remote.RemoteWebDriver.execute(RemoteWebDriver.java:599)
at io.appium.java_client.DefaultGenericMobileDriver.execute(DefaultGenericMobileDriver.java:51)
at io.appium.java_client.AppiumDriver.execute(AppiumDriver.java:1)
at io.appium.java_client.ios.IOSDriver.execute(IOSDriver.java:1)
at org.openqa.selenium.remote.RemoteWebDriver.findElement(RemoteWebDriver.java:352)
at io.appium.java_client.DefaultGenericMobileDriver.findElement(DefaultGenericMobileDriver.java:67)
at io.appium.java_client.AppiumDriver.findElement(AppiumDriver.java:1)
at io.appium.java_client.ios.IOSDriver.findElement(IOSDriver.java:1)
at org.openqa.selenium.remote.RemoteWebDriver.findElementByXPath(RemoteWebDriver.java:449)
at io.appium.java_client.DefaultGenericMobileDriver.findElementByXPath(DefaultGenericMobileDriver.java:145)
at io.appium.java_client.AppiumDriver.findElementByXPath(AppiumDriver.java:1)
at io.appium.java_client.ios.IOSDriver.findElementByXPath(IOSDriver.java:1)
at org.openqa.selenium.By$ByXPath.findElement(By.java:357)
at org.openqa.selenium.remote.RemoteWebDriver.findElement(RemoteWebDriver.java:344)
at io.appium.java_client.DefaultGenericMobileDriver.findElement(DefaultGenericMobileDriver.java:63)
at io.appium.java_client.AppiumDriver.findElement(AppiumDriver.java:1)
at io.appium.java_client.ios.IOSDriver.findElement(IOSDriver.java:1)
at org.openqa.selenium.support.ui.ExpectedConditions.findElement(ExpectedConditions.java:730)
at org.openqa.selenium.support.ui.ExpectedConditions.access$000(ExpectedConditions.java:39)
at org.openqa.selenium.support.ui.ExpectedConditions$3.apply(ExpectedConditions.java:106)
at org.openqa.selenium.support.ui.ExpectedConditions$3.apply(ExpectedConditions.java:103)
at org.openqa.selenium.support.ui.FluentWait.until(FluentWait.java:208)
... 29 more
]]>
    </error>
  </testcase> <!-- gettingDashboard -->
  <testcase name="gettingDashboard" time="43.115" classname="com.citi.mobileAutomation.test_TH.Test_APAC_iOS_ALOP_PT1">
    <error type="org.openqa.selenium.TimeoutException" message="Timed out after 20 seconds waiting for presence of element located by: By.xpath: //XCUIElementTypeStaticText[@name=&quot;Funds have been credited&quot;]
Build info: version: &#039;2.45.0&#039;, revision: &#039;5017cb8e7ca8e37638dc3091b2440b90a1d8686f&#039;, time: &#039;2015-02-27 09:10:26&#039;
System info: host: &#039;apples-mbp-4&#039;, ip: &#039;192.168.1.2&#039;, os.name: &#039;Mac OS X&#039;, os.arch: &#039;x86_64&#039;, os.version: &#039;10.14.4&#039;, java.version: &#039;1.8.0_211&#039;
Driver info: io.appium.java_client.ios.IOSDriver
Capabilities [{app=/Users/apple/Music/Citi_APAC_TH/ListOfAPK&#039;s/RU_SIT2_DEBUG 2.app, networkConnectionEnabled=false, bundleId=com.citi.development, databaseEnabled=false, deviceName=iPhone 8 Plus, platform=MAC, newCommandTimeout=3000, platformVersion=12.2, webStorageEnabled=false, locationContextEnabled=false, browserName=, takesScreenshot=true, javascriptEnabled=true, platformName=iOS, udid=78EC92FC-390A-4085-8809-9EB94A7E9BF1, autoAcceptAlerts=true}]
Session ID: 1bc769f9-5a33-450d-a082-7fdb7e486287">
      <![CDATA[org.openqa.selenium.TimeoutException: Timed out after 20 seconds waiting for presence of element located by: By.xpath: //XCUIElementTypeStaticText[@name="Funds have been credited"]
Build info: version: '2.45.0', revision: '5017cb8e7ca8e37638dc3091b2440b90a1d8686f', time: '2015-02-27 09:10:26'
System info: host: 'apples-mbp-4', ip: '192.168.1.2', os.name: 'Mac OS X', os.arch: 'x86_64', os.version: '10.14.4', java.version: '1.8.0_211'
Driver info: io.appium.java_client.ios.IOSDriver
Capabilities [{app=/Users/apple/Music/Citi_APAC_TH/ListOfAPK's/RU_SIT2_DEBUG 2.app, networkConnectionEnabled=false, bundleId=com.citi.development, databaseEnabled=false, deviceName=iPhone 8 Plus, platform=MAC, newCommandTimeout=3000, platformVersion=12.2, webStorageEnabled=false, locationContextEnabled=false, browserName=, takesScreenshot=true, javascriptEnabled=true, platformName=iOS, udid=78EC92FC-390A-4085-8809-9EB94A7E9BF1, autoAcceptAlerts=true}]
Session ID: 1bc769f9-5a33-450d-a082-7fdb7e486287
at org.openqa.selenium.support.ui.WebDriverWait.timeoutException(WebDriverWait.java:79)
at org.openqa.selenium.support.ui.FluentWait.until(FluentWait.java:228)
at com.citi.mobileAutomation.utils.ResuableFunction.getTextFromElementByWait(ResuableFunction.java:202)
at com.citi.mobileAutomation.dataMapping.Action_Mapping.actionMapping_Mobile_Application_Native_Android(Action_Mapping.java:41)
at com.citi.mobileAutomation.dataMapping.ObjectGroups.actionOnElements(ObjectGroups.java:75)
at com.citi.mobileAutomation.test_TH.Test_APAC_iOS_ALOP_PT1.gettingDashboard(Test_APAC_iOS_ALOP_PT1.java:20)
at sun.reflect.GeneratedMethodAccessor4.invoke(Unknown Source)
at sun.reflect.DelegatingMethodAccessorImpl.invoke(DelegatingMethodAccessorImpl.java:43)
at java.lang.reflect.Method.invoke(Method.java:498)
at org.testng.internal.MethodInvocationHelper.invokeMethod(MethodInvocationHelper.java:124)
at org.testng.internal.Invoker.invokeMethod(Invoker.java:583)
at org.testng.internal.Invoker.invokeTestMethod(Invoker.java:719)
at org.testng.internal.Invoker.invokeTestMethods(Invoker.java:989)
at org.testng.internal.TestMethodWorker.invokeTestMethods(TestMethodWorker.java:125)
at org.testng.internal.TestMethodWorker.run(TestMethodWorker.java:109)
at org.testng.TestRunner.privateRun(TestRunner.java:648)
at org.testng.TestRunner.run(TestRunner.java:505)
at org.testng.SuiteRunner.runTest(SuiteRunner.java:455)
at org.testng.SuiteRunner.runSequentially(SuiteRunner.java:450)
at org.testng.SuiteRunner.privateRun(SuiteRunner.java:415)
at org.testng.SuiteRunner.run(SuiteRunner.java:364)
at org.testng.SuiteRunnerWorker.runSuite(SuiteRunnerWorker.java:52)
at org.testng.SuiteRunnerWorker.run(SuiteRunnerWorker.java:84)
at org.testng.TestNG.runSuitesSequentially(TestNG.java:1208)
at org.testng.TestNG.runSuitesLocally(TestNG.java:1137)
at org.testng.TestNG.runSuites(TestNG.java:1049)
at org.testng.TestNG.run(TestNG.java:1017)
at org.testng.remote.AbstractRemoteTestNG.run(AbstractRemoteTestNG.java:115)
at org.testng.remote.RemoteTestNG.initAndRun(RemoteTestNG.java:251)
at org.testng.remote.RemoteTestNG.main(RemoteTestNG.java:77)
Caused by: org.openqa.selenium.NoSuchElementException: An element could not be located on the page using the given search parameters. (WARNING: The server did not provide any stacktrace information)
Command duration or timeout: 42.60 seconds
For documentation on this error, please visit: http://seleniumhq.org/exceptions/no_such_element.html
Build info: version: '2.45.0', revision: '5017cb8e7ca8e37638dc3091b2440b90a1d8686f', time: '2015-02-27 09:10:26'
System info: host: 'apples-mbp-4', ip: '192.168.1.2', os.name: 'Mac OS X', os.arch: 'x86_64', os.version: '10.14.4', java.version: '1.8.0_211'
Driver info: io.appium.java_client.ios.IOSDriver
Capabilities [{app=/Users/apple/Music/Citi_APAC_TH/ListOfAPK's/RU_SIT2_DEBUG 2.app, networkConnectionEnabled=false, bundleId=com.citi.development, databaseEnabled=false, deviceName=iPhone 8 Plus, platform=MAC, newCommandTimeout=3000, platformVersion=12.2, webStorageEnabled=false, locationContextEnabled=false, browserName=, takesScreenshot=true, javascriptEnabled=true, platformName=iOS, udid=78EC92FC-390A-4085-8809-9EB94A7E9BF1, autoAcceptAlerts=true}]
Session ID: 1bc769f9-5a33-450d-a082-7fdb7e486287
*** Element info: {Using=xpath, value=//XCUIElementTypeStaticText[@name="Funds have been credited"]}
at sun.reflect.NativeConstructorAccessorImpl.newInstance0(Native Method)
at sun.reflect.NativeConstructorAccessorImpl.newInstance(NativeConstructorAccessorImpl.java:62)
at sun.reflect.DelegatingConstructorAccessorImpl.newInstance(DelegatingConstructorAccessorImpl.java:45)
at java.lang.reflect.Constructor.newInstance(Constructor.java:423)
at org.openqa.selenium.remote.ErrorHandler.createThrowable(ErrorHandler.java:204)
at org.openqa.selenium.remote.ErrorHandler.throwIfResponseFailed(ErrorHandler.java:156)
at org.openqa.selenium.remote.RemoteWebDriver.execute(RemoteWebDriver.java:599)
at io.appium.java_client.DefaultGenericMobileDriver.execute(DefaultGenericMobileDriver.java:51)
at io.appium.java_client.AppiumDriver.execute(AppiumDriver.java:1)
at io.appium.java_client.ios.IOSDriver.execute(IOSDriver.java:1)
at org.openqa.selenium.remote.RemoteWebDriver.findElement(RemoteWebDriver.java:352)
at io.appium.java_client.DefaultGenericMobileDriver.findElement(DefaultGenericMobileDriver.java:67)
at io.appium.java_client.AppiumDriver.findElement(AppiumDriver.java:1)
at io.appium.java_client.ios.IOSDriver.findElement(IOSDriver.java:1)
at org.openqa.selenium.remote.RemoteWebDriver.findElementByXPath(RemoteWebDriver.java:449)
at io.appium.java_client.DefaultGenericMobileDriver.findElementByXPath(DefaultGenericMobileDriver.java:145)
at io.appium.java_client.AppiumDriver.findElementByXPath(AppiumDriver.java:1)
at io.appium.java_client.ios.IOSDriver.findElementByXPath(IOSDriver.java:1)
at org.openqa.selenium.By$ByXPath.findElement(By.java:357)
at org.openqa.selenium.remote.RemoteWebDriver.findElement(RemoteWebDriver.java:344)
at io.appium.java_client.DefaultGenericMobileDriver.findElement(DefaultGenericMobileDriver.java:63)
at io.appium.java_client.AppiumDriver.findElement(AppiumDriver.java:1)
at io.appium.java_client.ios.IOSDriver.findElement(IOSDriver.java:1)
at org.openqa.selenium.support.ui.ExpectedConditions.findElement(ExpectedConditions.java:730)
at org.openqa.selenium.support.ui.ExpectedConditions.access$000(ExpectedConditions.java:39)
at org.openqa.selenium.support.ui.ExpectedConditions$3.apply(ExpectedConditions.java:106)
at org.openqa.selenium.support.ui.ExpectedConditions$3.apply(ExpectedConditions.java:103)
at org.openqa.selenium.support.ui.FluentWait.until(FluentWait.java:208)
... 28 more
]]>
    </error>
  </testcase> <!-- gettingDashboard -->
  <testcase name="gettingDashboard" time="4.850" classname="com.citi.mobileAutomation.test_TH.Test_APAC_iOS_ALOP_PT1"/>
  <testcase name="gettingDashboard" time="81.697" classname="com.citi.mobileAutomation.test_TH.Test_APAC_iOS_ALOP_PT1"/>
  <testcase name="gettingDashboard" time="5.013" classname="com.citi.mobileAutomation.test_TH.Test_APAC_iOS_ALOP_PT1"/>
  <testcase name="gettingDashboard" time="4.815" classname="com.citi.mobileAutomation.test_TH.Test_APAC_iOS_ALOP_PT1"/>
  <testcase name="gettingDashboard" time="4.785" classname="com.citi.mobileAutomation.test_TH.Test_APAC_iOS_ALOP_PT1">
    <failure type="java.lang.AssertionError" message="expected [true] but found [false]">
      <![CDATA[java.lang.AssertionError: expected [true] but found [false]
at org.testng.Assert.fail(Assert.java:96)
at org.testng.Assert.failNotEquals(Assert.java:776)
at org.testng.Assert.assertTrue(Assert.java:44)
at org.testng.Assert.assertTrue(Assert.java:54)
at com.citi.mobileAutomation.assertEngine.Assert_Engine.assertMapping(Assert_Engine.java:15)
at com.citi.mobileAutomation.dataMapping.Action_Mapping.actionMapping_Mobile_Application_Native_Android(Action_Mapping.java:42)
at com.citi.mobileAutomation.dataMapping.ObjectGroups.actionOnElements(ObjectGroups.java:75)
at com.citi.mobileAutomation.test_TH.Test_APAC_iOS_ALOP_PT1.gettingDashboard(Test_APAC_iOS_ALOP_PT1.java:20)
at sun.reflect.GeneratedMethodAccessor4.invoke(Unknown Source)
at sun.reflect.DelegatingMethodAccessorImpl.invoke(DelegatingMethodAccessorImpl.java:43)
at java.lang.reflect.Method.invoke(Method.java:498)
at org.testng.internal.MethodInvocationHelper.invokeMethod(MethodInvocationHelper.java:124)
at org.testng.internal.Invoker.invokeMethod(Invoker.java:583)
at org.testng.internal.Invoker.invokeTestMethod(Invoker.java:719)
at org.testng.internal.Invoker.invokeTestMethods(Invoker.java:989)
at org.testng.internal.TestMethodWorker.invokeTestMethods(TestMethodWorker.java:125)
at org.testng.internal.TestMethodWorker.run(TestMethodWorker.java:109)
at org.testng.TestRunner.privateRun(TestRunner.java:648)
at org.testng.TestRunner.run(TestRunner.java:505)
at org.testng.SuiteRunner.runTest(SuiteRunner.java:455)
at org.testng.SuiteRunner.runSequentially(SuiteRunner.java:450)
at org.testng.SuiteRunner.privateRun(SuiteRunner.java:415)
at org.testng.SuiteRunner.run(SuiteRunner.java:364)
at org.testng.SuiteRunnerWorker.runSuite(SuiteRunnerWorker.java:52)
at org.testng.SuiteRunnerWorker.run(SuiteRunnerWorker.java:84)
at org.testng.TestNG.runSuitesSequentially(TestNG.java:1208)
at org.testng.TestNG.runSuitesLocally(TestNG.java:1137)
at org.testng.TestNG.runSuites(TestNG.java:1049)
at org.testng.TestNG.run(TestNG.java:1017)
at org.testng.remote.AbstractRemoteTestNG.run(AbstractRemoteTestNG.java:115)
at org.testng.remote.RemoteTestNG.initAndRun(RemoteTestNG.java:251)
at org.testng.remote.RemoteTestNG.main(RemoteTestNG.java:77)
]]>
    </failure>
  </testcase> <!-- gettingDashboard -->
  <testcase name="gettingDashboard" time="4.899" classname="com.citi.mobileAutomation.test_TH.Test_APAC_iOS_ALOP_PT1">
    <failure type="java.lang.AssertionError" message="expected [true] but found [false]">
      <![CDATA[java.lang.AssertionError: expected [true] but found [false]
at org.testng.Assert.fail(Assert.java:96)
at org.testng.Assert.failNotEquals(Assert.java:776)
at org.testng.Assert.assertTrue(Assert.java:44)
at org.testng.Assert.assertTrue(Assert.java:54)
at com.citi.mobileAutomation.assertEngine.Assert_Engine.assertMapping(Assert_Engine.java:13)
at com.citi.mobileAutomation.dataMapping.Action_Mapping.actionMapping_Mobile_Application_Native_Android(Action_Mapping.java:70)
at com.citi.mobileAutomation.dataMapping.ObjectGroups.actionOnElements(ObjectGroups.java:75)
at com.citi.mobileAutomation.test_TH.Test_APAC_iOS_ALOP_PT1.gettingDashboard(Test_APAC_iOS_ALOP_PT1.java:20)
at sun.reflect.GeneratedMethodAccessor4.invoke(Unknown Source)
at sun.reflect.DelegatingMethodAccessorImpl.invoke(DelegatingMethodAccessorImpl.java:43)
at java.lang.reflect.Method.invoke(Method.java:498)
at org.testng.internal.MethodInvocationHelper.invokeMethod(MethodInvocationHelper.java:124)
at org.testng.internal.Invoker.invokeMethod(Invoker.java:583)
at org.testng.internal.Invoker.invokeTestMethod(Invoker.java:719)
at org.testng.internal.Invoker.invokeTestMethods(Invoker.java:989)
at org.testng.internal.TestMethodWorker.invokeTestMethods(TestMethodWorker.java:125)
at org.testng.internal.TestMethodWorker.run(TestMethodWorker.java:109)
at org.testng.TestRunner.privateRun(TestRunner.java:648)
at org.testng.TestRunner.run(TestRunner.java:505)
at org.testng.SuiteRunner.runTest(SuiteRunner.java:455)
at org.testng.SuiteRunner.runSequentially(SuiteRunner.java:450)
at org.testng.SuiteRunner.privateRun(SuiteRunner.java:415)
at org.testng.SuiteRunner.run(SuiteRunner.java:364)
at org.testng.SuiteRunnerWorker.runSuite(SuiteRunnerWorker.java:52)
at org.testng.SuiteRunnerWorker.run(SuiteRunnerWorker.java:84)
at org.testng.TestNG.runSuitesSequentially(TestNG.java:1208)
at org.testng.TestNG.runSuitesLocally(TestNG.java:1137)
at org.testng.TestNG.runSuites(TestNG.java:1049)
at org.testng.TestNG.run(TestNG.java:1017)
at org.testng.remote.AbstractRemoteTestNG.run(AbstractRemoteTestNG.java:115)
at org.testng.remote.RemoteTestNG.initAndRun(RemoteTestNG.java:251)
at org.testng.remote.RemoteTestNG.main(RemoteTestNG.java:77)
]]>
    </failure>
  </testcase> <!-- gettingDashboard -->
  <testcase name="gettingDashboard" time="6.378" classname="com.citi.mobileAutomation.test_TH.Test_APAC_iOS_ALOP_PT1"/>
  <testcase name="gettingDashboard" time="10.750" classname="com.citi.mobileAutomation.test_TH.Test_APAC_iOS_ALOP_PT1"/>
  <testcase name="gettingDashboard" time="4.825" classname="com.citi.mobileAutomation.test_TH.Test_APAC_iOS_ALOP_PT1"/>
  <testcase name="gettingDashboard" time="4.261" classname="com.citi.mobileAutomation.test_TH.Test_APAC_iOS_ALOP_PT1"/>
  <testcase name="gettingDashboard" time="4.932" classname="com.citi.mobileAutomation.test_TH.Test_APAC_iOS_ALOP_PT1"/>
  <testcase name="gettingDashboard" time="5.089" classname="com.citi.mobileAutomation.test_TH.Test_APAC_iOS_ALOP_PT1"/>
  <testcase name="gettingDashboard" time="4.975" classname="com.citi.mobileAutomation.test_TH.Test_APAC_iOS_ALOP_PT1"/>
  <testcase name="gettingDashboard" time="4.747" classname="com.citi.mobileAutomation.test_TH.Test_APAC_iOS_ALOP_PT1">
    <failure type="java.lang.AssertionError" message="expected [true] but found [false]">
      <![CDATA[java.lang.AssertionError: expected [true] but found [false]
at org.testng.Assert.fail(Assert.java:96)
at org.testng.Assert.failNotEquals(Assert.java:776)
at org.testng.Assert.assertTrue(Assert.java:44)
at org.testng.Assert.assertTrue(Assert.java:54)
at com.citi.mobileAutomation.assertEngine.Assert_Engine.assertMapping(Assert_Engine.java:15)
at com.citi.mobileAutomation.dataMapping.Action_Mapping.actionMapping_Mobile_Application_Native_Android(Action_Mapping.java:42)
at com.citi.mobileAutomation.dataMapping.ObjectGroups.actionOnElements(ObjectGroups.java:75)
at com.citi.mobileAutomation.test_TH.Test_APAC_iOS_ALOP_PT1.gettingDashboard(Test_APAC_iOS_ALOP_PT1.java:20)
at sun.reflect.GeneratedMethodAccessor4.invoke(Unknown Source)
at sun.reflect.DelegatingMethodAccessorImpl.invoke(DelegatingMethodAccessorImpl.java:43)
at java.lang.reflect.Method.invoke(Method.java:498)
at org.testng.internal.MethodInvocationHelper.invokeMethod(MethodInvocationHelper.java:124)
at org.testng.internal.Invoker.invokeMethod(Invoker.java:583)
at org.testng.internal.Invoker.invokeTestMethod(Invoker.java:719)
at org.testng.internal.Invoker.invokeTestMethods(Invoker.java:989)
at org.testng.internal.TestMethodWorker.invokeTestMethods(TestMethodWorker.java:125)
at org.testng.internal.TestMethodWorker.run(TestMethodWorker.java:109)
at org.testng.TestRunner.privateRun(TestRunner.java:648)
at org.testng.TestRunner.run(TestRunner.java:505)
at org.testng.SuiteRunner.runTest(SuiteRunner.java:455)
at org.testng.SuiteRunner.runSequentially(SuiteRunner.java:450)
at org.testng.SuiteRunner.privateRun(SuiteRunner.java:415)
at org.testng.SuiteRunner.run(SuiteRunner.java:364)
at org.testng.SuiteRunnerWorker.runSuite(SuiteRunnerWorker.java:52)
at org.testng.SuiteRunnerWorker.run(SuiteRunnerWorker.java:84)
at org.testng.TestNG.runSuitesSequentially(TestNG.java:1208)
at org.testng.TestNG.runSuitesLocally(TestNG.java:1137)
at org.testng.TestNG.runSuites(TestNG.java:1049)
at org.testng.TestNG.run(TestNG.java:1017)
at org.testng.remote.AbstractRemoteTestNG.run(AbstractRemoteTestNG.java:115)
at org.testng.remote.RemoteTestNG.initAndRun(RemoteTestNG.java:251)
at org.testng.remote.RemoteTestNG.main(RemoteTestNG.java:77)
]]>
    </failure>
  </testcase> <!-- gettingDashboard -->
  <testcase name="gettingDashboard" time="4.801" classname="com.citi.mobileAutomation.test_TH.Test_APAC_iOS_ALOP_PT1"/>
  <testcase name="gettingDashboard" time="4.374" classname="com.citi.mobileAutomation.test_TH.Test_APAC_iOS_ALOP_PT1"/>
  <testcase name="gettingDashboard" time="44.495" classname="com.citi.mobileAutomation.test_TH.Test_APAC_iOS_ALOP_PT1">
    <error type="org.openqa.selenium.TimeoutException" message="Timed out after 20 seconds waiting for presence of element located by: By.xpath: /XCUIElementTypeStaticText[@name=&quot;Transfer to third party&quot;]
Build info: version: &#039;2.45.0&#039;, revision: &#039;5017cb8e7ca8e37638dc3091b2440b90a1d8686f&#039;, time: &#039;2015-02-27 09:10:26&#039;
System info: host: &#039;apples-mbp-4&#039;, ip: &#039;192.168.1.2&#039;, os.name: &#039;Mac OS X&#039;, os.arch: &#039;x86_64&#039;, os.version: &#039;10.14.4&#039;, java.version: &#039;1.8.0_211&#039;
Driver info: io.appium.java_client.ios.IOSDriver
Capabilities [{app=/Users/apple/Music/Citi_APAC_TH/ListOfAPK&#039;s/RU_SIT2_DEBUG 2.app, networkConnectionEnabled=false, bundleId=com.citi.development, databaseEnabled=false, deviceName=iPhone 8 Plus, platform=MAC, newCommandTimeout=3000, platformVersion=12.2, webStorageEnabled=false, locationContextEnabled=false, browserName=, takesScreenshot=true, javascriptEnabled=true, platformName=iOS, udid=78EC92FC-390A-4085-8809-9EB94A7E9BF1, autoAcceptAlerts=true}]
Session ID: 1bc769f9-5a33-450d-a082-7fdb7e486287">
      <![CDATA[org.openqa.selenium.TimeoutException: Timed out after 20 seconds waiting for presence of element located by: By.xpath: /XCUIElementTypeStaticText[@name="Transfer to third party"]
Build info: version: '2.45.0', revision: '5017cb8e7ca8e37638dc3091b2440b90a1d8686f', time: '2015-02-27 09:10:26'
System info: host: 'apples-mbp-4', ip: '192.168.1.2', os.name: 'Mac OS X', os.arch: 'x86_64', os.version: '10.14.4', java.version: '1.8.0_211'
Driver info: io.appium.java_client.ios.IOSDriver
Capabilities [{app=/Users/apple/Music/Citi_APAC_TH/ListOfAPK's/RU_SIT2_DEBUG 2.app, networkConnectionEnabled=false, bundleId=com.citi.development, databaseEnabled=false, deviceName=iPhone 8 Plus, platform=MAC, newCommandTimeout=3000, platformVersion=12.2, webStorageEnabled=false, locationContextEnabled=false, browserName=, takesScreenshot=true, javascriptEnabled=true, platformName=iOS, udid=78EC92FC-390A-4085-8809-9EB94A7E9BF1, autoAcceptAlerts=true}]
Session ID: 1bc769f9-5a33-450d-a082-7fdb7e486287
at org.openqa.selenium.support.ui.WebDriverWait.timeoutException(WebDriverWait.java:79)
at org.openqa.selenium.support.ui.FluentWait.until(FluentWait.java:228)
at com.citi.mobileAutomation.utils.ResuableFunction.getTextFromElementByWait(ResuableFunction.java:202)
at com.citi.mobileAutomation.dataMapping.Action_Mapping.actionMapping_Mobile_Application_Native_Android(Action_Mapping.java:41)
at com.citi.mobileAutomation.dataMapping.ObjectGroups.actionOnElements(ObjectGroups.java:75)
at com.citi.mobileAutomation.test_TH.Test_APAC_iOS_ALOP_PT1.gettingDashboard(Test_APAC_iOS_ALOP_PT1.java:20)
at sun.reflect.GeneratedMethodAccessor4.invoke(Unknown Source)
at sun.reflect.DelegatingMethodAccessorImpl.invoke(DelegatingMethodAccessorImpl.java:43)
at java.lang.reflect.Method.invoke(Method.java:498)
at org.testng.internal.MethodInvocationHelper.invokeMethod(MethodInvocationHelper.java:124)
at org.testng.internal.Invoker.invokeMethod(Invoker.java:583)
at org.testng.internal.Invoker.invokeTestMethod(Invoker.java:719)
at org.testng.internal.Invoker.invokeTestMethods(Invoker.java:989)
at org.testng.internal.TestMethodWorker.invokeTestMethods(TestMethodWorker.java:125)
at org.testng.internal.TestMethodWorker.run(TestMethodWorker.java:109)
at org.testng.TestRunner.privateRun(TestRunner.java:648)
at org.testng.TestRunner.run(TestRunner.java:505)
at org.testng.SuiteRunner.runTest(SuiteRunner.java:455)
at org.testng.SuiteRunner.runSequentially(SuiteRunner.java:450)
at org.testng.SuiteRunner.privateRun(SuiteRunner.java:415)
at org.testng.SuiteRunner.run(SuiteRunner.java:364)
at org.testng.SuiteRunnerWorker.runSuite(SuiteRunnerWorker.java:52)
at org.testng.SuiteRunnerWorker.run(SuiteRunnerWorker.java:84)
at org.testng.TestNG.runSuitesSequentially(TestNG.java:1208)
at org.testng.TestNG.runSuitesLocally(TestNG.java:1137)
at org.testng.TestNG.runSuites(TestNG.java:1049)
at org.testng.TestNG.run(TestNG.java:1017)
at org.testng.remote.AbstractRemoteTestNG.run(AbstractRemoteTestNG.java:115)
at org.testng.remote.RemoteTestNG.initAndRun(RemoteTestNG.java:251)
at org.testng.remote.RemoteTestNG.main(RemoteTestNG.java:77)
Caused by: org.openqa.selenium.NoSuchElementException: An element could not be located on the page using the given search parameters. (WARNING: The server did not provide any stacktrace information)
Command duration or timeout: 44.18 seconds
For documentation on this error, please visit: http://seleniumhq.org/exceptions/no_such_element.html
Build info: version: '2.45.0', revision: '5017cb8e7ca8e37638dc3091b2440b90a1d8686f', time: '2015-02-27 09:10:26'
System info: host: 'apples-mbp-4', ip: '192.168.1.2', os.name: 'Mac OS X', os.arch: 'x86_64', os.version: '10.14.4', java.version: '1.8.0_211'
Driver info: io.appium.java_client.ios.IOSDriver
Capabilities [{app=/Users/apple/Music/Citi_APAC_TH/ListOfAPK's/RU_SIT2_DEBUG 2.app, networkConnectionEnabled=false, bundleId=com.citi.development, databaseEnabled=false, deviceName=iPhone 8 Plus, platform=MAC, newCommandTimeout=3000, platformVersion=12.2, webStorageEnabled=false, locationContextEnabled=false, browserName=, takesScreenshot=true, javascriptEnabled=true, platformName=iOS, udid=78EC92FC-390A-4085-8809-9EB94A7E9BF1, autoAcceptAlerts=true}]
Session ID: 1bc769f9-5a33-450d-a082-7fdb7e486287
*** Element info: {Using=xpath, value=/XCUIElementTypeStaticText[@name="Transfer to third party"]}
at sun.reflect.NativeConstructorAccessorImpl.newInstance0(Native Method)
at sun.reflect.NativeConstructorAccessorImpl.newInstance(NativeConstructorAccessorImpl.java:62)
at sun.reflect.DelegatingConstructorAccessorImpl.newInstance(DelegatingConstructorAccessorImpl.java:45)
at java.lang.reflect.Constructor.newInstance(Constructor.java:423)
at org.openqa.selenium.remote.ErrorHandler.createThrowable(ErrorHandler.java:204)
at org.openqa.selenium.remote.ErrorHandler.throwIfResponseFailed(ErrorHandler.java:156)
at org.openqa.selenium.remote.RemoteWebDriver.execute(RemoteWebDriver.java:599)
at io.appium.java_client.DefaultGenericMobileDriver.execute(DefaultGenericMobileDriver.java:51)
at io.appium.java_client.AppiumDriver.execute(AppiumDriver.java:1)
at io.appium.java_client.ios.IOSDriver.execute(IOSDriver.java:1)
at org.openqa.selenium.remote.RemoteWebDriver.findElement(RemoteWebDriver.java:352)
at io.appium.java_client.DefaultGenericMobileDriver.findElement(DefaultGenericMobileDriver.java:67)
at io.appium.java_client.AppiumDriver.findElement(AppiumDriver.java:1)
at io.appium.java_client.ios.IOSDriver.findElement(IOSDriver.java:1)
at org.openqa.selenium.remote.RemoteWebDriver.findElementByXPath(RemoteWebDriver.java:449)
at io.appium.java_client.DefaultGenericMobileDriver.findElementByXPath(DefaultGenericMobileDriver.java:145)
at io.appium.java_client.AppiumDriver.findElementByXPath(AppiumDriver.java:1)
at io.appium.java_client.ios.IOSDriver.findElementByXPath(IOSDriver.java:1)
at org.openqa.selenium.By$ByXPath.findElement(By.java:357)
at org.openqa.selenium.remote.RemoteWebDriver.findElement(RemoteWebDriver.java:344)
at io.appium.java_client.DefaultGenericMobileDriver.findElement(DefaultGenericMobileDriver.java:63)
at io.appium.java_client.AppiumDriver.findElement(AppiumDriver.java:1)
at io.appium.java_client.ios.IOSDriver.findElement(IOSDriver.java:1)
at org.openqa.selenium.support.ui.ExpectedConditions.findElement(ExpectedConditions.java:730)
at org.openqa.selenium.support.ui.ExpectedConditions.access$000(ExpectedConditions.java:39)
at org.openqa.selenium.support.ui.ExpectedConditions$3.apply(ExpectedConditions.java:106)
at org.openqa.selenium.support.ui.ExpectedConditions$3.apply(ExpectedConditions.java:103)
at org.openqa.selenium.support.ui.FluentWait.until(FluentWait.java:208)
... 28 more
]]>
    </error>
  </testcase> <!-- gettingDashboard -->
  <testcase name="gettingDashboard" time="4.880" classname="com.citi.mobileAutomation.test_TH.Test_APAC_iOS_ALOP_PT1"/>
  <testcase name="gettingDashboard" time="6.226" classname="com.citi.mobileAutomation.test_TH.Test_APAC_iOS_ALOP_PT1"/>
  <testcase name="gettingDashboard" time="4.985" classname="com.citi.mobileAutomation.test_TH.Test_APAC_iOS_ALOP_PT1"/>
  <testcase name="gettingDashboard" time="10.247" classname="com.citi.mobileAutomation.test_TH.Test_APAC_iOS_ALOP_PT1"/>
  <testcase name="gettingDashboard" time="0.236" classname="com.citi.mobileAutomation.test_TH.Test_APAC_iOS_ALOP_PT1"/>
  <testcase name="gettingDashboard" time="111.768" classname="com.citi.mobileAutomation.test_TH.Test_APAC_iOS_ALOP_PT1"/>
  <testcase name="gettingDashboard" time="4.837" classname="com.citi.mobileAutomation.test_TH.Test_APAC_iOS_ALOP_PT1"/>
  <testcase name="gettingDashboard" time="7.079" classname="com.citi.mobileAutomation.test_TH.Test_APAC_iOS_ALOP_PT1"/>
</testsuite> <!-- com.citi.mobileAutomation.test_TH.Test_APAC_iOS_ALOP_PT1 -->
