<?xml version="1.0" encoding="UTF-8"?>
<!-- Generated by org.testng.reporters.JUnitReportReporter -->
<testsuite skipped="0" hostname="apples-MacBook-Pro-4.local" name="com.citi.mobileAutomation.test_SG.Test_APAC_iOS_FP_INTERNAL_FCY_LCY" tests="41" failures="4" timestamp="17 Jul 2019 09:19:37 GMT" time="804.617" errors="1">
  <testcase name="gettingDashboard" time="40.565" classname="com.citi.mobileAutomation.test_SG.Test_APAC_iOS_FP_INTERNAL_FCY_LCY">
    <failure type="java.lang.AssertionError" message="expected [true] but found [false]">
      <![CDATA[java.lang.AssertionError: expected [true] but found [false]
at org.testng.Assert.fail(Assert.java:96)
at org.testng.Assert.failNotEquals(Assert.java:776)
at org.testng.Assert.assertTrue(Assert.java:44)
at org.testng.Assert.assertTrue(Assert.java:54)
at com.citi.mobileAutomation.assertEngine.Assert_Engine.assertMapping(Assert_Engine.java:13)
at com.citi.mobileAutomation.dataMapping.Action_Mapping.actionMapping_Mobile_Application_Native_Android(Action_Mapping.java:103)
at com.citi.mobileAutomation.dataMapping.ObjectGroups.actionOnElements(ObjectGroups.java:46)
at com.citi.mobileAutomation.test_SG.Test_APAC_iOS_FP_INTERNAL_FCY_LCY.gettingDashboard(Test_APAC_iOS_FP_INTERNAL_FCY_LCY.java:25)
at sun.reflect.GeneratedMethodAccessor1.invoke(Unknown Source)
at sun.reflect.DelegatingMethodAccessorImpl.invoke(DelegatingMethodAccessorImpl.java:43)
at java.lang.reflect.Method.invoke(Method.java:498)
at org.testng.internal.MethodInvocationHelper.invokeMethod(MethodInvocationHelper.java:124)
at org.testng.internal.Invoker.invokeMethod(Invoker.java:583)
at org.testng.internal.Invoker.invokeTestMethod(Invoker.java:719)
at org.testng.internal.Invoker.invokeTestMethods(Invoker.java:989)
at org.testng.internal.TestMethodWorker.invokeTestMethods(TestMethodWorker.java:125)
at org.testng.internal.TestMethodWorker.run(TestMethodWorker.java:109)
at org.testng.TestRunner.privateRun(TestRunner.java:648)
at org.testng.TestRunner.run(TestRunner.java:505)
at org.testng.SuiteRunner.runTest(SuiteRunner.java:455)
at org.testng.SuiteRunner.runSequentially(SuiteRunner.java:450)
at org.testng.SuiteRunner.privateRun(SuiteRunner.java:415)
at org.testng.SuiteRunner.run(SuiteRunner.java:364)
at org.testng.SuiteRunnerWorker.runSuite(SuiteRunnerWorker.java:52)
at org.testng.SuiteRunnerWorker.run(SuiteRunnerWorker.java:84)
at org.testng.TestNG.runSuitesSequentially(TestNG.java:1208)
at org.testng.TestNG.runSuitesLocally(TestNG.java:1137)
at org.testng.TestNG.runSuites(TestNG.java:1049)
at org.testng.TestNG.run(TestNG.java:1017)
at org.testng.remote.AbstractRemoteTestNG.run(AbstractRemoteTestNG.java:115)
at org.testng.remote.RemoteTestNG.initAndRun(RemoteTestNG.java:251)
at org.testng.remote.RemoteTestNG.main(RemoteTestNG.java:77)
]]>
    </failure>
  </testcase> <!-- gettingDashboard -->
  <testcase name="gettingDashboard" time="2.433" classname="com.citi.mobileAutomation.test_SG.Test_APAC_iOS_FP_INTERNAL_FCY_LCY"/>
  <testcase name="gettingDashboard" time="11.768" classname="com.citi.mobileAutomation.test_SG.Test_APAC_iOS_FP_INTERNAL_FCY_LCY"/>
  <testcase name="gettingDashboard" time="2.765" classname="com.citi.mobileAutomation.test_SG.Test_APAC_iOS_FP_INTERNAL_FCY_LCY"/>
  <testcase name="gettingDashboard" time="2.679" classname="com.citi.mobileAutomation.test_SG.Test_APAC_iOS_FP_INTERNAL_FCY_LCY"/>
  <testcase name="gettingDashboard" time="6.041" classname="com.citi.mobileAutomation.test_SG.Test_APAC_iOS_FP_INTERNAL_FCY_LCY"/>
  <testcase name="gettingDashboard" time="0.474" classname="com.citi.mobileAutomation.test_SG.Test_APAC_iOS_FP_INTERNAL_FCY_LCY"/>
  <testcase name="gettingDashboard" time="3.760" classname="com.citi.mobileAutomation.test_SG.Test_APAC_iOS_FP_INTERNAL_FCY_LCY"/>
  <testcase name="gettingDashboard" time="2.398" classname="com.citi.mobileAutomation.test_SG.Test_APAC_iOS_FP_INTERNAL_FCY_LCY"/>
  <testcase name="gettingDashboard" time="1.167" classname="com.citi.mobileAutomation.test_SG.Test_APAC_iOS_FP_INTERNAL_FCY_LCY"/>
  <testcase name="gettingDashboard" time="42.146" classname="com.citi.mobileAutomation.test_SG.Test_APAC_iOS_FP_INTERNAL_FCY_LCY">
    <failure type="java.lang.AssertionError" message="expected [true] but found [false]">
      <![CDATA[java.lang.AssertionError: expected [true] but found [false]
at org.testng.Assert.fail(Assert.java:96)
at org.testng.Assert.failNotEquals(Assert.java:776)
at org.testng.Assert.assertTrue(Assert.java:44)
at org.testng.Assert.assertTrue(Assert.java:54)
at com.citi.mobileAutomation.assertEngine.Assert_Engine.assertMapping(Assert_Engine.java:13)
at com.citi.mobileAutomation.dataMapping.Action_Mapping.actionMapping_Mobile_Application_Native_Android(Action_Mapping.java:103)
at com.citi.mobileAutomation.dataMapping.ObjectGroups.actionOnElements(ObjectGroups.java:46)
at com.citi.mobileAutomation.test_SG.Test_APAC_iOS_FP_INTERNAL_FCY_LCY.gettingDashboard(Test_APAC_iOS_FP_INTERNAL_FCY_LCY.java:25)
at sun.reflect.GeneratedMethodAccessor1.invoke(Unknown Source)
at sun.reflect.DelegatingMethodAccessorImpl.invoke(DelegatingMethodAccessorImpl.java:43)
at java.lang.reflect.Method.invoke(Method.java:498)
at org.testng.internal.MethodInvocationHelper.invokeMethod(MethodInvocationHelper.java:124)
at org.testng.internal.Invoker.invokeMethod(Invoker.java:583)
at org.testng.internal.Invoker.invokeTestMethod(Invoker.java:719)
at org.testng.internal.Invoker.invokeTestMethods(Invoker.java:989)
at org.testng.internal.TestMethodWorker.invokeTestMethods(TestMethodWorker.java:125)
at org.testng.internal.TestMethodWorker.run(TestMethodWorker.java:109)
at org.testng.TestRunner.privateRun(TestRunner.java:648)
at org.testng.TestRunner.run(TestRunner.java:505)
at org.testng.SuiteRunner.runTest(SuiteRunner.java:455)
at org.testng.SuiteRunner.runSequentially(SuiteRunner.java:450)
at org.testng.SuiteRunner.privateRun(SuiteRunner.java:415)
at org.testng.SuiteRunner.run(SuiteRunner.java:364)
at org.testng.SuiteRunnerWorker.runSuite(SuiteRunnerWorker.java:52)
at org.testng.SuiteRunnerWorker.run(SuiteRunnerWorker.java:84)
at org.testng.TestNG.runSuitesSequentially(TestNG.java:1208)
at org.testng.TestNG.runSuitesLocally(TestNG.java:1137)
at org.testng.TestNG.runSuites(TestNG.java:1049)
at org.testng.TestNG.run(TestNG.java:1017)
at org.testng.remote.AbstractRemoteTestNG.run(AbstractRemoteTestNG.java:115)
at org.testng.remote.RemoteTestNG.initAndRun(RemoteTestNG.java:251)
at org.testng.remote.RemoteTestNG.main(RemoteTestNG.java:77)
]]>
    </failure>
  </testcase> <!-- gettingDashboard -->
  <testcase name="gettingDashboard" time="42.225" classname="com.citi.mobileAutomation.test_SG.Test_APAC_iOS_FP_INTERNAL_FCY_LCY">
    <failure type="java.lang.AssertionError" message="expected [true] but found [false]">
      <![CDATA[java.lang.AssertionError: expected [true] but found [false]
at org.testng.Assert.fail(Assert.java:96)
at org.testng.Assert.failNotEquals(Assert.java:776)
at org.testng.Assert.assertTrue(Assert.java:44)
at org.testng.Assert.assertTrue(Assert.java:54)
at com.citi.mobileAutomation.assertEngine.Assert_Engine.assertMapping(Assert_Engine.java:13)
at com.citi.mobileAutomation.dataMapping.Action_Mapping.actionMapping_Mobile_Application_Native_Android(Action_Mapping.java:103)
at com.citi.mobileAutomation.dataMapping.ObjectGroups.actionOnElements(ObjectGroups.java:46)
at com.citi.mobileAutomation.test_SG.Test_APAC_iOS_FP_INTERNAL_FCY_LCY.gettingDashboard(Test_APAC_iOS_FP_INTERNAL_FCY_LCY.java:25)
at sun.reflect.GeneratedMethodAccessor1.invoke(Unknown Source)
at sun.reflect.DelegatingMethodAccessorImpl.invoke(DelegatingMethodAccessorImpl.java:43)
at java.lang.reflect.Method.invoke(Method.java:498)
at org.testng.internal.MethodInvocationHelper.invokeMethod(MethodInvocationHelper.java:124)
at org.testng.internal.Invoker.invokeMethod(Invoker.java:583)
at org.testng.internal.Invoker.invokeTestMethod(Invoker.java:719)
at org.testng.internal.Invoker.invokeTestMethods(Invoker.java:989)
at org.testng.internal.TestMethodWorker.invokeTestMethods(TestMethodWorker.java:125)
at org.testng.internal.TestMethodWorker.run(TestMethodWorker.java:109)
at org.testng.TestRunner.privateRun(TestRunner.java:648)
at org.testng.TestRunner.run(TestRunner.java:505)
at org.testng.SuiteRunner.runTest(SuiteRunner.java:455)
at org.testng.SuiteRunner.runSequentially(SuiteRunner.java:450)
at org.testng.SuiteRunner.privateRun(SuiteRunner.java:415)
at org.testng.SuiteRunner.run(SuiteRunner.java:364)
at org.testng.SuiteRunnerWorker.runSuite(SuiteRunnerWorker.java:52)
at org.testng.SuiteRunnerWorker.run(SuiteRunnerWorker.java:84)
at org.testng.TestNG.runSuitesSequentially(TestNG.java:1208)
at org.testng.TestNG.runSuitesLocally(TestNG.java:1137)
at org.testng.TestNG.runSuites(TestNG.java:1049)
at org.testng.TestNG.run(TestNG.java:1017)
at org.testng.remote.AbstractRemoteTestNG.run(AbstractRemoteTestNG.java:115)
at org.testng.remote.RemoteTestNG.initAndRun(RemoteTestNG.java:251)
at org.testng.remote.RemoteTestNG.main(RemoteTestNG.java:77)
]]>
    </failure>
  </testcase> <!-- gettingDashboard -->
  <testcase name="gettingDashboard" time="2.680" classname="com.citi.mobileAutomation.test_SG.Test_APAC_iOS_FP_INTERNAL_FCY_LCY"/>
  <testcase name="gettingDashboard" time="2.732" classname="com.citi.mobileAutomation.test_SG.Test_APAC_iOS_FP_INTERNAL_FCY_LCY"/>
  <testcase name="gettingDashboard" time="12.272" classname="com.citi.mobileAutomation.test_SG.Test_APAC_iOS_FP_INTERNAL_FCY_LCY"/>
  <testcase name="gettingDashboard" time="6.091" classname="com.citi.mobileAutomation.test_SG.Test_APAC_iOS_FP_INTERNAL_FCY_LCY"/>
  <testcase name="gettingDashboard" time="3.035" classname="com.citi.mobileAutomation.test_SG.Test_APAC_iOS_FP_INTERNAL_FCY_LCY"/>
  <testcase name="gettingDashboard" time="100.286" classname="com.citi.mobileAutomation.test_SG.Test_APAC_iOS_FP_INTERNAL_FCY_LCY"/>
  <testcase name="gettingDashboard" time="7.515" classname="com.citi.mobileAutomation.test_SG.Test_APAC_iOS_FP_INTERNAL_FCY_LCY"/>
  <testcase name="gettingDashboard" time="2.518" classname="com.citi.mobileAutomation.test_SG.Test_APAC_iOS_FP_INTERNAL_FCY_LCY"/>
  <testcase name="gettingDashboard" time="2.463" classname="com.citi.mobileAutomation.test_SG.Test_APAC_iOS_FP_INTERNAL_FCY_LCY"/>
  <testcase name="gettingDashboard" time="42.136" classname="com.citi.mobileAutomation.test_SG.Test_APAC_iOS_FP_INTERNAL_FCY_LCY">
    <error type="org.openqa.selenium.TimeoutException" message="Expected condition failed: waiting for presence of element located by: By.xpath: //XCUIElementTypeStaticText[@name=&quot;SET RECURRING&quot;] (tried for 20 second(s) with 500 milliseconds interval)">
      <![CDATA[org.openqa.selenium.TimeoutException: Expected condition failed: waiting for presence of element located by: By.xpath: //XCUIElementTypeStaticText[@name="SET RECURRING"] (tried for 20 second(s) with 500 milliseconds interval)
at org.openqa.selenium.support.ui.WebDriverWait.timeoutException(WebDriverWait.java:113)
at org.openqa.selenium.support.ui.FluentWait.until(FluentWait.java:283)
at com.citi.mobileAutomation.reusableFunction.ResuableFunction.getTextFromElementByWait(ResuableFunction.java:207)
at com.citi.mobileAutomation.dataMapping.Action_Mapping.actionMapping_Mobile_Application_Native_Android(Action_Mapping.java:49)
at com.citi.mobileAutomation.dataMapping.ObjectGroups.actionOnElements(ObjectGroups.java:46)
at com.citi.mobileAutomation.test_SG.Test_APAC_iOS_FP_INTERNAL_FCY_LCY.gettingDashboard(Test_APAC_iOS_FP_INTERNAL_FCY_LCY.java:25)
at sun.reflect.GeneratedMethodAccessor1.invoke(Unknown Source)
at sun.reflect.DelegatingMethodAccessorImpl.invoke(DelegatingMethodAccessorImpl.java:43)
at java.lang.reflect.Method.invoke(Method.java:498)
at org.testng.internal.MethodInvocationHelper.invokeMethod(MethodInvocationHelper.java:124)
at org.testng.internal.Invoker.invokeMethod(Invoker.java:583)
at org.testng.internal.Invoker.invokeTestMethod(Invoker.java:719)
at org.testng.internal.Invoker.invokeTestMethods(Invoker.java:989)
at org.testng.internal.TestMethodWorker.invokeTestMethods(TestMethodWorker.java:125)
at org.testng.internal.TestMethodWorker.run(TestMethodWorker.java:109)
at org.testng.TestRunner.privateRun(TestRunner.java:648)
at org.testng.TestRunner.run(TestRunner.java:505)
at org.testng.SuiteRunner.runTest(SuiteRunner.java:455)
at org.testng.SuiteRunner.runSequentially(SuiteRunner.java:450)
at org.testng.SuiteRunner.privateRun(SuiteRunner.java:415)
at org.testng.SuiteRunner.run(SuiteRunner.java:364)
at org.testng.SuiteRunnerWorker.runSuite(SuiteRunnerWorker.java:52)
at org.testng.SuiteRunnerWorker.run(SuiteRunnerWorker.java:84)
at org.testng.TestNG.runSuitesSequentially(TestNG.java:1208)
at org.testng.TestNG.runSuitesLocally(TestNG.java:1137)
at org.testng.TestNG.runSuites(TestNG.java:1049)
at org.testng.TestNG.run(TestNG.java:1017)
at org.testng.remote.AbstractRemoteTestNG.run(AbstractRemoteTestNG.java:115)
at org.testng.remote.RemoteTestNG.initAndRun(RemoteTestNG.java:251)
at org.testng.remote.RemoteTestNG.main(RemoteTestNG.java:77)
Caused by: org.openqa.selenium.NoSuchElementException: Cannot locate an element using By.xpath: //XCUIElementTypeStaticText[@name="SET RECURRING"]
For documentation on this error, please visit: http://seleniumhq.org/exceptions/no_such_element.html
Build info: version: '3.14.0', revision: 'aacccce0', time: '2018-08-02T20:19:58.91Z'
System info: host: 'apples-MacBook-Pro-4.local', ip: '192.168.100.26', os.name: 'Mac OS X', os.arch: 'x86_64', os.version: '10.14.4', java.version: '1.8.0_211'
Driver info: driver.version: unknown
at org.openqa.selenium.support.ui.ExpectedConditions.lambda$findElement$0(ExpectedConditions.java:896)
at java.util.Optional.orElseThrow(Optional.java:290)
at org.openqa.selenium.support.ui.ExpectedConditions.findElement(ExpectedConditions.java:895)
at org.openqa.selenium.support.ui.ExpectedConditions.access$000(ExpectedConditions.java:44)
at org.openqa.selenium.support.ui.ExpectedConditions$6.apply(ExpectedConditions.java:183)
at org.openqa.selenium.support.ui.ExpectedConditions$6.apply(ExpectedConditions.java:180)
at org.openqa.selenium.support.ui.FluentWait.until(FluentWait.java:260)
... 28 more
]]>
    </error>
  </testcase> <!-- gettingDashboard -->
  <testcase name="gettingDashboard" time="5.928" classname="com.citi.mobileAutomation.test_SG.Test_APAC_iOS_FP_INTERNAL_FCY_LCY"/>
  <testcase name="gettingDashboard" time="1.910" classname="com.citi.mobileAutomation.test_SG.Test_APAC_iOS_FP_INTERNAL_FCY_LCY"/>
  <testcase name="gettingDashboard" time="13.019" classname="com.citi.mobileAutomation.test_SG.Test_APAC_iOS_FP_INTERNAL_FCY_LCY"/>
  <testcase name="gettingDashboard" time="2.766" classname="com.citi.mobileAutomation.test_SG.Test_APAC_iOS_FP_INTERNAL_FCY_LCY"/>
  <testcase name="gettingDashboard" time="2.041" classname="com.citi.mobileAutomation.test_SG.Test_APAC_iOS_FP_INTERNAL_FCY_LCY"/>
  <testcase name="gettingDashboard" time="200.313" classname="com.citi.mobileAutomation.test_SG.Test_APAC_iOS_FP_INTERNAL_FCY_LCY"/>
  <testcase name="gettingDashboard" time="41.850" classname="com.citi.mobileAutomation.test_SG.Test_APAC_iOS_FP_INTERNAL_FCY_LCY">
    <failure type="java.lang.AssertionError" message="expected [true] but found [false]">
      <![CDATA[java.lang.AssertionError: expected [true] but found [false]
at org.testng.Assert.fail(Assert.java:96)
at org.testng.Assert.failNotEquals(Assert.java:776)
at org.testng.Assert.assertTrue(Assert.java:44)
at org.testng.Assert.assertTrue(Assert.java:54)
at com.citi.mobileAutomation.assertEngine.Assert_Engine.assertMapping(Assert_Engine.java:13)
at com.citi.mobileAutomation.dataMapping.Action_Mapping.actionMapping_Mobile_Application_Native_Android(Action_Mapping.java:103)
at com.citi.mobileAutomation.dataMapping.ObjectGroups.actionOnElements(ObjectGroups.java:46)
at com.citi.mobileAutomation.test_SG.Test_APAC_iOS_FP_INTERNAL_FCY_LCY.gettingDashboard(Test_APAC_iOS_FP_INTERNAL_FCY_LCY.java:25)
at sun.reflect.GeneratedMethodAccessor1.invoke(Unknown Source)
at sun.reflect.DelegatingMethodAccessorImpl.invoke(DelegatingMethodAccessorImpl.java:43)
at java.lang.reflect.Method.invoke(Method.java:498)
at org.testng.internal.MethodInvocationHelper.invokeMethod(MethodInvocationHelper.java:124)
at org.testng.internal.Invoker.invokeMethod(Invoker.java:583)
at org.testng.internal.Invoker.invokeTestMethod(Invoker.java:719)
at org.testng.internal.Invoker.invokeTestMethods(Invoker.java:989)
at org.testng.internal.TestMethodWorker.invokeTestMethods(TestMethodWorker.java:125)
at org.testng.internal.TestMethodWorker.run(TestMethodWorker.java:109)
at org.testng.TestRunner.privateRun(TestRunner.java:648)
at org.testng.TestRunner.run(TestRunner.java:505)
at org.testng.SuiteRunner.runTest(SuiteRunner.java:455)
at org.testng.SuiteRunner.runSequentially(SuiteRunner.java:450)
at org.testng.SuiteRunner.privateRun(SuiteRunner.java:415)
at org.testng.SuiteRunner.run(SuiteRunner.java:364)
at org.testng.SuiteRunnerWorker.runSuite(SuiteRunnerWorker.java:52)
at org.testng.SuiteRunnerWorker.run(SuiteRunnerWorker.java:84)
at org.testng.TestNG.runSuitesSequentially(TestNG.java:1208)
at org.testng.TestNG.runSuitesLocally(TestNG.java:1137)
at org.testng.TestNG.runSuites(TestNG.java:1049)
at org.testng.TestNG.run(TestNG.java:1017)
at org.testng.remote.AbstractRemoteTestNG.run(AbstractRemoteTestNG.java:115)
at org.testng.remote.RemoteTestNG.initAndRun(RemoteTestNG.java:251)
at org.testng.remote.RemoteTestNG.main(RemoteTestNG.java:77)
]]>
    </failure>
  </testcase> <!-- gettingDashboard -->
  <testcase name="gettingDashboard" time="11.974" classname="com.citi.mobileAutomation.test_SG.Test_APAC_iOS_FP_INTERNAL_FCY_LCY"/>
  <testcase name="gettingDashboard" time="20.566" classname="com.citi.mobileAutomation.test_SG.Test_APAC_iOS_FP_INTERNAL_FCY_LCY"/>
  <testcase name="gettingDashboard" time="2.054" classname="com.citi.mobileAutomation.test_SG.Test_APAC_iOS_FP_INTERNAL_FCY_LCY"/>
  <testcase name="gettingDashboard" time="2.414" classname="com.citi.mobileAutomation.test_SG.Test_APAC_iOS_FP_INTERNAL_FCY_LCY"/>
  <testcase name="gettingDashboard" time="2.829" classname="com.citi.mobileAutomation.test_SG.Test_APAC_iOS_FP_INTERNAL_FCY_LCY"/>
  <testcase name="gettingDashboard" time="11.917" classname="com.citi.mobileAutomation.test_SG.Test_APAC_iOS_FP_INTERNAL_FCY_LCY"/>
  <testcase name="gettingDashboard" time="100.327" classname="com.citi.mobileAutomation.test_SG.Test_APAC_iOS_FP_INTERNAL_FCY_LCY"/>
  <testcase name="gettingDashboard" time="4.057" classname="com.citi.mobileAutomation.test_SG.Test_APAC_iOS_FP_INTERNAL_FCY_LCY"/>
  <testcase name="gettingDashboard" time="2.646" classname="com.citi.mobileAutomation.test_SG.Test_APAC_iOS_FP_INTERNAL_FCY_LCY"/>
  <testcase name="gettingDashboard" time="2.285" classname="com.citi.mobileAutomation.test_SG.Test_APAC_iOS_FP_INTERNAL_FCY_LCY"/>
  <testcase name="gettingDashboard" time="1.961" classname="com.citi.mobileAutomation.test_SG.Test_APAC_iOS_FP_INTERNAL_FCY_LCY"/>
  <testcase name="gettingDashboard" time="33.611" classname="com.citi.mobileAutomation.test_SG.Test_APAC_iOS_FP_INTERNAL_FCY_LCY"/>
</testsuite> <!-- com.citi.mobileAutomation.test_SG.Test_APAC_iOS_FP_INTERNAL_FCY_LCY -->
