<?xml version="1.0" encoding="UTF-8"?>
<!-- Generated by org.testng.reporters.JUnitReportReporter -->
<testsuite skipped="0" hostname="apples-MacBook-Pro-4.local" name="com.citi.mobileAutomation.test_PL_iOS.Test__EMEA_PL_AD_100_Loan" tests="39" failures="1" timestamp="14 May 2019 12:04:09 GMT" time="237.097" errors="0">
  <testcase name="gettingDataEPP" time="0.251" classname="com.citi.mobileAutomation.test_PL_iOS.Test__EMEA_PL_AD_100_Loan"/>
  <testcase name="gettingDataEPP" time="4.553" classname="com.citi.mobileAutomation.test_PL_iOS.Test__EMEA_PL_AD_100_Loan"/>
  <testcase name="gettingDataEPP" time="4.468" classname="com.citi.mobileAutomation.test_PL_iOS.Test__EMEA_PL_AD_100_Loan"/>
  <testcase name="gettingDataEPP" time="51.958" classname="com.citi.mobileAutomation.test_PL_iOS.Test__EMEA_PL_AD_100_Loan"/>
  <testcase name="gettingDataEPP" time="4.500" classname="com.citi.mobileAutomation.test_PL_iOS.Test__EMEA_PL_AD_100_Loan"/>
  <testcase name="gettingDataEPP" time="4.407" classname="com.citi.mobileAutomation.test_PL_iOS.Test__EMEA_PL_AD_100_Loan"/>
  <testcase name="gettingDataEPP" time="4.526" classname="com.citi.mobileAutomation.test_PL_iOS.Test__EMEA_PL_AD_100_Loan">
    <failure type="java.lang.AssertionError" message="expected [PLN] but found [PLN 515.00]">
      <![CDATA[java.lang.AssertionError: expected [PLN] but found [PLN 515.00]
at org.testng.Assert.fail(Assert.java:96)
at org.testng.Assert.failNotEquals(Assert.java:776)
at org.testng.Assert.assertEqualsImpl(Assert.java:137)
at org.testng.Assert.assertEquals(Assert.java:118)
at org.testng.Assert.assertEquals(Assert.java:453)
at org.testng.Assert.assertEquals(Assert.java:463)
at com.citi.mobileAutomation.assertEngine.Assert_Engine.assertMapping(Assert_Engine.java:9)
at com.citi.mobileAutomation.dataMapping.Action_Mapping.actionMapping_Mobile_Application_Native_Android(Action_Mapping.java:40)
at com.citi.mobileAutomation.dataMapping.ObjectGroups.actionOnElements(ObjectGroups.java:75)
at com.citi.mobileAutomation.test_PL_iOS.Test__EMEA_PL_AD_100_Loan.gettingDataEPP(Test__EMEA_PL_AD_100_Loan.java:24)
at sun.reflect.GeneratedMethodAccessor4.invoke(Unknown Source)
at sun.reflect.DelegatingMethodAccessorImpl.invoke(DelegatingMethodAccessorImpl.java:43)
at java.lang.reflect.Method.invoke(Method.java:498)
at org.testng.internal.MethodInvocationHelper.invokeMethod(MethodInvocationHelper.java:124)
at org.testng.internal.Invoker.invokeMethod(Invoker.java:583)
at org.testng.internal.Invoker.invokeTestMethod(Invoker.java:719)
at org.testng.internal.Invoker.invokeTestMethods(Invoker.java:989)
at org.testng.internal.TestMethodWorker.invokeTestMethods(TestMethodWorker.java:125)
at org.testng.internal.TestMethodWorker.run(TestMethodWorker.java:109)
at org.testng.TestRunner.privateRun(TestRunner.java:648)
at org.testng.TestRunner.run(TestRunner.java:505)
at org.testng.SuiteRunner.runTest(SuiteRunner.java:455)
at org.testng.SuiteRunner.runSequentially(SuiteRunner.java:450)
at org.testng.SuiteRunner.privateRun(SuiteRunner.java:415)
at org.testng.SuiteRunner.run(SuiteRunner.java:364)
at org.testng.SuiteRunnerWorker.runSuite(SuiteRunnerWorker.java:52)
at org.testng.SuiteRunnerWorker.run(SuiteRunnerWorker.java:84)
at org.testng.TestNG.runSuitesSequentially(TestNG.java:1208)
at org.testng.TestNG.runSuitesLocally(TestNG.java:1137)
at org.testng.TestNG.runSuites(TestNG.java:1049)
at org.testng.TestNG.run(TestNG.java:1017)
at org.testng.remote.AbstractRemoteTestNG.run(AbstractRemoteTestNG.java:115)
at org.testng.remote.RemoteTestNG.initAndRun(RemoteTestNG.java:251)
at org.testng.remote.RemoteTestNG.main(RemoteTestNG.java:77)
]]>
    </failure>
  </testcase> <!-- gettingDataEPP -->
  <testcase name="gettingDataEPP" time="4.532" classname="com.citi.mobileAutomation.test_PL_iOS.Test__EMEA_PL_AD_100_Loan"/>
  <testcase name="gettingDataEPP" time="11.934" classname="com.citi.mobileAutomation.test_PL_iOS.Test__EMEA_PL_AD_100_Loan"/>
  <testcase name="gettingDataEPP" time="4.394" classname="com.citi.mobileAutomation.test_PL_iOS.Test__EMEA_PL_AD_100_Loan"/>
  <testcase name="gettingDataEPP" time="4.506" classname="com.citi.mobileAutomation.test_PL_iOS.Test__EMEA_PL_AD_100_Loan"/>
  <testcase name="gettingDataEPP" time="4.459" classname="com.citi.mobileAutomation.test_PL_iOS.Test__EMEA_PL_AD_100_Loan"/>
  <testcase name="gettingDataEPP" time="4.700" classname="com.citi.mobileAutomation.test_PL_iOS.Test__EMEA_PL_AD_100_Loan"/>
  <testcase name="gettingDataEPP" time="4.478" classname="com.citi.mobileAutomation.test_PL_iOS.Test__EMEA_PL_AD_100_Loan"/>
  <testcase name="gettingDataEPP" time="4.466" classname="com.citi.mobileAutomation.test_PL_iOS.Test__EMEA_PL_AD_100_Loan"/>
  <testcase name="gettingDataEPP" time="4.402" classname="com.citi.mobileAutomation.test_PL_iOS.Test__EMEA_PL_AD_100_Loan"/>
  <testcase name="gettingDataEPP" time="4.454" classname="com.citi.mobileAutomation.test_PL_iOS.Test__EMEA_PL_AD_100_Loan"/>
  <testcase name="gettingDataEPP" time="4.442" classname="com.citi.mobileAutomation.test_PL_iOS.Test__EMEA_PL_AD_100_Loan"/>
  <testcase name="gettingDataEPP" time="4.362" classname="com.citi.mobileAutomation.test_PL_iOS.Test__EMEA_PL_AD_100_Loan"/>
  <testcase name="gettingDataEPP" time="4.539" classname="com.citi.mobileAutomation.test_PL_iOS.Test__EMEA_PL_AD_100_Loan"/>
  <testcase name="gettingDataEPP" time="4.468" classname="com.citi.mobileAutomation.test_PL_iOS.Test__EMEA_PL_AD_100_Loan"/>
  <testcase name="gettingDataEPP" time="12.324" classname="com.citi.mobileAutomation.test_PL_iOS.Test__EMEA_PL_AD_100_Loan"/>
  <testcase name="gettingDataEPP" time="4.430" classname="com.citi.mobileAutomation.test_PL_iOS.Test__EMEA_PL_AD_100_Loan"/>
  <testcase name="gettingDataEPP" time="4.378" classname="com.citi.mobileAutomation.test_PL_iOS.Test__EMEA_PL_AD_100_Loan"/>
  <testcase name="gettingDataEPP" time="4.489" classname="com.citi.mobileAutomation.test_PL_iOS.Test__EMEA_PL_AD_100_Loan"/>
  <testcase name="gettingDataEPP" time="4.437" classname="com.citi.mobileAutomation.test_PL_iOS.Test__EMEA_PL_AD_100_Loan"/>
  <testcase name="gettingDataEPP" time="4.465" classname="com.citi.mobileAutomation.test_PL_iOS.Test__EMEA_PL_AD_100_Loan"/>
  <testcase name="gettingDataEPP" time="4.474" classname="com.citi.mobileAutomation.test_PL_iOS.Test__EMEA_PL_AD_100_Loan"/>
  <testcase name="gettingDataEPP" time="4.488" classname="com.citi.mobileAutomation.test_PL_iOS.Test__EMEA_PL_AD_100_Loan"/>
  <testcase name="gettingDataEPP" time="4.479" classname="com.citi.mobileAutomation.test_PL_iOS.Test__EMEA_PL_AD_100_Loan"/>
  <testcase name="gettingDataEPP" time="8.851" classname="com.citi.mobileAutomation.test_PL_iOS.Test__EMEA_PL_AD_100_Loan"/>
  <testcase name="gettingDataEPP" time="4.456" classname="com.citi.mobileAutomation.test_PL_iOS.Test__EMEA_PL_AD_100_Loan"/>
  <testcase name="gettingDataEPP" time="4.463" classname="com.citi.mobileAutomation.test_PL_iOS.Test__EMEA_PL_AD_100_Loan"/>
  <testcase name="gettingDataEPP" time="4.368" classname="com.citi.mobileAutomation.test_PL_iOS.Test__EMEA_PL_AD_100_Loan"/>
  <testcase name="gettingDataEPP" time="4.473" classname="com.citi.mobileAutomation.test_PL_iOS.Test__EMEA_PL_AD_100_Loan"/>
  <testcase name="gettingDataEPP" time="4.471" classname="com.citi.mobileAutomation.test_PL_iOS.Test__EMEA_PL_AD_100_Loan"/>
  <testcase name="gettingDataEPP" time="4.442" classname="com.citi.mobileAutomation.test_PL_iOS.Test__EMEA_PL_AD_100_Loan"/>
  <testcase name="gettingDataEPP" time="4.372" classname="com.citi.mobileAutomation.test_PL_iOS.Test__EMEA_PL_AD_100_Loan"/>
  <testcase name="gettingDataEPP" time="4.438" classname="com.citi.mobileAutomation.test_PL_iOS.Test__EMEA_PL_AD_100_Loan"/>
</testsuite> <!-- com.citi.mobileAutomation.test_PL_iOS.Test__EMEA_PL_AD_100_Loan -->
