<?xml version="1.0" encoding="UTF-8"?>
<!-- Generated by org.testng.reporters.JUnitReportReporter -->
<testsuite skipped="0" hostname="apples-MacBook-Pro-2.local" name="com.citi.mobileAutomation.test_UK_iOS.Test_EMEA_UK_AD_140_TimeDeposit" tests="30" failures="2" timestamp="29 May 2019 11:49:11 GMT" time="238.588" errors="0">
  <testcase name="gettingDashboard" time="6.079" classname="com.citi.mobileAutomation.test_UK_iOS.Test_EMEA_UK_AD_140_TimeDeposit"/>
  <testcase name="gettingDashboard" time="6.078" classname="com.citi.mobileAutomation.test_UK_iOS.Test_EMEA_UK_AD_140_TimeDeposit"/>
  <testcase name="gettingDashboard" time="7.957" classname="com.citi.mobileAutomation.test_UK_iOS.Test_EMEA_UK_AD_140_TimeDeposit"/>
  <testcase name="gettingDashboard" time="5.527" classname="com.citi.mobileAutomation.test_UK_iOS.Test_EMEA_UK_AD_140_TimeDeposit"/>
  <testcase name="gettingDashboard" time="0.508" classname="com.citi.mobileAutomation.test_UK_iOS.Test_EMEA_UK_AD_140_TimeDeposit"/>
  <testcase name="gettingDashboard" time="6.737" classname="com.citi.mobileAutomation.test_UK_iOS.Test_EMEA_UK_AD_140_TimeDeposit"/>
  <testcase name="gettingDashboard" time="5.934" classname="com.citi.mobileAutomation.test_UK_iOS.Test_EMEA_UK_AD_140_TimeDeposit"/>
  <testcase name="gettingDashboard" time="6.645" classname="com.citi.mobileAutomation.test_UK_iOS.Test_EMEA_UK_AD_140_TimeDeposit"/>
  <testcase name="gettingDashboard" time="6.938" classname="com.citi.mobileAutomation.test_UK_iOS.Test_EMEA_UK_AD_140_TimeDeposit"/>
  <testcase name="gettingDashboard" time="6.625" classname="com.citi.mobileAutomation.test_UK_iOS.Test_EMEA_UK_AD_140_TimeDeposit">
    <failure type="java.lang.AssertionError" message="expected [true] but found [false]">
      <![CDATA[java.lang.AssertionError: expected [true] but found [false]
at org.testng.Assert.fail(Assert.java:96)
at org.testng.Assert.failNotEquals(Assert.java:776)
at org.testng.Assert.assertTrue(Assert.java:44)
at org.testng.Assert.assertTrue(Assert.java:54)
at com.citi.mobileAutomation.assertEngine.Assert_Engine.assertMapping(Assert_Engine.java:15)
at com.citi.mobileAutomation.dataMapping.Action_Mapping.actionMapping_Mobile_Application_Native_Android(Action_Mapping.java:40)
at com.citi.mobileAutomation.dataMapping.ObjectGroups.actionOnElements(ObjectGroups.java:75)
at com.citi.mobileAutomation.test_UK_iOS.Test_EMEA_UK_AD_140_TimeDeposit.gettingDashboard(Test_EMEA_UK_AD_140_TimeDeposit.java:23)
at sun.reflect.GeneratedMethodAccessor4.invoke(Unknown Source)
at sun.reflect.DelegatingMethodAccessorImpl.invoke(DelegatingMethodAccessorImpl.java:43)
at java.lang.reflect.Method.invoke(Method.java:498)
at org.testng.internal.MethodInvocationHelper.invokeMethod(MethodInvocationHelper.java:124)
at org.testng.internal.Invoker.invokeMethod(Invoker.java:583)
at org.testng.internal.Invoker.invokeTestMethod(Invoker.java:719)
at org.testng.internal.Invoker.invokeTestMethods(Invoker.java:989)
at org.testng.internal.TestMethodWorker.invokeTestMethods(TestMethodWorker.java:125)
at org.testng.internal.TestMethodWorker.run(TestMethodWorker.java:109)
at org.testng.TestRunner.privateRun(TestRunner.java:648)
at org.testng.TestRunner.run(TestRunner.java:505)
at org.testng.SuiteRunner.runTest(SuiteRunner.java:455)
at org.testng.SuiteRunner.runSequentially(SuiteRunner.java:450)
at org.testng.SuiteRunner.privateRun(SuiteRunner.java:415)
at org.testng.SuiteRunner.run(SuiteRunner.java:364)
at org.testng.SuiteRunnerWorker.runSuite(SuiteRunnerWorker.java:52)
at org.testng.SuiteRunnerWorker.run(SuiteRunnerWorker.java:84)
at org.testng.TestNG.runSuitesSequentially(TestNG.java:1208)
at org.testng.TestNG.runSuitesLocally(TestNG.java:1137)
at org.testng.TestNG.runSuites(TestNG.java:1049)
at org.testng.TestNG.run(TestNG.java:1017)
at org.testng.remote.AbstractRemoteTestNG.run(AbstractRemoteTestNG.java:115)
at org.testng.remote.RemoteTestNG.initAndRun(RemoteTestNG.java:251)
at org.testng.remote.RemoteTestNG.main(RemoteTestNG.java:77)
]]>
    </failure>
  </testcase> <!-- gettingDashboard -->
  <testcase name="gettingDashboard" time="68.962" classname="com.citi.mobileAutomation.test_UK_iOS.Test_EMEA_UK_AD_140_TimeDeposit"/>
  <testcase name="gettingDashboard" time="6.198" classname="com.citi.mobileAutomation.test_UK_iOS.Test_EMEA_UK_AD_140_TimeDeposit"/>
  <testcase name="gettingDashboard" time="6.013" classname="com.citi.mobileAutomation.test_UK_iOS.Test_EMEA_UK_AD_140_TimeDeposit">
    <failure type="java.lang.AssertionError" message="expected [true] but found [false]">
      <![CDATA[java.lang.AssertionError: expected [true] but found [false]
at org.testng.Assert.fail(Assert.java:96)
at org.testng.Assert.failNotEquals(Assert.java:776)
at org.testng.Assert.assertTrue(Assert.java:44)
at org.testng.Assert.assertTrue(Assert.java:54)
at com.citi.mobileAutomation.assertEngine.Assert_Engine.assertMapping(Assert_Engine.java:13)
at com.citi.mobileAutomation.dataMapping.Action_Mapping.actionMapping_Mobile_Application_Native_Android(Action_Mapping.java:40)
at com.citi.mobileAutomation.dataMapping.ObjectGroups.actionOnElements(ObjectGroups.java:75)
at com.citi.mobileAutomation.test_UK_iOS.Test_EMEA_UK_AD_140_TimeDeposit.gettingDashboard(Test_EMEA_UK_AD_140_TimeDeposit.java:23)
at sun.reflect.NativeMethodAccessorImpl.invoke0(Native Method)
at sun.reflect.NativeMethodAccessorImpl.invoke(NativeMethodAccessorImpl.java:62)
at sun.reflect.DelegatingMethodAccessorImpl.invoke(DelegatingMethodAccessorImpl.java:43)
at java.lang.reflect.Method.invoke(Method.java:498)
at org.testng.internal.MethodInvocationHelper.invokeMethod(MethodInvocationHelper.java:124)
at org.testng.internal.Invoker.invokeMethod(Invoker.java:583)
at org.testng.internal.Invoker.invokeTestMethod(Invoker.java:719)
at org.testng.internal.Invoker.invokeTestMethods(Invoker.java:989)
at org.testng.internal.TestMethodWorker.invokeTestMethods(TestMethodWorker.java:125)
at org.testng.internal.TestMethodWorker.run(TestMethodWorker.java:109)
at org.testng.TestRunner.privateRun(TestRunner.java:648)
at org.testng.TestRunner.run(TestRunner.java:505)
at org.testng.SuiteRunner.runTest(SuiteRunner.java:455)
at org.testng.SuiteRunner.runSequentially(SuiteRunner.java:450)
at org.testng.SuiteRunner.privateRun(SuiteRunner.java:415)
at org.testng.SuiteRunner.run(SuiteRunner.java:364)
at org.testng.SuiteRunnerWorker.runSuite(SuiteRunnerWorker.java:52)
at org.testng.SuiteRunnerWorker.run(SuiteRunnerWorker.java:84)
at org.testng.TestNG.runSuitesSequentially(TestNG.java:1208)
at org.testng.TestNG.runSuitesLocally(TestNG.java:1137)
at org.testng.TestNG.runSuites(TestNG.java:1049)
at org.testng.TestNG.run(TestNG.java:1017)
at org.testng.remote.AbstractRemoteTestNG.run(AbstractRemoteTestNG.java:115)
at org.testng.remote.RemoteTestNG.initAndRun(RemoteTestNG.java:251)
at org.testng.remote.RemoteTestNG.main(RemoteTestNG.java:77)
]]>
    </failure>
  </testcase> <!-- gettingDashboard -->
  <testcase name="gettingDashboard" time="5.621" classname="com.citi.mobileAutomation.test_UK_iOS.Test_EMEA_UK_AD_140_TimeDeposit"/>
  <testcase name="gettingDashboard" time="6.412" classname="com.citi.mobileAutomation.test_UK_iOS.Test_EMEA_UK_AD_140_TimeDeposit"/>
  <testcase name="gettingDashboard" time="0.732" classname="com.citi.mobileAutomation.test_UK_iOS.Test_EMEA_UK_AD_140_TimeDeposit"/>
  <testcase name="gettingDashboard" time="5.579" classname="com.citi.mobileAutomation.test_UK_iOS.Test_EMEA_UK_AD_140_TimeDeposit"/>
  <testcase name="gettingDashboard" time="7.217" classname="com.citi.mobileAutomation.test_UK_iOS.Test_EMEA_UK_AD_140_TimeDeposit"/>
  <testcase name="gettingDashboard" time="7.261" classname="com.citi.mobileAutomation.test_UK_iOS.Test_EMEA_UK_AD_140_TimeDeposit"/>
  <testcase name="gettingDashboard" time="6.515" classname="com.citi.mobileAutomation.test_UK_iOS.Test_EMEA_UK_AD_140_TimeDeposit"/>
  <testcase name="gettingDashboard" time="0.402" classname="com.citi.mobileAutomation.test_UK_iOS.Test_EMEA_UK_AD_140_TimeDeposit"/>
  <testcase name="gettingDashboard" time="3.872" classname="com.citi.mobileAutomation.test_UK_iOS.Test_EMEA_UK_AD_140_TimeDeposit"/>
  <testcase name="gettingDashboard" time="5.875" classname="com.citi.mobileAutomation.test_UK_iOS.Test_EMEA_UK_AD_140_TimeDeposit"/>
  <testcase name="gettingDashboard" time="6.704" classname="com.citi.mobileAutomation.test_UK_iOS.Test_EMEA_UK_AD_140_TimeDeposit"/>
  <testcase name="gettingDashboard" time="7.816" classname="com.citi.mobileAutomation.test_UK_iOS.Test_EMEA_UK_AD_140_TimeDeposit"/>
  <testcase name="gettingDashboard" time="5.940" classname="com.citi.mobileAutomation.test_UK_iOS.Test_EMEA_UK_AD_140_TimeDeposit"/>
  <testcase name="gettingDashboard" time="7.140" classname="com.citi.mobileAutomation.test_UK_iOS.Test_EMEA_UK_AD_140_TimeDeposit"/>
  <testcase name="gettingDashboard" time="6.138" classname="com.citi.mobileAutomation.test_UK_iOS.Test_EMEA_UK_AD_140_TimeDeposit"/>
  <testcase name="gettingDashboard" time="6.858" classname="com.citi.mobileAutomation.test_UK_iOS.Test_EMEA_UK_AD_140_TimeDeposit"/>
  <testcase name="gettingDashboard" time="8.305" classname="com.citi.mobileAutomation.test_UK_iOS.Test_EMEA_UK_AD_140_TimeDeposit"/>
</testsuite> <!-- com.citi.mobileAutomation.test_UK_iOS.Test_EMEA_UK_AD_140_TimeDeposit -->
